[2024-08-04T16:21:13.910+0000] {processor.py:161} INFO - Started process (PID=49) to work on /home/airflow/.local/lib/python3.12/site-packages/airflow/example_dags/example_sensor_decorator.py
[2024-08-04T16:21:13.919+0000] {processor.py:830} INFO - Processing file /home/airflow/.local/lib/python3.12/site-packages/airflow/example_dags/example_sensor_decorator.py for tasks to queue
[2024-08-04T16:21:13.921+0000] {logging_mixin.py:188} INFO - [2024-08-04T16:21:13.921+0000] {dagbag.py:545} INFO - Filling up the DagBag from /home/airflow/.local/lib/python3.12/site-packages/airflow/example_dags/example_sensor_decorator.py
[2024-08-04T16:21:13.955+0000] {processor.py:840} INFO - DAG(s) 'example_sensor_decorator' retrieved from /home/airflow/.local/lib/python3.12/site-packages/airflow/example_dags/example_sensor_decorator.py
[2024-08-04T16:21:14.434+0000] {logging_mixin.py:188} INFO - [2024-08-04T16:21:14.434+0000] {dag.py:3096} INFO - Sync 1 DAGs
[2024-08-04T16:21:14.459+0000] {logging_mixin.py:188} INFO - [2024-08-04T16:21:14.458+0000] {dag.py:3954} INFO - Setting next_dagrun for example_sensor_decorator to None, run_after=None
[2024-08-04T16:21:14.506+0000] {processor.py:183} INFO - Processing /home/airflow/.local/lib/python3.12/site-packages/airflow/example_dags/example_sensor_decorator.py took 0.624 seconds
[2024-08-04T16:21:44.756+0000] {processor.py:161} INFO - Started process (PID=107) to work on /home/airflow/.local/lib/python3.12/site-packages/airflow/example_dags/example_sensor_decorator.py
[2024-08-04T16:21:44.757+0000] {processor.py:830} INFO - Processing file /home/airflow/.local/lib/python3.12/site-packages/airflow/example_dags/example_sensor_decorator.py for tasks to queue
[2024-08-04T16:21:44.759+0000] {logging_mixin.py:188} INFO - [2024-08-04T16:21:44.758+0000] {dagbag.py:545} INFO - Filling up the DagBag from /home/airflow/.local/lib/python3.12/site-packages/airflow/example_dags/example_sensor_decorator.py
[2024-08-04T16:21:44.765+0000] {processor.py:840} INFO - DAG(s) 'example_sensor_decorator' retrieved from /home/airflow/.local/lib/python3.12/site-packages/airflow/example_dags/example_sensor_decorator.py
[2024-08-04T16:21:44.785+0000] {logging_mixin.py:188} INFO - [2024-08-04T16:21:44.785+0000] {dag.py:3096} INFO - Sync 1 DAGs
[2024-08-04T16:21:44.799+0000] {logging_mixin.py:188} INFO - [2024-08-04T16:21:44.799+0000] {dag.py:3954} INFO - Setting next_dagrun for example_sensor_decorator to None, run_after=None
[2024-08-04T16:21:44.820+0000] {processor.py:183} INFO - Processing /home/airflow/.local/lib/python3.12/site-packages/airflow/example_dags/example_sensor_decorator.py took 0.070 seconds
[2024-08-04T16:22:14.986+0000] {processor.py:161} INFO - Started process (PID=165) to work on /home/airflow/.local/lib/python3.12/site-packages/airflow/example_dags/example_sensor_decorator.py
[2024-08-04T16:22:14.986+0000] {processor.py:830} INFO - Processing file /home/airflow/.local/lib/python3.12/site-packages/airflow/example_dags/example_sensor_decorator.py for tasks to queue
[2024-08-04T16:22:14.988+0000] {logging_mixin.py:188} INFO - [2024-08-04T16:22:14.988+0000] {dagbag.py:545} INFO - Filling up the DagBag from /home/airflow/.local/lib/python3.12/site-packages/airflow/example_dags/example_sensor_decorator.py
[2024-08-04T16:22:14.994+0000] {processor.py:840} INFO - DAG(s) 'example_sensor_decorator' retrieved from /home/airflow/.local/lib/python3.12/site-packages/airflow/example_dags/example_sensor_decorator.py
[2024-08-04T16:22:15.014+0000] {logging_mixin.py:188} INFO - [2024-08-04T16:22:15.014+0000] {dag.py:3096} INFO - Sync 1 DAGs
[2024-08-04T16:22:15.029+0000] {logging_mixin.py:188} INFO - [2024-08-04T16:22:15.029+0000] {dag.py:3954} INFO - Setting next_dagrun for example_sensor_decorator to None, run_after=None
[2024-08-04T16:22:15.058+0000] {processor.py:183} INFO - Processing /home/airflow/.local/lib/python3.12/site-packages/airflow/example_dags/example_sensor_decorator.py took 0.079 seconds
[2024-08-04T16:22:45.745+0000] {processor.py:161} INFO - Started process (PID=223) to work on /home/airflow/.local/lib/python3.12/site-packages/airflow/example_dags/example_sensor_decorator.py
[2024-08-04T16:22:45.749+0000] {processor.py:830} INFO - Processing file /home/airflow/.local/lib/python3.12/site-packages/airflow/example_dags/example_sensor_decorator.py for tasks to queue
[2024-08-04T16:22:45.751+0000] {logging_mixin.py:188} INFO - [2024-08-04T16:22:45.751+0000] {dagbag.py:545} INFO - Filling up the DagBag from /home/airflow/.local/lib/python3.12/site-packages/airflow/example_dags/example_sensor_decorator.py
[2024-08-04T16:22:45.757+0000] {processor.py:840} INFO - DAG(s) 'example_sensor_decorator' retrieved from /home/airflow/.local/lib/python3.12/site-packages/airflow/example_dags/example_sensor_decorator.py
[2024-08-04T16:22:45.778+0000] {logging_mixin.py:188} INFO - [2024-08-04T16:22:45.778+0000] {dag.py:3096} INFO - Sync 1 DAGs
[2024-08-04T16:22:45.796+0000] {logging_mixin.py:188} INFO - [2024-08-04T16:22:45.796+0000] {dag.py:3954} INFO - Setting next_dagrun for example_sensor_decorator to None, run_after=None
[2024-08-04T16:22:45.828+0000] {processor.py:183} INFO - Processing /home/airflow/.local/lib/python3.12/site-packages/airflow/example_dags/example_sensor_decorator.py took 0.090 seconds
[2024-08-04T16:23:16.436+0000] {processor.py:161} INFO - Started process (PID=287) to work on /home/airflow/.local/lib/python3.12/site-packages/airflow/example_dags/example_sensor_decorator.py
[2024-08-04T16:23:16.438+0000] {processor.py:830} INFO - Processing file /home/airflow/.local/lib/python3.12/site-packages/airflow/example_dags/example_sensor_decorator.py for tasks to queue
[2024-08-04T16:23:16.442+0000] {logging_mixin.py:188} INFO - [2024-08-04T16:23:16.440+0000] {dagbag.py:545} INFO - Filling up the DagBag from /home/airflow/.local/lib/python3.12/site-packages/airflow/example_dags/example_sensor_decorator.py
[2024-08-04T16:23:16.456+0000] {processor.py:840} INFO - DAG(s) 'example_sensor_decorator' retrieved from /home/airflow/.local/lib/python3.12/site-packages/airflow/example_dags/example_sensor_decorator.py
[2024-08-04T16:23:16.477+0000] {logging_mixin.py:188} INFO - [2024-08-04T16:23:16.477+0000] {dag.py:3096} INFO - Sync 1 DAGs
[2024-08-04T16:23:16.492+0000] {logging_mixin.py:188} INFO - [2024-08-04T16:23:16.492+0000] {dag.py:3954} INFO - Setting next_dagrun for example_sensor_decorator to None, run_after=None
[2024-08-04T16:23:16.517+0000] {processor.py:183} INFO - Processing /home/airflow/.local/lib/python3.12/site-packages/airflow/example_dags/example_sensor_decorator.py took 0.100 seconds
[2024-08-04T16:23:46.927+0000] {processor.py:161} INFO - Started process (PID=345) to work on /home/airflow/.local/lib/python3.12/site-packages/airflow/example_dags/example_sensor_decorator.py
[2024-08-04T16:23:46.954+0000] {processor.py:830} INFO - Processing file /home/airflow/.local/lib/python3.12/site-packages/airflow/example_dags/example_sensor_decorator.py for tasks to queue
[2024-08-04T16:23:46.956+0000] {logging_mixin.py:188} INFO - [2024-08-04T16:23:46.955+0000] {dagbag.py:545} INFO - Filling up the DagBag from /home/airflow/.local/lib/python3.12/site-packages/airflow/example_dags/example_sensor_decorator.py
[2024-08-04T16:23:46.994+0000] {processor.py:840} INFO - DAG(s) 'example_sensor_decorator' retrieved from /home/airflow/.local/lib/python3.12/site-packages/airflow/example_dags/example_sensor_decorator.py
[2024-08-04T16:23:47.058+0000] {logging_mixin.py:188} INFO - [2024-08-04T16:23:47.058+0000] {dag.py:3096} INFO - Sync 1 DAGs
[2024-08-04T16:23:47.088+0000] {logging_mixin.py:188} INFO - [2024-08-04T16:23:47.087+0000] {dag.py:3954} INFO - Setting next_dagrun for example_sensor_decorator to None, run_after=None
[2024-08-04T16:23:47.123+0000] {processor.py:183} INFO - Processing /home/airflow/.local/lib/python3.12/site-packages/airflow/example_dags/example_sensor_decorator.py took 0.230 seconds
[2024-08-04T16:24:17.921+0000] {processor.py:161} INFO - Started process (PID=404) to work on /home/airflow/.local/lib/python3.12/site-packages/airflow/example_dags/example_sensor_decorator.py
[2024-08-04T16:24:17.922+0000] {processor.py:830} INFO - Processing file /home/airflow/.local/lib/python3.12/site-packages/airflow/example_dags/example_sensor_decorator.py for tasks to queue
[2024-08-04T16:24:17.924+0000] {logging_mixin.py:188} INFO - [2024-08-04T16:24:17.923+0000] {dagbag.py:545} INFO - Filling up the DagBag from /home/airflow/.local/lib/python3.12/site-packages/airflow/example_dags/example_sensor_decorator.py
[2024-08-04T16:24:17.930+0000] {processor.py:840} INFO - DAG(s) 'example_sensor_decorator' retrieved from /home/airflow/.local/lib/python3.12/site-packages/airflow/example_dags/example_sensor_decorator.py
[2024-08-04T16:24:17.951+0000] {logging_mixin.py:188} INFO - [2024-08-04T16:24:17.951+0000] {dag.py:3096} INFO - Sync 1 DAGs
[2024-08-04T16:24:17.966+0000] {logging_mixin.py:188} INFO - [2024-08-04T16:24:17.966+0000] {dag.py:3954} INFO - Setting next_dagrun for example_sensor_decorator to None, run_after=None
[2024-08-04T16:24:17.992+0000] {processor.py:183} INFO - Processing /home/airflow/.local/lib/python3.12/site-packages/airflow/example_dags/example_sensor_decorator.py took 0.077 seconds
[2024-08-04T16:24:48.851+0000] {processor.py:161} INFO - Started process (PID=462) to work on /home/airflow/.local/lib/python3.12/site-packages/airflow/example_dags/example_sensor_decorator.py
[2024-08-04T16:24:48.857+0000] {processor.py:830} INFO - Processing file /home/airflow/.local/lib/python3.12/site-packages/airflow/example_dags/example_sensor_decorator.py for tasks to queue
[2024-08-04T16:24:48.859+0000] {logging_mixin.py:188} INFO - [2024-08-04T16:24:48.859+0000] {dagbag.py:545} INFO - Filling up the DagBag from /home/airflow/.local/lib/python3.12/site-packages/airflow/example_dags/example_sensor_decorator.py
[2024-08-04T16:24:48.874+0000] {processor.py:840} INFO - DAG(s) 'example_sensor_decorator' retrieved from /home/airflow/.local/lib/python3.12/site-packages/airflow/example_dags/example_sensor_decorator.py
[2024-08-04T16:24:48.952+0000] {logging_mixin.py:188} INFO - [2024-08-04T16:24:48.951+0000] {dag.py:3096} INFO - Sync 1 DAGs
[2024-08-04T16:24:48.981+0000] {logging_mixin.py:188} INFO - [2024-08-04T16:24:48.981+0000] {dag.py:3954} INFO - Setting next_dagrun for example_sensor_decorator to None, run_after=None
[2024-08-04T16:24:49.022+0000] {processor.py:183} INFO - Processing /home/airflow/.local/lib/python3.12/site-packages/airflow/example_dags/example_sensor_decorator.py took 0.182 seconds
[2024-08-04T16:25:19.746+0000] {processor.py:161} INFO - Started process (PID=520) to work on /home/airflow/.local/lib/python3.12/site-packages/airflow/example_dags/example_sensor_decorator.py
[2024-08-04T16:25:19.747+0000] {processor.py:830} INFO - Processing file /home/airflow/.local/lib/python3.12/site-packages/airflow/example_dags/example_sensor_decorator.py for tasks to queue
[2024-08-04T16:25:19.748+0000] {logging_mixin.py:188} INFO - [2024-08-04T16:25:19.748+0000] {dagbag.py:545} INFO - Filling up the DagBag from /home/airflow/.local/lib/python3.12/site-packages/airflow/example_dags/example_sensor_decorator.py
[2024-08-04T16:25:19.753+0000] {processor.py:840} INFO - DAG(s) 'example_sensor_decorator' retrieved from /home/airflow/.local/lib/python3.12/site-packages/airflow/example_dags/example_sensor_decorator.py
[2024-08-04T16:25:19.773+0000] {logging_mixin.py:188} INFO - [2024-08-04T16:25:19.773+0000] {dag.py:3096} INFO - Sync 1 DAGs
[2024-08-04T16:25:19.788+0000] {logging_mixin.py:188} INFO - [2024-08-04T16:25:19.787+0000] {dag.py:3954} INFO - Setting next_dagrun for example_sensor_decorator to None, run_after=None
[2024-08-04T16:25:19.812+0000] {processor.py:183} INFO - Processing /home/airflow/.local/lib/python3.12/site-packages/airflow/example_dags/example_sensor_decorator.py took 0.073 seconds
[2024-08-04T16:25:50.212+0000] {processor.py:161} INFO - Started process (PID=579) to work on /home/airflow/.local/lib/python3.12/site-packages/airflow/example_dags/example_sensor_decorator.py
[2024-08-04T16:25:50.213+0000] {processor.py:830} INFO - Processing file /home/airflow/.local/lib/python3.12/site-packages/airflow/example_dags/example_sensor_decorator.py for tasks to queue
[2024-08-04T16:25:50.215+0000] {logging_mixin.py:188} INFO - [2024-08-04T16:25:50.215+0000] {dagbag.py:545} INFO - Filling up the DagBag from /home/airflow/.local/lib/python3.12/site-packages/airflow/example_dags/example_sensor_decorator.py
[2024-08-04T16:25:50.220+0000] {processor.py:840} INFO - DAG(s) 'example_sensor_decorator' retrieved from /home/airflow/.local/lib/python3.12/site-packages/airflow/example_dags/example_sensor_decorator.py
[2024-08-04T16:25:50.240+0000] {logging_mixin.py:188} INFO - [2024-08-04T16:25:50.240+0000] {dag.py:3096} INFO - Sync 1 DAGs
[2024-08-04T16:25:50.255+0000] {logging_mixin.py:188} INFO - [2024-08-04T16:25:50.255+0000] {dag.py:3954} INFO - Setting next_dagrun for example_sensor_decorator to None, run_after=None
[2024-08-04T16:25:50.282+0000] {processor.py:183} INFO - Processing /home/airflow/.local/lib/python3.12/site-packages/airflow/example_dags/example_sensor_decorator.py took 0.076 seconds
[2024-08-04T16:26:20.546+0000] {processor.py:161} INFO - Started process (PID=636) to work on /home/airflow/.local/lib/python3.12/site-packages/airflow/example_dags/example_sensor_decorator.py
[2024-08-04T16:26:20.547+0000] {processor.py:830} INFO - Processing file /home/airflow/.local/lib/python3.12/site-packages/airflow/example_dags/example_sensor_decorator.py for tasks to queue
[2024-08-04T16:26:20.548+0000] {logging_mixin.py:188} INFO - [2024-08-04T16:26:20.548+0000] {dagbag.py:545} INFO - Filling up the DagBag from /home/airflow/.local/lib/python3.12/site-packages/airflow/example_dags/example_sensor_decorator.py
[2024-08-04T16:26:20.553+0000] {processor.py:840} INFO - DAG(s) 'example_sensor_decorator' retrieved from /home/airflow/.local/lib/python3.12/site-packages/airflow/example_dags/example_sensor_decorator.py
[2024-08-04T16:26:20.574+0000] {logging_mixin.py:188} INFO - [2024-08-04T16:26:20.573+0000] {dag.py:3096} INFO - Sync 1 DAGs
[2024-08-04T16:26:20.588+0000] {logging_mixin.py:188} INFO - [2024-08-04T16:26:20.588+0000] {dag.py:3954} INFO - Setting next_dagrun for example_sensor_decorator to None, run_after=None
[2024-08-04T16:26:20.615+0000] {processor.py:183} INFO - Processing /home/airflow/.local/lib/python3.12/site-packages/airflow/example_dags/example_sensor_decorator.py took 0.076 seconds
[2024-08-04T16:26:51.015+0000] {processor.py:161} INFO - Started process (PID=694) to work on /home/airflow/.local/lib/python3.12/site-packages/airflow/example_dags/example_sensor_decorator.py
[2024-08-04T16:26:51.016+0000] {processor.py:830} INFO - Processing file /home/airflow/.local/lib/python3.12/site-packages/airflow/example_dags/example_sensor_decorator.py for tasks to queue
[2024-08-04T16:26:51.018+0000] {logging_mixin.py:188} INFO - [2024-08-04T16:26:51.017+0000] {dagbag.py:545} INFO - Filling up the DagBag from /home/airflow/.local/lib/python3.12/site-packages/airflow/example_dags/example_sensor_decorator.py
[2024-08-04T16:26:51.024+0000] {processor.py:840} INFO - DAG(s) 'example_sensor_decorator' retrieved from /home/airflow/.local/lib/python3.12/site-packages/airflow/example_dags/example_sensor_decorator.py
[2024-08-04T16:26:51.043+0000] {logging_mixin.py:188} INFO - [2024-08-04T16:26:51.043+0000] {dag.py:3096} INFO - Sync 1 DAGs
[2024-08-04T16:26:51.058+0000] {logging_mixin.py:188} INFO - [2024-08-04T16:26:51.058+0000] {dag.py:3954} INFO - Setting next_dagrun for example_sensor_decorator to None, run_after=None
[2024-08-04T16:26:51.092+0000] {processor.py:183} INFO - Processing /home/airflow/.local/lib/python3.12/site-packages/airflow/example_dags/example_sensor_decorator.py took 0.083 seconds
[2024-08-04T16:27:21.659+0000] {processor.py:161} INFO - Started process (PID=752) to work on /home/airflow/.local/lib/python3.12/site-packages/airflow/example_dags/example_sensor_decorator.py
[2024-08-04T16:27:21.660+0000] {processor.py:830} INFO - Processing file /home/airflow/.local/lib/python3.12/site-packages/airflow/example_dags/example_sensor_decorator.py for tasks to queue
[2024-08-04T16:27:21.662+0000] {logging_mixin.py:188} INFO - [2024-08-04T16:27:21.661+0000] {dagbag.py:545} INFO - Filling up the DagBag from /home/airflow/.local/lib/python3.12/site-packages/airflow/example_dags/example_sensor_decorator.py
[2024-08-04T16:27:21.667+0000] {processor.py:840} INFO - DAG(s) 'example_sensor_decorator' retrieved from /home/airflow/.local/lib/python3.12/site-packages/airflow/example_dags/example_sensor_decorator.py
[2024-08-04T16:27:21.688+0000] {logging_mixin.py:188} INFO - [2024-08-04T16:27:21.688+0000] {dag.py:3096} INFO - Sync 1 DAGs
[2024-08-04T16:27:21.705+0000] {logging_mixin.py:188} INFO - [2024-08-04T16:27:21.704+0000] {dag.py:3954} INFO - Setting next_dagrun for example_sensor_decorator to None, run_after=None
[2024-08-04T16:27:21.729+0000] {processor.py:183} INFO - Processing /home/airflow/.local/lib/python3.12/site-packages/airflow/example_dags/example_sensor_decorator.py took 0.076 seconds
[2024-08-04T16:27:52.104+0000] {processor.py:161} INFO - Started process (PID=810) to work on /home/airflow/.local/lib/python3.12/site-packages/airflow/example_dags/example_sensor_decorator.py
[2024-08-04T16:27:52.105+0000] {processor.py:830} INFO - Processing file /home/airflow/.local/lib/python3.12/site-packages/airflow/example_dags/example_sensor_decorator.py for tasks to queue
[2024-08-04T16:27:52.107+0000] {logging_mixin.py:188} INFO - [2024-08-04T16:27:52.106+0000] {dagbag.py:545} INFO - Filling up the DagBag from /home/airflow/.local/lib/python3.12/site-packages/airflow/example_dags/example_sensor_decorator.py
[2024-08-04T16:27:52.113+0000] {processor.py:840} INFO - DAG(s) 'example_sensor_decorator' retrieved from /home/airflow/.local/lib/python3.12/site-packages/airflow/example_dags/example_sensor_decorator.py
[2024-08-04T16:27:52.135+0000] {logging_mixin.py:188} INFO - [2024-08-04T16:27:52.135+0000] {dag.py:3096} INFO - Sync 1 DAGs
[2024-08-04T16:27:52.149+0000] {logging_mixin.py:188} INFO - [2024-08-04T16:27:52.149+0000] {dag.py:3954} INFO - Setting next_dagrun for example_sensor_decorator to None, run_after=None
[2024-08-04T16:27:52.173+0000] {processor.py:183} INFO - Processing /home/airflow/.local/lib/python3.12/site-packages/airflow/example_dags/example_sensor_decorator.py took 0.075 seconds
[2024-08-04T16:28:22.995+0000] {processor.py:161} INFO - Started process (PID=868) to work on /home/airflow/.local/lib/python3.12/site-packages/airflow/example_dags/example_sensor_decorator.py
[2024-08-04T16:28:22.996+0000] {processor.py:830} INFO - Processing file /home/airflow/.local/lib/python3.12/site-packages/airflow/example_dags/example_sensor_decorator.py for tasks to queue
[2024-08-04T16:28:22.998+0000] {logging_mixin.py:188} INFO - [2024-08-04T16:28:22.997+0000] {dagbag.py:545} INFO - Filling up the DagBag from /home/airflow/.local/lib/python3.12/site-packages/airflow/example_dags/example_sensor_decorator.py
[2024-08-04T16:28:23.004+0000] {processor.py:840} INFO - DAG(s) 'example_sensor_decorator' retrieved from /home/airflow/.local/lib/python3.12/site-packages/airflow/example_dags/example_sensor_decorator.py
[2024-08-04T16:28:23.046+0000] {logging_mixin.py:188} INFO - [2024-08-04T16:28:23.046+0000] {dag.py:3096} INFO - Sync 1 DAGs
[2024-08-04T16:28:23.062+0000] {logging_mixin.py:188} INFO - [2024-08-04T16:28:23.062+0000] {dag.py:3954} INFO - Setting next_dagrun for example_sensor_decorator to None, run_after=None
[2024-08-04T16:28:23.109+0000] {processor.py:183} INFO - Processing /home/airflow/.local/lib/python3.12/site-packages/airflow/example_dags/example_sensor_decorator.py took 0.120 seconds
[2024-08-04T16:28:53.780+0000] {processor.py:161} INFO - Started process (PID=927) to work on /home/airflow/.local/lib/python3.12/site-packages/airflow/example_dags/example_sensor_decorator.py
[2024-08-04T16:28:53.786+0000] {processor.py:830} INFO - Processing file /home/airflow/.local/lib/python3.12/site-packages/airflow/example_dags/example_sensor_decorator.py for tasks to queue
[2024-08-04T16:28:53.787+0000] {logging_mixin.py:188} INFO - [2024-08-04T16:28:53.787+0000] {dagbag.py:545} INFO - Filling up the DagBag from /home/airflow/.local/lib/python3.12/site-packages/airflow/example_dags/example_sensor_decorator.py
[2024-08-04T16:28:53.812+0000] {processor.py:840} INFO - DAG(s) 'example_sensor_decorator' retrieved from /home/airflow/.local/lib/python3.12/site-packages/airflow/example_dags/example_sensor_decorator.py
[2024-08-04T16:28:53.882+0000] {logging_mixin.py:188} INFO - [2024-08-04T16:28:53.881+0000] {dag.py:3096} INFO - Sync 1 DAGs
[2024-08-04T16:28:53.933+0000] {logging_mixin.py:188} INFO - [2024-08-04T16:28:53.932+0000] {dag.py:3954} INFO - Setting next_dagrun for example_sensor_decorator to None, run_after=None
[2024-08-04T16:28:54.013+0000] {processor.py:183} INFO - Processing /home/airflow/.local/lib/python3.12/site-packages/airflow/example_dags/example_sensor_decorator.py took 0.253 seconds
[2024-08-04T16:29:24.437+0000] {processor.py:161} INFO - Started process (PID=985) to work on /home/airflow/.local/lib/python3.12/site-packages/airflow/example_dags/example_sensor_decorator.py
[2024-08-04T16:29:24.438+0000] {processor.py:830} INFO - Processing file /home/airflow/.local/lib/python3.12/site-packages/airflow/example_dags/example_sensor_decorator.py for tasks to queue
[2024-08-04T16:29:24.440+0000] {logging_mixin.py:188} INFO - [2024-08-04T16:29:24.440+0000] {dagbag.py:545} INFO - Filling up the DagBag from /home/airflow/.local/lib/python3.12/site-packages/airflow/example_dags/example_sensor_decorator.py
[2024-08-04T16:29:24.446+0000] {processor.py:840} INFO - DAG(s) 'example_sensor_decorator' retrieved from /home/airflow/.local/lib/python3.12/site-packages/airflow/example_dags/example_sensor_decorator.py
[2024-08-04T16:29:24.466+0000] {logging_mixin.py:188} INFO - [2024-08-04T16:29:24.466+0000] {dag.py:3096} INFO - Sync 1 DAGs
[2024-08-04T16:29:24.480+0000] {logging_mixin.py:188} INFO - [2024-08-04T16:29:24.480+0000] {dag.py:3954} INFO - Setting next_dagrun for example_sensor_decorator to None, run_after=None
[2024-08-04T16:29:24.506+0000] {processor.py:183} INFO - Processing /home/airflow/.local/lib/python3.12/site-packages/airflow/example_dags/example_sensor_decorator.py took 0.076 seconds
[2024-08-04T16:29:54.890+0000] {processor.py:161} INFO - Started process (PID=1043) to work on /home/airflow/.local/lib/python3.12/site-packages/airflow/example_dags/example_sensor_decorator.py
[2024-08-04T16:29:54.891+0000] {processor.py:830} INFO - Processing file /home/airflow/.local/lib/python3.12/site-packages/airflow/example_dags/example_sensor_decorator.py for tasks to queue
[2024-08-04T16:29:54.893+0000] {logging_mixin.py:188} INFO - [2024-08-04T16:29:54.893+0000] {dagbag.py:545} INFO - Filling up the DagBag from /home/airflow/.local/lib/python3.12/site-packages/airflow/example_dags/example_sensor_decorator.py
[2024-08-04T16:29:54.900+0000] {processor.py:840} INFO - DAG(s) 'example_sensor_decorator' retrieved from /home/airflow/.local/lib/python3.12/site-packages/airflow/example_dags/example_sensor_decorator.py
[2024-08-04T16:29:54.921+0000] {logging_mixin.py:188} INFO - [2024-08-04T16:29:54.920+0000] {dag.py:3096} INFO - Sync 1 DAGs
[2024-08-04T16:29:54.935+0000] {logging_mixin.py:188} INFO - [2024-08-04T16:29:54.934+0000] {dag.py:3954} INFO - Setting next_dagrun for example_sensor_decorator to None, run_after=None
[2024-08-04T16:29:54.960+0000] {processor.py:183} INFO - Processing /home/airflow/.local/lib/python3.12/site-packages/airflow/example_dags/example_sensor_decorator.py took 0.076 seconds
[2024-08-04T16:30:25.415+0000] {processor.py:161} INFO - Started process (PID=1102) to work on /home/airflow/.local/lib/python3.12/site-packages/airflow/example_dags/example_sensor_decorator.py
[2024-08-04T16:30:25.416+0000] {processor.py:830} INFO - Processing file /home/airflow/.local/lib/python3.12/site-packages/airflow/example_dags/example_sensor_decorator.py for tasks to queue
[2024-08-04T16:30:25.418+0000] {logging_mixin.py:188} INFO - [2024-08-04T16:30:25.418+0000] {dagbag.py:545} INFO - Filling up the DagBag from /home/airflow/.local/lib/python3.12/site-packages/airflow/example_dags/example_sensor_decorator.py
[2024-08-04T16:30:25.434+0000] {processor.py:840} INFO - DAG(s) 'example_sensor_decorator' retrieved from /home/airflow/.local/lib/python3.12/site-packages/airflow/example_dags/example_sensor_decorator.py
[2024-08-04T16:30:25.470+0000] {logging_mixin.py:188} INFO - [2024-08-04T16:30:25.470+0000] {dag.py:3096} INFO - Sync 1 DAGs
[2024-08-04T16:30:25.500+0000] {logging_mixin.py:188} INFO - [2024-08-04T16:30:25.500+0000] {dag.py:3954} INFO - Setting next_dagrun for example_sensor_decorator to None, run_after=None
[2024-08-04T16:30:25.562+0000] {processor.py:183} INFO - Processing /home/airflow/.local/lib/python3.12/site-packages/airflow/example_dags/example_sensor_decorator.py took 0.165 seconds
[2024-08-04T16:30:55.755+0000] {processor.py:161} INFO - Started process (PID=1161) to work on /home/airflow/.local/lib/python3.12/site-packages/airflow/example_dags/example_sensor_decorator.py
[2024-08-04T16:30:55.756+0000] {processor.py:830} INFO - Processing file /home/airflow/.local/lib/python3.12/site-packages/airflow/example_dags/example_sensor_decorator.py for tasks to queue
[2024-08-04T16:30:55.758+0000] {logging_mixin.py:188} INFO - [2024-08-04T16:30:55.758+0000] {dagbag.py:545} INFO - Filling up the DagBag from /home/airflow/.local/lib/python3.12/site-packages/airflow/example_dags/example_sensor_decorator.py
[2024-08-04T16:30:55.764+0000] {processor.py:840} INFO - DAG(s) 'example_sensor_decorator' retrieved from /home/airflow/.local/lib/python3.12/site-packages/airflow/example_dags/example_sensor_decorator.py
[2024-08-04T16:30:55.784+0000] {logging_mixin.py:188} INFO - [2024-08-04T16:30:55.783+0000] {dag.py:3096} INFO - Sync 1 DAGs
[2024-08-04T16:30:55.798+0000] {logging_mixin.py:188} INFO - [2024-08-04T16:30:55.797+0000] {dag.py:3954} INFO - Setting next_dagrun for example_sensor_decorator to None, run_after=None
[2024-08-04T16:30:55.822+0000] {processor.py:183} INFO - Processing /home/airflow/.local/lib/python3.12/site-packages/airflow/example_dags/example_sensor_decorator.py took 0.074 seconds
[2024-08-04T16:31:26.048+0000] {processor.py:161} INFO - Started process (PID=1220) to work on /home/airflow/.local/lib/python3.12/site-packages/airflow/example_dags/example_sensor_decorator.py
[2024-08-04T16:31:26.049+0000] {processor.py:830} INFO - Processing file /home/airflow/.local/lib/python3.12/site-packages/airflow/example_dags/example_sensor_decorator.py for tasks to queue
[2024-08-04T16:31:26.050+0000] {logging_mixin.py:188} INFO - [2024-08-04T16:31:26.050+0000] {dagbag.py:545} INFO - Filling up the DagBag from /home/airflow/.local/lib/python3.12/site-packages/airflow/example_dags/example_sensor_decorator.py
[2024-08-04T16:31:26.056+0000] {processor.py:840} INFO - DAG(s) 'example_sensor_decorator' retrieved from /home/airflow/.local/lib/python3.12/site-packages/airflow/example_dags/example_sensor_decorator.py
[2024-08-04T16:31:26.076+0000] {logging_mixin.py:188} INFO - [2024-08-04T16:31:26.076+0000] {dag.py:3096} INFO - Sync 1 DAGs
[2024-08-04T16:31:26.090+0000] {logging_mixin.py:188} INFO - [2024-08-04T16:31:26.090+0000] {dag.py:3954} INFO - Setting next_dagrun for example_sensor_decorator to None, run_after=None
[2024-08-04T16:31:26.115+0000] {processor.py:183} INFO - Processing /home/airflow/.local/lib/python3.12/site-packages/airflow/example_dags/example_sensor_decorator.py took 0.073 seconds
[2024-08-04T16:31:56.281+0000] {processor.py:161} INFO - Started process (PID=1279) to work on /home/airflow/.local/lib/python3.12/site-packages/airflow/example_dags/example_sensor_decorator.py
[2024-08-04T16:31:56.282+0000] {processor.py:830} INFO - Processing file /home/airflow/.local/lib/python3.12/site-packages/airflow/example_dags/example_sensor_decorator.py for tasks to queue
[2024-08-04T16:31:56.283+0000] {logging_mixin.py:188} INFO - [2024-08-04T16:31:56.283+0000] {dagbag.py:545} INFO - Filling up the DagBag from /home/airflow/.local/lib/python3.12/site-packages/airflow/example_dags/example_sensor_decorator.py
[2024-08-04T16:31:56.289+0000] {processor.py:840} INFO - DAG(s) 'example_sensor_decorator' retrieved from /home/airflow/.local/lib/python3.12/site-packages/airflow/example_dags/example_sensor_decorator.py
[2024-08-04T16:31:56.311+0000] {logging_mixin.py:188} INFO - [2024-08-04T16:31:56.311+0000] {dag.py:3096} INFO - Sync 1 DAGs
[2024-08-04T16:31:56.326+0000] {logging_mixin.py:188} INFO - [2024-08-04T16:31:56.326+0000] {dag.py:3954} INFO - Setting next_dagrun for example_sensor_decorator to None, run_after=None
[2024-08-04T16:31:56.351+0000] {processor.py:183} INFO - Processing /home/airflow/.local/lib/python3.12/site-packages/airflow/example_dags/example_sensor_decorator.py took 0.076 seconds
[2024-08-04T16:32:26.710+0000] {processor.py:161} INFO - Started process (PID=1338) to work on /home/airflow/.local/lib/python3.12/site-packages/airflow/example_dags/example_sensor_decorator.py
[2024-08-04T16:32:26.711+0000] {processor.py:830} INFO - Processing file /home/airflow/.local/lib/python3.12/site-packages/airflow/example_dags/example_sensor_decorator.py for tasks to queue
[2024-08-04T16:32:26.712+0000] {logging_mixin.py:188} INFO - [2024-08-04T16:32:26.711+0000] {dagbag.py:545} INFO - Filling up the DagBag from /home/airflow/.local/lib/python3.12/site-packages/airflow/example_dags/example_sensor_decorator.py
[2024-08-04T16:32:26.718+0000] {processor.py:840} INFO - DAG(s) 'example_sensor_decorator' retrieved from /home/airflow/.local/lib/python3.12/site-packages/airflow/example_dags/example_sensor_decorator.py
[2024-08-04T16:32:26.739+0000] {logging_mixin.py:188} INFO - [2024-08-04T16:32:26.739+0000] {dag.py:3096} INFO - Sync 1 DAGs
[2024-08-04T16:32:26.754+0000] {logging_mixin.py:188} INFO - [2024-08-04T16:32:26.753+0000] {dag.py:3954} INFO - Setting next_dagrun for example_sensor_decorator to None, run_after=None
[2024-08-04T16:32:26.780+0000] {processor.py:183} INFO - Processing /home/airflow/.local/lib/python3.12/site-packages/airflow/example_dags/example_sensor_decorator.py took 0.077 seconds
[2024-08-04T16:32:57.588+0000] {processor.py:161} INFO - Started process (PID=1397) to work on /home/airflow/.local/lib/python3.12/site-packages/airflow/example_dags/example_sensor_decorator.py
[2024-08-04T16:32:57.589+0000] {processor.py:830} INFO - Processing file /home/airflow/.local/lib/python3.12/site-packages/airflow/example_dags/example_sensor_decorator.py for tasks to queue
[2024-08-04T16:32:57.590+0000] {logging_mixin.py:188} INFO - [2024-08-04T16:32:57.589+0000] {dagbag.py:545} INFO - Filling up the DagBag from /home/airflow/.local/lib/python3.12/site-packages/airflow/example_dags/example_sensor_decorator.py
[2024-08-04T16:32:57.596+0000] {processor.py:840} INFO - DAG(s) 'example_sensor_decorator' retrieved from /home/airflow/.local/lib/python3.12/site-packages/airflow/example_dags/example_sensor_decorator.py
[2024-08-04T16:32:57.618+0000] {logging_mixin.py:188} INFO - [2024-08-04T16:32:57.617+0000] {dag.py:3096} INFO - Sync 1 DAGs
[2024-08-04T16:32:57.632+0000] {logging_mixin.py:188} INFO - [2024-08-04T16:32:57.631+0000] {dag.py:3954} INFO - Setting next_dagrun for example_sensor_decorator to None, run_after=None
[2024-08-04T16:32:57.656+0000] {processor.py:183} INFO - Processing /home/airflow/.local/lib/python3.12/site-packages/airflow/example_dags/example_sensor_decorator.py took 0.074 seconds
[2024-08-04T16:33:28.691+0000] {processor.py:161} INFO - Started process (PID=1456) to work on /home/airflow/.local/lib/python3.12/site-packages/airflow/example_dags/example_sensor_decorator.py
[2024-08-04T16:33:28.692+0000] {processor.py:830} INFO - Processing file /home/airflow/.local/lib/python3.12/site-packages/airflow/example_dags/example_sensor_decorator.py for tasks to queue
[2024-08-04T16:33:28.693+0000] {logging_mixin.py:188} INFO - [2024-08-04T16:33:28.693+0000] {dagbag.py:545} INFO - Filling up the DagBag from /home/airflow/.local/lib/python3.12/site-packages/airflow/example_dags/example_sensor_decorator.py
[2024-08-04T16:33:28.699+0000] {processor.py:840} INFO - DAG(s) 'example_sensor_decorator' retrieved from /home/airflow/.local/lib/python3.12/site-packages/airflow/example_dags/example_sensor_decorator.py
[2024-08-04T16:33:28.721+0000] {logging_mixin.py:188} INFO - [2024-08-04T16:33:28.721+0000] {dag.py:3096} INFO - Sync 1 DAGs
[2024-08-04T16:33:28.736+0000] {logging_mixin.py:188} INFO - [2024-08-04T16:33:28.736+0000] {dag.py:3954} INFO - Setting next_dagrun for example_sensor_decorator to None, run_after=None
[2024-08-04T16:33:28.772+0000] {processor.py:183} INFO - Processing /home/airflow/.local/lib/python3.12/site-packages/airflow/example_dags/example_sensor_decorator.py took 0.087 seconds
[2024-08-04T16:33:59.368+0000] {processor.py:161} INFO - Started process (PID=1515) to work on /home/airflow/.local/lib/python3.12/site-packages/airflow/example_dags/example_sensor_decorator.py
[2024-08-04T16:33:59.371+0000] {processor.py:830} INFO - Processing file /home/airflow/.local/lib/python3.12/site-packages/airflow/example_dags/example_sensor_decorator.py for tasks to queue
[2024-08-04T16:33:59.372+0000] {logging_mixin.py:188} INFO - [2024-08-04T16:33:59.371+0000] {dagbag.py:545} INFO - Filling up the DagBag from /home/airflow/.local/lib/python3.12/site-packages/airflow/example_dags/example_sensor_decorator.py
[2024-08-04T16:33:59.379+0000] {processor.py:840} INFO - DAG(s) 'example_sensor_decorator' retrieved from /home/airflow/.local/lib/python3.12/site-packages/airflow/example_dags/example_sensor_decorator.py
[2024-08-04T16:33:59.417+0000] {logging_mixin.py:188} INFO - [2024-08-04T16:33:59.417+0000] {dag.py:3096} INFO - Sync 1 DAGs
[2024-08-04T16:33:59.441+0000] {logging_mixin.py:188} INFO - [2024-08-04T16:33:59.441+0000] {dag.py:3954} INFO - Setting next_dagrun for example_sensor_decorator to None, run_after=None
[2024-08-04T16:33:59.475+0000] {processor.py:183} INFO - Processing /home/airflow/.local/lib/python3.12/site-packages/airflow/example_dags/example_sensor_decorator.py took 0.133 seconds
[2024-08-04T16:34:29.701+0000] {processor.py:161} INFO - Started process (PID=1574) to work on /home/airflow/.local/lib/python3.12/site-packages/airflow/example_dags/example_sensor_decorator.py
[2024-08-04T16:34:29.702+0000] {processor.py:830} INFO - Processing file /home/airflow/.local/lib/python3.12/site-packages/airflow/example_dags/example_sensor_decorator.py for tasks to queue
[2024-08-04T16:34:29.703+0000] {logging_mixin.py:188} INFO - [2024-08-04T16:34:29.703+0000] {dagbag.py:545} INFO - Filling up the DagBag from /home/airflow/.local/lib/python3.12/site-packages/airflow/example_dags/example_sensor_decorator.py
[2024-08-04T16:34:29.709+0000] {processor.py:840} INFO - DAG(s) 'example_sensor_decorator' retrieved from /home/airflow/.local/lib/python3.12/site-packages/airflow/example_dags/example_sensor_decorator.py
[2024-08-04T16:34:29.731+0000] {logging_mixin.py:188} INFO - [2024-08-04T16:34:29.731+0000] {dag.py:3096} INFO - Sync 1 DAGs
[2024-08-04T16:34:29.747+0000] {logging_mixin.py:188} INFO - [2024-08-04T16:34:29.747+0000] {dag.py:3954} INFO - Setting next_dagrun for example_sensor_decorator to None, run_after=None
[2024-08-04T16:34:29.790+0000] {processor.py:183} INFO - Processing /home/airflow/.local/lib/python3.12/site-packages/airflow/example_dags/example_sensor_decorator.py took 0.095 seconds
[2024-08-04T16:35:00.476+0000] {processor.py:161} INFO - Started process (PID=1633) to work on /home/airflow/.local/lib/python3.12/site-packages/airflow/example_dags/example_sensor_decorator.py
[2024-08-04T16:35:00.477+0000] {processor.py:830} INFO - Processing file /home/airflow/.local/lib/python3.12/site-packages/airflow/example_dags/example_sensor_decorator.py for tasks to queue
[2024-08-04T16:35:00.478+0000] {logging_mixin.py:188} INFO - [2024-08-04T16:35:00.478+0000] {dagbag.py:545} INFO - Filling up the DagBag from /home/airflow/.local/lib/python3.12/site-packages/airflow/example_dags/example_sensor_decorator.py
[2024-08-04T16:35:00.484+0000] {processor.py:840} INFO - DAG(s) 'example_sensor_decorator' retrieved from /home/airflow/.local/lib/python3.12/site-packages/airflow/example_dags/example_sensor_decorator.py
[2024-08-04T16:35:00.505+0000] {logging_mixin.py:188} INFO - [2024-08-04T16:35:00.505+0000] {dag.py:3096} INFO - Sync 1 DAGs
[2024-08-04T16:35:00.519+0000] {logging_mixin.py:188} INFO - [2024-08-04T16:35:00.519+0000] {dag.py:3954} INFO - Setting next_dagrun for example_sensor_decorator to None, run_after=None
[2024-08-04T16:35:00.545+0000] {processor.py:183} INFO - Processing /home/airflow/.local/lib/python3.12/site-packages/airflow/example_dags/example_sensor_decorator.py took 0.076 seconds
[2024-08-04T16:35:30.649+0000] {processor.py:161} INFO - Started process (PID=1691) to work on /home/airflow/.local/lib/python3.12/site-packages/airflow/example_dags/example_sensor_decorator.py
[2024-08-04T16:35:30.649+0000] {processor.py:830} INFO - Processing file /home/airflow/.local/lib/python3.12/site-packages/airflow/example_dags/example_sensor_decorator.py for tasks to queue
[2024-08-04T16:35:30.650+0000] {logging_mixin.py:188} INFO - [2024-08-04T16:35:30.650+0000] {dagbag.py:545} INFO - Filling up the DagBag from /home/airflow/.local/lib/python3.12/site-packages/airflow/example_dags/example_sensor_decorator.py
[2024-08-04T16:35:30.656+0000] {processor.py:840} INFO - DAG(s) 'example_sensor_decorator' retrieved from /home/airflow/.local/lib/python3.12/site-packages/airflow/example_dags/example_sensor_decorator.py
[2024-08-04T16:35:30.677+0000] {logging_mixin.py:188} INFO - [2024-08-04T16:35:30.677+0000] {dag.py:3096} INFO - Sync 1 DAGs
[2024-08-04T16:35:30.690+0000] {logging_mixin.py:188} INFO - [2024-08-04T16:35:30.690+0000] {dag.py:3954} INFO - Setting next_dagrun for example_sensor_decorator to None, run_after=None
[2024-08-04T16:35:30.709+0000] {processor.py:183} INFO - Processing /home/airflow/.local/lib/python3.12/site-packages/airflow/example_dags/example_sensor_decorator.py took 0.069 seconds
[2024-08-04T16:36:00.907+0000] {processor.py:161} INFO - Started process (PID=1751) to work on /home/airflow/.local/lib/python3.12/site-packages/airflow/example_dags/example_sensor_decorator.py
[2024-08-04T16:36:00.908+0000] {processor.py:830} INFO - Processing file /home/airflow/.local/lib/python3.12/site-packages/airflow/example_dags/example_sensor_decorator.py for tasks to queue
[2024-08-04T16:36:00.909+0000] {logging_mixin.py:188} INFO - [2024-08-04T16:36:00.909+0000] {dagbag.py:545} INFO - Filling up the DagBag from /home/airflow/.local/lib/python3.12/site-packages/airflow/example_dags/example_sensor_decorator.py
[2024-08-04T16:36:00.916+0000] {processor.py:840} INFO - DAG(s) 'example_sensor_decorator' retrieved from /home/airflow/.local/lib/python3.12/site-packages/airflow/example_dags/example_sensor_decorator.py
[2024-08-04T16:36:00.937+0000] {logging_mixin.py:188} INFO - [2024-08-04T16:36:00.936+0000] {dag.py:3096} INFO - Sync 1 DAGs
[2024-08-04T16:36:00.950+0000] {logging_mixin.py:188} INFO - [2024-08-04T16:36:00.950+0000] {dag.py:3954} INFO - Setting next_dagrun for example_sensor_decorator to None, run_after=None
[2024-08-04T16:36:00.970+0000] {processor.py:183} INFO - Processing /home/airflow/.local/lib/python3.12/site-packages/airflow/example_dags/example_sensor_decorator.py took 0.069 seconds
