[2024-08-04T16:21:07.505+0000] {processor.py:161} INFO - Started process (PID=33) to work on /home/airflow/.local/lib/python3.12/site-packages/airflow/example_dags/example_branch_day_of_week_operator.py
[2024-08-04T16:21:07.508+0000] {processor.py:830} INFO - Processing file /home/airflow/.local/lib/python3.12/site-packages/airflow/example_dags/example_branch_day_of_week_operator.py for tasks to queue
[2024-08-04T16:21:07.512+0000] {logging_mixin.py:188} INFO - [2024-08-04T16:21:07.511+0000] {dagbag.py:545} INFO - Filling up the DagBag from /home/airflow/.local/lib/python3.12/site-packages/airflow/example_dags/example_branch_day_of_week_operator.py
[2024-08-04T16:21:07.557+0000] {processor.py:840} INFO - DAG(s) 'example_weekday_branch_operator' retrieved from /home/airflow/.local/lib/python3.12/site-packages/airflow/example_dags/example_branch_day_of_week_operator.py
[2024-08-04T16:21:08.098+0000] {logging_mixin.py:188} INFO - [2024-08-04T16:21:08.098+0000] {dag.py:3096} INFO - Sync 1 DAGs
[2024-08-04T16:21:08.161+0000] {logging_mixin.py:188} INFO - [2024-08-04T16:21:08.161+0000] {dag.py:3954} INFO - Setting next_dagrun for example_weekday_branch_operator to 2024-08-03 00:00:00+00:00, run_after=2024-08-04 00:00:00+00:00
[2024-08-04T16:21:08.223+0000] {processor.py:183} INFO - Processing /home/airflow/.local/lib/python3.12/site-packages/airflow/example_dags/example_branch_day_of_week_operator.py took 0.736 seconds
[2024-08-04T16:21:38.650+0000] {processor.py:161} INFO - Started process (PID=91) to work on /home/airflow/.local/lib/python3.12/site-packages/airflow/example_dags/example_branch_day_of_week_operator.py
[2024-08-04T16:21:38.650+0000] {processor.py:830} INFO - Processing file /home/airflow/.local/lib/python3.12/site-packages/airflow/example_dags/example_branch_day_of_week_operator.py for tasks to queue
[2024-08-04T16:21:38.652+0000] {logging_mixin.py:188} INFO - [2024-08-04T16:21:38.652+0000] {dagbag.py:545} INFO - Filling up the DagBag from /home/airflow/.local/lib/python3.12/site-packages/airflow/example_dags/example_branch_day_of_week_operator.py
[2024-08-04T16:21:38.661+0000] {processor.py:840} INFO - DAG(s) 'example_weekday_branch_operator' retrieved from /home/airflow/.local/lib/python3.12/site-packages/airflow/example_dags/example_branch_day_of_week_operator.py
[2024-08-04T16:21:38.686+0000] {logging_mixin.py:188} INFO - [2024-08-04T16:21:38.686+0000] {dag.py:3096} INFO - Sync 1 DAGs
[2024-08-04T16:21:38.713+0000] {logging_mixin.py:188} INFO - [2024-08-04T16:21:38.713+0000] {dag.py:3954} INFO - Setting next_dagrun for example_weekday_branch_operator to 2024-08-03 00:00:00+00:00, run_after=2024-08-04 00:00:00+00:00
[2024-08-04T16:21:38.739+0000] {processor.py:183} INFO - Processing /home/airflow/.local/lib/python3.12/site-packages/airflow/example_dags/example_branch_day_of_week_operator.py took 0.096 seconds
[2024-08-04T16:22:09.082+0000] {processor.py:161} INFO - Started process (PID=149) to work on /home/airflow/.local/lib/python3.12/site-packages/airflow/example_dags/example_branch_day_of_week_operator.py
[2024-08-04T16:22:09.083+0000] {processor.py:830} INFO - Processing file /home/airflow/.local/lib/python3.12/site-packages/airflow/example_dags/example_branch_day_of_week_operator.py for tasks to queue
[2024-08-04T16:22:09.085+0000] {logging_mixin.py:188} INFO - [2024-08-04T16:22:09.084+0000] {dagbag.py:545} INFO - Filling up the DagBag from /home/airflow/.local/lib/python3.12/site-packages/airflow/example_dags/example_branch_day_of_week_operator.py
[2024-08-04T16:22:09.093+0000] {processor.py:840} INFO - DAG(s) 'example_weekday_branch_operator' retrieved from /home/airflow/.local/lib/python3.12/site-packages/airflow/example_dags/example_branch_day_of_week_operator.py
[2024-08-04T16:22:09.118+0000] {logging_mixin.py:188} INFO - [2024-08-04T16:22:09.118+0000] {dag.py:3096} INFO - Sync 1 DAGs
[2024-08-04T16:22:09.145+0000] {logging_mixin.py:188} INFO - [2024-08-04T16:22:09.145+0000] {dag.py:3954} INFO - Setting next_dagrun for example_weekday_branch_operator to 2024-08-03 00:00:00+00:00, run_after=2024-08-04 00:00:00+00:00
[2024-08-04T16:22:09.174+0000] {processor.py:183} INFO - Processing /home/airflow/.local/lib/python3.12/site-packages/airflow/example_dags/example_branch_day_of_week_operator.py took 0.098 seconds
[2024-08-04T16:22:39.708+0000] {processor.py:161} INFO - Started process (PID=207) to work on /home/airflow/.local/lib/python3.12/site-packages/airflow/example_dags/example_branch_day_of_week_operator.py
[2024-08-04T16:22:39.709+0000] {processor.py:830} INFO - Processing file /home/airflow/.local/lib/python3.12/site-packages/airflow/example_dags/example_branch_day_of_week_operator.py for tasks to queue
[2024-08-04T16:22:39.711+0000] {logging_mixin.py:188} INFO - [2024-08-04T16:22:39.710+0000] {dagbag.py:545} INFO - Filling up the DagBag from /home/airflow/.local/lib/python3.12/site-packages/airflow/example_dags/example_branch_day_of_week_operator.py
[2024-08-04T16:22:39.727+0000] {processor.py:840} INFO - DAG(s) 'example_weekday_branch_operator' retrieved from /home/airflow/.local/lib/python3.12/site-packages/airflow/example_dags/example_branch_day_of_week_operator.py
[2024-08-04T16:22:39.774+0000] {logging_mixin.py:188} INFO - [2024-08-04T16:22:39.774+0000] {dag.py:3096} INFO - Sync 1 DAGs
[2024-08-04T16:22:39.842+0000] {logging_mixin.py:188} INFO - [2024-08-04T16:22:39.842+0000] {dag.py:3954} INFO - Setting next_dagrun for example_weekday_branch_operator to 2024-08-03 00:00:00+00:00, run_after=2024-08-04 00:00:00+00:00
[2024-08-04T16:22:39.876+0000] {processor.py:183} INFO - Processing /home/airflow/.local/lib/python3.12/site-packages/airflow/example_dags/example_branch_day_of_week_operator.py took 0.188 seconds
[2024-08-04T16:23:09.983+0000] {processor.py:161} INFO - Started process (PID=265) to work on /home/airflow/.local/lib/python3.12/site-packages/airflow/example_dags/example_branch_day_of_week_operator.py
[2024-08-04T16:23:09.983+0000] {processor.py:830} INFO - Processing file /home/airflow/.local/lib/python3.12/site-packages/airflow/example_dags/example_branch_day_of_week_operator.py for tasks to queue
[2024-08-04T16:23:10.002+0000] {logging_mixin.py:188} INFO - [2024-08-04T16:23:09.985+0000] {dagbag.py:545} INFO - Filling up the DagBag from /home/airflow/.local/lib/python3.12/site-packages/airflow/example_dags/example_branch_day_of_week_operator.py
[2024-08-04T16:23:10.031+0000] {processor.py:840} INFO - DAG(s) 'example_weekday_branch_operator' retrieved from /home/airflow/.local/lib/python3.12/site-packages/airflow/example_dags/example_branch_day_of_week_operator.py
[2024-08-04T16:23:10.166+0000] {logging_mixin.py:188} INFO - [2024-08-04T16:23:10.166+0000] {dag.py:3096} INFO - Sync 1 DAGs
[2024-08-04T16:23:10.264+0000] {logging_mixin.py:188} INFO - [2024-08-04T16:23:10.264+0000] {dag.py:3954} INFO - Setting next_dagrun for example_weekday_branch_operator to 2024-08-03 00:00:00+00:00, run_after=2024-08-04 00:00:00+00:00
[2024-08-04T16:23:10.370+0000] {processor.py:183} INFO - Processing /home/airflow/.local/lib/python3.12/site-packages/airflow/example_dags/example_branch_day_of_week_operator.py took 0.399 seconds
[2024-08-04T16:23:40.645+0000] {processor.py:161} INFO - Started process (PID=323) to work on /home/airflow/.local/lib/python3.12/site-packages/airflow/example_dags/example_branch_day_of_week_operator.py
[2024-08-04T16:23:40.646+0000] {processor.py:830} INFO - Processing file /home/airflow/.local/lib/python3.12/site-packages/airflow/example_dags/example_branch_day_of_week_operator.py for tasks to queue
[2024-08-04T16:23:40.648+0000] {logging_mixin.py:188} INFO - [2024-08-04T16:23:40.647+0000] {dagbag.py:545} INFO - Filling up the DagBag from /home/airflow/.local/lib/python3.12/site-packages/airflow/example_dags/example_branch_day_of_week_operator.py
[2024-08-04T16:23:40.656+0000] {processor.py:840} INFO - DAG(s) 'example_weekday_branch_operator' retrieved from /home/airflow/.local/lib/python3.12/site-packages/airflow/example_dags/example_branch_day_of_week_operator.py
[2024-08-04T16:23:40.681+0000] {logging_mixin.py:188} INFO - [2024-08-04T16:23:40.681+0000] {dag.py:3096} INFO - Sync 1 DAGs
[2024-08-04T16:23:40.709+0000] {logging_mixin.py:188} INFO - [2024-08-04T16:23:40.709+0000] {dag.py:3954} INFO - Setting next_dagrun for example_weekday_branch_operator to 2024-08-03 00:00:00+00:00, run_after=2024-08-04 00:00:00+00:00
[2024-08-04T16:23:40.732+0000] {processor.py:183} INFO - Processing /home/airflow/.local/lib/python3.12/site-packages/airflow/example_dags/example_branch_day_of_week_operator.py took 0.093 seconds
[2024-08-04T16:24:10.801+0000] {processor.py:161} INFO - Started process (PID=381) to work on /home/airflow/.local/lib/python3.12/site-packages/airflow/example_dags/example_branch_day_of_week_operator.py
[2024-08-04T16:24:10.801+0000] {processor.py:830} INFO - Processing file /home/airflow/.local/lib/python3.12/site-packages/airflow/example_dags/example_branch_day_of_week_operator.py for tasks to queue
[2024-08-04T16:24:10.803+0000] {logging_mixin.py:188} INFO - [2024-08-04T16:24:10.803+0000] {dagbag.py:545} INFO - Filling up the DagBag from /home/airflow/.local/lib/python3.12/site-packages/airflow/example_dags/example_branch_day_of_week_operator.py
[2024-08-04T16:24:10.811+0000] {processor.py:840} INFO - DAG(s) 'example_weekday_branch_operator' retrieved from /home/airflow/.local/lib/python3.12/site-packages/airflow/example_dags/example_branch_day_of_week_operator.py
[2024-08-04T16:24:10.836+0000] {logging_mixin.py:188} INFO - [2024-08-04T16:24:10.836+0000] {dag.py:3096} INFO - Sync 1 DAGs
[2024-08-04T16:24:10.865+0000] {logging_mixin.py:188} INFO - [2024-08-04T16:24:10.865+0000] {dag.py:3954} INFO - Setting next_dagrun for example_weekday_branch_operator to 2024-08-03 00:00:00+00:00, run_after=2024-08-04 00:00:00+00:00
[2024-08-04T16:24:10.892+0000] {processor.py:183} INFO - Processing /home/airflow/.local/lib/python3.12/site-packages/airflow/example_dags/example_branch_day_of_week_operator.py took 0.097 seconds
[2024-08-04T16:24:41.171+0000] {processor.py:161} INFO - Started process (PID=440) to work on /home/airflow/.local/lib/python3.12/site-packages/airflow/example_dags/example_branch_day_of_week_operator.py
[2024-08-04T16:24:41.177+0000] {processor.py:830} INFO - Processing file /home/airflow/.local/lib/python3.12/site-packages/airflow/example_dags/example_branch_day_of_week_operator.py for tasks to queue
[2024-08-04T16:24:41.179+0000] {logging_mixin.py:188} INFO - [2024-08-04T16:24:41.179+0000] {dagbag.py:545} INFO - Filling up the DagBag from /home/airflow/.local/lib/python3.12/site-packages/airflow/example_dags/example_branch_day_of_week_operator.py
[2024-08-04T16:24:41.187+0000] {processor.py:840} INFO - DAG(s) 'example_weekday_branch_operator' retrieved from /home/airflow/.local/lib/python3.12/site-packages/airflow/example_dags/example_branch_day_of_week_operator.py
[2024-08-04T16:24:41.243+0000] {logging_mixin.py:188} INFO - [2024-08-04T16:24:41.243+0000] {dag.py:3096} INFO - Sync 1 DAGs
[2024-08-04T16:24:41.308+0000] {logging_mixin.py:188} INFO - [2024-08-04T16:24:41.308+0000] {dag.py:3954} INFO - Setting next_dagrun for example_weekday_branch_operator to 2024-08-03 00:00:00+00:00, run_after=2024-08-04 00:00:00+00:00
[2024-08-04T16:24:41.350+0000] {processor.py:183} INFO - Processing /home/airflow/.local/lib/python3.12/site-packages/airflow/example_dags/example_branch_day_of_week_operator.py took 0.190 seconds
[2024-08-04T16:25:11.708+0000] {processor.py:161} INFO - Started process (PID=498) to work on /home/airflow/.local/lib/python3.12/site-packages/airflow/example_dags/example_branch_day_of_week_operator.py
[2024-08-04T16:25:11.708+0000] {processor.py:830} INFO - Processing file /home/airflow/.local/lib/python3.12/site-packages/airflow/example_dags/example_branch_day_of_week_operator.py for tasks to queue
[2024-08-04T16:25:11.710+0000] {logging_mixin.py:188} INFO - [2024-08-04T16:25:11.710+0000] {dagbag.py:545} INFO - Filling up the DagBag from /home/airflow/.local/lib/python3.12/site-packages/airflow/example_dags/example_branch_day_of_week_operator.py
[2024-08-04T16:25:11.719+0000] {processor.py:840} INFO - DAG(s) 'example_weekday_branch_operator' retrieved from /home/airflow/.local/lib/python3.12/site-packages/airflow/example_dags/example_branch_day_of_week_operator.py
[2024-08-04T16:25:11.744+0000] {logging_mixin.py:188} INFO - [2024-08-04T16:25:11.744+0000] {dag.py:3096} INFO - Sync 1 DAGs
[2024-08-04T16:25:11.772+0000] {logging_mixin.py:188} INFO - [2024-08-04T16:25:11.772+0000] {dag.py:3954} INFO - Setting next_dagrun for example_weekday_branch_operator to 2024-08-03 00:00:00+00:00, run_after=2024-08-04 00:00:00+00:00
[2024-08-04T16:25:11.796+0000] {processor.py:183} INFO - Processing /home/airflow/.local/lib/python3.12/site-packages/airflow/example_dags/example_branch_day_of_week_operator.py took 0.094 seconds
[2024-08-04T16:25:42.204+0000] {processor.py:161} INFO - Started process (PID=556) to work on /home/airflow/.local/lib/python3.12/site-packages/airflow/example_dags/example_branch_day_of_week_operator.py
[2024-08-04T16:25:42.206+0000] {processor.py:830} INFO - Processing file /home/airflow/.local/lib/python3.12/site-packages/airflow/example_dags/example_branch_day_of_week_operator.py for tasks to queue
[2024-08-04T16:25:42.207+0000] {logging_mixin.py:188} INFO - [2024-08-04T16:25:42.207+0000] {dagbag.py:545} INFO - Filling up the DagBag from /home/airflow/.local/lib/python3.12/site-packages/airflow/example_dags/example_branch_day_of_week_operator.py
[2024-08-04T16:25:42.219+0000] {processor.py:840} INFO - DAG(s) 'example_weekday_branch_operator' retrieved from /home/airflow/.local/lib/python3.12/site-packages/airflow/example_dags/example_branch_day_of_week_operator.py
[2024-08-04T16:25:42.251+0000] {logging_mixin.py:188} INFO - [2024-08-04T16:25:42.251+0000] {dag.py:3096} INFO - Sync 1 DAGs
[2024-08-04T16:25:42.277+0000] {logging_mixin.py:188} INFO - [2024-08-04T16:25:42.277+0000] {dag.py:3954} INFO - Setting next_dagrun for example_weekday_branch_operator to 2024-08-03 00:00:00+00:00, run_after=2024-08-04 00:00:00+00:00
[2024-08-04T16:25:42.300+0000] {processor.py:183} INFO - Processing /home/airflow/.local/lib/python3.12/site-packages/airflow/example_dags/example_branch_day_of_week_operator.py took 0.102 seconds
[2024-08-04T16:26:13.321+0000] {processor.py:161} INFO - Started process (PID=615) to work on /home/airflow/.local/lib/python3.12/site-packages/airflow/example_dags/example_branch_day_of_week_operator.py
[2024-08-04T16:26:13.322+0000] {processor.py:830} INFO - Processing file /home/airflow/.local/lib/python3.12/site-packages/airflow/example_dags/example_branch_day_of_week_operator.py for tasks to queue
[2024-08-04T16:26:13.324+0000] {logging_mixin.py:188} INFO - [2024-08-04T16:26:13.324+0000] {dagbag.py:545} INFO - Filling up the DagBag from /home/airflow/.local/lib/python3.12/site-packages/airflow/example_dags/example_branch_day_of_week_operator.py
[2024-08-04T16:26:13.333+0000] {processor.py:840} INFO - DAG(s) 'example_weekday_branch_operator' retrieved from /home/airflow/.local/lib/python3.12/site-packages/airflow/example_dags/example_branch_day_of_week_operator.py
[2024-08-04T16:26:13.369+0000] {logging_mixin.py:188} INFO - [2024-08-04T16:26:13.369+0000] {dag.py:3096} INFO - Sync 1 DAGs
[2024-08-04T16:26:13.434+0000] {logging_mixin.py:188} INFO - [2024-08-04T16:26:13.434+0000] {dag.py:3954} INFO - Setting next_dagrun for example_weekday_branch_operator to 2024-08-03 00:00:00+00:00, run_after=2024-08-04 00:00:00+00:00
[2024-08-04T16:26:13.477+0000] {processor.py:183} INFO - Processing /home/airflow/.local/lib/python3.12/site-packages/airflow/example_dags/example_branch_day_of_week_operator.py took 0.169 seconds
[2024-08-04T16:26:43.718+0000] {processor.py:161} INFO - Started process (PID=672) to work on /home/airflow/.local/lib/python3.12/site-packages/airflow/example_dags/example_branch_day_of_week_operator.py
[2024-08-04T16:26:43.719+0000] {processor.py:830} INFO - Processing file /home/airflow/.local/lib/python3.12/site-packages/airflow/example_dags/example_branch_day_of_week_operator.py for tasks to queue
[2024-08-04T16:26:43.726+0000] {logging_mixin.py:188} INFO - [2024-08-04T16:26:43.726+0000] {dagbag.py:545} INFO - Filling up the DagBag from /home/airflow/.local/lib/python3.12/site-packages/airflow/example_dags/example_branch_day_of_week_operator.py
[2024-08-04T16:26:43.747+0000] {processor.py:840} INFO - DAG(s) 'example_weekday_branch_operator' retrieved from /home/airflow/.local/lib/python3.12/site-packages/airflow/example_dags/example_branch_day_of_week_operator.py
[2024-08-04T16:26:43.819+0000] {logging_mixin.py:188} INFO - [2024-08-04T16:26:43.819+0000] {dag.py:3096} INFO - Sync 1 DAGs
[2024-08-04T16:26:43.883+0000] {logging_mixin.py:188} INFO - [2024-08-04T16:26:43.882+0000] {dag.py:3954} INFO - Setting next_dagrun for example_weekday_branch_operator to 2024-08-03 00:00:00+00:00, run_after=2024-08-04 00:00:00+00:00
[2024-08-04T16:26:43.908+0000] {processor.py:183} INFO - Processing /home/airflow/.local/lib/python3.12/site-packages/airflow/example_dags/example_branch_day_of_week_operator.py took 0.202 seconds
[2024-08-04T16:27:14.341+0000] {processor.py:161} INFO - Started process (PID=730) to work on /home/airflow/.local/lib/python3.12/site-packages/airflow/example_dags/example_branch_day_of_week_operator.py
[2024-08-04T16:27:14.342+0000] {processor.py:830} INFO - Processing file /home/airflow/.local/lib/python3.12/site-packages/airflow/example_dags/example_branch_day_of_week_operator.py for tasks to queue
[2024-08-04T16:27:14.349+0000] {logging_mixin.py:188} INFO - [2024-08-04T16:27:14.348+0000] {dagbag.py:545} INFO - Filling up the DagBag from /home/airflow/.local/lib/python3.12/site-packages/airflow/example_dags/example_branch_day_of_week_operator.py
[2024-08-04T16:27:14.373+0000] {processor.py:840} INFO - DAG(s) 'example_weekday_branch_operator' retrieved from /home/airflow/.local/lib/python3.12/site-packages/airflow/example_dags/example_branch_day_of_week_operator.py
[2024-08-04T16:27:14.511+0000] {logging_mixin.py:188} INFO - [2024-08-04T16:27:14.511+0000] {dag.py:3096} INFO - Sync 1 DAGs
[2024-08-04T16:27:14.598+0000] {logging_mixin.py:188} INFO - [2024-08-04T16:27:14.598+0000] {dag.py:3954} INFO - Setting next_dagrun for example_weekday_branch_operator to 2024-08-03 00:00:00+00:00, run_after=2024-08-04 00:00:00+00:00
[2024-08-04T16:27:14.670+0000] {processor.py:183} INFO - Processing /home/airflow/.local/lib/python3.12/site-packages/airflow/example_dags/example_branch_day_of_week_operator.py took 0.345 seconds
[2024-08-04T16:27:44.979+0000] {processor.py:161} INFO - Started process (PID=788) to work on /home/airflow/.local/lib/python3.12/site-packages/airflow/example_dags/example_branch_day_of_week_operator.py
[2024-08-04T16:27:44.983+0000] {processor.py:830} INFO - Processing file /home/airflow/.local/lib/python3.12/site-packages/airflow/example_dags/example_branch_day_of_week_operator.py for tasks to queue
[2024-08-04T16:27:44.992+0000] {logging_mixin.py:188} INFO - [2024-08-04T16:27:44.990+0000] {dagbag.py:545} INFO - Filling up the DagBag from /home/airflow/.local/lib/python3.12/site-packages/airflow/example_dags/example_branch_day_of_week_operator.py
[2024-08-04T16:27:45.010+0000] {processor.py:840} INFO - DAG(s) 'example_weekday_branch_operator' retrieved from /home/airflow/.local/lib/python3.12/site-packages/airflow/example_dags/example_branch_day_of_week_operator.py
[2024-08-04T16:27:45.072+0000] {logging_mixin.py:188} INFO - [2024-08-04T16:27:45.072+0000] {dag.py:3096} INFO - Sync 1 DAGs
[2024-08-04T16:27:45.156+0000] {logging_mixin.py:188} INFO - [2024-08-04T16:27:45.156+0000] {dag.py:3954} INFO - Setting next_dagrun for example_weekday_branch_operator to 2024-08-03 00:00:00+00:00, run_after=2024-08-04 00:00:00+00:00
[2024-08-04T16:27:45.218+0000] {processor.py:183} INFO - Processing /home/airflow/.local/lib/python3.12/site-packages/airflow/example_dags/example_branch_day_of_week_operator.py took 0.261 seconds
[2024-08-04T16:28:15.517+0000] {processor.py:161} INFO - Started process (PID=846) to work on /home/airflow/.local/lib/python3.12/site-packages/airflow/example_dags/example_branch_day_of_week_operator.py
[2024-08-04T16:28:15.518+0000] {processor.py:830} INFO - Processing file /home/airflow/.local/lib/python3.12/site-packages/airflow/example_dags/example_branch_day_of_week_operator.py for tasks to queue
[2024-08-04T16:28:15.519+0000] {logging_mixin.py:188} INFO - [2024-08-04T16:28:15.519+0000] {dagbag.py:545} INFO - Filling up the DagBag from /home/airflow/.local/lib/python3.12/site-packages/airflow/example_dags/example_branch_day_of_week_operator.py
[2024-08-04T16:28:15.528+0000] {processor.py:840} INFO - DAG(s) 'example_weekday_branch_operator' retrieved from /home/airflow/.local/lib/python3.12/site-packages/airflow/example_dags/example_branch_day_of_week_operator.py
[2024-08-04T16:28:15.553+0000] {logging_mixin.py:188} INFO - [2024-08-04T16:28:15.553+0000] {dag.py:3096} INFO - Sync 1 DAGs
[2024-08-04T16:28:15.581+0000] {logging_mixin.py:188} INFO - [2024-08-04T16:28:15.580+0000] {dag.py:3954} INFO - Setting next_dagrun for example_weekday_branch_operator to 2024-08-03 00:00:00+00:00, run_after=2024-08-04 00:00:00+00:00
[2024-08-04T16:28:15.604+0000] {processor.py:183} INFO - Processing /home/airflow/.local/lib/python3.12/site-packages/airflow/example_dags/example_branch_day_of_week_operator.py took 0.093 seconds
[2024-08-04T16:28:46.084+0000] {processor.py:161} INFO - Started process (PID=904) to work on /home/airflow/.local/lib/python3.12/site-packages/airflow/example_dags/example_branch_day_of_week_operator.py
[2024-08-04T16:28:46.085+0000] {processor.py:830} INFO - Processing file /home/airflow/.local/lib/python3.12/site-packages/airflow/example_dags/example_branch_day_of_week_operator.py for tasks to queue
[2024-08-04T16:28:46.087+0000] {logging_mixin.py:188} INFO - [2024-08-04T16:28:46.087+0000] {dagbag.py:545} INFO - Filling up the DagBag from /home/airflow/.local/lib/python3.12/site-packages/airflow/example_dags/example_branch_day_of_week_operator.py
[2024-08-04T16:28:46.112+0000] {processor.py:840} INFO - DAG(s) 'example_weekday_branch_operator' retrieved from /home/airflow/.local/lib/python3.12/site-packages/airflow/example_dags/example_branch_day_of_week_operator.py
[2024-08-04T16:28:46.152+0000] {logging_mixin.py:188} INFO - [2024-08-04T16:28:46.151+0000] {dag.py:3096} INFO - Sync 1 DAGs
[2024-08-04T16:28:46.213+0000] {logging_mixin.py:188} INFO - [2024-08-04T16:28:46.212+0000] {dag.py:3954} INFO - Setting next_dagrun for example_weekday_branch_operator to 2024-08-03 00:00:00+00:00, run_after=2024-08-04 00:00:00+00:00
[2024-08-04T16:28:46.255+0000] {processor.py:183} INFO - Processing /home/airflow/.local/lib/python3.12/site-packages/airflow/example_dags/example_branch_day_of_week_operator.py took 0.183 seconds
[2024-08-04T16:29:17.243+0000] {processor.py:161} INFO - Started process (PID=963) to work on /home/airflow/.local/lib/python3.12/site-packages/airflow/example_dags/example_branch_day_of_week_operator.py
[2024-08-04T16:29:17.243+0000] {processor.py:830} INFO - Processing file /home/airflow/.local/lib/python3.12/site-packages/airflow/example_dags/example_branch_day_of_week_operator.py for tasks to queue
[2024-08-04T16:29:17.245+0000] {logging_mixin.py:188} INFO - [2024-08-04T16:29:17.245+0000] {dagbag.py:545} INFO - Filling up the DagBag from /home/airflow/.local/lib/python3.12/site-packages/airflow/example_dags/example_branch_day_of_week_operator.py
[2024-08-04T16:29:17.254+0000] {processor.py:840} INFO - DAG(s) 'example_weekday_branch_operator' retrieved from /home/airflow/.local/lib/python3.12/site-packages/airflow/example_dags/example_branch_day_of_week_operator.py
[2024-08-04T16:29:17.279+0000] {logging_mixin.py:188} INFO - [2024-08-04T16:29:17.279+0000] {dag.py:3096} INFO - Sync 1 DAGs
[2024-08-04T16:29:17.306+0000] {logging_mixin.py:188} INFO - [2024-08-04T16:29:17.305+0000] {dag.py:3954} INFO - Setting next_dagrun for example_weekday_branch_operator to 2024-08-03 00:00:00+00:00, run_after=2024-08-04 00:00:00+00:00
[2024-08-04T16:29:17.330+0000] {processor.py:183} INFO - Processing /home/airflow/.local/lib/python3.12/site-packages/airflow/example_dags/example_branch_day_of_week_operator.py took 0.093 seconds
[2024-08-04T16:29:47.806+0000] {processor.py:161} INFO - Started process (PID=1021) to work on /home/airflow/.local/lib/python3.12/site-packages/airflow/example_dags/example_branch_day_of_week_operator.py
[2024-08-04T16:29:47.807+0000] {processor.py:830} INFO - Processing file /home/airflow/.local/lib/python3.12/site-packages/airflow/example_dags/example_branch_day_of_week_operator.py for tasks to queue
[2024-08-04T16:29:47.809+0000] {logging_mixin.py:188} INFO - [2024-08-04T16:29:47.808+0000] {dagbag.py:545} INFO - Filling up the DagBag from /home/airflow/.local/lib/python3.12/site-packages/airflow/example_dags/example_branch_day_of_week_operator.py
[2024-08-04T16:29:47.820+0000] {processor.py:840} INFO - DAG(s) 'example_weekday_branch_operator' retrieved from /home/airflow/.local/lib/python3.12/site-packages/airflow/example_dags/example_branch_day_of_week_operator.py
[2024-08-04T16:29:47.852+0000] {logging_mixin.py:188} INFO - [2024-08-04T16:29:47.852+0000] {dag.py:3096} INFO - Sync 1 DAGs
[2024-08-04T16:29:47.882+0000] {logging_mixin.py:188} INFO - [2024-08-04T16:29:47.882+0000] {dag.py:3954} INFO - Setting next_dagrun for example_weekday_branch_operator to 2024-08-03 00:00:00+00:00, run_after=2024-08-04 00:00:00+00:00
[2024-08-04T16:29:47.916+0000] {processor.py:183} INFO - Processing /home/airflow/.local/lib/python3.12/site-packages/airflow/example_dags/example_branch_day_of_week_operator.py took 0.117 seconds
[2024-08-04T16:30:18.377+0000] {processor.py:161} INFO - Started process (PID=1086) to work on /home/airflow/.local/lib/python3.12/site-packages/airflow/example_dags/example_branch_day_of_week_operator.py
[2024-08-04T16:30:18.378+0000] {processor.py:830} INFO - Processing file /home/airflow/.local/lib/python3.12/site-packages/airflow/example_dags/example_branch_day_of_week_operator.py for tasks to queue
[2024-08-04T16:30:18.380+0000] {logging_mixin.py:188} INFO - [2024-08-04T16:30:18.379+0000] {dagbag.py:545} INFO - Filling up the DagBag from /home/airflow/.local/lib/python3.12/site-packages/airflow/example_dags/example_branch_day_of_week_operator.py
[2024-08-04T16:30:18.389+0000] {processor.py:840} INFO - DAG(s) 'example_weekday_branch_operator' retrieved from /home/airflow/.local/lib/python3.12/site-packages/airflow/example_dags/example_branch_day_of_week_operator.py
[2024-08-04T16:30:18.413+0000] {logging_mixin.py:188} INFO - [2024-08-04T16:30:18.413+0000] {dag.py:3096} INFO - Sync 1 DAGs
[2024-08-04T16:30:18.440+0000] {logging_mixin.py:188} INFO - [2024-08-04T16:30:18.440+0000] {dag.py:3954} INFO - Setting next_dagrun for example_weekday_branch_operator to 2024-08-03 00:00:00+00:00, run_after=2024-08-04 00:00:00+00:00
[2024-08-04T16:30:18.464+0000] {processor.py:183} INFO - Processing /home/airflow/.local/lib/python3.12/site-packages/airflow/example_dags/example_branch_day_of_week_operator.py took 0.093 seconds
[2024-08-04T16:30:48.711+0000] {processor.py:161} INFO - Started process (PID=1145) to work on /home/airflow/.local/lib/python3.12/site-packages/airflow/example_dags/example_branch_day_of_week_operator.py
[2024-08-04T16:30:48.712+0000] {processor.py:830} INFO - Processing file /home/airflow/.local/lib/python3.12/site-packages/airflow/example_dags/example_branch_day_of_week_operator.py for tasks to queue
[2024-08-04T16:30:48.713+0000] {logging_mixin.py:188} INFO - [2024-08-04T16:30:48.713+0000] {dagbag.py:545} INFO - Filling up the DagBag from /home/airflow/.local/lib/python3.12/site-packages/airflow/example_dags/example_branch_day_of_week_operator.py
[2024-08-04T16:30:48.722+0000] {processor.py:840} INFO - DAG(s) 'example_weekday_branch_operator' retrieved from /home/airflow/.local/lib/python3.12/site-packages/airflow/example_dags/example_branch_day_of_week_operator.py
[2024-08-04T16:30:48.747+0000] {logging_mixin.py:188} INFO - [2024-08-04T16:30:48.747+0000] {dag.py:3096} INFO - Sync 1 DAGs
[2024-08-04T16:30:48.775+0000] {logging_mixin.py:188} INFO - [2024-08-04T16:30:48.775+0000] {dag.py:3954} INFO - Setting next_dagrun for example_weekday_branch_operator to 2024-08-03 00:00:00+00:00, run_after=2024-08-04 00:00:00+00:00
[2024-08-04T16:30:48.799+0000] {processor.py:183} INFO - Processing /home/airflow/.local/lib/python3.12/site-packages/airflow/example_dags/example_branch_day_of_week_operator.py took 0.094 seconds
[2024-08-04T16:31:18.902+0000] {processor.py:161} INFO - Started process (PID=1204) to work on /home/airflow/.local/lib/python3.12/site-packages/airflow/example_dags/example_branch_day_of_week_operator.py
[2024-08-04T16:31:18.903+0000] {processor.py:830} INFO - Processing file /home/airflow/.local/lib/python3.12/site-packages/airflow/example_dags/example_branch_day_of_week_operator.py for tasks to queue
[2024-08-04T16:31:18.903+0000] {logging_mixin.py:188} INFO - [2024-08-04T16:31:18.903+0000] {dagbag.py:545} INFO - Filling up the DagBag from /home/airflow/.local/lib/python3.12/site-packages/airflow/example_dags/example_branch_day_of_week_operator.py
[2024-08-04T16:31:18.914+0000] {processor.py:840} INFO - DAG(s) 'example_weekday_branch_operator' retrieved from /home/airflow/.local/lib/python3.12/site-packages/airflow/example_dags/example_branch_day_of_week_operator.py
[2024-08-04T16:31:18.940+0000] {logging_mixin.py:188} INFO - [2024-08-04T16:31:18.940+0000] {dag.py:3096} INFO - Sync 1 DAGs
[2024-08-04T16:31:18.967+0000] {logging_mixin.py:188} INFO - [2024-08-04T16:31:18.967+0000] {dag.py:3954} INFO - Setting next_dagrun for example_weekday_branch_operator to 2024-08-03 00:00:00+00:00, run_after=2024-08-04 00:00:00+00:00
[2024-08-04T16:31:18.991+0000] {processor.py:183} INFO - Processing /home/airflow/.local/lib/python3.12/site-packages/airflow/example_dags/example_branch_day_of_week_operator.py took 0.095 seconds
[2024-08-04T16:31:49.176+0000] {processor.py:161} INFO - Started process (PID=1263) to work on /home/airflow/.local/lib/python3.12/site-packages/airflow/example_dags/example_branch_day_of_week_operator.py
[2024-08-04T16:31:49.177+0000] {processor.py:830} INFO - Processing file /home/airflow/.local/lib/python3.12/site-packages/airflow/example_dags/example_branch_day_of_week_operator.py for tasks to queue
[2024-08-04T16:31:49.177+0000] {logging_mixin.py:188} INFO - [2024-08-04T16:31:49.177+0000] {dagbag.py:545} INFO - Filling up the DagBag from /home/airflow/.local/lib/python3.12/site-packages/airflow/example_dags/example_branch_day_of_week_operator.py
[2024-08-04T16:31:49.193+0000] {processor.py:840} INFO - DAG(s) 'example_weekday_branch_operator' retrieved from /home/airflow/.local/lib/python3.12/site-packages/airflow/example_dags/example_branch_day_of_week_operator.py
[2024-08-04T16:31:49.227+0000] {logging_mixin.py:188} INFO - [2024-08-04T16:31:49.227+0000] {dag.py:3096} INFO - Sync 1 DAGs
[2024-08-04T16:31:49.255+0000] {logging_mixin.py:188} INFO - [2024-08-04T16:31:49.254+0000] {dag.py:3954} INFO - Setting next_dagrun for example_weekday_branch_operator to 2024-08-03 00:00:00+00:00, run_after=2024-08-04 00:00:00+00:00
[2024-08-04T16:31:49.279+0000] {processor.py:183} INFO - Processing /home/airflow/.local/lib/python3.12/site-packages/airflow/example_dags/example_branch_day_of_week_operator.py took 0.109 seconds
[2024-08-04T16:32:19.591+0000] {processor.py:161} INFO - Started process (PID=1322) to work on /home/airflow/.local/lib/python3.12/site-packages/airflow/example_dags/example_branch_day_of_week_operator.py
[2024-08-04T16:32:19.592+0000] {processor.py:830} INFO - Processing file /home/airflow/.local/lib/python3.12/site-packages/airflow/example_dags/example_branch_day_of_week_operator.py for tasks to queue
[2024-08-04T16:32:19.593+0000] {logging_mixin.py:188} INFO - [2024-08-04T16:32:19.592+0000] {dagbag.py:545} INFO - Filling up the DagBag from /home/airflow/.local/lib/python3.12/site-packages/airflow/example_dags/example_branch_day_of_week_operator.py
[2024-08-04T16:32:19.602+0000] {processor.py:840} INFO - DAG(s) 'example_weekday_branch_operator' retrieved from /home/airflow/.local/lib/python3.12/site-packages/airflow/example_dags/example_branch_day_of_week_operator.py
[2024-08-04T16:32:19.651+0000] {logging_mixin.py:188} INFO - [2024-08-04T16:32:19.651+0000] {dag.py:3096} INFO - Sync 1 DAGs
[2024-08-04T16:32:19.689+0000] {logging_mixin.py:188} INFO - [2024-08-04T16:32:19.688+0000] {dag.py:3954} INFO - Setting next_dagrun for example_weekday_branch_operator to 2024-08-03 00:00:00+00:00, run_after=2024-08-04 00:00:00+00:00
[2024-08-04T16:32:19.725+0000] {processor.py:183} INFO - Processing /home/airflow/.local/lib/python3.12/site-packages/airflow/example_dags/example_branch_day_of_week_operator.py took 0.144 seconds
[2024-08-04T16:32:50.093+0000] {processor.py:161} INFO - Started process (PID=1381) to work on /home/airflow/.local/lib/python3.12/site-packages/airflow/example_dags/example_branch_day_of_week_operator.py
[2024-08-04T16:32:50.116+0000] {processor.py:830} INFO - Processing file /home/airflow/.local/lib/python3.12/site-packages/airflow/example_dags/example_branch_day_of_week_operator.py for tasks to queue
[2024-08-04T16:32:50.117+0000] {logging_mixin.py:188} INFO - [2024-08-04T16:32:50.117+0000] {dagbag.py:545} INFO - Filling up the DagBag from /home/airflow/.local/lib/python3.12/site-packages/airflow/example_dags/example_branch_day_of_week_operator.py
[2024-08-04T16:32:50.164+0000] {processor.py:840} INFO - DAG(s) 'example_weekday_branch_operator' retrieved from /home/airflow/.local/lib/python3.12/site-packages/airflow/example_dags/example_branch_day_of_week_operator.py
[2024-08-04T16:32:50.227+0000] {logging_mixin.py:188} INFO - [2024-08-04T16:32:50.227+0000] {dag.py:3096} INFO - Sync 1 DAGs
[2024-08-04T16:32:50.280+0000] {logging_mixin.py:188} INFO - [2024-08-04T16:32:50.280+0000] {dag.py:3954} INFO - Setting next_dagrun for example_weekday_branch_operator to 2024-08-03 00:00:00+00:00, run_after=2024-08-04 00:00:00+00:00
[2024-08-04T16:32:50.339+0000] {processor.py:183} INFO - Processing /home/airflow/.local/lib/python3.12/site-packages/airflow/example_dags/example_branch_day_of_week_operator.py took 0.253 seconds
[2024-08-04T16:33:21.193+0000] {processor.py:161} INFO - Started process (PID=1440) to work on /home/airflow/.local/lib/python3.12/site-packages/airflow/example_dags/example_branch_day_of_week_operator.py
[2024-08-04T16:33:21.193+0000] {processor.py:830} INFO - Processing file /home/airflow/.local/lib/python3.12/site-packages/airflow/example_dags/example_branch_day_of_week_operator.py for tasks to queue
[2024-08-04T16:33:21.194+0000] {logging_mixin.py:188} INFO - [2024-08-04T16:33:21.194+0000] {dagbag.py:545} INFO - Filling up the DagBag from /home/airflow/.local/lib/python3.12/site-packages/airflow/example_dags/example_branch_day_of_week_operator.py
[2024-08-04T16:33:21.203+0000] {processor.py:840} INFO - DAG(s) 'example_weekday_branch_operator' retrieved from /home/airflow/.local/lib/python3.12/site-packages/airflow/example_dags/example_branch_day_of_week_operator.py
[2024-08-04T16:33:21.229+0000] {logging_mixin.py:188} INFO - [2024-08-04T16:33:21.229+0000] {dag.py:3096} INFO - Sync 1 DAGs
[2024-08-04T16:33:21.260+0000] {logging_mixin.py:188} INFO - [2024-08-04T16:33:21.260+0000] {dag.py:3954} INFO - Setting next_dagrun for example_weekday_branch_operator to 2024-08-03 00:00:00+00:00, run_after=2024-08-04 00:00:00+00:00
[2024-08-04T16:33:21.283+0000] {processor.py:183} INFO - Processing /home/airflow/.local/lib/python3.12/site-packages/airflow/example_dags/example_branch_day_of_week_operator.py took 0.097 seconds
[2024-08-04T16:33:51.796+0000] {processor.py:161} INFO - Started process (PID=1499) to work on /home/airflow/.local/lib/python3.12/site-packages/airflow/example_dags/example_branch_day_of_week_operator.py
[2024-08-04T16:33:51.797+0000] {processor.py:830} INFO - Processing file /home/airflow/.local/lib/python3.12/site-packages/airflow/example_dags/example_branch_day_of_week_operator.py for tasks to queue
[2024-08-04T16:33:51.798+0000] {logging_mixin.py:188} INFO - [2024-08-04T16:33:51.798+0000] {dagbag.py:545} INFO - Filling up the DagBag from /home/airflow/.local/lib/python3.12/site-packages/airflow/example_dags/example_branch_day_of_week_operator.py
[2024-08-04T16:33:51.807+0000] {processor.py:840} INFO - DAG(s) 'example_weekday_branch_operator' retrieved from /home/airflow/.local/lib/python3.12/site-packages/airflow/example_dags/example_branch_day_of_week_operator.py
[2024-08-04T16:33:51.832+0000] {logging_mixin.py:188} INFO - [2024-08-04T16:33:51.832+0000] {dag.py:3096} INFO - Sync 1 DAGs
[2024-08-04T16:33:51.860+0000] {logging_mixin.py:188} INFO - [2024-08-04T16:33:51.860+0000] {dag.py:3954} INFO - Setting next_dagrun for example_weekday_branch_operator to 2024-08-03 00:00:00+00:00, run_after=2024-08-04 00:00:00+00:00
[2024-08-04T16:33:51.883+0000] {processor.py:183} INFO - Processing /home/airflow/.local/lib/python3.12/site-packages/airflow/example_dags/example_branch_day_of_week_operator.py took 0.092 seconds
[2024-08-04T16:34:22.018+0000] {processor.py:161} INFO - Started process (PID=1558) to work on /home/airflow/.local/lib/python3.12/site-packages/airflow/example_dags/example_branch_day_of_week_operator.py
[2024-08-04T16:34:22.019+0000] {processor.py:830} INFO - Processing file /home/airflow/.local/lib/python3.12/site-packages/airflow/example_dags/example_branch_day_of_week_operator.py for tasks to queue
[2024-08-04T16:34:22.020+0000] {logging_mixin.py:188} INFO - [2024-08-04T16:34:22.019+0000] {dagbag.py:545} INFO - Filling up the DagBag from /home/airflow/.local/lib/python3.12/site-packages/airflow/example_dags/example_branch_day_of_week_operator.py
[2024-08-04T16:34:22.028+0000] {processor.py:840} INFO - DAG(s) 'example_weekday_branch_operator' retrieved from /home/airflow/.local/lib/python3.12/site-packages/airflow/example_dags/example_branch_day_of_week_operator.py
[2024-08-04T16:34:22.055+0000] {logging_mixin.py:188} INFO - [2024-08-04T16:34:22.054+0000] {dag.py:3096} INFO - Sync 1 DAGs
[2024-08-04T16:34:22.082+0000] {logging_mixin.py:188} INFO - [2024-08-04T16:34:22.082+0000] {dag.py:3954} INFO - Setting next_dagrun for example_weekday_branch_operator to 2024-08-03 00:00:00+00:00, run_after=2024-08-04 00:00:00+00:00
[2024-08-04T16:34:22.106+0000] {processor.py:183} INFO - Processing /home/airflow/.local/lib/python3.12/site-packages/airflow/example_dags/example_branch_day_of_week_operator.py took 0.094 seconds
[2024-08-04T16:34:52.266+0000] {processor.py:161} INFO - Started process (PID=1617) to work on /home/airflow/.local/lib/python3.12/site-packages/airflow/example_dags/example_branch_day_of_week_operator.py
[2024-08-04T16:34:52.267+0000] {processor.py:830} INFO - Processing file /home/airflow/.local/lib/python3.12/site-packages/airflow/example_dags/example_branch_day_of_week_operator.py for tasks to queue
[2024-08-04T16:34:52.267+0000] {logging_mixin.py:188} INFO - [2024-08-04T16:34:52.267+0000] {dagbag.py:545} INFO - Filling up the DagBag from /home/airflow/.local/lib/python3.12/site-packages/airflow/example_dags/example_branch_day_of_week_operator.py
[2024-08-04T16:34:52.276+0000] {processor.py:840} INFO - DAG(s) 'example_weekday_branch_operator' retrieved from /home/airflow/.local/lib/python3.12/site-packages/airflow/example_dags/example_branch_day_of_week_operator.py
[2024-08-04T16:34:52.301+0000] {logging_mixin.py:188} INFO - [2024-08-04T16:34:52.301+0000] {dag.py:3096} INFO - Sync 1 DAGs
[2024-08-04T16:34:52.330+0000] {logging_mixin.py:188} INFO - [2024-08-04T16:34:52.330+0000] {dag.py:3954} INFO - Setting next_dagrun for example_weekday_branch_operator to 2024-08-03 00:00:00+00:00, run_after=2024-08-04 00:00:00+00:00
[2024-08-04T16:34:52.354+0000] {processor.py:183} INFO - Processing /home/airflow/.local/lib/python3.12/site-packages/airflow/example_dags/example_branch_day_of_week_operator.py took 0.094 seconds
[2024-08-04T16:35:22.541+0000] {processor.py:161} INFO - Started process (PID=1673) to work on /home/airflow/.local/lib/python3.12/site-packages/airflow/example_dags/example_branch_day_of_week_operator.py
[2024-08-04T16:35:22.542+0000] {processor.py:830} INFO - Processing file /home/airflow/.local/lib/python3.12/site-packages/airflow/example_dags/example_branch_day_of_week_operator.py for tasks to queue
[2024-08-04T16:35:22.543+0000] {logging_mixin.py:188} INFO - [2024-08-04T16:35:22.542+0000] {dagbag.py:545} INFO - Filling up the DagBag from /home/airflow/.local/lib/python3.12/site-packages/airflow/example_dags/example_branch_day_of_week_operator.py
[2024-08-04T16:35:22.551+0000] {processor.py:840} INFO - DAG(s) 'example_weekday_branch_operator' retrieved from /home/airflow/.local/lib/python3.12/site-packages/airflow/example_dags/example_branch_day_of_week_operator.py
[2024-08-04T16:35:22.578+0000] {logging_mixin.py:188} INFO - [2024-08-04T16:35:22.578+0000] {dag.py:3096} INFO - Sync 1 DAGs
[2024-08-04T16:35:22.605+0000] {logging_mixin.py:188} INFO - [2024-08-04T16:35:22.605+0000] {dag.py:3954} INFO - Setting next_dagrun for example_weekday_branch_operator to 2024-08-03 00:00:00+00:00, run_after=2024-08-04 00:00:00+00:00
[2024-08-04T16:35:22.629+0000] {processor.py:183} INFO - Processing /home/airflow/.local/lib/python3.12/site-packages/airflow/example_dags/example_branch_day_of_week_operator.py took 0.094 seconds
[2024-08-04T16:35:52.786+0000] {processor.py:161} INFO - Started process (PID=1733) to work on /home/airflow/.local/lib/python3.12/site-packages/airflow/example_dags/example_branch_day_of_week_operator.py
[2024-08-04T16:35:52.786+0000] {processor.py:830} INFO - Processing file /home/airflow/.local/lib/python3.12/site-packages/airflow/example_dags/example_branch_day_of_week_operator.py for tasks to queue
[2024-08-04T16:35:52.787+0000] {logging_mixin.py:188} INFO - [2024-08-04T16:35:52.787+0000] {dagbag.py:545} INFO - Filling up the DagBag from /home/airflow/.local/lib/python3.12/site-packages/airflow/example_dags/example_branch_day_of_week_operator.py
[2024-08-04T16:35:52.796+0000] {processor.py:840} INFO - DAG(s) 'example_weekday_branch_operator' retrieved from /home/airflow/.local/lib/python3.12/site-packages/airflow/example_dags/example_branch_day_of_week_operator.py
[2024-08-04T16:35:52.823+0000] {logging_mixin.py:188} INFO - [2024-08-04T16:35:52.822+0000] {dag.py:3096} INFO - Sync 1 DAGs
[2024-08-04T16:35:52.851+0000] {logging_mixin.py:188} INFO - [2024-08-04T16:35:52.851+0000] {dag.py:3954} INFO - Setting next_dagrun for example_weekday_branch_operator to 2024-08-03 00:00:00+00:00, run_after=2024-08-04 00:00:00+00:00
[2024-08-04T16:35:52.878+0000] {processor.py:183} INFO - Processing /home/airflow/.local/lib/python3.12/site-packages/airflow/example_dags/example_branch_day_of_week_operator.py took 0.098 seconds
