[2024-08-04T16:21:15.773+0000] {processor.py:161} INFO - Started process (PID=54) to work on /home/airflow/.local/lib/python3.12/site-packages/airflow/example_dags/example_external_task_marker_dag.py
[2024-08-04T16:21:15.787+0000] {processor.py:830} INFO - Processing file /home/airflow/.local/lib/python3.12/site-packages/airflow/example_dags/example_external_task_marker_dag.py for tasks to queue
[2024-08-04T16:21:15.790+0000] {logging_mixin.py:188} INFO - [2024-08-04T16:21:15.790+0000] {dagbag.py:545} INFO - Filling up the DagBag from /home/airflow/.local/lib/python3.12/site-packages/airflow/example_dags/example_external_task_marker_dag.py
[2024-08-04T16:21:15.815+0000] {processor.py:840} INFO - DAG(s) 'example_external_task_marker_parent', 'example_external_task_marker_child' retrieved from /home/airflow/.local/lib/python3.12/site-packages/airflow/example_dags/example_external_task_marker_dag.py
[2024-08-04T16:21:16.424+0000] {logging_mixin.py:188} INFO - [2024-08-04T16:21:16.423+0000] {dag.py:3096} INFO - Sync 2 DAGs
[2024-08-04T16:21:16.450+0000] {logging_mixin.py:188} INFO - [2024-08-04T16:21:16.450+0000] {dag.py:3954} INFO - Setting next_dagrun for example_external_task_marker_child to None, run_after=None
[2024-08-04T16:21:16.454+0000] {logging_mixin.py:188} INFO - [2024-08-04T16:21:16.454+0000] {dag.py:3954} INFO - Setting next_dagrun for example_external_task_marker_parent to None, run_after=None
[2024-08-04T16:21:16.514+0000] {processor.py:183} INFO - Processing /home/airflow/.local/lib/python3.12/site-packages/airflow/example_dags/example_external_task_marker_dag.py took 0.748 seconds
[2024-08-04T16:21:47.044+0000] {processor.py:161} INFO - Started process (PID=118) to work on /home/airflow/.local/lib/python3.12/site-packages/airflow/example_dags/example_external_task_marker_dag.py
[2024-08-04T16:21:47.051+0000] {processor.py:830} INFO - Processing file /home/airflow/.local/lib/python3.12/site-packages/airflow/example_dags/example_external_task_marker_dag.py for tasks to queue
[2024-08-04T16:21:47.053+0000] {logging_mixin.py:188} INFO - [2024-08-04T16:21:47.053+0000] {dagbag.py:545} INFO - Filling up the DagBag from /home/airflow/.local/lib/python3.12/site-packages/airflow/example_dags/example_external_task_marker_dag.py
[2024-08-04T16:21:47.060+0000] {processor.py:840} INFO - DAG(s) 'example_external_task_marker_parent', 'example_external_task_marker_child' retrieved from /home/airflow/.local/lib/python3.12/site-packages/airflow/example_dags/example_external_task_marker_dag.py
[2024-08-04T16:21:47.089+0000] {logging_mixin.py:188} INFO - [2024-08-04T16:21:47.088+0000] {dag.py:3096} INFO - Sync 2 DAGs
[2024-08-04T16:21:47.116+0000] {logging_mixin.py:188} INFO - [2024-08-04T16:21:47.115+0000] {dag.py:3954} INFO - Setting next_dagrun for example_external_task_marker_child to None, run_after=None
[2024-08-04T16:21:47.121+0000] {logging_mixin.py:188} INFO - [2024-08-04T16:21:47.121+0000] {dag.py:3954} INFO - Setting next_dagrun for example_external_task_marker_parent to None, run_after=None
[2024-08-04T16:21:47.147+0000] {processor.py:183} INFO - Processing /home/airflow/.local/lib/python3.12/site-packages/airflow/example_dags/example_external_task_marker_dag.py took 0.109 seconds
[2024-08-04T16:22:17.340+0000] {processor.py:161} INFO - Started process (PID=176) to work on /home/airflow/.local/lib/python3.12/site-packages/airflow/example_dags/example_external_task_marker_dag.py
[2024-08-04T16:22:17.341+0000] {processor.py:830} INFO - Processing file /home/airflow/.local/lib/python3.12/site-packages/airflow/example_dags/example_external_task_marker_dag.py for tasks to queue
[2024-08-04T16:22:17.343+0000] {logging_mixin.py:188} INFO - [2024-08-04T16:22:17.342+0000] {dagbag.py:545} INFO - Filling up the DagBag from /home/airflow/.local/lib/python3.12/site-packages/airflow/example_dags/example_external_task_marker_dag.py
[2024-08-04T16:22:17.371+0000] {processor.py:840} INFO - DAG(s) 'example_external_task_marker_parent', 'example_external_task_marker_child' retrieved from /home/airflow/.local/lib/python3.12/site-packages/airflow/example_dags/example_external_task_marker_dag.py
[2024-08-04T16:22:17.454+0000] {logging_mixin.py:188} INFO - [2024-08-04T16:22:17.454+0000] {dag.py:3096} INFO - Sync 2 DAGs
[2024-08-04T16:22:17.480+0000] {logging_mixin.py:188} INFO - [2024-08-04T16:22:17.480+0000] {dag.py:3954} INFO - Setting next_dagrun for example_external_task_marker_child to None, run_after=None
[2024-08-04T16:22:17.484+0000] {logging_mixin.py:188} INFO - [2024-08-04T16:22:17.484+0000] {dag.py:3954} INFO - Setting next_dagrun for example_external_task_marker_parent to None, run_after=None
[2024-08-04T16:22:17.514+0000] {processor.py:183} INFO - Processing /home/airflow/.local/lib/python3.12/site-packages/airflow/example_dags/example_external_task_marker_dag.py took 0.190 seconds
[2024-08-04T16:22:48.059+0000] {processor.py:161} INFO - Started process (PID=234) to work on /home/airflow/.local/lib/python3.12/site-packages/airflow/example_dags/example_external_task_marker_dag.py
[2024-08-04T16:22:48.060+0000] {processor.py:830} INFO - Processing file /home/airflow/.local/lib/python3.12/site-packages/airflow/example_dags/example_external_task_marker_dag.py for tasks to queue
[2024-08-04T16:22:48.062+0000] {logging_mixin.py:188} INFO - [2024-08-04T16:22:48.061+0000] {dagbag.py:545} INFO - Filling up the DagBag from /home/airflow/.local/lib/python3.12/site-packages/airflow/example_dags/example_external_task_marker_dag.py
[2024-08-04T16:22:48.070+0000] {processor.py:840} INFO - DAG(s) 'example_external_task_marker_child', 'example_external_task_marker_parent' retrieved from /home/airflow/.local/lib/python3.12/site-packages/airflow/example_dags/example_external_task_marker_dag.py
[2024-08-04T16:22:48.104+0000] {logging_mixin.py:188} INFO - [2024-08-04T16:22:48.104+0000] {dag.py:3096} INFO - Sync 2 DAGs
[2024-08-04T16:22:48.120+0000] {logging_mixin.py:188} INFO - [2024-08-04T16:22:48.120+0000] {dag.py:3954} INFO - Setting next_dagrun for example_external_task_marker_child to None, run_after=None
[2024-08-04T16:22:48.125+0000] {logging_mixin.py:188} INFO - [2024-08-04T16:22:48.125+0000] {dag.py:3954} INFO - Setting next_dagrun for example_external_task_marker_parent to None, run_after=None
[2024-08-04T16:22:48.148+0000] {processor.py:183} INFO - Processing /home/airflow/.local/lib/python3.12/site-packages/airflow/example_dags/example_external_task_marker_dag.py took 0.096 seconds
[2024-08-04T16:23:18.703+0000] {processor.py:161} INFO - Started process (PID=292) to work on /home/airflow/.local/lib/python3.12/site-packages/airflow/example_dags/example_external_task_marker_dag.py
[2024-08-04T16:23:18.703+0000] {processor.py:830} INFO - Processing file /home/airflow/.local/lib/python3.12/site-packages/airflow/example_dags/example_external_task_marker_dag.py for tasks to queue
[2024-08-04T16:23:18.705+0000] {logging_mixin.py:188} INFO - [2024-08-04T16:23:18.705+0000] {dagbag.py:545} INFO - Filling up the DagBag from /home/airflow/.local/lib/python3.12/site-packages/airflow/example_dags/example_external_task_marker_dag.py
[2024-08-04T16:23:18.716+0000] {processor.py:840} INFO - DAG(s) 'example_external_task_marker_child', 'example_external_task_marker_parent' retrieved from /home/airflow/.local/lib/python3.12/site-packages/airflow/example_dags/example_external_task_marker_dag.py
[2024-08-04T16:23:18.773+0000] {logging_mixin.py:188} INFO - [2024-08-04T16:23:18.773+0000] {dag.py:3096} INFO - Sync 2 DAGs
[2024-08-04T16:23:18.804+0000] {logging_mixin.py:188} INFO - [2024-08-04T16:23:18.804+0000] {dag.py:3954} INFO - Setting next_dagrun for example_external_task_marker_child to None, run_after=None
[2024-08-04T16:23:18.816+0000] {logging_mixin.py:188} INFO - [2024-08-04T16:23:18.816+0000] {dag.py:3954} INFO - Setting next_dagrun for example_external_task_marker_parent to None, run_after=None
[2024-08-04T16:23:18.844+0000] {processor.py:183} INFO - Processing /home/airflow/.local/lib/python3.12/site-packages/airflow/example_dags/example_external_task_marker_dag.py took 0.154 seconds
[2024-08-04T16:23:49.770+0000] {processor.py:161} INFO - Started process (PID=350) to work on /home/airflow/.local/lib/python3.12/site-packages/airflow/example_dags/example_external_task_marker_dag.py
[2024-08-04T16:23:49.771+0000] {processor.py:830} INFO - Processing file /home/airflow/.local/lib/python3.12/site-packages/airflow/example_dags/example_external_task_marker_dag.py for tasks to queue
[2024-08-04T16:23:49.773+0000] {logging_mixin.py:188} INFO - [2024-08-04T16:23:49.773+0000] {dagbag.py:545} INFO - Filling up the DagBag from /home/airflow/.local/lib/python3.12/site-packages/airflow/example_dags/example_external_task_marker_dag.py
[2024-08-04T16:23:49.780+0000] {processor.py:840} INFO - DAG(s) 'example_external_task_marker_child', 'example_external_task_marker_parent' retrieved from /home/airflow/.local/lib/python3.12/site-packages/airflow/example_dags/example_external_task_marker_dag.py
[2024-08-04T16:23:49.804+0000] {logging_mixin.py:188} INFO - [2024-08-04T16:23:49.804+0000] {dag.py:3096} INFO - Sync 2 DAGs
[2024-08-04T16:23:49.820+0000] {logging_mixin.py:188} INFO - [2024-08-04T16:23:49.820+0000] {dag.py:3954} INFO - Setting next_dagrun for example_external_task_marker_child to None, run_after=None
[2024-08-04T16:23:49.825+0000] {logging_mixin.py:188} INFO - [2024-08-04T16:23:49.825+0000] {dag.py:3954} INFO - Setting next_dagrun for example_external_task_marker_parent to None, run_after=None
[2024-08-04T16:23:49.850+0000] {processor.py:183} INFO - Processing /home/airflow/.local/lib/python3.12/site-packages/airflow/example_dags/example_external_task_marker_dag.py took 0.086 seconds
[2024-08-04T16:24:20.265+0000] {processor.py:161} INFO - Started process (PID=409) to work on /home/airflow/.local/lib/python3.12/site-packages/airflow/example_dags/example_external_task_marker_dag.py
[2024-08-04T16:24:20.265+0000] {processor.py:830} INFO - Processing file /home/airflow/.local/lib/python3.12/site-packages/airflow/example_dags/example_external_task_marker_dag.py for tasks to queue
[2024-08-04T16:24:20.267+0000] {logging_mixin.py:188} INFO - [2024-08-04T16:24:20.267+0000] {dagbag.py:545} INFO - Filling up the DagBag from /home/airflow/.local/lib/python3.12/site-packages/airflow/example_dags/example_external_task_marker_dag.py
[2024-08-04T16:24:20.299+0000] {processor.py:840} INFO - DAG(s) 'example_external_task_marker_parent', 'example_external_task_marker_child' retrieved from /home/airflow/.local/lib/python3.12/site-packages/airflow/example_dags/example_external_task_marker_dag.py
[2024-08-04T16:24:20.390+0000] {logging_mixin.py:188} INFO - [2024-08-04T16:24:20.390+0000] {dag.py:3096} INFO - Sync 2 DAGs
[2024-08-04T16:24:20.432+0000] {logging_mixin.py:188} INFO - [2024-08-04T16:24:20.431+0000] {dag.py:3954} INFO - Setting next_dagrun for example_external_task_marker_child to None, run_after=None
[2024-08-04T16:24:20.454+0000] {logging_mixin.py:188} INFO - [2024-08-04T16:24:20.454+0000] {dag.py:3954} INFO - Setting next_dagrun for example_external_task_marker_parent to None, run_after=None
[2024-08-04T16:24:20.511+0000] {processor.py:183} INFO - Processing /home/airflow/.local/lib/python3.12/site-packages/airflow/example_dags/example_external_task_marker_dag.py took 0.261 seconds
[2024-08-04T16:24:51.210+0000] {processor.py:161} INFO - Started process (PID=467) to work on /home/airflow/.local/lib/python3.12/site-packages/airflow/example_dags/example_external_task_marker_dag.py
[2024-08-04T16:24:51.211+0000] {processor.py:830} INFO - Processing file /home/airflow/.local/lib/python3.12/site-packages/airflow/example_dags/example_external_task_marker_dag.py for tasks to queue
[2024-08-04T16:24:51.216+0000] {logging_mixin.py:188} INFO - [2024-08-04T16:24:51.213+0000] {dagbag.py:545} INFO - Filling up the DagBag from /home/airflow/.local/lib/python3.12/site-packages/airflow/example_dags/example_external_task_marker_dag.py
[2024-08-04T16:24:51.223+0000] {processor.py:840} INFO - DAG(s) 'example_external_task_marker_child', 'example_external_task_marker_parent' retrieved from /home/airflow/.local/lib/python3.12/site-packages/airflow/example_dags/example_external_task_marker_dag.py
[2024-08-04T16:24:51.256+0000] {logging_mixin.py:188} INFO - [2024-08-04T16:24:51.256+0000] {dag.py:3096} INFO - Sync 2 DAGs
[2024-08-04T16:24:51.280+0000] {logging_mixin.py:188} INFO - [2024-08-04T16:24:51.280+0000] {dag.py:3954} INFO - Setting next_dagrun for example_external_task_marker_child to None, run_after=None
[2024-08-04T16:24:51.286+0000] {logging_mixin.py:188} INFO - [2024-08-04T16:24:51.285+0000] {dag.py:3954} INFO - Setting next_dagrun for example_external_task_marker_parent to None, run_after=None
[2024-08-04T16:24:51.315+0000] {processor.py:183} INFO - Processing /home/airflow/.local/lib/python3.12/site-packages/airflow/example_dags/example_external_task_marker_dag.py took 0.115 seconds
[2024-08-04T16:25:22.044+0000] {processor.py:161} INFO - Started process (PID=525) to work on /home/airflow/.local/lib/python3.12/site-packages/airflow/example_dags/example_external_task_marker_dag.py
[2024-08-04T16:25:22.054+0000] {processor.py:830} INFO - Processing file /home/airflow/.local/lib/python3.12/site-packages/airflow/example_dags/example_external_task_marker_dag.py for tasks to queue
[2024-08-04T16:25:22.056+0000] {logging_mixin.py:188} INFO - [2024-08-04T16:25:22.055+0000] {dagbag.py:545} INFO - Filling up the DagBag from /home/airflow/.local/lib/python3.12/site-packages/airflow/example_dags/example_external_task_marker_dag.py
[2024-08-04T16:25:22.071+0000] {processor.py:840} INFO - DAG(s) 'example_external_task_marker_child', 'example_external_task_marker_parent' retrieved from /home/airflow/.local/lib/python3.12/site-packages/airflow/example_dags/example_external_task_marker_dag.py
[2024-08-04T16:25:22.138+0000] {logging_mixin.py:188} INFO - [2024-08-04T16:25:22.138+0000] {dag.py:3096} INFO - Sync 2 DAGs
[2024-08-04T16:25:22.171+0000] {logging_mixin.py:188} INFO - [2024-08-04T16:25:22.170+0000] {dag.py:3954} INFO - Setting next_dagrun for example_external_task_marker_child to None, run_after=None
[2024-08-04T16:25:22.175+0000] {logging_mixin.py:188} INFO - [2024-08-04T16:25:22.175+0000] {dag.py:3954} INFO - Setting next_dagrun for example_external_task_marker_parent to None, run_after=None
[2024-08-04T16:25:22.195+0000] {processor.py:183} INFO - Processing /home/airflow/.local/lib/python3.12/site-packages/airflow/example_dags/example_external_task_marker_dag.py took 0.167 seconds
[2024-08-04T16:25:52.542+0000] {processor.py:161} INFO - Started process (PID=584) to work on /home/airflow/.local/lib/python3.12/site-packages/airflow/example_dags/example_external_task_marker_dag.py
[2024-08-04T16:25:52.543+0000] {processor.py:830} INFO - Processing file /home/airflow/.local/lib/python3.12/site-packages/airflow/example_dags/example_external_task_marker_dag.py for tasks to queue
[2024-08-04T16:25:52.548+0000] {logging_mixin.py:188} INFO - [2024-08-04T16:25:52.548+0000] {dagbag.py:545} INFO - Filling up the DagBag from /home/airflow/.local/lib/python3.12/site-packages/airflow/example_dags/example_external_task_marker_dag.py
[2024-08-04T16:25:52.555+0000] {processor.py:840} INFO - DAG(s) 'example_external_task_marker_parent', 'example_external_task_marker_child' retrieved from /home/airflow/.local/lib/python3.12/site-packages/airflow/example_dags/example_external_task_marker_dag.py
[2024-08-04T16:25:52.579+0000] {logging_mixin.py:188} INFO - [2024-08-04T16:25:52.579+0000] {dag.py:3096} INFO - Sync 2 DAGs
[2024-08-04T16:25:52.596+0000] {logging_mixin.py:188} INFO - [2024-08-04T16:25:52.595+0000] {dag.py:3954} INFO - Setting next_dagrun for example_external_task_marker_child to None, run_after=None
[2024-08-04T16:25:52.600+0000] {logging_mixin.py:188} INFO - [2024-08-04T16:25:52.599+0000] {dag.py:3954} INFO - Setting next_dagrun for example_external_task_marker_parent to None, run_after=None
[2024-08-04T16:25:52.622+0000] {processor.py:183} INFO - Processing /home/airflow/.local/lib/python3.12/site-packages/airflow/example_dags/example_external_task_marker_dag.py took 0.085 seconds
[2024-08-04T16:26:22.791+0000] {processor.py:161} INFO - Started process (PID=641) to work on /home/airflow/.local/lib/python3.12/site-packages/airflow/example_dags/example_external_task_marker_dag.py
[2024-08-04T16:26:22.792+0000] {processor.py:830} INFO - Processing file /home/airflow/.local/lib/python3.12/site-packages/airflow/example_dags/example_external_task_marker_dag.py for tasks to queue
[2024-08-04T16:26:22.794+0000] {logging_mixin.py:188} INFO - [2024-08-04T16:26:22.793+0000] {dagbag.py:545} INFO - Filling up the DagBag from /home/airflow/.local/lib/python3.12/site-packages/airflow/example_dags/example_external_task_marker_dag.py
[2024-08-04T16:26:22.800+0000] {processor.py:840} INFO - DAG(s) 'example_external_task_marker_parent', 'example_external_task_marker_child' retrieved from /home/airflow/.local/lib/python3.12/site-packages/airflow/example_dags/example_external_task_marker_dag.py
[2024-08-04T16:26:22.825+0000] {logging_mixin.py:188} INFO - [2024-08-04T16:26:22.825+0000] {dag.py:3096} INFO - Sync 2 DAGs
[2024-08-04T16:26:22.850+0000] {logging_mixin.py:188} INFO - [2024-08-04T16:26:22.850+0000] {dag.py:3954} INFO - Setting next_dagrun for example_external_task_marker_child to None, run_after=None
[2024-08-04T16:26:22.854+0000] {logging_mixin.py:188} INFO - [2024-08-04T16:26:22.854+0000] {dag.py:3954} INFO - Setting next_dagrun for example_external_task_marker_parent to None, run_after=None
[2024-08-04T16:26:22.876+0000] {processor.py:183} INFO - Processing /home/airflow/.local/lib/python3.12/site-packages/airflow/example_dags/example_external_task_marker_dag.py took 0.091 seconds
[2024-08-04T16:26:53.267+0000] {processor.py:161} INFO - Started process (PID=699) to work on /home/airflow/.local/lib/python3.12/site-packages/airflow/example_dags/example_external_task_marker_dag.py
[2024-08-04T16:26:53.268+0000] {processor.py:830} INFO - Processing file /home/airflow/.local/lib/python3.12/site-packages/airflow/example_dags/example_external_task_marker_dag.py for tasks to queue
[2024-08-04T16:26:53.269+0000] {logging_mixin.py:188} INFO - [2024-08-04T16:26:53.269+0000] {dagbag.py:545} INFO - Filling up the DagBag from /home/airflow/.local/lib/python3.12/site-packages/airflow/example_dags/example_external_task_marker_dag.py
[2024-08-04T16:26:53.276+0000] {processor.py:840} INFO - DAG(s) 'example_external_task_marker_parent', 'example_external_task_marker_child' retrieved from /home/airflow/.local/lib/python3.12/site-packages/airflow/example_dags/example_external_task_marker_dag.py
[2024-08-04T16:26:53.301+0000] {logging_mixin.py:188} INFO - [2024-08-04T16:26:53.301+0000] {dag.py:3096} INFO - Sync 2 DAGs
[2024-08-04T16:26:53.317+0000] {logging_mixin.py:188} INFO - [2024-08-04T16:26:53.317+0000] {dag.py:3954} INFO - Setting next_dagrun for example_external_task_marker_child to None, run_after=None
[2024-08-04T16:26:53.322+0000] {logging_mixin.py:188} INFO - [2024-08-04T16:26:53.322+0000] {dag.py:3954} INFO - Setting next_dagrun for example_external_task_marker_parent to None, run_after=None
[2024-08-04T16:26:53.344+0000] {processor.py:183} INFO - Processing /home/airflow/.local/lib/python3.12/site-packages/airflow/example_dags/example_external_task_marker_dag.py took 0.083 seconds
[2024-08-04T16:27:23.976+0000] {processor.py:161} INFO - Started process (PID=757) to work on /home/airflow/.local/lib/python3.12/site-packages/airflow/example_dags/example_external_task_marker_dag.py
[2024-08-04T16:27:23.982+0000] {processor.py:830} INFO - Processing file /home/airflow/.local/lib/python3.12/site-packages/airflow/example_dags/example_external_task_marker_dag.py for tasks to queue
[2024-08-04T16:27:23.986+0000] {logging_mixin.py:188} INFO - [2024-08-04T16:27:23.985+0000] {dagbag.py:545} INFO - Filling up the DagBag from /home/airflow/.local/lib/python3.12/site-packages/airflow/example_dags/example_external_task_marker_dag.py
[2024-08-04T16:27:23.992+0000] {processor.py:840} INFO - DAG(s) 'example_external_task_marker_parent', 'example_external_task_marker_child' retrieved from /home/airflow/.local/lib/python3.12/site-packages/airflow/example_dags/example_external_task_marker_dag.py
[2024-08-04T16:27:24.019+0000] {logging_mixin.py:188} INFO - [2024-08-04T16:27:24.018+0000] {dag.py:3096} INFO - Sync 2 DAGs
[2024-08-04T16:27:24.035+0000] {logging_mixin.py:188} INFO - [2024-08-04T16:27:24.034+0000] {dag.py:3954} INFO - Setting next_dagrun for example_external_task_marker_child to None, run_after=None
[2024-08-04T16:27:24.039+0000] {logging_mixin.py:188} INFO - [2024-08-04T16:27:24.039+0000] {dag.py:3954} INFO - Setting next_dagrun for example_external_task_marker_parent to None, run_after=None
[2024-08-04T16:27:24.062+0000] {processor.py:183} INFO - Processing /home/airflow/.local/lib/python3.12/site-packages/airflow/example_dags/example_external_task_marker_dag.py took 0.098 seconds
[2024-08-04T16:27:54.351+0000] {processor.py:161} INFO - Started process (PID=815) to work on /home/airflow/.local/lib/python3.12/site-packages/airflow/example_dags/example_external_task_marker_dag.py
[2024-08-04T16:27:54.352+0000] {processor.py:830} INFO - Processing file /home/airflow/.local/lib/python3.12/site-packages/airflow/example_dags/example_external_task_marker_dag.py for tasks to queue
[2024-08-04T16:27:54.353+0000] {logging_mixin.py:188} INFO - [2024-08-04T16:27:54.353+0000] {dagbag.py:545} INFO - Filling up the DagBag from /home/airflow/.local/lib/python3.12/site-packages/airflow/example_dags/example_external_task_marker_dag.py
[2024-08-04T16:27:54.361+0000] {processor.py:840} INFO - DAG(s) 'example_external_task_marker_parent', 'example_external_task_marker_child' retrieved from /home/airflow/.local/lib/python3.12/site-packages/airflow/example_dags/example_external_task_marker_dag.py
[2024-08-04T16:27:54.385+0000] {logging_mixin.py:188} INFO - [2024-08-04T16:27:54.384+0000] {dag.py:3096} INFO - Sync 2 DAGs
[2024-08-04T16:27:54.399+0000] {logging_mixin.py:188} INFO - [2024-08-04T16:27:54.399+0000] {dag.py:3954} INFO - Setting next_dagrun for example_external_task_marker_child to None, run_after=None
[2024-08-04T16:27:54.404+0000] {logging_mixin.py:188} INFO - [2024-08-04T16:27:54.403+0000] {dag.py:3954} INFO - Setting next_dagrun for example_external_task_marker_parent to None, run_after=None
[2024-08-04T16:27:54.427+0000] {processor.py:183} INFO - Processing /home/airflow/.local/lib/python3.12/site-packages/airflow/example_dags/example_external_task_marker_dag.py took 0.083 seconds
[2024-08-04T16:28:25.299+0000] {processor.py:161} INFO - Started process (PID=873) to work on /home/airflow/.local/lib/python3.12/site-packages/airflow/example_dags/example_external_task_marker_dag.py
[2024-08-04T16:28:25.300+0000] {processor.py:830} INFO - Processing file /home/airflow/.local/lib/python3.12/site-packages/airflow/example_dags/example_external_task_marker_dag.py for tasks to queue
[2024-08-04T16:28:25.302+0000] {logging_mixin.py:188} INFO - [2024-08-04T16:28:25.301+0000] {dagbag.py:545} INFO - Filling up the DagBag from /home/airflow/.local/lib/python3.12/site-packages/airflow/example_dags/example_external_task_marker_dag.py
[2024-08-04T16:28:25.308+0000] {processor.py:840} INFO - DAG(s) 'example_external_task_marker_child', 'example_external_task_marker_parent' retrieved from /home/airflow/.local/lib/python3.12/site-packages/airflow/example_dags/example_external_task_marker_dag.py
[2024-08-04T16:28:25.334+0000] {logging_mixin.py:188} INFO - [2024-08-04T16:28:25.334+0000] {dag.py:3096} INFO - Sync 2 DAGs
[2024-08-04T16:28:25.358+0000] {logging_mixin.py:188} INFO - [2024-08-04T16:28:25.358+0000] {dag.py:3954} INFO - Setting next_dagrun for example_external_task_marker_child to None, run_after=None
[2024-08-04T16:28:25.362+0000] {logging_mixin.py:188} INFO - [2024-08-04T16:28:25.362+0000] {dag.py:3954} INFO - Setting next_dagrun for example_external_task_marker_parent to None, run_after=None
[2024-08-04T16:28:25.385+0000] {processor.py:183} INFO - Processing /home/airflow/.local/lib/python3.12/site-packages/airflow/example_dags/example_external_task_marker_dag.py took 0.096 seconds
[2024-08-04T16:28:56.352+0000] {processor.py:161} INFO - Started process (PID=932) to work on /home/airflow/.local/lib/python3.12/site-packages/airflow/example_dags/example_external_task_marker_dag.py
[2024-08-04T16:28:56.358+0000] {processor.py:830} INFO - Processing file /home/airflow/.local/lib/python3.12/site-packages/airflow/example_dags/example_external_task_marker_dag.py for tasks to queue
[2024-08-04T16:28:56.359+0000] {logging_mixin.py:188} INFO - [2024-08-04T16:28:56.359+0000] {dagbag.py:545} INFO - Filling up the DagBag from /home/airflow/.local/lib/python3.12/site-packages/airflow/example_dags/example_external_task_marker_dag.py
[2024-08-04T16:28:56.381+0000] {processor.py:840} INFO - DAG(s) 'example_external_task_marker_parent', 'example_external_task_marker_child' retrieved from /home/airflow/.local/lib/python3.12/site-packages/airflow/example_dags/example_external_task_marker_dag.py
[2024-08-04T16:28:56.422+0000] {logging_mixin.py:188} INFO - [2024-08-04T16:28:56.422+0000] {dag.py:3096} INFO - Sync 2 DAGs
[2024-08-04T16:28:56.452+0000] {logging_mixin.py:188} INFO - [2024-08-04T16:28:56.452+0000] {dag.py:3954} INFO - Setting next_dagrun for example_external_task_marker_child to None, run_after=None
[2024-08-04T16:28:56.463+0000] {logging_mixin.py:188} INFO - [2024-08-04T16:28:56.462+0000] {dag.py:3954} INFO - Setting next_dagrun for example_external_task_marker_parent to None, run_after=None
[2024-08-04T16:28:56.505+0000] {processor.py:183} INFO - Processing /home/airflow/.local/lib/python3.12/site-packages/airflow/example_dags/example_external_task_marker_dag.py took 0.163 seconds
[2024-08-04T16:29:26.695+0000] {processor.py:161} INFO - Started process (PID=990) to work on /home/airflow/.local/lib/python3.12/site-packages/airflow/example_dags/example_external_task_marker_dag.py
[2024-08-04T16:29:26.696+0000] {processor.py:830} INFO - Processing file /home/airflow/.local/lib/python3.12/site-packages/airflow/example_dags/example_external_task_marker_dag.py for tasks to queue
[2024-08-04T16:29:26.697+0000] {logging_mixin.py:188} INFO - [2024-08-04T16:29:26.697+0000] {dagbag.py:545} INFO - Filling up the DagBag from /home/airflow/.local/lib/python3.12/site-packages/airflow/example_dags/example_external_task_marker_dag.py
[2024-08-04T16:29:26.712+0000] {processor.py:840} INFO - DAG(s) 'example_external_task_marker_parent', 'example_external_task_marker_child' retrieved from /home/airflow/.local/lib/python3.12/site-packages/airflow/example_dags/example_external_task_marker_dag.py
[2024-08-04T16:29:26.755+0000] {logging_mixin.py:188} INFO - [2024-08-04T16:29:26.755+0000] {dag.py:3096} INFO - Sync 2 DAGs
[2024-08-04T16:29:26.786+0000] {logging_mixin.py:188} INFO - [2024-08-04T16:29:26.786+0000] {dag.py:3954} INFO - Setting next_dagrun for example_external_task_marker_child to None, run_after=None
[2024-08-04T16:29:26.793+0000] {logging_mixin.py:188} INFO - [2024-08-04T16:29:26.793+0000] {dag.py:3954} INFO - Setting next_dagrun for example_external_task_marker_parent to None, run_after=None
[2024-08-04T16:29:26.837+0000] {processor.py:183} INFO - Processing /home/airflow/.local/lib/python3.12/site-packages/airflow/example_dags/example_external_task_marker_dag.py took 0.158 seconds
[2024-08-04T16:29:57.129+0000] {processor.py:161} INFO - Started process (PID=1048) to work on /home/airflow/.local/lib/python3.12/site-packages/airflow/example_dags/example_external_task_marker_dag.py
[2024-08-04T16:29:57.130+0000] {processor.py:830} INFO - Processing file /home/airflow/.local/lib/python3.12/site-packages/airflow/example_dags/example_external_task_marker_dag.py for tasks to queue
[2024-08-04T16:29:57.132+0000] {logging_mixin.py:188} INFO - [2024-08-04T16:29:57.131+0000] {dagbag.py:545} INFO - Filling up the DagBag from /home/airflow/.local/lib/python3.12/site-packages/airflow/example_dags/example_external_task_marker_dag.py
[2024-08-04T16:29:57.139+0000] {processor.py:840} INFO - DAG(s) 'example_external_task_marker_parent', 'example_external_task_marker_child' retrieved from /home/airflow/.local/lib/python3.12/site-packages/airflow/example_dags/example_external_task_marker_dag.py
[2024-08-04T16:29:57.164+0000] {logging_mixin.py:188} INFO - [2024-08-04T16:29:57.164+0000] {dag.py:3096} INFO - Sync 2 DAGs
[2024-08-04T16:29:57.179+0000] {logging_mixin.py:188} INFO - [2024-08-04T16:29:57.178+0000] {dag.py:3954} INFO - Setting next_dagrun for example_external_task_marker_child to None, run_after=None
[2024-08-04T16:29:57.183+0000] {logging_mixin.py:188} INFO - [2024-08-04T16:29:57.183+0000] {dag.py:3954} INFO - Setting next_dagrun for example_external_task_marker_parent to None, run_after=None
[2024-08-04T16:29:57.205+0000] {processor.py:183} INFO - Processing /home/airflow/.local/lib/python3.12/site-packages/airflow/example_dags/example_external_task_marker_dag.py took 0.086 seconds
[2024-08-04T16:30:27.744+0000] {processor.py:161} INFO - Started process (PID=1107) to work on /home/airflow/.local/lib/python3.12/site-packages/airflow/example_dags/example_external_task_marker_dag.py
[2024-08-04T16:30:27.754+0000] {processor.py:830} INFO - Processing file /home/airflow/.local/lib/python3.12/site-packages/airflow/example_dags/example_external_task_marker_dag.py for tasks to queue
[2024-08-04T16:30:27.757+0000] {logging_mixin.py:188} INFO - [2024-08-04T16:30:27.757+0000] {dagbag.py:545} INFO - Filling up the DagBag from /home/airflow/.local/lib/python3.12/site-packages/airflow/example_dags/example_external_task_marker_dag.py
[2024-08-04T16:30:27.769+0000] {processor.py:840} INFO - DAG(s) 'example_external_task_marker_child', 'example_external_task_marker_parent' retrieved from /home/airflow/.local/lib/python3.12/site-packages/airflow/example_dags/example_external_task_marker_dag.py
[2024-08-04T16:30:27.810+0000] {logging_mixin.py:188} INFO - [2024-08-04T16:30:27.810+0000] {dag.py:3096} INFO - Sync 2 DAGs
[2024-08-04T16:30:27.848+0000] {logging_mixin.py:188} INFO - [2024-08-04T16:30:27.847+0000] {dag.py:3954} INFO - Setting next_dagrun for example_external_task_marker_child to None, run_after=None
[2024-08-04T16:30:27.852+0000] {logging_mixin.py:188} INFO - [2024-08-04T16:30:27.852+0000] {dag.py:3954} INFO - Setting next_dagrun for example_external_task_marker_parent to None, run_after=None
[2024-08-04T16:30:27.907+0000] {processor.py:183} INFO - Processing /home/airflow/.local/lib/python3.12/site-packages/airflow/example_dags/example_external_task_marker_dag.py took 0.169 seconds
[2024-08-04T16:30:58.043+0000] {processor.py:161} INFO - Started process (PID=1166) to work on /home/airflow/.local/lib/python3.12/site-packages/airflow/example_dags/example_external_task_marker_dag.py
[2024-08-04T16:30:58.049+0000] {processor.py:830} INFO - Processing file /home/airflow/.local/lib/python3.12/site-packages/airflow/example_dags/example_external_task_marker_dag.py for tasks to queue
[2024-08-04T16:30:58.051+0000] {logging_mixin.py:188} INFO - [2024-08-04T16:30:58.050+0000] {dagbag.py:545} INFO - Filling up the DagBag from /home/airflow/.local/lib/python3.12/site-packages/airflow/example_dags/example_external_task_marker_dag.py
[2024-08-04T16:30:58.060+0000] {processor.py:840} INFO - DAG(s) 'example_external_task_marker_parent', 'example_external_task_marker_child' retrieved from /home/airflow/.local/lib/python3.12/site-packages/airflow/example_dags/example_external_task_marker_dag.py
[2024-08-04T16:30:58.108+0000] {logging_mixin.py:188} INFO - [2024-08-04T16:30:58.107+0000] {dag.py:3096} INFO - Sync 2 DAGs
[2024-08-04T16:30:58.124+0000] {logging_mixin.py:188} INFO - [2024-08-04T16:30:58.124+0000] {dag.py:3954} INFO - Setting next_dagrun for example_external_task_marker_child to None, run_after=None
[2024-08-04T16:30:58.128+0000] {logging_mixin.py:188} INFO - [2024-08-04T16:30:58.128+0000] {dag.py:3954} INFO - Setting next_dagrun for example_external_task_marker_parent to None, run_after=None
[2024-08-04T16:30:58.151+0000] {processor.py:183} INFO - Processing /home/airflow/.local/lib/python3.12/site-packages/airflow/example_dags/example_external_task_marker_dag.py took 0.125 seconds
[2024-08-04T16:31:28.207+0000] {processor.py:161} INFO - Started process (PID=1225) to work on /home/airflow/.local/lib/python3.12/site-packages/airflow/example_dags/example_external_task_marker_dag.py
[2024-08-04T16:31:28.208+0000] {processor.py:830} INFO - Processing file /home/airflow/.local/lib/python3.12/site-packages/airflow/example_dags/example_external_task_marker_dag.py for tasks to queue
[2024-08-04T16:31:28.209+0000] {logging_mixin.py:188} INFO - [2024-08-04T16:31:28.209+0000] {dagbag.py:545} INFO - Filling up the DagBag from /home/airflow/.local/lib/python3.12/site-packages/airflow/example_dags/example_external_task_marker_dag.py
[2024-08-04T16:31:28.216+0000] {processor.py:840} INFO - DAG(s) 'example_external_task_marker_parent', 'example_external_task_marker_child' retrieved from /home/airflow/.local/lib/python3.12/site-packages/airflow/example_dags/example_external_task_marker_dag.py
[2024-08-04T16:31:28.240+0000] {logging_mixin.py:188} INFO - [2024-08-04T16:31:28.240+0000] {dag.py:3096} INFO - Sync 2 DAGs
[2024-08-04T16:31:28.257+0000] {logging_mixin.py:188} INFO - [2024-08-04T16:31:28.256+0000] {dag.py:3954} INFO - Setting next_dagrun for example_external_task_marker_child to None, run_after=None
[2024-08-04T16:31:28.261+0000] {logging_mixin.py:188} INFO - [2024-08-04T16:31:28.261+0000] {dag.py:3954} INFO - Setting next_dagrun for example_external_task_marker_parent to None, run_after=None
[2024-08-04T16:31:28.296+0000] {processor.py:183} INFO - Processing /home/airflow/.local/lib/python3.12/site-packages/airflow/example_dags/example_external_task_marker_dag.py took 0.095 seconds
[2024-08-04T16:31:58.581+0000] {processor.py:161} INFO - Started process (PID=1284) to work on /home/airflow/.local/lib/python3.12/site-packages/airflow/example_dags/example_external_task_marker_dag.py
[2024-08-04T16:31:58.581+0000] {processor.py:830} INFO - Processing file /home/airflow/.local/lib/python3.12/site-packages/airflow/example_dags/example_external_task_marker_dag.py for tasks to queue
[2024-08-04T16:31:58.582+0000] {logging_mixin.py:188} INFO - [2024-08-04T16:31:58.582+0000] {dagbag.py:545} INFO - Filling up the DagBag from /home/airflow/.local/lib/python3.12/site-packages/airflow/example_dags/example_external_task_marker_dag.py
[2024-08-04T16:31:58.589+0000] {processor.py:840} INFO - DAG(s) 'example_external_task_marker_child', 'example_external_task_marker_parent' retrieved from /home/airflow/.local/lib/python3.12/site-packages/airflow/example_dags/example_external_task_marker_dag.py
[2024-08-04T16:31:58.615+0000] {logging_mixin.py:188} INFO - [2024-08-04T16:31:58.614+0000] {dag.py:3096} INFO - Sync 2 DAGs
[2024-08-04T16:31:58.630+0000] {logging_mixin.py:188} INFO - [2024-08-04T16:31:58.630+0000] {dag.py:3954} INFO - Setting next_dagrun for example_external_task_marker_child to None, run_after=None
[2024-08-04T16:31:58.635+0000] {logging_mixin.py:188} INFO - [2024-08-04T16:31:58.635+0000] {dag.py:3954} INFO - Setting next_dagrun for example_external_task_marker_parent to None, run_after=None
[2024-08-04T16:31:58.657+0000] {processor.py:183} INFO - Processing /home/airflow/.local/lib/python3.12/site-packages/airflow/example_dags/example_external_task_marker_dag.py took 0.083 seconds
[2024-08-04T16:32:28.949+0000] {processor.py:161} INFO - Started process (PID=1343) to work on /home/airflow/.local/lib/python3.12/site-packages/airflow/example_dags/example_external_task_marker_dag.py
[2024-08-04T16:32:28.949+0000] {processor.py:830} INFO - Processing file /home/airflow/.local/lib/python3.12/site-packages/airflow/example_dags/example_external_task_marker_dag.py for tasks to queue
[2024-08-04T16:32:28.950+0000] {logging_mixin.py:188} INFO - [2024-08-04T16:32:28.950+0000] {dagbag.py:545} INFO - Filling up the DagBag from /home/airflow/.local/lib/python3.12/site-packages/airflow/example_dags/example_external_task_marker_dag.py
[2024-08-04T16:32:28.957+0000] {processor.py:840} INFO - DAG(s) 'example_external_task_marker_parent', 'example_external_task_marker_child' retrieved from /home/airflow/.local/lib/python3.12/site-packages/airflow/example_dags/example_external_task_marker_dag.py
[2024-08-04T16:32:28.982+0000] {logging_mixin.py:188} INFO - [2024-08-04T16:32:28.981+0000] {dag.py:3096} INFO - Sync 2 DAGs
[2024-08-04T16:32:28.998+0000] {logging_mixin.py:188} INFO - [2024-08-04T16:32:28.997+0000] {dag.py:3954} INFO - Setting next_dagrun for example_external_task_marker_child to None, run_after=None
[2024-08-04T16:32:29.002+0000] {logging_mixin.py:188} INFO - [2024-08-04T16:32:29.002+0000] {dag.py:3954} INFO - Setting next_dagrun for example_external_task_marker_parent to None, run_after=None
[2024-08-04T16:32:29.027+0000] {processor.py:183} INFO - Processing /home/airflow/.local/lib/python3.12/site-packages/airflow/example_dags/example_external_task_marker_dag.py took 0.088 seconds
[2024-08-04T16:32:59.871+0000] {processor.py:161} INFO - Started process (PID=1402) to work on /home/airflow/.local/lib/python3.12/site-packages/airflow/example_dags/example_external_task_marker_dag.py
[2024-08-04T16:32:59.872+0000] {processor.py:830} INFO - Processing file /home/airflow/.local/lib/python3.12/site-packages/airflow/example_dags/example_external_task_marker_dag.py for tasks to queue
[2024-08-04T16:32:59.873+0000] {logging_mixin.py:188} INFO - [2024-08-04T16:32:59.872+0000] {dagbag.py:545} INFO - Filling up the DagBag from /home/airflow/.local/lib/python3.12/site-packages/airflow/example_dags/example_external_task_marker_dag.py
[2024-08-04T16:32:59.880+0000] {processor.py:840} INFO - DAG(s) 'example_external_task_marker_parent', 'example_external_task_marker_child' retrieved from /home/airflow/.local/lib/python3.12/site-packages/airflow/example_dags/example_external_task_marker_dag.py
[2024-08-04T16:32:59.905+0000] {logging_mixin.py:188} INFO - [2024-08-04T16:32:59.905+0000] {dag.py:3096} INFO - Sync 2 DAGs
[2024-08-04T16:32:59.919+0000] {logging_mixin.py:188} INFO - [2024-08-04T16:32:59.919+0000] {dag.py:3954} INFO - Setting next_dagrun for example_external_task_marker_child to None, run_after=None
[2024-08-04T16:32:59.923+0000] {logging_mixin.py:188} INFO - [2024-08-04T16:32:59.923+0000] {dag.py:3954} INFO - Setting next_dagrun for example_external_task_marker_parent to None, run_after=None
[2024-08-04T16:32:59.946+0000] {processor.py:183} INFO - Processing /home/airflow/.local/lib/python3.12/site-packages/airflow/example_dags/example_external_task_marker_dag.py took 0.082 seconds
[2024-08-04T16:33:30.936+0000] {processor.py:161} INFO - Started process (PID=1461) to work on /home/airflow/.local/lib/python3.12/site-packages/airflow/example_dags/example_external_task_marker_dag.py
[2024-08-04T16:33:30.937+0000] {processor.py:830} INFO - Processing file /home/airflow/.local/lib/python3.12/site-packages/airflow/example_dags/example_external_task_marker_dag.py for tasks to queue
[2024-08-04T16:33:30.938+0000] {logging_mixin.py:188} INFO - [2024-08-04T16:33:30.937+0000] {dagbag.py:545} INFO - Filling up the DagBag from /home/airflow/.local/lib/python3.12/site-packages/airflow/example_dags/example_external_task_marker_dag.py
[2024-08-04T16:33:30.944+0000] {processor.py:840} INFO - DAG(s) 'example_external_task_marker_child', 'example_external_task_marker_parent' retrieved from /home/airflow/.local/lib/python3.12/site-packages/airflow/example_dags/example_external_task_marker_dag.py
[2024-08-04T16:33:30.969+0000] {logging_mixin.py:188} INFO - [2024-08-04T16:33:30.969+0000] {dag.py:3096} INFO - Sync 2 DAGs
[2024-08-04T16:33:30.985+0000] {logging_mixin.py:188} INFO - [2024-08-04T16:33:30.985+0000] {dag.py:3954} INFO - Setting next_dagrun for example_external_task_marker_child to None, run_after=None
[2024-08-04T16:33:30.989+0000] {logging_mixin.py:188} INFO - [2024-08-04T16:33:30.989+0000] {dag.py:3954} INFO - Setting next_dagrun for example_external_task_marker_parent to None, run_after=None
[2024-08-04T16:33:31.012+0000] {processor.py:183} INFO - Processing /home/airflow/.local/lib/python3.12/site-packages/airflow/example_dags/example_external_task_marker_dag.py took 0.083 seconds
[2024-08-04T16:34:01.670+0000] {processor.py:161} INFO - Started process (PID=1520) to work on /home/airflow/.local/lib/python3.12/site-packages/airflow/example_dags/example_external_task_marker_dag.py
[2024-08-04T16:34:01.670+0000] {processor.py:830} INFO - Processing file /home/airflow/.local/lib/python3.12/site-packages/airflow/example_dags/example_external_task_marker_dag.py for tasks to queue
[2024-08-04T16:34:01.671+0000] {logging_mixin.py:188} INFO - [2024-08-04T16:34:01.671+0000] {dagbag.py:545} INFO - Filling up the DagBag from /home/airflow/.local/lib/python3.12/site-packages/airflow/example_dags/example_external_task_marker_dag.py
[2024-08-04T16:34:01.678+0000] {processor.py:840} INFO - DAG(s) 'example_external_task_marker_parent', 'example_external_task_marker_child' retrieved from /home/airflow/.local/lib/python3.12/site-packages/airflow/example_dags/example_external_task_marker_dag.py
[2024-08-04T16:34:01.704+0000] {logging_mixin.py:188} INFO - [2024-08-04T16:34:01.703+0000] {dag.py:3096} INFO - Sync 2 DAGs
[2024-08-04T16:34:01.719+0000] {logging_mixin.py:188} INFO - [2024-08-04T16:34:01.719+0000] {dag.py:3954} INFO - Setting next_dagrun for example_external_task_marker_child to None, run_after=None
[2024-08-04T16:34:01.723+0000] {logging_mixin.py:188} INFO - [2024-08-04T16:34:01.723+0000] {dag.py:3954} INFO - Setting next_dagrun for example_external_task_marker_parent to None, run_after=None
[2024-08-04T16:34:01.746+0000] {processor.py:183} INFO - Processing /home/airflow/.local/lib/python3.12/site-packages/airflow/example_dags/example_external_task_marker_dag.py took 0.084 seconds
[2024-08-04T16:34:32.272+0000] {processor.py:161} INFO - Started process (PID=1579) to work on /home/airflow/.local/lib/python3.12/site-packages/airflow/example_dags/example_external_task_marker_dag.py
[2024-08-04T16:34:32.272+0000] {processor.py:830} INFO - Processing file /home/airflow/.local/lib/python3.12/site-packages/airflow/example_dags/example_external_task_marker_dag.py for tasks to queue
[2024-08-04T16:34:32.281+0000] {logging_mixin.py:188} INFO - [2024-08-04T16:34:32.273+0000] {dagbag.py:545} INFO - Filling up the DagBag from /home/airflow/.local/lib/python3.12/site-packages/airflow/example_dags/example_external_task_marker_dag.py
[2024-08-04T16:34:32.293+0000] {processor.py:840} INFO - DAG(s) 'example_external_task_marker_child', 'example_external_task_marker_parent' retrieved from /home/airflow/.local/lib/python3.12/site-packages/airflow/example_dags/example_external_task_marker_dag.py
[2024-08-04T16:34:32.341+0000] {logging_mixin.py:188} INFO - [2024-08-04T16:34:32.340+0000] {dag.py:3096} INFO - Sync 2 DAGs
[2024-08-04T16:34:32.395+0000] {logging_mixin.py:188} INFO - [2024-08-04T16:34:32.395+0000] {dag.py:3954} INFO - Setting next_dagrun for example_external_task_marker_child to None, run_after=None
[2024-08-04T16:34:32.413+0000] {logging_mixin.py:188} INFO - [2024-08-04T16:34:32.412+0000] {dag.py:3954} INFO - Setting next_dagrun for example_external_task_marker_parent to None, run_after=None
[2024-08-04T16:34:32.466+0000] {processor.py:183} INFO - Processing /home/airflow/.local/lib/python3.12/site-packages/airflow/example_dags/example_external_task_marker_dag.py took 0.201 seconds
[2024-08-04T16:35:03.066+0000] {processor.py:161} INFO - Started process (PID=1638) to work on /home/airflow/.local/lib/python3.12/site-packages/airflow/example_dags/example_external_task_marker_dag.py
[2024-08-04T16:35:03.078+0000] {processor.py:830} INFO - Processing file /home/airflow/.local/lib/python3.12/site-packages/airflow/example_dags/example_external_task_marker_dag.py for tasks to queue
[2024-08-04T16:35:03.078+0000] {logging_mixin.py:188} INFO - [2024-08-04T16:35:03.078+0000] {dagbag.py:545} INFO - Filling up the DagBag from /home/airflow/.local/lib/python3.12/site-packages/airflow/example_dags/example_external_task_marker_dag.py
[2024-08-04T16:35:03.089+0000] {processor.py:840} INFO - DAG(s) 'example_external_task_marker_parent', 'example_external_task_marker_child' retrieved from /home/airflow/.local/lib/python3.12/site-packages/airflow/example_dags/example_external_task_marker_dag.py
[2024-08-04T16:35:03.146+0000] {logging_mixin.py:188} INFO - [2024-08-04T16:35:03.146+0000] {dag.py:3096} INFO - Sync 2 DAGs
[2024-08-04T16:35:03.180+0000] {logging_mixin.py:188} INFO - [2024-08-04T16:35:03.180+0000] {dag.py:3954} INFO - Setting next_dagrun for example_external_task_marker_child to None, run_after=None
[2024-08-04T16:35:03.190+0000] {logging_mixin.py:188} INFO - [2024-08-04T16:35:03.190+0000] {dag.py:3954} INFO - Setting next_dagrun for example_external_task_marker_parent to None, run_after=None
[2024-08-04T16:35:03.638+0000] {processor.py:183} INFO - Processing /home/airflow/.local/lib/python3.12/site-packages/airflow/example_dags/example_external_task_marker_dag.py took 0.582 seconds
[2024-08-04T16:35:33.877+0000] {processor.py:161} INFO - Started process (PID=1696) to work on /home/airflow/.local/lib/python3.12/site-packages/airflow/example_dags/example_external_task_marker_dag.py
[2024-08-04T16:35:33.878+0000] {processor.py:830} INFO - Processing file /home/airflow/.local/lib/python3.12/site-packages/airflow/example_dags/example_external_task_marker_dag.py for tasks to queue
[2024-08-04T16:35:33.879+0000] {logging_mixin.py:188} INFO - [2024-08-04T16:35:33.878+0000] {dagbag.py:545} INFO - Filling up the DagBag from /home/airflow/.local/lib/python3.12/site-packages/airflow/example_dags/example_external_task_marker_dag.py
[2024-08-04T16:35:33.885+0000] {processor.py:840} INFO - DAG(s) 'example_external_task_marker_child', 'example_external_task_marker_parent' retrieved from /home/airflow/.local/lib/python3.12/site-packages/airflow/example_dags/example_external_task_marker_dag.py
[2024-08-04T16:35:33.910+0000] {logging_mixin.py:188} INFO - [2024-08-04T16:35:33.910+0000] {dag.py:3096} INFO - Sync 2 DAGs
[2024-08-04T16:35:33.925+0000] {logging_mixin.py:188} INFO - [2024-08-04T16:35:33.925+0000] {dag.py:3954} INFO - Setting next_dagrun for example_external_task_marker_child to None, run_after=None
[2024-08-04T16:35:33.929+0000] {logging_mixin.py:188} INFO - [2024-08-04T16:35:33.929+0000] {dag.py:3954} INFO - Setting next_dagrun for example_external_task_marker_parent to None, run_after=None
[2024-08-04T16:35:33.959+0000] {processor.py:183} INFO - Processing /home/airflow/.local/lib/python3.12/site-packages/airflow/example_dags/example_external_task_marker_dag.py took 0.088 seconds
[2024-08-04T16:36:04.167+0000] {processor.py:161} INFO - Started process (PID=1756) to work on /home/airflow/.local/lib/python3.12/site-packages/airflow/example_dags/example_external_task_marker_dag.py
[2024-08-04T16:36:04.169+0000] {processor.py:830} INFO - Processing file /home/airflow/.local/lib/python3.12/site-packages/airflow/example_dags/example_external_task_marker_dag.py for tasks to queue
[2024-08-04T16:36:04.172+0000] {logging_mixin.py:188} INFO - [2024-08-04T16:36:04.171+0000] {dagbag.py:545} INFO - Filling up the DagBag from /home/airflow/.local/lib/python3.12/site-packages/airflow/example_dags/example_external_task_marker_dag.py
[2024-08-04T16:36:04.197+0000] {processor.py:840} INFO - DAG(s) 'example_external_task_marker_parent', 'example_external_task_marker_child' retrieved from /home/airflow/.local/lib/python3.12/site-packages/airflow/example_dags/example_external_task_marker_dag.py
[2024-08-04T16:36:04.266+0000] {logging_mixin.py:188} INFO - [2024-08-04T16:36:04.266+0000] {dag.py:3096} INFO - Sync 2 DAGs
[2024-08-04T16:36:04.281+0000] {logging_mixin.py:188} INFO - [2024-08-04T16:36:04.280+0000] {dag.py:3954} INFO - Setting next_dagrun for example_external_task_marker_child to None, run_after=None
[2024-08-04T16:36:04.284+0000] {logging_mixin.py:188} INFO - [2024-08-04T16:36:04.283+0000] {dag.py:3954} INFO - Setting next_dagrun for example_external_task_marker_parent to None, run_after=None
[2024-08-04T16:36:04.305+0000] {processor.py:183} INFO - Processing /home/airflow/.local/lib/python3.12/site-packages/airflow/example_dags/example_external_task_marker_dag.py took 0.145 seconds
