[2024-08-04T16:21:21.207+0000] {processor.py:161} INFO - Started process (PID=76) to work on /home/airflow/.local/lib/python3.12/site-packages/airflow/example_dags/example_xcomargs.py
[2024-08-04T16:21:21.208+0000] {processor.py:830} INFO - Processing file /home/airflow/.local/lib/python3.12/site-packages/airflow/example_dags/example_xcomargs.py for tasks to queue
[2024-08-04T16:21:21.210+0000] {logging_mixin.py:188} INFO - [2024-08-04T16:21:21.210+0000] {dagbag.py:545} INFO - Filling up the DagBag from /home/airflow/.local/lib/python3.12/site-packages/airflow/example_dags/example_xcomargs.py
[2024-08-04T16:21:21.239+0000] {processor.py:840} INFO - DAG(s) 'example_xcom_args_with_operators', 'example_xcom_args' retrieved from /home/airflow/.local/lib/python3.12/site-packages/airflow/example_dags/example_xcomargs.py
[2024-08-04T16:21:21.542+0000] {logging_mixin.py:188} INFO - [2024-08-04T16:21:21.542+0000] {dag.py:3096} INFO - Sync 2 DAGs
[2024-08-04T16:21:21.556+0000] {logging_mixin.py:188} INFO - [2024-08-04T16:21:21.556+0000] {dag.py:3954} INFO - Setting next_dagrun for example_xcom_args to None, run_after=None
[2024-08-04T16:21:21.559+0000] {logging_mixin.py:188} INFO - [2024-08-04T16:21:21.559+0000] {dag.py:3954} INFO - Setting next_dagrun for example_xcom_args_with_operators to None, run_after=None
[2024-08-04T16:21:21.589+0000] {processor.py:183} INFO - Processing /home/airflow/.local/lib/python3.12/site-packages/airflow/example_dags/example_xcomargs.py took 0.388 seconds
[2024-08-04T16:21:52.299+0000] {processor.py:161} INFO - Started process (PID=134) to work on /home/airflow/.local/lib/python3.12/site-packages/airflow/example_dags/example_xcomargs.py
[2024-08-04T16:21:52.299+0000] {processor.py:830} INFO - Processing file /home/airflow/.local/lib/python3.12/site-packages/airflow/example_dags/example_xcomargs.py for tasks to queue
[2024-08-04T16:21:52.301+0000] {logging_mixin.py:188} INFO - [2024-08-04T16:21:52.301+0000] {dagbag.py:545} INFO - Filling up the DagBag from /home/airflow/.local/lib/python3.12/site-packages/airflow/example_dags/example_xcomargs.py
[2024-08-04T16:21:52.310+0000] {processor.py:840} INFO - DAG(s) 'example_xcom_args', 'example_xcom_args_with_operators' retrieved from /home/airflow/.local/lib/python3.12/site-packages/airflow/example_dags/example_xcomargs.py
[2024-08-04T16:21:52.336+0000] {logging_mixin.py:188} INFO - [2024-08-04T16:21:52.336+0000] {dag.py:3096} INFO - Sync 2 DAGs
[2024-08-04T16:21:52.350+0000] {logging_mixin.py:188} INFO - [2024-08-04T16:21:52.350+0000] {dag.py:3954} INFO - Setting next_dagrun for example_xcom_args to None, run_after=None
[2024-08-04T16:21:52.354+0000] {logging_mixin.py:188} INFO - [2024-08-04T16:21:52.354+0000] {dag.py:3954} INFO - Setting next_dagrun for example_xcom_args_with_operators to None, run_after=None
[2024-08-04T16:21:52.379+0000] {processor.py:183} INFO - Processing /home/airflow/.local/lib/python3.12/site-packages/airflow/example_dags/example_xcomargs.py took 0.087 seconds
[2024-08-04T16:22:22.559+0000] {processor.py:161} INFO - Started process (PID=192) to work on /home/airflow/.local/lib/python3.12/site-packages/airflow/example_dags/example_xcomargs.py
[2024-08-04T16:22:22.559+0000] {processor.py:830} INFO - Processing file /home/airflow/.local/lib/python3.12/site-packages/airflow/example_dags/example_xcomargs.py for tasks to queue
[2024-08-04T16:22:22.570+0000] {logging_mixin.py:188} INFO - [2024-08-04T16:22:22.570+0000] {dagbag.py:545} INFO - Filling up the DagBag from /home/airflow/.local/lib/python3.12/site-packages/airflow/example_dags/example_xcomargs.py
[2024-08-04T16:22:22.580+0000] {processor.py:840} INFO - DAG(s) 'example_xcom_args', 'example_xcom_args_with_operators' retrieved from /home/airflow/.local/lib/python3.12/site-packages/airflow/example_dags/example_xcomargs.py
[2024-08-04T16:22:22.607+0000] {logging_mixin.py:188} INFO - [2024-08-04T16:22:22.607+0000] {dag.py:3096} INFO - Sync 2 DAGs
[2024-08-04T16:22:22.623+0000] {logging_mixin.py:188} INFO - [2024-08-04T16:22:22.622+0000] {dag.py:3954} INFO - Setting next_dagrun for example_xcom_args to None, run_after=None
[2024-08-04T16:22:22.627+0000] {logging_mixin.py:188} INFO - [2024-08-04T16:22:22.627+0000] {dag.py:3954} INFO - Setting next_dagrun for example_xcom_args_with_operators to None, run_after=None
[2024-08-04T16:22:22.648+0000] {processor.py:183} INFO - Processing /home/airflow/.local/lib/python3.12/site-packages/airflow/example_dags/example_xcomargs.py took 0.106 seconds
[2024-08-04T16:22:53.173+0000] {processor.py:161} INFO - Started process (PID=250) to work on /home/airflow/.local/lib/python3.12/site-packages/airflow/example_dags/example_xcomargs.py
[2024-08-04T16:22:53.175+0000] {processor.py:830} INFO - Processing file /home/airflow/.local/lib/python3.12/site-packages/airflow/example_dags/example_xcomargs.py for tasks to queue
[2024-08-04T16:22:53.177+0000] {logging_mixin.py:188} INFO - [2024-08-04T16:22:53.177+0000] {dagbag.py:545} INFO - Filling up the DagBag from /home/airflow/.local/lib/python3.12/site-packages/airflow/example_dags/example_xcomargs.py
[2024-08-04T16:22:53.211+0000] {processor.py:840} INFO - DAG(s) 'example_xcom_args_with_operators', 'example_xcom_args' retrieved from /home/airflow/.local/lib/python3.12/site-packages/airflow/example_dags/example_xcomargs.py
[2024-08-04T16:22:53.265+0000] {logging_mixin.py:188} INFO - [2024-08-04T16:22:53.265+0000] {dag.py:3096} INFO - Sync 2 DAGs
[2024-08-04T16:22:53.281+0000] {logging_mixin.py:188} INFO - [2024-08-04T16:22:53.281+0000] {dag.py:3954} INFO - Setting next_dagrun for example_xcom_args to None, run_after=None
[2024-08-04T16:22:53.290+0000] {logging_mixin.py:188} INFO - [2024-08-04T16:22:53.290+0000] {dag.py:3954} INFO - Setting next_dagrun for example_xcom_args_with_operators to None, run_after=None
[2024-08-04T16:22:53.337+0000] {processor.py:183} INFO - Processing /home/airflow/.local/lib/python3.12/site-packages/airflow/example_dags/example_xcomargs.py took 0.189 seconds
[2024-08-04T16:23:23.786+0000] {processor.py:161} INFO - Started process (PID=308) to work on /home/airflow/.local/lib/python3.12/site-packages/airflow/example_dags/example_xcomargs.py
[2024-08-04T16:23:23.787+0000] {processor.py:830} INFO - Processing file /home/airflow/.local/lib/python3.12/site-packages/airflow/example_dags/example_xcomargs.py for tasks to queue
[2024-08-04T16:23:23.788+0000] {logging_mixin.py:188} INFO - [2024-08-04T16:23:23.788+0000] {dagbag.py:545} INFO - Filling up the DagBag from /home/airflow/.local/lib/python3.12/site-packages/airflow/example_dags/example_xcomargs.py
[2024-08-04T16:23:23.797+0000] {processor.py:840} INFO - DAG(s) 'example_xcom_args', 'example_xcom_args_with_operators' retrieved from /home/airflow/.local/lib/python3.12/site-packages/airflow/example_dags/example_xcomargs.py
[2024-08-04T16:23:23.827+0000] {logging_mixin.py:188} INFO - [2024-08-04T16:23:23.827+0000] {dag.py:3096} INFO - Sync 2 DAGs
[2024-08-04T16:23:23.861+0000] {logging_mixin.py:188} INFO - [2024-08-04T16:23:23.861+0000] {dag.py:3954} INFO - Setting next_dagrun for example_xcom_args to None, run_after=None
[2024-08-04T16:23:23.872+0000] {logging_mixin.py:188} INFO - [2024-08-04T16:23:23.871+0000] {dag.py:3954} INFO - Setting next_dagrun for example_xcom_args_with_operators to None, run_after=None
[2024-08-04T16:23:23.893+0000] {processor.py:183} INFO - Processing /home/airflow/.local/lib/python3.12/site-packages/airflow/example_dags/example_xcomargs.py took 0.113 seconds
[2024-08-04T16:23:54.754+0000] {processor.py:161} INFO - Started process (PID=366) to work on /home/airflow/.local/lib/python3.12/site-packages/airflow/example_dags/example_xcomargs.py
[2024-08-04T16:23:54.755+0000] {processor.py:830} INFO - Processing file /home/airflow/.local/lib/python3.12/site-packages/airflow/example_dags/example_xcomargs.py for tasks to queue
[2024-08-04T16:23:54.758+0000] {logging_mixin.py:188} INFO - [2024-08-04T16:23:54.758+0000] {dagbag.py:545} INFO - Filling up the DagBag from /home/airflow/.local/lib/python3.12/site-packages/airflow/example_dags/example_xcomargs.py
[2024-08-04T16:23:54.787+0000] {processor.py:840} INFO - DAG(s) 'example_xcom_args_with_operators', 'example_xcom_args' retrieved from /home/airflow/.local/lib/python3.12/site-packages/airflow/example_dags/example_xcomargs.py
[2024-08-04T16:23:54.847+0000] {logging_mixin.py:188} INFO - [2024-08-04T16:23:54.847+0000] {dag.py:3096} INFO - Sync 2 DAGs
[2024-08-04T16:23:54.864+0000] {logging_mixin.py:188} INFO - [2024-08-04T16:23:54.864+0000] {dag.py:3954} INFO - Setting next_dagrun for example_xcom_args to None, run_after=None
[2024-08-04T16:23:54.868+0000] {logging_mixin.py:188} INFO - [2024-08-04T16:23:54.868+0000] {dag.py:3954} INFO - Setting next_dagrun for example_xcom_args_with_operators to None, run_after=None
[2024-08-04T16:23:54.890+0000] {processor.py:183} INFO - Processing /home/airflow/.local/lib/python3.12/site-packages/airflow/example_dags/example_xcomargs.py took 0.154 seconds
[2024-08-04T16:24:24.963+0000] {processor.py:161} INFO - Started process (PID=425) to work on /home/airflow/.local/lib/python3.12/site-packages/airflow/example_dags/example_xcomargs.py
[2024-08-04T16:24:24.963+0000] {processor.py:830} INFO - Processing file /home/airflow/.local/lib/python3.12/site-packages/airflow/example_dags/example_xcomargs.py for tasks to queue
[2024-08-04T16:24:24.965+0000] {logging_mixin.py:188} INFO - [2024-08-04T16:24:24.965+0000] {dagbag.py:545} INFO - Filling up the DagBag from /home/airflow/.local/lib/python3.12/site-packages/airflow/example_dags/example_xcomargs.py
[2024-08-04T16:24:24.972+0000] {processor.py:840} INFO - DAG(s) 'example_xcom_args_with_operators', 'example_xcom_args' retrieved from /home/airflow/.local/lib/python3.12/site-packages/airflow/example_dags/example_xcomargs.py
[2024-08-04T16:24:24.997+0000] {logging_mixin.py:188} INFO - [2024-08-04T16:24:24.997+0000] {dag.py:3096} INFO - Sync 2 DAGs
[2024-08-04T16:24:25.013+0000] {logging_mixin.py:188} INFO - [2024-08-04T16:24:25.013+0000] {dag.py:3954} INFO - Setting next_dagrun for example_xcom_args to None, run_after=None
[2024-08-04T16:24:25.018+0000] {logging_mixin.py:188} INFO - [2024-08-04T16:24:25.017+0000] {dag.py:3954} INFO - Setting next_dagrun for example_xcom_args_with_operators to None, run_after=None
[2024-08-04T16:24:25.039+0000] {processor.py:183} INFO - Processing /home/airflow/.local/lib/python3.12/site-packages/airflow/example_dags/example_xcomargs.py took 0.084 seconds
[2024-08-04T16:24:57.152+0000] {processor.py:161} INFO - Started process (PID=483) to work on /home/airflow/.local/lib/python3.12/site-packages/airflow/example_dags/example_xcomargs.py
[2024-08-04T16:24:57.154+0000] {processor.py:830} INFO - Processing file /home/airflow/.local/lib/python3.12/site-packages/airflow/example_dags/example_xcomargs.py for tasks to queue
[2024-08-04T16:24:57.163+0000] {logging_mixin.py:188} INFO - [2024-08-04T16:24:57.162+0000] {dagbag.py:545} INFO - Filling up the DagBag from /home/airflow/.local/lib/python3.12/site-packages/airflow/example_dags/example_xcomargs.py
[2024-08-04T16:24:57.193+0000] {processor.py:840} INFO - DAG(s) 'example_xcom_args', 'example_xcom_args_with_operators' retrieved from /home/airflow/.local/lib/python3.12/site-packages/airflow/example_dags/example_xcomargs.py
[2024-08-04T16:24:57.321+0000] {logging_mixin.py:188} INFO - [2024-08-04T16:24:57.321+0000] {dag.py:3096} INFO - Sync 2 DAGs
[2024-08-04T16:24:57.360+0000] {logging_mixin.py:188} INFO - [2024-08-04T16:24:57.360+0000] {dag.py:3954} INFO - Setting next_dagrun for example_xcom_args to None, run_after=None
[2024-08-04T16:24:57.365+0000] {logging_mixin.py:188} INFO - [2024-08-04T16:24:57.365+0000] {dag.py:3954} INFO - Setting next_dagrun for example_xcom_args_with_operators to None, run_after=None
[2024-08-04T16:24:57.399+0000] {processor.py:183} INFO - Processing /home/airflow/.local/lib/python3.12/site-packages/airflow/example_dags/example_xcomargs.py took 0.257 seconds
[2024-08-04T16:25:28.269+0000] {processor.py:161} INFO - Started process (PID=541) to work on /home/airflow/.local/lib/python3.12/site-packages/airflow/example_dags/example_xcomargs.py
[2024-08-04T16:25:28.278+0000] {processor.py:830} INFO - Processing file /home/airflow/.local/lib/python3.12/site-packages/airflow/example_dags/example_xcomargs.py for tasks to queue
[2024-08-04T16:25:28.281+0000] {logging_mixin.py:188} INFO - [2024-08-04T16:25:28.281+0000] {dagbag.py:545} INFO - Filling up the DagBag from /home/airflow/.local/lib/python3.12/site-packages/airflow/example_dags/example_xcomargs.py
[2024-08-04T16:25:28.355+0000] {processor.py:840} INFO - DAG(s) 'example_xcom_args', 'example_xcom_args_with_operators' retrieved from /home/airflow/.local/lib/python3.12/site-packages/airflow/example_dags/example_xcomargs.py
[2024-08-04T16:25:28.416+0000] {logging_mixin.py:188} INFO - [2024-08-04T16:25:28.416+0000] {dag.py:3096} INFO - Sync 2 DAGs
[2024-08-04T16:25:28.461+0000] {logging_mixin.py:188} INFO - [2024-08-04T16:25:28.461+0000] {dag.py:3954} INFO - Setting next_dagrun for example_xcom_args to None, run_after=None
[2024-08-04T16:25:28.477+0000] {logging_mixin.py:188} INFO - [2024-08-04T16:25:28.477+0000] {dag.py:3954} INFO - Setting next_dagrun for example_xcom_args_with_operators to None, run_after=None
[2024-08-04T16:25:28.533+0000] {processor.py:183} INFO - Processing /home/airflow/.local/lib/python3.12/site-packages/airflow/example_dags/example_xcomargs.py took 0.270 seconds
[2024-08-04T16:25:58.626+0000] {processor.py:161} INFO - Started process (PID=600) to work on /home/airflow/.local/lib/python3.12/site-packages/airflow/example_dags/example_xcomargs.py
[2024-08-04T16:25:58.627+0000] {processor.py:830} INFO - Processing file /home/airflow/.local/lib/python3.12/site-packages/airflow/example_dags/example_xcomargs.py for tasks to queue
[2024-08-04T16:25:58.628+0000] {logging_mixin.py:188} INFO - [2024-08-04T16:25:58.628+0000] {dagbag.py:545} INFO - Filling up the DagBag from /home/airflow/.local/lib/python3.12/site-packages/airflow/example_dags/example_xcomargs.py
[2024-08-04T16:25:58.638+0000] {processor.py:840} INFO - DAG(s) 'example_xcom_args_with_operators', 'example_xcom_args' retrieved from /home/airflow/.local/lib/python3.12/site-packages/airflow/example_dags/example_xcomargs.py
[2024-08-04T16:25:58.669+0000] {logging_mixin.py:188} INFO - [2024-08-04T16:25:58.668+0000] {dag.py:3096} INFO - Sync 2 DAGs
[2024-08-04T16:25:58.692+0000] {logging_mixin.py:188} INFO - [2024-08-04T16:25:58.692+0000] {dag.py:3954} INFO - Setting next_dagrun for example_xcom_args to None, run_after=None
[2024-08-04T16:25:58.697+0000] {logging_mixin.py:188} INFO - [2024-08-04T16:25:58.696+0000] {dag.py:3954} INFO - Setting next_dagrun for example_xcom_args_with_operators to None, run_after=None
[2024-08-04T16:25:58.720+0000] {processor.py:183} INFO - Processing /home/airflow/.local/lib/python3.12/site-packages/airflow/example_dags/example_xcomargs.py took 0.100 seconds
[2024-08-04T16:26:28.949+0000] {processor.py:161} INFO - Started process (PID=657) to work on /home/airflow/.local/lib/python3.12/site-packages/airflow/example_dags/example_xcomargs.py
[2024-08-04T16:26:28.950+0000] {processor.py:830} INFO - Processing file /home/airflow/.local/lib/python3.12/site-packages/airflow/example_dags/example_xcomargs.py for tasks to queue
[2024-08-04T16:26:28.952+0000] {logging_mixin.py:188} INFO - [2024-08-04T16:26:28.951+0000] {dagbag.py:545} INFO - Filling up the DagBag from /home/airflow/.local/lib/python3.12/site-packages/airflow/example_dags/example_xcomargs.py
[2024-08-04T16:26:28.967+0000] {processor.py:840} INFO - DAG(s) 'example_xcom_args', 'example_xcom_args_with_operators' retrieved from /home/airflow/.local/lib/python3.12/site-packages/airflow/example_dags/example_xcomargs.py
[2024-08-04T16:26:29.033+0000] {logging_mixin.py:188} INFO - [2024-08-04T16:26:29.033+0000] {dag.py:3096} INFO - Sync 2 DAGs
[2024-08-04T16:26:29.058+0000] {logging_mixin.py:188} INFO - [2024-08-04T16:26:29.057+0000] {dag.py:3954} INFO - Setting next_dagrun for example_xcom_args to None, run_after=None
[2024-08-04T16:26:29.062+0000] {logging_mixin.py:188} INFO - [2024-08-04T16:26:29.062+0000] {dag.py:3954} INFO - Setting next_dagrun for example_xcom_args_with_operators to None, run_after=None
[2024-08-04T16:26:29.085+0000] {processor.py:183} INFO - Processing /home/airflow/.local/lib/python3.12/site-packages/airflow/example_dags/example_xcomargs.py took 0.149 seconds
[2024-08-04T16:26:59.450+0000] {processor.py:161} INFO - Started process (PID=715) to work on /home/airflow/.local/lib/python3.12/site-packages/airflow/example_dags/example_xcomargs.py
[2024-08-04T16:26:59.451+0000] {processor.py:830} INFO - Processing file /home/airflow/.local/lib/python3.12/site-packages/airflow/example_dags/example_xcomargs.py for tasks to queue
[2024-08-04T16:26:59.453+0000] {logging_mixin.py:188} INFO - [2024-08-04T16:26:59.453+0000] {dagbag.py:545} INFO - Filling up the DagBag from /home/airflow/.local/lib/python3.12/site-packages/airflow/example_dags/example_xcomargs.py
[2024-08-04T16:26:59.462+0000] {processor.py:840} INFO - DAG(s) 'example_xcom_args', 'example_xcom_args_with_operators' retrieved from /home/airflow/.local/lib/python3.12/site-packages/airflow/example_dags/example_xcomargs.py
[2024-08-04T16:26:59.492+0000] {logging_mixin.py:188} INFO - [2024-08-04T16:26:59.492+0000] {dag.py:3096} INFO - Sync 2 DAGs
[2024-08-04T16:26:59.509+0000] {logging_mixin.py:188} INFO - [2024-08-04T16:26:59.509+0000] {dag.py:3954} INFO - Setting next_dagrun for example_xcom_args to None, run_after=None
[2024-08-04T16:26:59.513+0000] {logging_mixin.py:188} INFO - [2024-08-04T16:26:59.513+0000] {dag.py:3954} INFO - Setting next_dagrun for example_xcom_args_with_operators to None, run_after=None
[2024-08-04T16:26:59.534+0000] {processor.py:183} INFO - Processing /home/airflow/.local/lib/python3.12/site-packages/airflow/example_dags/example_xcomargs.py took 0.089 seconds
[2024-08-04T16:27:30.165+0000] {processor.py:161} INFO - Started process (PID=773) to work on /home/airflow/.local/lib/python3.12/site-packages/airflow/example_dags/example_xcomargs.py
[2024-08-04T16:27:30.165+0000] {processor.py:830} INFO - Processing file /home/airflow/.local/lib/python3.12/site-packages/airflow/example_dags/example_xcomargs.py for tasks to queue
[2024-08-04T16:27:30.167+0000] {logging_mixin.py:188} INFO - [2024-08-04T16:27:30.167+0000] {dagbag.py:545} INFO - Filling up the DagBag from /home/airflow/.local/lib/python3.12/site-packages/airflow/example_dags/example_xcomargs.py
[2024-08-04T16:27:30.184+0000] {processor.py:840} INFO - DAG(s) 'example_xcom_args_with_operators', 'example_xcom_args' retrieved from /home/airflow/.local/lib/python3.12/site-packages/airflow/example_dags/example_xcomargs.py
[2024-08-04T16:27:30.226+0000] {logging_mixin.py:188} INFO - [2024-08-04T16:27:30.226+0000] {dag.py:3096} INFO - Sync 2 DAGs
[2024-08-04T16:27:30.242+0000] {logging_mixin.py:188} INFO - [2024-08-04T16:27:30.242+0000] {dag.py:3954} INFO - Setting next_dagrun for example_xcom_args to None, run_after=None
[2024-08-04T16:27:30.246+0000] {logging_mixin.py:188} INFO - [2024-08-04T16:27:30.246+0000] {dag.py:3954} INFO - Setting next_dagrun for example_xcom_args_with_operators to None, run_after=None
[2024-08-04T16:27:30.269+0000] {processor.py:183} INFO - Processing /home/airflow/.local/lib/python3.12/site-packages/airflow/example_dags/example_xcomargs.py took 0.119 seconds
[2024-08-04T16:28:00.321+0000] {processor.py:161} INFO - Started process (PID=831) to work on /home/airflow/.local/lib/python3.12/site-packages/airflow/example_dags/example_xcomargs.py
[2024-08-04T16:28:00.322+0000] {processor.py:830} INFO - Processing file /home/airflow/.local/lib/python3.12/site-packages/airflow/example_dags/example_xcomargs.py for tasks to queue
[2024-08-04T16:28:00.323+0000] {logging_mixin.py:188} INFO - [2024-08-04T16:28:00.323+0000] {dagbag.py:545} INFO - Filling up the DagBag from /home/airflow/.local/lib/python3.12/site-packages/airflow/example_dags/example_xcomargs.py
[2024-08-04T16:28:00.332+0000] {processor.py:840} INFO - DAG(s) 'example_xcom_args_with_operators', 'example_xcom_args' retrieved from /home/airflow/.local/lib/python3.12/site-packages/airflow/example_dags/example_xcomargs.py
[2024-08-04T16:28:00.362+0000] {logging_mixin.py:188} INFO - [2024-08-04T16:28:00.361+0000] {dag.py:3096} INFO - Sync 2 DAGs
[2024-08-04T16:28:00.379+0000] {logging_mixin.py:188} INFO - [2024-08-04T16:28:00.379+0000] {dag.py:3954} INFO - Setting next_dagrun for example_xcom_args to None, run_after=None
[2024-08-04T16:28:00.383+0000] {logging_mixin.py:188} INFO - [2024-08-04T16:28:00.383+0000] {dag.py:3954} INFO - Setting next_dagrun for example_xcom_args_with_operators to None, run_after=None
[2024-08-04T16:28:00.406+0000] {processor.py:183} INFO - Processing /home/airflow/.local/lib/python3.12/site-packages/airflow/example_dags/example_xcomargs.py took 0.091 seconds
[2024-08-04T16:28:31.381+0000] {processor.py:161} INFO - Started process (PID=889) to work on /home/airflow/.local/lib/python3.12/site-packages/airflow/example_dags/example_xcomargs.py
[2024-08-04T16:28:31.381+0000] {processor.py:830} INFO - Processing file /home/airflow/.local/lib/python3.12/site-packages/airflow/example_dags/example_xcomargs.py for tasks to queue
[2024-08-04T16:28:31.383+0000] {logging_mixin.py:188} INFO - [2024-08-04T16:28:31.383+0000] {dagbag.py:545} INFO - Filling up the DagBag from /home/airflow/.local/lib/python3.12/site-packages/airflow/example_dags/example_xcomargs.py
[2024-08-04T16:28:31.392+0000] {processor.py:840} INFO - DAG(s) 'example_xcom_args_with_operators', 'example_xcom_args' retrieved from /home/airflow/.local/lib/python3.12/site-packages/airflow/example_dags/example_xcomargs.py
[2024-08-04T16:28:31.429+0000] {logging_mixin.py:188} INFO - [2024-08-04T16:28:31.429+0000] {dag.py:3096} INFO - Sync 2 DAGs
[2024-08-04T16:28:31.445+0000] {logging_mixin.py:188} INFO - [2024-08-04T16:28:31.445+0000] {dag.py:3954} INFO - Setting next_dagrun for example_xcom_args to None, run_after=None
[2024-08-04T16:28:31.449+0000] {logging_mixin.py:188} INFO - [2024-08-04T16:28:31.449+0000] {dag.py:3954} INFO - Setting next_dagrun for example_xcom_args_with_operators to None, run_after=None
[2024-08-04T16:28:31.471+0000] {processor.py:183} INFO - Processing /home/airflow/.local/lib/python3.12/site-packages/airflow/example_dags/example_xcomargs.py took 0.096 seconds
[2024-08-04T16:29:02.035+0000] {processor.py:161} INFO - Started process (PID=948) to work on /home/airflow/.local/lib/python3.12/site-packages/airflow/example_dags/example_xcomargs.py
[2024-08-04T16:29:02.036+0000] {processor.py:830} INFO - Processing file /home/airflow/.local/lib/python3.12/site-packages/airflow/example_dags/example_xcomargs.py for tasks to queue
[2024-08-04T16:29:02.037+0000] {logging_mixin.py:188} INFO - [2024-08-04T16:29:02.037+0000] {dagbag.py:545} INFO - Filling up the DagBag from /home/airflow/.local/lib/python3.12/site-packages/airflow/example_dags/example_xcomargs.py
[2024-08-04T16:29:02.044+0000] {processor.py:840} INFO - DAG(s) 'example_xcom_args_with_operators', 'example_xcom_args' retrieved from /home/airflow/.local/lib/python3.12/site-packages/airflow/example_dags/example_xcomargs.py
[2024-08-04T16:29:02.063+0000] {logging_mixin.py:188} INFO - [2024-08-04T16:29:02.063+0000] {dag.py:3096} INFO - Sync 2 DAGs
[2024-08-04T16:29:02.074+0000] {logging_mixin.py:188} INFO - [2024-08-04T16:29:02.074+0000] {dag.py:3954} INFO - Setting next_dagrun for example_xcom_args to None, run_after=None
[2024-08-04T16:29:02.077+0000] {logging_mixin.py:188} INFO - [2024-08-04T16:29:02.077+0000] {dag.py:3954} INFO - Setting next_dagrun for example_xcom_args_with_operators to None, run_after=None
[2024-08-04T16:29:02.095+0000] {processor.py:183} INFO - Processing /home/airflow/.local/lib/python3.12/site-packages/airflow/example_dags/example_xcomargs.py took 0.064 seconds
[2024-08-04T16:29:32.349+0000] {processor.py:161} INFO - Started process (PID=1006) to work on /home/airflow/.local/lib/python3.12/site-packages/airflow/example_dags/example_xcomargs.py
[2024-08-04T16:29:32.349+0000] {processor.py:830} INFO - Processing file /home/airflow/.local/lib/python3.12/site-packages/airflow/example_dags/example_xcomargs.py for tasks to queue
[2024-08-04T16:29:32.351+0000] {logging_mixin.py:188} INFO - [2024-08-04T16:29:32.351+0000] {dagbag.py:545} INFO - Filling up the DagBag from /home/airflow/.local/lib/python3.12/site-packages/airflow/example_dags/example_xcomargs.py
[2024-08-04T16:29:32.361+0000] {processor.py:840} INFO - DAG(s) 'example_xcom_args', 'example_xcom_args_with_operators' retrieved from /home/airflow/.local/lib/python3.12/site-packages/airflow/example_dags/example_xcomargs.py
[2024-08-04T16:29:32.388+0000] {logging_mixin.py:188} INFO - [2024-08-04T16:29:32.388+0000] {dag.py:3096} INFO - Sync 2 DAGs
[2024-08-04T16:29:32.404+0000] {logging_mixin.py:188} INFO - [2024-08-04T16:29:32.404+0000] {dag.py:3954} INFO - Setting next_dagrun for example_xcom_args to None, run_after=None
[2024-08-04T16:29:32.408+0000] {logging_mixin.py:188} INFO - [2024-08-04T16:29:32.408+0000] {dag.py:3954} INFO - Setting next_dagrun for example_xcom_args_with_operators to None, run_after=None
[2024-08-04T16:29:32.431+0000] {processor.py:183} INFO - Processing /home/airflow/.local/lib/python3.12/site-packages/airflow/example_dags/example_xcomargs.py took 0.089 seconds
[2024-08-04T16:30:03.943+0000] {processor.py:161} INFO - Started process (PID=1064) to work on /home/airflow/.local/lib/python3.12/site-packages/airflow/example_dags/example_xcomargs.py
[2024-08-04T16:30:03.949+0000] {processor.py:830} INFO - Processing file /home/airflow/.local/lib/python3.12/site-packages/airflow/example_dags/example_xcomargs.py for tasks to queue
[2024-08-04T16:30:03.958+0000] {logging_mixin.py:188} INFO - [2024-08-04T16:30:03.957+0000] {dagbag.py:545} INFO - Filling up the DagBag from /home/airflow/.local/lib/python3.12/site-packages/airflow/example_dags/example_xcomargs.py
[2024-08-04T16:30:03.994+0000] {processor.py:840} INFO - DAG(s) 'example_xcom_args_with_operators', 'example_xcom_args' retrieved from /home/airflow/.local/lib/python3.12/site-packages/airflow/example_dags/example_xcomargs.py
[2024-08-04T16:30:04.066+0000] {logging_mixin.py:188} INFO - [2024-08-04T16:30:04.066+0000] {dag.py:3096} INFO - Sync 2 DAGs
[2024-08-04T16:30:04.111+0000] {logging_mixin.py:188} INFO - [2024-08-04T16:30:04.111+0000] {dag.py:3954} INFO - Setting next_dagrun for example_xcom_args to None, run_after=None
[2024-08-04T16:30:04.140+0000] {logging_mixin.py:188} INFO - [2024-08-04T16:30:04.140+0000] {dag.py:3954} INFO - Setting next_dagrun for example_xcom_args_with_operators to None, run_after=None
[2024-08-04T16:30:04.196+0000] {processor.py:183} INFO - Processing /home/airflow/.local/lib/python3.12/site-packages/airflow/example_dags/example_xcomargs.py took 0.271 seconds
[2024-08-04T16:30:34.772+0000] {processor.py:161} INFO - Started process (PID=1123) to work on /home/airflow/.local/lib/python3.12/site-packages/airflow/example_dags/example_xcomargs.py
[2024-08-04T16:30:34.773+0000] {processor.py:830} INFO - Processing file /home/airflow/.local/lib/python3.12/site-packages/airflow/example_dags/example_xcomargs.py for tasks to queue
[2024-08-04T16:30:34.775+0000] {logging_mixin.py:188} INFO - [2024-08-04T16:30:34.775+0000] {dagbag.py:545} INFO - Filling up the DagBag from /home/airflow/.local/lib/python3.12/site-packages/airflow/example_dags/example_xcomargs.py
[2024-08-04T16:30:34.784+0000] {processor.py:840} INFO - DAG(s) 'example_xcom_args_with_operators', 'example_xcom_args' retrieved from /home/airflow/.local/lib/python3.12/site-packages/airflow/example_dags/example_xcomargs.py
[2024-08-04T16:30:34.830+0000] {logging_mixin.py:188} INFO - [2024-08-04T16:30:34.829+0000] {dag.py:3096} INFO - Sync 2 DAGs
[2024-08-04T16:30:34.857+0000] {logging_mixin.py:188} INFO - [2024-08-04T16:30:34.857+0000] {dag.py:3954} INFO - Setting next_dagrun for example_xcom_args to None, run_after=None
[2024-08-04T16:30:34.870+0000] {logging_mixin.py:188} INFO - [2024-08-04T16:30:34.870+0000] {dag.py:3954} INFO - Setting next_dagrun for example_xcom_args_with_operators to None, run_after=None
[2024-08-04T16:30:34.906+0000] {processor.py:183} INFO - Processing /home/airflow/.local/lib/python3.12/site-packages/airflow/example_dags/example_xcomargs.py took 0.147 seconds
[2024-08-04T16:31:04.999+0000] {processor.py:161} INFO - Started process (PID=1181) to work on /home/airflow/.local/lib/python3.12/site-packages/airflow/example_dags/example_xcomargs.py
[2024-08-04T16:31:04.999+0000] {processor.py:830} INFO - Processing file /home/airflow/.local/lib/python3.12/site-packages/airflow/example_dags/example_xcomargs.py for tasks to queue
[2024-08-04T16:31:05.001+0000] {logging_mixin.py:188} INFO - [2024-08-04T16:31:05.000+0000] {dagbag.py:545} INFO - Filling up the DagBag from /home/airflow/.local/lib/python3.12/site-packages/airflow/example_dags/example_xcomargs.py
[2024-08-04T16:31:05.007+0000] {processor.py:840} INFO - DAG(s) 'example_xcom_args_with_operators', 'example_xcom_args' retrieved from /home/airflow/.local/lib/python3.12/site-packages/airflow/example_dags/example_xcomargs.py
[2024-08-04T16:31:05.026+0000] {logging_mixin.py:188} INFO - [2024-08-04T16:31:05.026+0000] {dag.py:3096} INFO - Sync 2 DAGs
[2024-08-04T16:31:05.037+0000] {logging_mixin.py:188} INFO - [2024-08-04T16:31:05.037+0000] {dag.py:3954} INFO - Setting next_dagrun for example_xcom_args to None, run_after=None
[2024-08-04T16:31:05.041+0000] {logging_mixin.py:188} INFO - [2024-08-04T16:31:05.040+0000] {dag.py:3954} INFO - Setting next_dagrun for example_xcom_args_with_operators to None, run_after=None
[2024-08-04T16:31:05.058+0000] {processor.py:183} INFO - Processing /home/airflow/.local/lib/python3.12/site-packages/airflow/example_dags/example_xcomargs.py took 0.064 seconds
[2024-08-04T16:31:35.244+0000] {processor.py:161} INFO - Started process (PID=1240) to work on /home/airflow/.local/lib/python3.12/site-packages/airflow/example_dags/example_xcomargs.py
[2024-08-04T16:31:35.245+0000] {processor.py:830} INFO - Processing file /home/airflow/.local/lib/python3.12/site-packages/airflow/example_dags/example_xcomargs.py for tasks to queue
[2024-08-04T16:31:35.246+0000] {logging_mixin.py:188} INFO - [2024-08-04T16:31:35.245+0000] {dagbag.py:545} INFO - Filling up the DagBag from /home/airflow/.local/lib/python3.12/site-packages/airflow/example_dags/example_xcomargs.py
[2024-08-04T16:31:35.252+0000] {processor.py:840} INFO - DAG(s) 'example_xcom_args_with_operators', 'example_xcom_args' retrieved from /home/airflow/.local/lib/python3.12/site-packages/airflow/example_dags/example_xcomargs.py
[2024-08-04T16:31:35.271+0000] {logging_mixin.py:188} INFO - [2024-08-04T16:31:35.271+0000] {dag.py:3096} INFO - Sync 2 DAGs
[2024-08-04T16:31:35.281+0000] {logging_mixin.py:188} INFO - [2024-08-04T16:31:35.281+0000] {dag.py:3954} INFO - Setting next_dagrun for example_xcom_args to None, run_after=None
[2024-08-04T16:31:35.284+0000] {logging_mixin.py:188} INFO - [2024-08-04T16:31:35.284+0000] {dag.py:3954} INFO - Setting next_dagrun for example_xcom_args_with_operators to None, run_after=None
[2024-08-04T16:31:35.303+0000] {processor.py:183} INFO - Processing /home/airflow/.local/lib/python3.12/site-packages/airflow/example_dags/example_xcomargs.py took 0.063 seconds
[2024-08-04T16:32:05.524+0000] {processor.py:161} INFO - Started process (PID=1299) to work on /home/airflow/.local/lib/python3.12/site-packages/airflow/example_dags/example_xcomargs.py
[2024-08-04T16:32:05.524+0000] {processor.py:830} INFO - Processing file /home/airflow/.local/lib/python3.12/site-packages/airflow/example_dags/example_xcomargs.py for tasks to queue
[2024-08-04T16:32:05.525+0000] {logging_mixin.py:188} INFO - [2024-08-04T16:32:05.525+0000] {dagbag.py:545} INFO - Filling up the DagBag from /home/airflow/.local/lib/python3.12/site-packages/airflow/example_dags/example_xcomargs.py
[2024-08-04T16:32:05.532+0000] {processor.py:840} INFO - DAG(s) 'example_xcom_args', 'example_xcom_args_with_operators' retrieved from /home/airflow/.local/lib/python3.12/site-packages/airflow/example_dags/example_xcomargs.py
[2024-08-04T16:32:05.550+0000] {logging_mixin.py:188} INFO - [2024-08-04T16:32:05.550+0000] {dag.py:3096} INFO - Sync 2 DAGs
[2024-08-04T16:32:05.561+0000] {logging_mixin.py:188} INFO - [2024-08-04T16:32:05.561+0000] {dag.py:3954} INFO - Setting next_dagrun for example_xcom_args to None, run_after=None
[2024-08-04T16:32:05.564+0000] {logging_mixin.py:188} INFO - [2024-08-04T16:32:05.564+0000] {dag.py:3954} INFO - Setting next_dagrun for example_xcom_args_with_operators to None, run_after=None
[2024-08-04T16:32:05.582+0000] {processor.py:183} INFO - Processing /home/airflow/.local/lib/python3.12/site-packages/airflow/example_dags/example_xcomargs.py took 0.063 seconds
[2024-08-04T16:32:35.762+0000] {processor.py:161} INFO - Started process (PID=1358) to work on /home/airflow/.local/lib/python3.12/site-packages/airflow/example_dags/example_xcomargs.py
[2024-08-04T16:32:35.763+0000] {processor.py:830} INFO - Processing file /home/airflow/.local/lib/python3.12/site-packages/airflow/example_dags/example_xcomargs.py for tasks to queue
[2024-08-04T16:32:35.763+0000] {logging_mixin.py:188} INFO - [2024-08-04T16:32:35.763+0000] {dagbag.py:545} INFO - Filling up the DagBag from /home/airflow/.local/lib/python3.12/site-packages/airflow/example_dags/example_xcomargs.py
[2024-08-04T16:32:35.770+0000] {processor.py:840} INFO - DAG(s) 'example_xcom_args_with_operators', 'example_xcom_args' retrieved from /home/airflow/.local/lib/python3.12/site-packages/airflow/example_dags/example_xcomargs.py
[2024-08-04T16:32:35.790+0000] {logging_mixin.py:188} INFO - [2024-08-04T16:32:35.790+0000] {dag.py:3096} INFO - Sync 2 DAGs
[2024-08-04T16:32:35.803+0000] {logging_mixin.py:188} INFO - [2024-08-04T16:32:35.803+0000] {dag.py:3954} INFO - Setting next_dagrun for example_xcom_args to None, run_after=None
[2024-08-04T16:32:35.806+0000] {logging_mixin.py:188} INFO - [2024-08-04T16:32:35.806+0000] {dag.py:3954} INFO - Setting next_dagrun for example_xcom_args_with_operators to None, run_after=None
[2024-08-04T16:32:35.824+0000] {processor.py:183} INFO - Processing /home/airflow/.local/lib/python3.12/site-packages/airflow/example_dags/example_xcomargs.py took 0.067 seconds
[2024-08-04T16:33:05.901+0000] {processor.py:161} INFO - Started process (PID=1417) to work on /home/airflow/.local/lib/python3.12/site-packages/airflow/example_dags/example_xcomargs.py
[2024-08-04T16:33:05.902+0000] {processor.py:830} INFO - Processing file /home/airflow/.local/lib/python3.12/site-packages/airflow/example_dags/example_xcomargs.py for tasks to queue
[2024-08-04T16:33:05.903+0000] {logging_mixin.py:188} INFO - [2024-08-04T16:33:05.902+0000] {dagbag.py:545} INFO - Filling up the DagBag from /home/airflow/.local/lib/python3.12/site-packages/airflow/example_dags/example_xcomargs.py
[2024-08-04T16:33:05.917+0000] {processor.py:840} INFO - DAG(s) 'example_xcom_args_with_operators', 'example_xcom_args' retrieved from /home/airflow/.local/lib/python3.12/site-packages/airflow/example_dags/example_xcomargs.py
[2024-08-04T16:33:05.953+0000] {logging_mixin.py:188} INFO - [2024-08-04T16:33:05.952+0000] {dag.py:3096} INFO - Sync 2 DAGs
[2024-08-04T16:33:05.971+0000] {logging_mixin.py:188} INFO - [2024-08-04T16:33:05.970+0000] {dag.py:3954} INFO - Setting next_dagrun for example_xcom_args to None, run_after=None
[2024-08-04T16:33:05.975+0000] {logging_mixin.py:188} INFO - [2024-08-04T16:33:05.975+0000] {dag.py:3954} INFO - Setting next_dagrun for example_xcom_args_with_operators to None, run_after=None
[2024-08-04T16:33:05.995+0000] {processor.py:183} INFO - Processing /home/airflow/.local/lib/python3.12/site-packages/airflow/example_dags/example_xcomargs.py took 0.115 seconds
[2024-08-04T16:33:36.043+0000] {processor.py:161} INFO - Started process (PID=1476) to work on /home/airflow/.local/lib/python3.12/site-packages/airflow/example_dags/example_xcomargs.py
[2024-08-04T16:33:36.044+0000] {processor.py:830} INFO - Processing file /home/airflow/.local/lib/python3.12/site-packages/airflow/example_dags/example_xcomargs.py for tasks to queue
[2024-08-04T16:33:36.044+0000] {logging_mixin.py:188} INFO - [2024-08-04T16:33:36.044+0000] {dagbag.py:545} INFO - Filling up the DagBag from /home/airflow/.local/lib/python3.12/site-packages/airflow/example_dags/example_xcomargs.py
[2024-08-04T16:33:36.054+0000] {processor.py:840} INFO - DAG(s) 'example_xcom_args_with_operators', 'example_xcom_args' retrieved from /home/airflow/.local/lib/python3.12/site-packages/airflow/example_dags/example_xcomargs.py
[2024-08-04T16:33:36.082+0000] {logging_mixin.py:188} INFO - [2024-08-04T16:33:36.082+0000] {dag.py:3096} INFO - Sync 2 DAGs
[2024-08-04T16:33:36.096+0000] {logging_mixin.py:188} INFO - [2024-08-04T16:33:36.096+0000] {dag.py:3954} INFO - Setting next_dagrun for example_xcom_args to None, run_after=None
[2024-08-04T16:33:36.099+0000] {logging_mixin.py:188} INFO - [2024-08-04T16:33:36.099+0000] {dag.py:3954} INFO - Setting next_dagrun for example_xcom_args_with_operators to None, run_after=None
[2024-08-04T16:33:36.136+0000] {processor.py:183} INFO - Processing /home/airflow/.local/lib/python3.12/site-packages/airflow/example_dags/example_xcomargs.py took 0.099 seconds
[2024-08-04T16:34:06.717+0000] {processor.py:161} INFO - Started process (PID=1535) to work on /home/airflow/.local/lib/python3.12/site-packages/airflow/example_dags/example_xcomargs.py
[2024-08-04T16:34:06.718+0000] {processor.py:830} INFO - Processing file /home/airflow/.local/lib/python3.12/site-packages/airflow/example_dags/example_xcomargs.py for tasks to queue
[2024-08-04T16:34:06.726+0000] {logging_mixin.py:188} INFO - [2024-08-04T16:34:06.718+0000] {dagbag.py:545} INFO - Filling up the DagBag from /home/airflow/.local/lib/python3.12/site-packages/airflow/example_dags/example_xcomargs.py
[2024-08-04T16:34:06.752+0000] {processor.py:840} INFO - DAG(s) 'example_xcom_args', 'example_xcom_args_with_operators' retrieved from /home/airflow/.local/lib/python3.12/site-packages/airflow/example_dags/example_xcomargs.py
[2024-08-04T16:34:06.779+0000] {logging_mixin.py:188} INFO - [2024-08-04T16:34:06.779+0000] {dag.py:3096} INFO - Sync 2 DAGs
[2024-08-04T16:34:06.789+0000] {logging_mixin.py:188} INFO - [2024-08-04T16:34:06.789+0000] {dag.py:3954} INFO - Setting next_dagrun for example_xcom_args to None, run_after=None
[2024-08-04T16:34:06.792+0000] {logging_mixin.py:188} INFO - [2024-08-04T16:34:06.792+0000] {dag.py:3954} INFO - Setting next_dagrun for example_xcom_args_with_operators to None, run_after=None
[2024-08-04T16:34:06.810+0000] {processor.py:183} INFO - Processing /home/airflow/.local/lib/python3.12/site-packages/airflow/example_dags/example_xcomargs.py took 0.108 seconds
[2024-08-04T16:34:37.473+0000] {processor.py:161} INFO - Started process (PID=1594) to work on /home/airflow/.local/lib/python3.12/site-packages/airflow/example_dags/example_xcomargs.py
[2024-08-04T16:34:37.473+0000] {processor.py:830} INFO - Processing file /home/airflow/.local/lib/python3.12/site-packages/airflow/example_dags/example_xcomargs.py for tasks to queue
[2024-08-04T16:34:37.474+0000] {logging_mixin.py:188} INFO - [2024-08-04T16:34:37.474+0000] {dagbag.py:545} INFO - Filling up the DagBag from /home/airflow/.local/lib/python3.12/site-packages/airflow/example_dags/example_xcomargs.py
[2024-08-04T16:34:37.483+0000] {processor.py:840} INFO - DAG(s) 'example_xcom_args', 'example_xcom_args_with_operators' retrieved from /home/airflow/.local/lib/python3.12/site-packages/airflow/example_dags/example_xcomargs.py
[2024-08-04T16:34:37.511+0000] {logging_mixin.py:188} INFO - [2024-08-04T16:34:37.511+0000] {dag.py:3096} INFO - Sync 2 DAGs
[2024-08-04T16:34:37.527+0000] {logging_mixin.py:188} INFO - [2024-08-04T16:34:37.526+0000] {dag.py:3954} INFO - Setting next_dagrun for example_xcom_args to None, run_after=None
[2024-08-04T16:34:37.531+0000] {logging_mixin.py:188} INFO - [2024-08-04T16:34:37.531+0000] {dag.py:3954} INFO - Setting next_dagrun for example_xcom_args_with_operators to None, run_after=None
[2024-08-04T16:34:37.553+0000] {processor.py:183} INFO - Processing /home/airflow/.local/lib/python3.12/site-packages/airflow/example_dags/example_xcomargs.py took 0.087 seconds
[2024-08-04T16:35:07.893+0000] {processor.py:161} INFO - Started process (PID=1653) to work on /home/airflow/.local/lib/python3.12/site-packages/airflow/example_dags/example_xcomargs.py
[2024-08-04T16:35:07.894+0000] {processor.py:830} INFO - Processing file /home/airflow/.local/lib/python3.12/site-packages/airflow/example_dags/example_xcomargs.py for tasks to queue
[2024-08-04T16:35:07.895+0000] {logging_mixin.py:188} INFO - [2024-08-04T16:35:07.895+0000] {dagbag.py:545} INFO - Filling up the DagBag from /home/airflow/.local/lib/python3.12/site-packages/airflow/example_dags/example_xcomargs.py
[2024-08-04T16:35:07.904+0000] {processor.py:840} INFO - DAG(s) 'example_xcom_args', 'example_xcom_args_with_operators' retrieved from /home/airflow/.local/lib/python3.12/site-packages/airflow/example_dags/example_xcomargs.py
[2024-08-04T16:35:07.930+0000] {logging_mixin.py:188} INFO - [2024-08-04T16:35:07.929+0000] {dag.py:3096} INFO - Sync 2 DAGs
[2024-08-04T16:35:07.946+0000] {logging_mixin.py:188} INFO - [2024-08-04T16:35:07.946+0000] {dag.py:3954} INFO - Setting next_dagrun for example_xcom_args to None, run_after=None
[2024-08-04T16:35:07.950+0000] {logging_mixin.py:188} INFO - [2024-08-04T16:35:07.950+0000] {dag.py:3954} INFO - Setting next_dagrun for example_xcom_args_with_operators to None, run_after=None
[2024-08-04T16:35:07.972+0000] {processor.py:183} INFO - Processing /home/airflow/.local/lib/python3.12/site-packages/airflow/example_dags/example_xcomargs.py took 0.085 seconds
[2024-08-04T16:35:39.665+0000] {processor.py:161} INFO - Started process (PID=1711) to work on /home/airflow/.local/lib/python3.12/site-packages/airflow/example_dags/example_xcomargs.py
[2024-08-04T16:35:39.674+0000] {processor.py:830} INFO - Processing file /home/airflow/.local/lib/python3.12/site-packages/airflow/example_dags/example_xcomargs.py for tasks to queue
[2024-08-04T16:35:39.674+0000] {logging_mixin.py:188} INFO - [2024-08-04T16:35:39.674+0000] {dagbag.py:545} INFO - Filling up the DagBag from /home/airflow/.local/lib/python3.12/site-packages/airflow/example_dags/example_xcomargs.py
[2024-08-04T16:35:39.683+0000] {processor.py:840} INFO - DAG(s) 'example_xcom_args_with_operators', 'example_xcom_args' retrieved from /home/airflow/.local/lib/python3.12/site-packages/airflow/example_dags/example_xcomargs.py
[2024-08-04T16:35:39.722+0000] {logging_mixin.py:188} INFO - [2024-08-04T16:35:39.722+0000] {dag.py:3096} INFO - Sync 2 DAGs
[2024-08-04T16:35:39.739+0000] {logging_mixin.py:188} INFO - [2024-08-04T16:35:39.739+0000] {dag.py:3954} INFO - Setting next_dagrun for example_xcom_args to None, run_after=None
[2024-08-04T16:35:39.744+0000] {logging_mixin.py:188} INFO - [2024-08-04T16:35:39.743+0000] {dag.py:3954} INFO - Setting next_dagrun for example_xcom_args_with_operators to None, run_after=None
[2024-08-04T16:35:39.943+0000] {processor.py:183} INFO - Processing /home/airflow/.local/lib/python3.12/site-packages/airflow/example_dags/example_xcomargs.py took 0.284 seconds
[2024-08-04T16:36:10.900+0000] {processor.py:161} INFO - Started process (PID=1771) to work on /home/airflow/.local/lib/python3.12/site-packages/airflow/example_dags/example_xcomargs.py
[2024-08-04T16:36:10.901+0000] {processor.py:830} INFO - Processing file /home/airflow/.local/lib/python3.12/site-packages/airflow/example_dags/example_xcomargs.py for tasks to queue
[2024-08-04T16:36:10.902+0000] {logging_mixin.py:188} INFO - [2024-08-04T16:36:10.901+0000] {dagbag.py:545} INFO - Filling up the DagBag from /home/airflow/.local/lib/python3.12/site-packages/airflow/example_dags/example_xcomargs.py
[2024-08-04T16:36:10.911+0000] {processor.py:840} INFO - DAG(s) 'example_xcom_args_with_operators', 'example_xcom_args' retrieved from /home/airflow/.local/lib/python3.12/site-packages/airflow/example_dags/example_xcomargs.py
[2024-08-04T16:36:10.940+0000] {logging_mixin.py:188} INFO - [2024-08-04T16:36:10.940+0000] {dag.py:3096} INFO - Sync 2 DAGs
[2024-08-04T16:36:10.959+0000] {logging_mixin.py:188} INFO - [2024-08-04T16:36:10.958+0000] {dag.py:3954} INFO - Setting next_dagrun for example_xcom_args to None, run_after=None
[2024-08-04T16:36:10.963+0000] {logging_mixin.py:188} INFO - [2024-08-04T16:36:10.963+0000] {dag.py:3954} INFO - Setting next_dagrun for example_xcom_args_with_operators to None, run_after=None
[2024-08-04T16:36:10.986+0000] {processor.py:183} INFO - Processing /home/airflow/.local/lib/python3.12/site-packages/airflow/example_dags/example_xcomargs.py took 0.093 seconds
