[2024-08-04T16:21:16.217+0000] {processor.py:161} INFO - Started process (PID=61) to work on /home/airflow/.local/lib/python3.12/site-packages/airflow/example_dags/example_latest_only_with_trigger.py
[2024-08-04T16:21:16.226+0000] {processor.py:830} INFO - Processing file /home/airflow/.local/lib/python3.12/site-packages/airflow/example_dags/example_latest_only_with_trigger.py for tasks to queue
[2024-08-04T16:21:16.228+0000] {logging_mixin.py:188} INFO - [2024-08-04T16:21:16.227+0000] {dagbag.py:545} INFO - Filling up the DagBag from /home/airflow/.local/lib/python3.12/site-packages/airflow/example_dags/example_latest_only_with_trigger.py
[2024-08-04T16:21:16.239+0000] {processor.py:840} INFO - DAG(s) 'latest_only_with_trigger' retrieved from /home/airflow/.local/lib/python3.12/site-packages/airflow/example_dags/example_latest_only_with_trigger.py
[2024-08-04T16:21:16.527+0000] {logging_mixin.py:188} INFO - [2024-08-04T16:21:16.526+0000] {dag.py:3096} INFO - Sync 1 DAGs
[2024-08-04T16:21:16.558+0000] {logging_mixin.py:188} INFO - [2024-08-04T16:21:16.558+0000] {dag.py:3954} INFO - Setting next_dagrun for latest_only_with_trigger to 2024-08-04 12:00:00+00:00, run_after=2024-08-04 16:00:00+00:00
[2024-08-04T16:21:16.600+0000] {processor.py:183} INFO - Processing /home/airflow/.local/lib/python3.12/site-packages/airflow/example_dags/example_latest_only_with_trigger.py took 0.431 seconds
[2024-08-04T16:21:47.177+0000] {processor.py:161} INFO - Started process (PID=119) to work on /home/airflow/.local/lib/python3.12/site-packages/airflow/example_dags/example_latest_only_with_trigger.py
[2024-08-04T16:21:47.177+0000] {processor.py:830} INFO - Processing file /home/airflow/.local/lib/python3.12/site-packages/airflow/example_dags/example_latest_only_with_trigger.py for tasks to queue
[2024-08-04T16:21:47.179+0000] {logging_mixin.py:188} INFO - [2024-08-04T16:21:47.179+0000] {dagbag.py:545} INFO - Filling up the DagBag from /home/airflow/.local/lib/python3.12/site-packages/airflow/example_dags/example_latest_only_with_trigger.py
[2024-08-04T16:21:47.185+0000] {processor.py:840} INFO - DAG(s) 'latest_only_with_trigger' retrieved from /home/airflow/.local/lib/python3.12/site-packages/airflow/example_dags/example_latest_only_with_trigger.py
[2024-08-04T16:21:47.207+0000] {logging_mixin.py:188} INFO - [2024-08-04T16:21:47.207+0000] {dag.py:3096} INFO - Sync 1 DAGs
[2024-08-04T16:21:47.235+0000] {logging_mixin.py:188} INFO - [2024-08-04T16:21:47.234+0000] {dag.py:3954} INFO - Setting next_dagrun for latest_only_with_trigger to 2024-08-04 12:00:00+00:00, run_after=2024-08-04 16:00:00+00:00
[2024-08-04T16:21:47.260+0000] {processor.py:183} INFO - Processing /home/airflow/.local/lib/python3.12/site-packages/airflow/example_dags/example_latest_only_with_trigger.py took 0.088 seconds
[2024-08-04T16:22:17.506+0000] {processor.py:161} INFO - Started process (PID=177) to work on /home/airflow/.local/lib/python3.12/site-packages/airflow/example_dags/example_latest_only_with_trigger.py
[2024-08-04T16:22:17.506+0000] {processor.py:830} INFO - Processing file /home/airflow/.local/lib/python3.12/site-packages/airflow/example_dags/example_latest_only_with_trigger.py for tasks to queue
[2024-08-04T16:22:17.508+0000] {logging_mixin.py:188} INFO - [2024-08-04T16:22:17.508+0000] {dagbag.py:545} INFO - Filling up the DagBag from /home/airflow/.local/lib/python3.12/site-packages/airflow/example_dags/example_latest_only_with_trigger.py
[2024-08-04T16:22:17.516+0000] {processor.py:840} INFO - DAG(s) 'latest_only_with_trigger' retrieved from /home/airflow/.local/lib/python3.12/site-packages/airflow/example_dags/example_latest_only_with_trigger.py
[2024-08-04T16:22:17.541+0000] {logging_mixin.py:188} INFO - [2024-08-04T16:22:17.541+0000] {dag.py:3096} INFO - Sync 1 DAGs
[2024-08-04T16:22:17.569+0000] {logging_mixin.py:188} INFO - [2024-08-04T16:22:17.569+0000] {dag.py:3954} INFO - Setting next_dagrun for latest_only_with_trigger to 2024-08-04 12:00:00+00:00, run_after=2024-08-04 16:00:00+00:00
[2024-08-04T16:22:17.599+0000] {processor.py:183} INFO - Processing /home/airflow/.local/lib/python3.12/site-packages/airflow/example_dags/example_latest_only_with_trigger.py took 0.100 seconds
[2024-08-04T16:22:48.177+0000] {processor.py:161} INFO - Started process (PID=235) to work on /home/airflow/.local/lib/python3.12/site-packages/airflow/example_dags/example_latest_only_with_trigger.py
[2024-08-04T16:22:48.177+0000] {processor.py:830} INFO - Processing file /home/airflow/.local/lib/python3.12/site-packages/airflow/example_dags/example_latest_only_with_trigger.py for tasks to queue
[2024-08-04T16:22:48.179+0000] {logging_mixin.py:188} INFO - [2024-08-04T16:22:48.179+0000] {dagbag.py:545} INFO - Filling up the DagBag from /home/airflow/.local/lib/python3.12/site-packages/airflow/example_dags/example_latest_only_with_trigger.py
[2024-08-04T16:22:48.186+0000] {processor.py:840} INFO - DAG(s) 'latest_only_with_trigger' retrieved from /home/airflow/.local/lib/python3.12/site-packages/airflow/example_dags/example_latest_only_with_trigger.py
[2024-08-04T16:22:48.209+0000] {logging_mixin.py:188} INFO - [2024-08-04T16:22:48.209+0000] {dag.py:3096} INFO - Sync 1 DAGs
[2024-08-04T16:22:48.236+0000] {logging_mixin.py:188} INFO - [2024-08-04T16:22:48.236+0000] {dag.py:3954} INFO - Setting next_dagrun for latest_only_with_trigger to 2024-08-04 12:00:00+00:00, run_after=2024-08-04 16:00:00+00:00
[2024-08-04T16:22:48.262+0000] {processor.py:183} INFO - Processing /home/airflow/.local/lib/python3.12/site-packages/airflow/example_dags/example_latest_only_with_trigger.py took 0.091 seconds
[2024-08-04T16:23:18.867+0000] {processor.py:161} INFO - Started process (PID=293) to work on /home/airflow/.local/lib/python3.12/site-packages/airflow/example_dags/example_latest_only_with_trigger.py
[2024-08-04T16:23:18.868+0000] {processor.py:830} INFO - Processing file /home/airflow/.local/lib/python3.12/site-packages/airflow/example_dags/example_latest_only_with_trigger.py for tasks to queue
[2024-08-04T16:23:18.869+0000] {logging_mixin.py:188} INFO - [2024-08-04T16:23:18.869+0000] {dagbag.py:545} INFO - Filling up the DagBag from /home/airflow/.local/lib/python3.12/site-packages/airflow/example_dags/example_latest_only_with_trigger.py
[2024-08-04T16:23:18.875+0000] {processor.py:840} INFO - DAG(s) 'latest_only_with_trigger' retrieved from /home/airflow/.local/lib/python3.12/site-packages/airflow/example_dags/example_latest_only_with_trigger.py
[2024-08-04T16:23:18.898+0000] {logging_mixin.py:188} INFO - [2024-08-04T16:23:18.898+0000] {dag.py:3096} INFO - Sync 1 DAGs
[2024-08-04T16:23:18.925+0000] {logging_mixin.py:188} INFO - [2024-08-04T16:23:18.925+0000] {dag.py:3954} INFO - Setting next_dagrun for latest_only_with_trigger to 2024-08-04 12:00:00+00:00, run_after=2024-08-04 16:00:00+00:00
[2024-08-04T16:23:18.952+0000] {processor.py:183} INFO - Processing /home/airflow/.local/lib/python3.12/site-packages/airflow/example_dags/example_latest_only_with_trigger.py took 0.092 seconds
[2024-08-04T16:23:49.877+0000] {processor.py:161} INFO - Started process (PID=351) to work on /home/airflow/.local/lib/python3.12/site-packages/airflow/example_dags/example_latest_only_with_trigger.py
[2024-08-04T16:23:49.878+0000] {processor.py:830} INFO - Processing file /home/airflow/.local/lib/python3.12/site-packages/airflow/example_dags/example_latest_only_with_trigger.py for tasks to queue
[2024-08-04T16:23:49.879+0000] {logging_mixin.py:188} INFO - [2024-08-04T16:23:49.879+0000] {dagbag.py:545} INFO - Filling up the DagBag from /home/airflow/.local/lib/python3.12/site-packages/airflow/example_dags/example_latest_only_with_trigger.py
[2024-08-04T16:23:49.885+0000] {processor.py:840} INFO - DAG(s) 'latest_only_with_trigger' retrieved from /home/airflow/.local/lib/python3.12/site-packages/airflow/example_dags/example_latest_only_with_trigger.py
[2024-08-04T16:23:49.909+0000] {logging_mixin.py:188} INFO - [2024-08-04T16:23:49.908+0000] {dag.py:3096} INFO - Sync 1 DAGs
[2024-08-04T16:23:49.936+0000] {logging_mixin.py:188} INFO - [2024-08-04T16:23:49.936+0000] {dag.py:3954} INFO - Setting next_dagrun for latest_only_with_trigger to 2024-08-04 12:00:00+00:00, run_after=2024-08-04 16:00:00+00:00
[2024-08-04T16:23:49.960+0000] {processor.py:183} INFO - Processing /home/airflow/.local/lib/python3.12/site-packages/airflow/example_dags/example_latest_only_with_trigger.py took 0.091 seconds
[2024-08-04T16:24:20.579+0000] {processor.py:161} INFO - Started process (PID=410) to work on /home/airflow/.local/lib/python3.12/site-packages/airflow/example_dags/example_latest_only_with_trigger.py
[2024-08-04T16:24:20.590+0000] {processor.py:830} INFO - Processing file /home/airflow/.local/lib/python3.12/site-packages/airflow/example_dags/example_latest_only_with_trigger.py for tasks to queue
[2024-08-04T16:24:20.592+0000] {logging_mixin.py:188} INFO - [2024-08-04T16:24:20.591+0000] {dagbag.py:545} INFO - Filling up the DagBag from /home/airflow/.local/lib/python3.12/site-packages/airflow/example_dags/example_latest_only_with_trigger.py
[2024-08-04T16:24:20.618+0000] {processor.py:840} INFO - DAG(s) 'latest_only_with_trigger' retrieved from /home/airflow/.local/lib/python3.12/site-packages/airflow/example_dags/example_latest_only_with_trigger.py
[2024-08-04T16:24:20.718+0000] {logging_mixin.py:188} INFO - [2024-08-04T16:24:20.718+0000] {dag.py:3096} INFO - Sync 1 DAGs
[2024-08-04T16:24:20.796+0000] {logging_mixin.py:188} INFO - [2024-08-04T16:24:20.796+0000] {dag.py:3954} INFO - Setting next_dagrun for latest_only_with_trigger to 2024-08-04 12:00:00+00:00, run_after=2024-08-04 16:00:00+00:00
[2024-08-04T16:24:20.856+0000] {processor.py:183} INFO - Processing /home/airflow/.local/lib/python3.12/site-packages/airflow/example_dags/example_latest_only_with_trigger.py took 0.299 seconds
[2024-08-04T16:24:51.351+0000] {processor.py:161} INFO - Started process (PID=468) to work on /home/airflow/.local/lib/python3.12/site-packages/airflow/example_dags/example_latest_only_with_trigger.py
[2024-08-04T16:24:51.352+0000] {processor.py:830} INFO - Processing file /home/airflow/.local/lib/python3.12/site-packages/airflow/example_dags/example_latest_only_with_trigger.py for tasks to queue
[2024-08-04T16:24:51.354+0000] {logging_mixin.py:188} INFO - [2024-08-04T16:24:51.354+0000] {dagbag.py:545} INFO - Filling up the DagBag from /home/airflow/.local/lib/python3.12/site-packages/airflow/example_dags/example_latest_only_with_trigger.py
[2024-08-04T16:24:51.360+0000] {processor.py:840} INFO - DAG(s) 'latest_only_with_trigger' retrieved from /home/airflow/.local/lib/python3.12/site-packages/airflow/example_dags/example_latest_only_with_trigger.py
[2024-08-04T16:24:51.382+0000] {logging_mixin.py:188} INFO - [2024-08-04T16:24:51.381+0000] {dag.py:3096} INFO - Sync 1 DAGs
[2024-08-04T16:24:51.411+0000] {logging_mixin.py:188} INFO - [2024-08-04T16:24:51.411+0000] {dag.py:3954} INFO - Setting next_dagrun for latest_only_with_trigger to 2024-08-04 12:00:00+00:00, run_after=2024-08-04 16:00:00+00:00
[2024-08-04T16:24:51.437+0000] {processor.py:183} INFO - Processing /home/airflow/.local/lib/python3.12/site-packages/airflow/example_dags/example_latest_only_with_trigger.py took 0.091 seconds
[2024-08-04T16:25:22.222+0000] {processor.py:161} INFO - Started process (PID=526) to work on /home/airflow/.local/lib/python3.12/site-packages/airflow/example_dags/example_latest_only_with_trigger.py
[2024-08-04T16:25:22.223+0000] {processor.py:830} INFO - Processing file /home/airflow/.local/lib/python3.12/site-packages/airflow/example_dags/example_latest_only_with_trigger.py for tasks to queue
[2024-08-04T16:25:22.224+0000] {logging_mixin.py:188} INFO - [2024-08-04T16:25:22.224+0000] {dagbag.py:545} INFO - Filling up the DagBag from /home/airflow/.local/lib/python3.12/site-packages/airflow/example_dags/example_latest_only_with_trigger.py
[2024-08-04T16:25:22.228+0000] {processor.py:840} INFO - DAG(s) 'latest_only_with_trigger' retrieved from /home/airflow/.local/lib/python3.12/site-packages/airflow/example_dags/example_latest_only_with_trigger.py
[2024-08-04T16:25:22.245+0000] {logging_mixin.py:188} INFO - [2024-08-04T16:25:22.244+0000] {dag.py:3096} INFO - Sync 1 DAGs
[2024-08-04T16:25:22.262+0000] {logging_mixin.py:188} INFO - [2024-08-04T16:25:22.262+0000] {dag.py:3954} INFO - Setting next_dagrun for latest_only_with_trigger to 2024-08-04 12:00:00+00:00, run_after=2024-08-04 16:00:00+00:00
[2024-08-04T16:25:22.282+0000] {processor.py:183} INFO - Processing /home/airflow/.local/lib/python3.12/site-packages/airflow/example_dags/example_latest_only_with_trigger.py took 0.064 seconds
[2024-08-04T16:25:52.648+0000] {processor.py:161} INFO - Started process (PID=585) to work on /home/airflow/.local/lib/python3.12/site-packages/airflow/example_dags/example_latest_only_with_trigger.py
[2024-08-04T16:25:52.649+0000] {processor.py:830} INFO - Processing file /home/airflow/.local/lib/python3.12/site-packages/airflow/example_dags/example_latest_only_with_trigger.py for tasks to queue
[2024-08-04T16:25:52.651+0000] {logging_mixin.py:188} INFO - [2024-08-04T16:25:52.651+0000] {dagbag.py:545} INFO - Filling up the DagBag from /home/airflow/.local/lib/python3.12/site-packages/airflow/example_dags/example_latest_only_with_trigger.py
[2024-08-04T16:25:52.657+0000] {processor.py:840} INFO - DAG(s) 'latest_only_with_trigger' retrieved from /home/airflow/.local/lib/python3.12/site-packages/airflow/example_dags/example_latest_only_with_trigger.py
[2024-08-04T16:25:52.680+0000] {logging_mixin.py:188} INFO - [2024-08-04T16:25:52.680+0000] {dag.py:3096} INFO - Sync 1 DAGs
[2024-08-04T16:25:52.706+0000] {logging_mixin.py:188} INFO - [2024-08-04T16:25:52.706+0000] {dag.py:3954} INFO - Setting next_dagrun for latest_only_with_trigger to 2024-08-04 12:00:00+00:00, run_after=2024-08-04 16:00:00+00:00
[2024-08-04T16:25:52.730+0000] {processor.py:183} INFO - Processing /home/airflow/.local/lib/python3.12/site-packages/airflow/example_dags/example_latest_only_with_trigger.py took 0.088 seconds
[2024-08-04T16:26:22.903+0000] {processor.py:161} INFO - Started process (PID=642) to work on /home/airflow/.local/lib/python3.12/site-packages/airflow/example_dags/example_latest_only_with_trigger.py
[2024-08-04T16:26:22.903+0000] {processor.py:830} INFO - Processing file /home/airflow/.local/lib/python3.12/site-packages/airflow/example_dags/example_latest_only_with_trigger.py for tasks to queue
[2024-08-04T16:26:22.904+0000] {logging_mixin.py:188} INFO - [2024-08-04T16:26:22.904+0000] {dagbag.py:545} INFO - Filling up the DagBag from /home/airflow/.local/lib/python3.12/site-packages/airflow/example_dags/example_latest_only_with_trigger.py
[2024-08-04T16:26:22.909+0000] {processor.py:840} INFO - DAG(s) 'latest_only_with_trigger' retrieved from /home/airflow/.local/lib/python3.12/site-packages/airflow/example_dags/example_latest_only_with_trigger.py
[2024-08-04T16:26:22.925+0000] {logging_mixin.py:188} INFO - [2024-08-04T16:26:22.925+0000] {dag.py:3096} INFO - Sync 1 DAGs
[2024-08-04T16:26:22.942+0000] {logging_mixin.py:188} INFO - [2024-08-04T16:26:22.942+0000] {dag.py:3954} INFO - Setting next_dagrun for latest_only_with_trigger to 2024-08-04 12:00:00+00:00, run_after=2024-08-04 16:00:00+00:00
[2024-08-04T16:26:22.962+0000] {processor.py:183} INFO - Processing /home/airflow/.local/lib/python3.12/site-packages/airflow/example_dags/example_latest_only_with_trigger.py took 0.064 seconds
[2024-08-04T16:26:53.393+0000] {processor.py:161} INFO - Started process (PID=700) to work on /home/airflow/.local/lib/python3.12/site-packages/airflow/example_dags/example_latest_only_with_trigger.py
[2024-08-04T16:26:53.394+0000] {processor.py:830} INFO - Processing file /home/airflow/.local/lib/python3.12/site-packages/airflow/example_dags/example_latest_only_with_trigger.py for tasks to queue
[2024-08-04T16:26:53.395+0000] {logging_mixin.py:188} INFO - [2024-08-04T16:26:53.395+0000] {dagbag.py:545} INFO - Filling up the DagBag from /home/airflow/.local/lib/python3.12/site-packages/airflow/example_dags/example_latest_only_with_trigger.py
[2024-08-04T16:26:53.401+0000] {processor.py:840} INFO - DAG(s) 'latest_only_with_trigger' retrieved from /home/airflow/.local/lib/python3.12/site-packages/airflow/example_dags/example_latest_only_with_trigger.py
[2024-08-04T16:26:53.425+0000] {logging_mixin.py:188} INFO - [2024-08-04T16:26:53.425+0000] {dag.py:3096} INFO - Sync 1 DAGs
[2024-08-04T16:26:53.452+0000] {logging_mixin.py:188} INFO - [2024-08-04T16:26:53.452+0000] {dag.py:3954} INFO - Setting next_dagrun for latest_only_with_trigger to 2024-08-04 12:00:00+00:00, run_after=2024-08-04 16:00:00+00:00
[2024-08-04T16:26:53.477+0000] {processor.py:183} INFO - Processing /home/airflow/.local/lib/python3.12/site-packages/airflow/example_dags/example_latest_only_with_trigger.py took 0.090 seconds
[2024-08-04T16:27:24.082+0000] {processor.py:161} INFO - Started process (PID=758) to work on /home/airflow/.local/lib/python3.12/site-packages/airflow/example_dags/example_latest_only_with_trigger.py
[2024-08-04T16:27:24.083+0000] {processor.py:830} INFO - Processing file /home/airflow/.local/lib/python3.12/site-packages/airflow/example_dags/example_latest_only_with_trigger.py for tasks to queue
[2024-08-04T16:27:24.084+0000] {logging_mixin.py:188} INFO - [2024-08-04T16:27:24.084+0000] {dagbag.py:545} INFO - Filling up the DagBag from /home/airflow/.local/lib/python3.12/site-packages/airflow/example_dags/example_latest_only_with_trigger.py
[2024-08-04T16:27:24.089+0000] {processor.py:840} INFO - DAG(s) 'latest_only_with_trigger' retrieved from /home/airflow/.local/lib/python3.12/site-packages/airflow/example_dags/example_latest_only_with_trigger.py
[2024-08-04T16:27:24.106+0000] {logging_mixin.py:188} INFO - [2024-08-04T16:27:24.106+0000] {dag.py:3096} INFO - Sync 1 DAGs
[2024-08-04T16:27:24.123+0000] {logging_mixin.py:188} INFO - [2024-08-04T16:27:24.123+0000] {dag.py:3954} INFO - Setting next_dagrun for latest_only_with_trigger to 2024-08-04 12:00:00+00:00, run_after=2024-08-04 16:00:00+00:00
[2024-08-04T16:27:24.145+0000] {processor.py:183} INFO - Processing /home/airflow/.local/lib/python3.12/site-packages/airflow/example_dags/example_latest_only_with_trigger.py took 0.067 seconds
[2024-08-04T16:27:54.453+0000] {processor.py:161} INFO - Started process (PID=816) to work on /home/airflow/.local/lib/python3.12/site-packages/airflow/example_dags/example_latest_only_with_trigger.py
[2024-08-04T16:27:54.453+0000] {processor.py:830} INFO - Processing file /home/airflow/.local/lib/python3.12/site-packages/airflow/example_dags/example_latest_only_with_trigger.py for tasks to queue
[2024-08-04T16:27:54.455+0000] {logging_mixin.py:188} INFO - [2024-08-04T16:27:54.455+0000] {dagbag.py:545} INFO - Filling up the DagBag from /home/airflow/.local/lib/python3.12/site-packages/airflow/example_dags/example_latest_only_with_trigger.py
[2024-08-04T16:27:54.461+0000] {processor.py:840} INFO - DAG(s) 'latest_only_with_trigger' retrieved from /home/airflow/.local/lib/python3.12/site-packages/airflow/example_dags/example_latest_only_with_trigger.py
[2024-08-04T16:27:54.484+0000] {logging_mixin.py:188} INFO - [2024-08-04T16:27:54.484+0000] {dag.py:3096} INFO - Sync 1 DAGs
[2024-08-04T16:27:54.510+0000] {logging_mixin.py:188} INFO - [2024-08-04T16:27:54.510+0000] {dag.py:3954} INFO - Setting next_dagrun for latest_only_with_trigger to 2024-08-04 12:00:00+00:00, run_after=2024-08-04 16:00:00+00:00
[2024-08-04T16:27:54.533+0000] {processor.py:183} INFO - Processing /home/airflow/.local/lib/python3.12/site-packages/airflow/example_dags/example_latest_only_with_trigger.py took 0.087 seconds
[2024-08-04T16:28:25.412+0000] {processor.py:161} INFO - Started process (PID=874) to work on /home/airflow/.local/lib/python3.12/site-packages/airflow/example_dags/example_latest_only_with_trigger.py
[2024-08-04T16:28:25.413+0000] {processor.py:830} INFO - Processing file /home/airflow/.local/lib/python3.12/site-packages/airflow/example_dags/example_latest_only_with_trigger.py for tasks to queue
[2024-08-04T16:28:25.414+0000] {logging_mixin.py:188} INFO - [2024-08-04T16:28:25.414+0000] {dagbag.py:545} INFO - Filling up the DagBag from /home/airflow/.local/lib/python3.12/site-packages/airflow/example_dags/example_latest_only_with_trigger.py
[2024-08-04T16:28:25.420+0000] {processor.py:840} INFO - DAG(s) 'latest_only_with_trigger' retrieved from /home/airflow/.local/lib/python3.12/site-packages/airflow/example_dags/example_latest_only_with_trigger.py
[2024-08-04T16:28:25.443+0000] {logging_mixin.py:188} INFO - [2024-08-04T16:28:25.443+0000] {dag.py:3096} INFO - Sync 1 DAGs
[2024-08-04T16:28:25.469+0000] {logging_mixin.py:188} INFO - [2024-08-04T16:28:25.469+0000] {dag.py:3954} INFO - Setting next_dagrun for latest_only_with_trigger to 2024-08-04 12:00:00+00:00, run_after=2024-08-04 16:00:00+00:00
[2024-08-04T16:28:25.495+0000] {processor.py:183} INFO - Processing /home/airflow/.local/lib/python3.12/site-packages/airflow/example_dags/example_latest_only_with_trigger.py took 0.089 seconds
[2024-08-04T16:28:56.549+0000] {processor.py:161} INFO - Started process (PID=933) to work on /home/airflow/.local/lib/python3.12/site-packages/airflow/example_dags/example_latest_only_with_trigger.py
[2024-08-04T16:28:56.550+0000] {processor.py:830} INFO - Processing file /home/airflow/.local/lib/python3.12/site-packages/airflow/example_dags/example_latest_only_with_trigger.py for tasks to queue
[2024-08-04T16:28:56.551+0000] {logging_mixin.py:188} INFO - [2024-08-04T16:28:56.551+0000] {dagbag.py:545} INFO - Filling up the DagBag from /home/airflow/.local/lib/python3.12/site-packages/airflow/example_dags/example_latest_only_with_trigger.py
[2024-08-04T16:28:56.558+0000] {processor.py:840} INFO - DAG(s) 'latest_only_with_trigger' retrieved from /home/airflow/.local/lib/python3.12/site-packages/airflow/example_dags/example_latest_only_with_trigger.py
[2024-08-04T16:28:56.601+0000] {logging_mixin.py:188} INFO - [2024-08-04T16:28:56.601+0000] {dag.py:3096} INFO - Sync 1 DAGs
[2024-08-04T16:28:56.650+0000] {logging_mixin.py:188} INFO - [2024-08-04T16:28:56.649+0000] {dag.py:3954} INFO - Setting next_dagrun for latest_only_with_trigger to 2024-08-04 12:00:00+00:00, run_after=2024-08-04 16:00:00+00:00
[2024-08-04T16:28:56.678+0000] {processor.py:183} INFO - Processing /home/airflow/.local/lib/python3.12/site-packages/airflow/example_dags/example_latest_only_with_trigger.py took 0.138 seconds
[2024-08-04T16:29:26.874+0000] {processor.py:161} INFO - Started process (PID=991) to work on /home/airflow/.local/lib/python3.12/site-packages/airflow/example_dags/example_latest_only_with_trigger.py
[2024-08-04T16:29:26.875+0000] {processor.py:830} INFO - Processing file /home/airflow/.local/lib/python3.12/site-packages/airflow/example_dags/example_latest_only_with_trigger.py for tasks to queue
[2024-08-04T16:29:26.877+0000] {logging_mixin.py:188} INFO - [2024-08-04T16:29:26.876+0000] {dagbag.py:545} INFO - Filling up the DagBag from /home/airflow/.local/lib/python3.12/site-packages/airflow/example_dags/example_latest_only_with_trigger.py
[2024-08-04T16:29:26.890+0000] {processor.py:840} INFO - DAG(s) 'latest_only_with_trigger' retrieved from /home/airflow/.local/lib/python3.12/site-packages/airflow/example_dags/example_latest_only_with_trigger.py
[2024-08-04T16:29:26.951+0000] {logging_mixin.py:188} INFO - [2024-08-04T16:29:26.951+0000] {dag.py:3096} INFO - Sync 1 DAGs
[2024-08-04T16:29:27.002+0000] {logging_mixin.py:188} INFO - [2024-08-04T16:29:27.001+0000] {dag.py:3954} INFO - Setting next_dagrun for latest_only_with_trigger to 2024-08-04 12:00:00+00:00, run_after=2024-08-04 16:00:00+00:00
[2024-08-04T16:29:27.046+0000] {processor.py:183} INFO - Processing /home/airflow/.local/lib/python3.12/site-packages/airflow/example_dags/example_latest_only_with_trigger.py took 0.182 seconds
[2024-08-04T16:29:57.231+0000] {processor.py:161} INFO - Started process (PID=1049) to work on /home/airflow/.local/lib/python3.12/site-packages/airflow/example_dags/example_latest_only_with_trigger.py
[2024-08-04T16:29:57.232+0000] {processor.py:830} INFO - Processing file /home/airflow/.local/lib/python3.12/site-packages/airflow/example_dags/example_latest_only_with_trigger.py for tasks to queue
[2024-08-04T16:29:57.234+0000] {logging_mixin.py:188} INFO - [2024-08-04T16:29:57.234+0000] {dagbag.py:545} INFO - Filling up the DagBag from /home/airflow/.local/lib/python3.12/site-packages/airflow/example_dags/example_latest_only_with_trigger.py
[2024-08-04T16:29:57.240+0000] {processor.py:840} INFO - DAG(s) 'latest_only_with_trigger' retrieved from /home/airflow/.local/lib/python3.12/site-packages/airflow/example_dags/example_latest_only_with_trigger.py
[2024-08-04T16:29:57.271+0000] {logging_mixin.py:188} INFO - [2024-08-04T16:29:57.270+0000] {dag.py:3096} INFO - Sync 1 DAGs
[2024-08-04T16:29:57.298+0000] {logging_mixin.py:188} INFO - [2024-08-04T16:29:57.297+0000] {dag.py:3954} INFO - Setting next_dagrun for latest_only_with_trigger to 2024-08-04 12:00:00+00:00, run_after=2024-08-04 16:00:00+00:00
[2024-08-04T16:29:57.323+0000] {processor.py:183} INFO - Processing /home/airflow/.local/lib/python3.12/site-packages/airflow/example_dags/example_latest_only_with_trigger.py took 0.098 seconds
[2024-08-04T16:30:27.935+0000] {processor.py:161} INFO - Started process (PID=1108) to work on /home/airflow/.local/lib/python3.12/site-packages/airflow/example_dags/example_latest_only_with_trigger.py
[2024-08-04T16:30:27.936+0000] {processor.py:830} INFO - Processing file /home/airflow/.local/lib/python3.12/site-packages/airflow/example_dags/example_latest_only_with_trigger.py for tasks to queue
[2024-08-04T16:30:27.938+0000] {logging_mixin.py:188} INFO - [2024-08-04T16:30:27.938+0000] {dagbag.py:545} INFO - Filling up the DagBag from /home/airflow/.local/lib/python3.12/site-packages/airflow/example_dags/example_latest_only_with_trigger.py
[2024-08-04T16:30:27.945+0000] {processor.py:840} INFO - DAG(s) 'latest_only_with_trigger' retrieved from /home/airflow/.local/lib/python3.12/site-packages/airflow/example_dags/example_latest_only_with_trigger.py
[2024-08-04T16:30:27.967+0000] {logging_mixin.py:188} INFO - [2024-08-04T16:30:27.967+0000] {dag.py:3096} INFO - Sync 1 DAGs
[2024-08-04T16:30:27.992+0000] {logging_mixin.py:188} INFO - [2024-08-04T16:30:27.992+0000] {dag.py:3954} INFO - Setting next_dagrun for latest_only_with_trigger to 2024-08-04 12:00:00+00:00, run_after=2024-08-04 16:00:00+00:00
[2024-08-04T16:30:28.018+0000] {processor.py:183} INFO - Processing /home/airflow/.local/lib/python3.12/site-packages/airflow/example_dags/example_latest_only_with_trigger.py took 0.088 seconds
[2024-08-04T16:30:58.178+0000] {processor.py:161} INFO - Started process (PID=1167) to work on /home/airflow/.local/lib/python3.12/site-packages/airflow/example_dags/example_latest_only_with_trigger.py
[2024-08-04T16:30:58.179+0000] {processor.py:830} INFO - Processing file /home/airflow/.local/lib/python3.12/site-packages/airflow/example_dags/example_latest_only_with_trigger.py for tasks to queue
[2024-08-04T16:30:58.181+0000] {logging_mixin.py:188} INFO - [2024-08-04T16:30:58.180+0000] {dagbag.py:545} INFO - Filling up the DagBag from /home/airflow/.local/lib/python3.12/site-packages/airflow/example_dags/example_latest_only_with_trigger.py
[2024-08-04T16:30:58.187+0000] {processor.py:840} INFO - DAG(s) 'latest_only_with_trigger' retrieved from /home/airflow/.local/lib/python3.12/site-packages/airflow/example_dags/example_latest_only_with_trigger.py
[2024-08-04T16:30:58.212+0000] {logging_mixin.py:188} INFO - [2024-08-04T16:30:58.211+0000] {dag.py:3096} INFO - Sync 1 DAGs
[2024-08-04T16:30:58.238+0000] {logging_mixin.py:188} INFO - [2024-08-04T16:30:58.238+0000] {dag.py:3954} INFO - Setting next_dagrun for latest_only_with_trigger to 2024-08-04 12:00:00+00:00, run_after=2024-08-04 16:00:00+00:00
[2024-08-04T16:30:58.263+0000] {processor.py:183} INFO - Processing /home/airflow/.local/lib/python3.12/site-packages/airflow/example_dags/example_latest_only_with_trigger.py took 0.092 seconds
[2024-08-04T16:31:28.324+0000] {processor.py:161} INFO - Started process (PID=1226) to work on /home/airflow/.local/lib/python3.12/site-packages/airflow/example_dags/example_latest_only_with_trigger.py
[2024-08-04T16:31:28.325+0000] {processor.py:830} INFO - Processing file /home/airflow/.local/lib/python3.12/site-packages/airflow/example_dags/example_latest_only_with_trigger.py for tasks to queue
[2024-08-04T16:31:28.326+0000] {logging_mixin.py:188} INFO - [2024-08-04T16:31:28.326+0000] {dagbag.py:545} INFO - Filling up the DagBag from /home/airflow/.local/lib/python3.12/site-packages/airflow/example_dags/example_latest_only_with_trigger.py
[2024-08-04T16:31:28.331+0000] {processor.py:840} INFO - DAG(s) 'latest_only_with_trigger' retrieved from /home/airflow/.local/lib/python3.12/site-packages/airflow/example_dags/example_latest_only_with_trigger.py
[2024-08-04T16:31:28.347+0000] {logging_mixin.py:188} INFO - [2024-08-04T16:31:28.347+0000] {dag.py:3096} INFO - Sync 1 DAGs
[2024-08-04T16:31:28.364+0000] {logging_mixin.py:188} INFO - [2024-08-04T16:31:28.364+0000] {dag.py:3954} INFO - Setting next_dagrun for latest_only_with_trigger to 2024-08-04 12:00:00+00:00, run_after=2024-08-04 16:00:00+00:00
[2024-08-04T16:31:28.384+0000] {processor.py:183} INFO - Processing /home/airflow/.local/lib/python3.12/site-packages/airflow/example_dags/example_latest_only_with_trigger.py took 0.066 seconds
[2024-08-04T16:31:58.685+0000] {processor.py:161} INFO - Started process (PID=1285) to work on /home/airflow/.local/lib/python3.12/site-packages/airflow/example_dags/example_latest_only_with_trigger.py
[2024-08-04T16:31:58.685+0000] {processor.py:830} INFO - Processing file /home/airflow/.local/lib/python3.12/site-packages/airflow/example_dags/example_latest_only_with_trigger.py for tasks to queue
[2024-08-04T16:31:58.686+0000] {logging_mixin.py:188} INFO - [2024-08-04T16:31:58.686+0000] {dagbag.py:545} INFO - Filling up the DagBag from /home/airflow/.local/lib/python3.12/site-packages/airflow/example_dags/example_latest_only_with_trigger.py
[2024-08-04T16:31:58.693+0000] {processor.py:840} INFO - DAG(s) 'latest_only_with_trigger' retrieved from /home/airflow/.local/lib/python3.12/site-packages/airflow/example_dags/example_latest_only_with_trigger.py
[2024-08-04T16:31:58.715+0000] {logging_mixin.py:188} INFO - [2024-08-04T16:31:58.715+0000] {dag.py:3096} INFO - Sync 1 DAGs
[2024-08-04T16:31:58.741+0000] {logging_mixin.py:188} INFO - [2024-08-04T16:31:58.741+0000] {dag.py:3954} INFO - Setting next_dagrun for latest_only_with_trigger to 2024-08-04 12:00:00+00:00, run_after=2024-08-04 16:00:00+00:00
[2024-08-04T16:31:58.765+0000] {processor.py:183} INFO - Processing /home/airflow/.local/lib/python3.12/site-packages/airflow/example_dags/example_latest_only_with_trigger.py took 0.087 seconds
[2024-08-04T16:32:29.056+0000] {processor.py:161} INFO - Started process (PID=1344) to work on /home/airflow/.local/lib/python3.12/site-packages/airflow/example_dags/example_latest_only_with_trigger.py
[2024-08-04T16:32:29.056+0000] {processor.py:830} INFO - Processing file /home/airflow/.local/lib/python3.12/site-packages/airflow/example_dags/example_latest_only_with_trigger.py for tasks to queue
[2024-08-04T16:32:29.057+0000] {logging_mixin.py:188} INFO - [2024-08-04T16:32:29.057+0000] {dagbag.py:545} INFO - Filling up the DagBag from /home/airflow/.local/lib/python3.12/site-packages/airflow/example_dags/example_latest_only_with_trigger.py
[2024-08-04T16:32:29.064+0000] {processor.py:840} INFO - DAG(s) 'latest_only_with_trigger' retrieved from /home/airflow/.local/lib/python3.12/site-packages/airflow/example_dags/example_latest_only_with_trigger.py
[2024-08-04T16:32:29.089+0000] {logging_mixin.py:188} INFO - [2024-08-04T16:32:29.088+0000] {dag.py:3096} INFO - Sync 1 DAGs
[2024-08-04T16:32:29.117+0000] {logging_mixin.py:188} INFO - [2024-08-04T16:32:29.116+0000] {dag.py:3954} INFO - Setting next_dagrun for latest_only_with_trigger to 2024-08-04 12:00:00+00:00, run_after=2024-08-04 16:00:00+00:00
[2024-08-04T16:32:29.143+0000] {processor.py:183} INFO - Processing /home/airflow/.local/lib/python3.12/site-packages/airflow/example_dags/example_latest_only_with_trigger.py took 0.094 seconds
[2024-08-04T16:32:59.973+0000] {processor.py:161} INFO - Started process (PID=1403) to work on /home/airflow/.local/lib/python3.12/site-packages/airflow/example_dags/example_latest_only_with_trigger.py
[2024-08-04T16:32:59.973+0000] {processor.py:830} INFO - Processing file /home/airflow/.local/lib/python3.12/site-packages/airflow/example_dags/example_latest_only_with_trigger.py for tasks to queue
[2024-08-04T16:32:59.974+0000] {logging_mixin.py:188} INFO - [2024-08-04T16:32:59.974+0000] {dagbag.py:545} INFO - Filling up the DagBag from /home/airflow/.local/lib/python3.12/site-packages/airflow/example_dags/example_latest_only_with_trigger.py
[2024-08-04T16:32:59.981+0000] {processor.py:840} INFO - DAG(s) 'latest_only_with_trigger' retrieved from /home/airflow/.local/lib/python3.12/site-packages/airflow/example_dags/example_latest_only_with_trigger.py
[2024-08-04T16:33:00.003+0000] {logging_mixin.py:188} INFO - [2024-08-04T16:33:00.003+0000] {dag.py:3096} INFO - Sync 1 DAGs
[2024-08-04T16:33:00.031+0000] {logging_mixin.py:188} INFO - [2024-08-04T16:33:00.030+0000] {dag.py:3954} INFO - Setting next_dagrun for latest_only_with_trigger to 2024-08-04 12:00:00+00:00, run_after=2024-08-04 16:00:00+00:00
[2024-08-04T16:33:00.056+0000] {processor.py:183} INFO - Processing /home/airflow/.local/lib/python3.12/site-packages/airflow/example_dags/example_latest_only_with_trigger.py took 0.090 seconds
[2024-08-04T16:33:31.065+0000] {processor.py:161} INFO - Started process (PID=1462) to work on /home/airflow/.local/lib/python3.12/site-packages/airflow/example_dags/example_latest_only_with_trigger.py
[2024-08-04T16:33:31.066+0000] {processor.py:830} INFO - Processing file /home/airflow/.local/lib/python3.12/site-packages/airflow/example_dags/example_latest_only_with_trigger.py for tasks to queue
[2024-08-04T16:33:31.067+0000] {logging_mixin.py:188} INFO - [2024-08-04T16:33:31.066+0000] {dagbag.py:545} INFO - Filling up the DagBag from /home/airflow/.local/lib/python3.12/site-packages/airflow/example_dags/example_latest_only_with_trigger.py
[2024-08-04T16:33:31.077+0000] {processor.py:840} INFO - DAG(s) 'latest_only_with_trigger' retrieved from /home/airflow/.local/lib/python3.12/site-packages/airflow/example_dags/example_latest_only_with_trigger.py
[2024-08-04T16:33:31.109+0000] {logging_mixin.py:188} INFO - [2024-08-04T16:33:31.109+0000] {dag.py:3096} INFO - Sync 1 DAGs
[2024-08-04T16:33:31.136+0000] {logging_mixin.py:188} INFO - [2024-08-04T16:33:31.136+0000] {dag.py:3954} INFO - Setting next_dagrun for latest_only_with_trigger to 2024-08-04 12:00:00+00:00, run_after=2024-08-04 16:00:00+00:00
[2024-08-04T16:33:31.161+0000] {processor.py:183} INFO - Processing /home/airflow/.local/lib/python3.12/site-packages/airflow/example_dags/example_latest_only_with_trigger.py took 0.116 seconds
[2024-08-04T16:34:01.770+0000] {processor.py:161} INFO - Started process (PID=1521) to work on /home/airflow/.local/lib/python3.12/site-packages/airflow/example_dags/example_latest_only_with_trigger.py
[2024-08-04T16:34:01.772+0000] {processor.py:830} INFO - Processing file /home/airflow/.local/lib/python3.12/site-packages/airflow/example_dags/example_latest_only_with_trigger.py for tasks to queue
[2024-08-04T16:34:01.773+0000] {logging_mixin.py:188} INFO - [2024-08-04T16:34:01.772+0000] {dagbag.py:545} INFO - Filling up the DagBag from /home/airflow/.local/lib/python3.12/site-packages/airflow/example_dags/example_latest_only_with_trigger.py
[2024-08-04T16:34:01.779+0000] {processor.py:840} INFO - DAG(s) 'latest_only_with_trigger' retrieved from /home/airflow/.local/lib/python3.12/site-packages/airflow/example_dags/example_latest_only_with_trigger.py
[2024-08-04T16:34:01.803+0000] {logging_mixin.py:188} INFO - [2024-08-04T16:34:01.802+0000] {dag.py:3096} INFO - Sync 1 DAGs
[2024-08-04T16:34:01.829+0000] {logging_mixin.py:188} INFO - [2024-08-04T16:34:01.829+0000] {dag.py:3954} INFO - Setting next_dagrun for latest_only_with_trigger to 2024-08-04 12:00:00+00:00, run_after=2024-08-04 16:00:00+00:00
[2024-08-04T16:34:01.854+0000] {processor.py:183} INFO - Processing /home/airflow/.local/lib/python3.12/site-packages/airflow/example_dags/example_latest_only_with_trigger.py took 0.089 seconds
[2024-08-04T16:34:32.544+0000] {processor.py:161} INFO - Started process (PID=1580) to work on /home/airflow/.local/lib/python3.12/site-packages/airflow/example_dags/example_latest_only_with_trigger.py
[2024-08-04T16:34:32.545+0000] {processor.py:830} INFO - Processing file /home/airflow/.local/lib/python3.12/site-packages/airflow/example_dags/example_latest_only_with_trigger.py for tasks to queue
[2024-08-04T16:34:32.546+0000] {logging_mixin.py:188} INFO - [2024-08-04T16:34:32.546+0000] {dagbag.py:545} INFO - Filling up the DagBag from /home/airflow/.local/lib/python3.12/site-packages/airflow/example_dags/example_latest_only_with_trigger.py
[2024-08-04T16:34:32.562+0000] {processor.py:840} INFO - DAG(s) 'latest_only_with_trigger' retrieved from /home/airflow/.local/lib/python3.12/site-packages/airflow/example_dags/example_latest_only_with_trigger.py
[2024-08-04T16:34:32.602+0000] {logging_mixin.py:188} INFO - [2024-08-04T16:34:32.602+0000] {dag.py:3096} INFO - Sync 1 DAGs
[2024-08-04T16:34:32.636+0000] {logging_mixin.py:188} INFO - [2024-08-04T16:34:32.635+0000] {dag.py:3954} INFO - Setting next_dagrun for latest_only_with_trigger to 2024-08-04 12:00:00+00:00, run_after=2024-08-04 16:00:00+00:00
[2024-08-04T16:34:32.685+0000] {processor.py:183} INFO - Processing /home/airflow/.local/lib/python3.12/site-packages/airflow/example_dags/example_latest_only_with_trigger.py took 0.149 seconds
[2024-08-04T16:35:03.735+0000] {processor.py:161} INFO - Started process (PID=1639) to work on /home/airflow/.local/lib/python3.12/site-packages/airflow/example_dags/example_latest_only_with_trigger.py
[2024-08-04T16:35:03.750+0000] {processor.py:830} INFO - Processing file /home/airflow/.local/lib/python3.12/site-packages/airflow/example_dags/example_latest_only_with_trigger.py for tasks to queue
[2024-08-04T16:35:03.751+0000] {logging_mixin.py:188} INFO - [2024-08-04T16:35:03.750+0000] {dagbag.py:545} INFO - Filling up the DagBag from /home/airflow/.local/lib/python3.12/site-packages/airflow/example_dags/example_latest_only_with_trigger.py
[2024-08-04T16:35:03.772+0000] {processor.py:840} INFO - DAG(s) 'latest_only_with_trigger' retrieved from /home/airflow/.local/lib/python3.12/site-packages/airflow/example_dags/example_latest_only_with_trigger.py
[2024-08-04T16:35:03.922+0000] {logging_mixin.py:188} INFO - [2024-08-04T16:35:03.922+0000] {dag.py:3096} INFO - Sync 1 DAGs
[2024-08-04T16:35:04.003+0000] {logging_mixin.py:188} INFO - [2024-08-04T16:35:04.002+0000] {dag.py:3954} INFO - Setting next_dagrun for latest_only_with_trigger to 2024-08-04 12:00:00+00:00, run_after=2024-08-04 16:00:00+00:00
[2024-08-04T16:35:04.886+0000] {processor.py:183} INFO - Processing /home/airflow/.local/lib/python3.12/site-packages/airflow/example_dags/example_latest_only_with_trigger.py took 1.181 seconds
[2024-08-04T16:35:34.987+0000] {processor.py:161} INFO - Started process (PID=1697) to work on /home/airflow/.local/lib/python3.12/site-packages/airflow/example_dags/example_latest_only_with_trigger.py
[2024-08-04T16:35:34.988+0000] {processor.py:830} INFO - Processing file /home/airflow/.local/lib/python3.12/site-packages/airflow/example_dags/example_latest_only_with_trigger.py for tasks to queue
[2024-08-04T16:35:34.989+0000] {logging_mixin.py:188} INFO - [2024-08-04T16:35:34.989+0000] {dagbag.py:545} INFO - Filling up the DagBag from /home/airflow/.local/lib/python3.12/site-packages/airflow/example_dags/example_latest_only_with_trigger.py
[2024-08-04T16:35:34.996+0000] {processor.py:840} INFO - DAG(s) 'latest_only_with_trigger' retrieved from /home/airflow/.local/lib/python3.12/site-packages/airflow/example_dags/example_latest_only_with_trigger.py
[2024-08-04T16:35:35.020+0000] {logging_mixin.py:188} INFO - [2024-08-04T16:35:35.019+0000] {dag.py:3096} INFO - Sync 1 DAGs
[2024-08-04T16:35:35.047+0000] {logging_mixin.py:188} INFO - [2024-08-04T16:35:35.046+0000] {dag.py:3954} INFO - Setting next_dagrun for latest_only_with_trigger to 2024-08-04 12:00:00+00:00, run_after=2024-08-04 16:00:00+00:00
[2024-08-04T16:35:35.074+0000] {processor.py:183} INFO - Processing /home/airflow/.local/lib/python3.12/site-packages/airflow/example_dags/example_latest_only_with_trigger.py took 0.093 seconds
[2024-08-04T16:36:05.321+0000] {processor.py:161} INFO - Started process (PID=1757) to work on /home/airflow/.local/lib/python3.12/site-packages/airflow/example_dags/example_latest_only_with_trigger.py
[2024-08-04T16:36:05.322+0000] {processor.py:830} INFO - Processing file /home/airflow/.local/lib/python3.12/site-packages/airflow/example_dags/example_latest_only_with_trigger.py for tasks to queue
[2024-08-04T16:36:05.323+0000] {logging_mixin.py:188} INFO - [2024-08-04T16:36:05.323+0000] {dagbag.py:545} INFO - Filling up the DagBag from /home/airflow/.local/lib/python3.12/site-packages/airflow/example_dags/example_latest_only_with_trigger.py
[2024-08-04T16:36:05.331+0000] {processor.py:840} INFO - DAG(s) 'latest_only_with_trigger' retrieved from /home/airflow/.local/lib/python3.12/site-packages/airflow/example_dags/example_latest_only_with_trigger.py
[2024-08-04T16:36:05.369+0000] {logging_mixin.py:188} INFO - [2024-08-04T16:36:05.369+0000] {dag.py:3096} INFO - Sync 1 DAGs
[2024-08-04T16:36:05.410+0000] {logging_mixin.py:188} INFO - [2024-08-04T16:36:05.410+0000] {dag.py:3954} INFO - Setting next_dagrun for latest_only_with_trigger to 2024-08-04 12:00:00+00:00, run_after=2024-08-04 16:00:00+00:00
[2024-08-04T16:36:05.437+0000] {processor.py:183} INFO - Processing /home/airflow/.local/lib/python3.12/site-packages/airflow/example_dags/example_latest_only_with_trigger.py took 0.122 seconds
