[2024-08-04T16:21:22.266+0000] {processor.py:161} INFO - Started process (PID=80) to work on /home/airflow/.local/lib/python3.12/site-packages/airflow/example_dags/example_short_circuit_operator.py
[2024-08-04T16:21:22.266+0000] {processor.py:830} INFO - Processing file /home/airflow/.local/lib/python3.12/site-packages/airflow/example_dags/example_short_circuit_operator.py for tasks to queue
[2024-08-04T16:21:22.269+0000] {logging_mixin.py:188} INFO - [2024-08-04T16:21:22.269+0000] {dagbag.py:545} INFO - Filling up the DagBag from /home/airflow/.local/lib/python3.12/site-packages/airflow/example_dags/example_short_circuit_operator.py
[2024-08-04T16:21:22.280+0000] {processor.py:840} INFO - DAG(s) 'example_short_circuit_operator' retrieved from /home/airflow/.local/lib/python3.12/site-packages/airflow/example_dags/example_short_circuit_operator.py
[2024-08-04T16:21:22.566+0000] {logging_mixin.py:188} INFO - [2024-08-04T16:21:22.565+0000] {dag.py:3096} INFO - Sync 1 DAGs
[2024-08-04T16:21:22.621+0000] {logging_mixin.py:188} INFO - [2024-08-04T16:21:22.621+0000] {dag.py:3954} INFO - Setting next_dagrun for example_short_circuit_operator to 2024-08-03 00:00:00+00:00, run_after=2024-08-04 00:00:00+00:00
[2024-08-04T16:21:22.668+0000] {processor.py:183} INFO - Processing /home/airflow/.local/lib/python3.12/site-packages/airflow/example_dags/example_short_circuit_operator.py took 0.411 seconds
[2024-08-04T16:21:53.548+0000] {processor.py:161} INFO - Started process (PID=138) to work on /home/airflow/.local/lib/python3.12/site-packages/airflow/example_dags/example_short_circuit_operator.py
[2024-08-04T16:21:53.548+0000] {processor.py:830} INFO - Processing file /home/airflow/.local/lib/python3.12/site-packages/airflow/example_dags/example_short_circuit_operator.py for tasks to queue
[2024-08-04T16:21:53.550+0000] {logging_mixin.py:188} INFO - [2024-08-04T16:21:53.550+0000] {dagbag.py:545} INFO - Filling up the DagBag from /home/airflow/.local/lib/python3.12/site-packages/airflow/example_dags/example_short_circuit_operator.py
[2024-08-04T16:21:53.559+0000] {processor.py:840} INFO - DAG(s) 'example_short_circuit_operator' retrieved from /home/airflow/.local/lib/python3.12/site-packages/airflow/example_dags/example_short_circuit_operator.py
[2024-08-04T16:21:53.588+0000] {logging_mixin.py:188} INFO - [2024-08-04T16:21:53.588+0000] {dag.py:3096} INFO - Sync 1 DAGs
[2024-08-04T16:21:53.616+0000] {logging_mixin.py:188} INFO - [2024-08-04T16:21:53.616+0000] {dag.py:3954} INFO - Setting next_dagrun for example_short_circuit_operator to 2024-08-03 00:00:00+00:00, run_after=2024-08-04 00:00:00+00:00
[2024-08-04T16:21:53.637+0000] {processor.py:183} INFO - Processing /home/airflow/.local/lib/python3.12/site-packages/airflow/example_dags/example_short_circuit_operator.py took 0.096 seconds
[2024-08-04T16:22:23.793+0000] {processor.py:161} INFO - Started process (PID=196) to work on /home/airflow/.local/lib/python3.12/site-packages/airflow/example_dags/example_short_circuit_operator.py
[2024-08-04T16:22:23.794+0000] {processor.py:830} INFO - Processing file /home/airflow/.local/lib/python3.12/site-packages/airflow/example_dags/example_short_circuit_operator.py for tasks to queue
[2024-08-04T16:22:23.796+0000] {logging_mixin.py:188} INFO - [2024-08-04T16:22:23.795+0000] {dagbag.py:545} INFO - Filling up the DagBag from /home/airflow/.local/lib/python3.12/site-packages/airflow/example_dags/example_short_circuit_operator.py
[2024-08-04T16:22:23.821+0000] {processor.py:840} INFO - DAG(s) 'example_short_circuit_operator' retrieved from /home/airflow/.local/lib/python3.12/site-packages/airflow/example_dags/example_short_circuit_operator.py
[2024-08-04T16:22:23.876+0000] {logging_mixin.py:188} INFO - [2024-08-04T16:22:23.876+0000] {dag.py:3096} INFO - Sync 1 DAGs
[2024-08-04T16:22:23.900+0000] {logging_mixin.py:188} INFO - [2024-08-04T16:22:23.900+0000] {dag.py:3954} INFO - Setting next_dagrun for example_short_circuit_operator to 2024-08-03 00:00:00+00:00, run_after=2024-08-04 00:00:00+00:00
[2024-08-04T16:22:23.925+0000] {processor.py:183} INFO - Processing /home/airflow/.local/lib/python3.12/site-packages/airflow/example_dags/example_short_circuit_operator.py took 0.138 seconds
[2024-08-04T16:22:54.492+0000] {processor.py:161} INFO - Started process (PID=254) to work on /home/airflow/.local/lib/python3.12/site-packages/airflow/example_dags/example_short_circuit_operator.py
[2024-08-04T16:22:54.493+0000] {processor.py:830} INFO - Processing file /home/airflow/.local/lib/python3.12/site-packages/airflow/example_dags/example_short_circuit_operator.py for tasks to queue
[2024-08-04T16:22:54.495+0000] {logging_mixin.py:188} INFO - [2024-08-04T16:22:54.494+0000] {dagbag.py:545} INFO - Filling up the DagBag from /home/airflow/.local/lib/python3.12/site-packages/airflow/example_dags/example_short_circuit_operator.py
[2024-08-04T16:22:54.503+0000] {processor.py:840} INFO - DAG(s) 'example_short_circuit_operator' retrieved from /home/airflow/.local/lib/python3.12/site-packages/airflow/example_dags/example_short_circuit_operator.py
[2024-08-04T16:22:54.533+0000] {logging_mixin.py:188} INFO - [2024-08-04T16:22:54.533+0000] {dag.py:3096} INFO - Sync 1 DAGs
[2024-08-04T16:22:54.559+0000] {logging_mixin.py:188} INFO - [2024-08-04T16:22:54.558+0000] {dag.py:3954} INFO - Setting next_dagrun for example_short_circuit_operator to 2024-08-03 00:00:00+00:00, run_after=2024-08-04 00:00:00+00:00
[2024-08-04T16:22:54.590+0000] {processor.py:183} INFO - Processing /home/airflow/.local/lib/python3.12/site-packages/airflow/example_dags/example_short_circuit_operator.py took 0.104 seconds
[2024-08-04T16:23:25.061+0000] {processor.py:161} INFO - Started process (PID=312) to work on /home/airflow/.local/lib/python3.12/site-packages/airflow/example_dags/example_short_circuit_operator.py
[2024-08-04T16:23:25.062+0000] {processor.py:830} INFO - Processing file /home/airflow/.local/lib/python3.12/site-packages/airflow/example_dags/example_short_circuit_operator.py for tasks to queue
[2024-08-04T16:23:25.064+0000] {logging_mixin.py:188} INFO - [2024-08-04T16:23:25.063+0000] {dagbag.py:545} INFO - Filling up the DagBag from /home/airflow/.local/lib/python3.12/site-packages/airflow/example_dags/example_short_circuit_operator.py
[2024-08-04T16:23:25.073+0000] {processor.py:840} INFO - DAG(s) 'example_short_circuit_operator' retrieved from /home/airflow/.local/lib/python3.12/site-packages/airflow/example_dags/example_short_circuit_operator.py
[2024-08-04T16:23:25.117+0000] {logging_mixin.py:188} INFO - [2024-08-04T16:23:25.117+0000] {dag.py:3096} INFO - Sync 1 DAGs
[2024-08-04T16:23:25.147+0000] {logging_mixin.py:188} INFO - [2024-08-04T16:23:25.147+0000] {dag.py:3954} INFO - Setting next_dagrun for example_short_circuit_operator to 2024-08-03 00:00:00+00:00, run_after=2024-08-04 00:00:00+00:00
[2024-08-04T16:23:25.179+0000] {processor.py:183} INFO - Processing /home/airflow/.local/lib/python3.12/site-packages/airflow/example_dags/example_short_circuit_operator.py took 0.125 seconds
[2024-08-04T16:23:56.036+0000] {processor.py:161} INFO - Started process (PID=370) to work on /home/airflow/.local/lib/python3.12/site-packages/airflow/example_dags/example_short_circuit_operator.py
[2024-08-04T16:23:56.037+0000] {processor.py:830} INFO - Processing file /home/airflow/.local/lib/python3.12/site-packages/airflow/example_dags/example_short_circuit_operator.py for tasks to queue
[2024-08-04T16:23:56.038+0000] {logging_mixin.py:188} INFO - [2024-08-04T16:23:56.038+0000] {dagbag.py:545} INFO - Filling up the DagBag from /home/airflow/.local/lib/python3.12/site-packages/airflow/example_dags/example_short_circuit_operator.py
[2024-08-04T16:23:56.047+0000] {processor.py:840} INFO - DAG(s) 'example_short_circuit_operator' retrieved from /home/airflow/.local/lib/python3.12/site-packages/airflow/example_dags/example_short_circuit_operator.py
[2024-08-04T16:23:56.077+0000] {logging_mixin.py:188} INFO - [2024-08-04T16:23:56.076+0000] {dag.py:3096} INFO - Sync 1 DAGs
[2024-08-04T16:23:56.105+0000] {logging_mixin.py:188} INFO - [2024-08-04T16:23:56.105+0000] {dag.py:3954} INFO - Setting next_dagrun for example_short_circuit_operator to 2024-08-03 00:00:00+00:00, run_after=2024-08-04 00:00:00+00:00
[2024-08-04T16:23:56.127+0000] {processor.py:183} INFO - Processing /home/airflow/.local/lib/python3.12/site-packages/airflow/example_dags/example_short_circuit_operator.py took 0.097 seconds
[2024-08-04T16:24:26.191+0000] {processor.py:161} INFO - Started process (PID=429) to work on /home/airflow/.local/lib/python3.12/site-packages/airflow/example_dags/example_short_circuit_operator.py
[2024-08-04T16:24:26.191+0000] {processor.py:830} INFO - Processing file /home/airflow/.local/lib/python3.12/site-packages/airflow/example_dags/example_short_circuit_operator.py for tasks to queue
[2024-08-04T16:24:26.193+0000] {logging_mixin.py:188} INFO - [2024-08-04T16:24:26.193+0000] {dagbag.py:545} INFO - Filling up the DagBag from /home/airflow/.local/lib/python3.12/site-packages/airflow/example_dags/example_short_circuit_operator.py
[2024-08-04T16:24:26.202+0000] {processor.py:840} INFO - DAG(s) 'example_short_circuit_operator' retrieved from /home/airflow/.local/lib/python3.12/site-packages/airflow/example_dags/example_short_circuit_operator.py
[2024-08-04T16:24:26.232+0000] {logging_mixin.py:188} INFO - [2024-08-04T16:24:26.232+0000] {dag.py:3096} INFO - Sync 1 DAGs
[2024-08-04T16:24:26.259+0000] {logging_mixin.py:188} INFO - [2024-08-04T16:24:26.259+0000] {dag.py:3954} INFO - Setting next_dagrun for example_short_circuit_operator to 2024-08-03 00:00:00+00:00, run_after=2024-08-04 00:00:00+00:00
[2024-08-04T16:24:26.282+0000] {processor.py:183} INFO - Processing /home/airflow/.local/lib/python3.12/site-packages/airflow/example_dags/example_short_circuit_operator.py took 0.098 seconds
[2024-08-04T16:24:57.770+0000] {processor.py:161} INFO - Started process (PID=487) to work on /home/airflow/.local/lib/python3.12/site-packages/airflow/example_dags/example_short_circuit_operator.py
[2024-08-04T16:24:57.779+0000] {processor.py:830} INFO - Processing file /home/airflow/.local/lib/python3.12/site-packages/airflow/example_dags/example_short_circuit_operator.py for tasks to queue
[2024-08-04T16:24:57.781+0000] {logging_mixin.py:188} INFO - [2024-08-04T16:24:57.781+0000] {dagbag.py:545} INFO - Filling up the DagBag from /home/airflow/.local/lib/python3.12/site-packages/airflow/example_dags/example_short_circuit_operator.py
[2024-08-04T16:24:57.808+0000] {processor.py:840} INFO - DAG(s) 'example_short_circuit_operator' retrieved from /home/airflow/.local/lib/python3.12/site-packages/airflow/example_dags/example_short_circuit_operator.py
[2024-08-04T16:24:57.894+0000] {logging_mixin.py:188} INFO - [2024-08-04T16:24:57.894+0000] {dag.py:3096} INFO - Sync 1 DAGs
[2024-08-04T16:24:58.026+0000] {logging_mixin.py:188} INFO - [2024-08-04T16:24:58.025+0000] {dag.py:3954} INFO - Setting next_dagrun for example_short_circuit_operator to 2024-08-03 00:00:00+00:00, run_after=2024-08-04 00:00:00+00:00
[2024-08-04T16:24:58.151+0000] {processor.py:183} INFO - Processing /home/airflow/.local/lib/python3.12/site-packages/airflow/example_dags/example_short_circuit_operator.py took 0.418 seconds
[2024-08-04T16:25:28.773+0000] {processor.py:161} INFO - Started process (PID=545) to work on /home/airflow/.local/lib/python3.12/site-packages/airflow/example_dags/example_short_circuit_operator.py
[2024-08-04T16:25:28.786+0000] {processor.py:830} INFO - Processing file /home/airflow/.local/lib/python3.12/site-packages/airflow/example_dags/example_short_circuit_operator.py for tasks to queue
[2024-08-04T16:25:28.788+0000] {logging_mixin.py:188} INFO - [2024-08-04T16:25:28.787+0000] {dagbag.py:545} INFO - Filling up the DagBag from /home/airflow/.local/lib/python3.12/site-packages/airflow/example_dags/example_short_circuit_operator.py
[2024-08-04T16:25:28.800+0000] {processor.py:840} INFO - DAG(s) 'example_short_circuit_operator' retrieved from /home/airflow/.local/lib/python3.12/site-packages/airflow/example_dags/example_short_circuit_operator.py
[2024-08-04T16:25:28.850+0000] {logging_mixin.py:188} INFO - [2024-08-04T16:25:28.850+0000] {dag.py:3096} INFO - Sync 1 DAGs
[2024-08-04T16:25:28.888+0000] {logging_mixin.py:188} INFO - [2024-08-04T16:25:28.887+0000] {dag.py:3954} INFO - Setting next_dagrun for example_short_circuit_operator to 2024-08-03 00:00:00+00:00, run_after=2024-08-04 00:00:00+00:00
[2024-08-04T16:25:28.935+0000] {processor.py:183} INFO - Processing /home/airflow/.local/lib/python3.12/site-packages/airflow/example_dags/example_short_circuit_operator.py took 0.173 seconds
[2024-08-04T16:25:59.778+0000] {processor.py:161} INFO - Started process (PID=604) to work on /home/airflow/.local/lib/python3.12/site-packages/airflow/example_dags/example_short_circuit_operator.py
[2024-08-04T16:25:59.779+0000] {processor.py:830} INFO - Processing file /home/airflow/.local/lib/python3.12/site-packages/airflow/example_dags/example_short_circuit_operator.py for tasks to queue
[2024-08-04T16:25:59.780+0000] {logging_mixin.py:188} INFO - [2024-08-04T16:25:59.780+0000] {dagbag.py:545} INFO - Filling up the DagBag from /home/airflow/.local/lib/python3.12/site-packages/airflow/example_dags/example_short_circuit_operator.py
[2024-08-04T16:25:59.789+0000] {processor.py:840} INFO - DAG(s) 'example_short_circuit_operator' retrieved from /home/airflow/.local/lib/python3.12/site-packages/airflow/example_dags/example_short_circuit_operator.py
[2024-08-04T16:25:59.816+0000] {logging_mixin.py:188} INFO - [2024-08-04T16:25:59.816+0000] {dag.py:3096} INFO - Sync 1 DAGs
[2024-08-04T16:25:59.844+0000] {logging_mixin.py:188} INFO - [2024-08-04T16:25:59.844+0000] {dag.py:3954} INFO - Setting next_dagrun for example_short_circuit_operator to 2024-08-03 00:00:00+00:00, run_after=2024-08-04 00:00:00+00:00
[2024-08-04T16:25:59.870+0000] {processor.py:183} INFO - Processing /home/airflow/.local/lib/python3.12/site-packages/airflow/example_dags/example_short_circuit_operator.py took 0.098 seconds
[2024-08-04T16:26:30.143+0000] {processor.py:161} INFO - Started process (PID=661) to work on /home/airflow/.local/lib/python3.12/site-packages/airflow/example_dags/example_short_circuit_operator.py
[2024-08-04T16:26:30.143+0000] {processor.py:830} INFO - Processing file /home/airflow/.local/lib/python3.12/site-packages/airflow/example_dags/example_short_circuit_operator.py for tasks to queue
[2024-08-04T16:26:30.145+0000] {logging_mixin.py:188} INFO - [2024-08-04T16:26:30.145+0000] {dagbag.py:545} INFO - Filling up the DagBag from /home/airflow/.local/lib/python3.12/site-packages/airflow/example_dags/example_short_circuit_operator.py
[2024-08-04T16:26:30.154+0000] {processor.py:840} INFO - DAG(s) 'example_short_circuit_operator' retrieved from /home/airflow/.local/lib/python3.12/site-packages/airflow/example_dags/example_short_circuit_operator.py
[2024-08-04T16:26:30.180+0000] {logging_mixin.py:188} INFO - [2024-08-04T16:26:30.180+0000] {dag.py:3096} INFO - Sync 1 DAGs
[2024-08-04T16:26:30.208+0000] {logging_mixin.py:188} INFO - [2024-08-04T16:26:30.208+0000] {dag.py:3954} INFO - Setting next_dagrun for example_short_circuit_operator to 2024-08-03 00:00:00+00:00, run_after=2024-08-04 00:00:00+00:00
[2024-08-04T16:26:30.233+0000] {processor.py:183} INFO - Processing /home/airflow/.local/lib/python3.12/site-packages/airflow/example_dags/example_short_circuit_operator.py took 0.097 seconds
[2024-08-04T16:27:00.581+0000] {processor.py:161} INFO - Started process (PID=719) to work on /home/airflow/.local/lib/python3.12/site-packages/airflow/example_dags/example_short_circuit_operator.py
[2024-08-04T16:27:00.581+0000] {processor.py:830} INFO - Processing file /home/airflow/.local/lib/python3.12/site-packages/airflow/example_dags/example_short_circuit_operator.py for tasks to queue
[2024-08-04T16:27:00.583+0000] {logging_mixin.py:188} INFO - [2024-08-04T16:27:00.583+0000] {dagbag.py:545} INFO - Filling up the DagBag from /home/airflow/.local/lib/python3.12/site-packages/airflow/example_dags/example_short_circuit_operator.py
[2024-08-04T16:27:00.591+0000] {processor.py:840} INFO - DAG(s) 'example_short_circuit_operator' retrieved from /home/airflow/.local/lib/python3.12/site-packages/airflow/example_dags/example_short_circuit_operator.py
[2024-08-04T16:27:00.619+0000] {logging_mixin.py:188} INFO - [2024-08-04T16:27:00.619+0000] {dag.py:3096} INFO - Sync 1 DAGs
[2024-08-04T16:27:00.646+0000] {logging_mixin.py:188} INFO - [2024-08-04T16:27:00.646+0000] {dag.py:3954} INFO - Setting next_dagrun for example_short_circuit_operator to 2024-08-03 00:00:00+00:00, run_after=2024-08-04 00:00:00+00:00
[2024-08-04T16:27:00.669+0000] {processor.py:183} INFO - Processing /home/airflow/.local/lib/python3.12/site-packages/airflow/example_dags/example_short_circuit_operator.py took 0.094 seconds
[2024-08-04T16:27:31.311+0000] {processor.py:161} INFO - Started process (PID=777) to work on /home/airflow/.local/lib/python3.12/site-packages/airflow/example_dags/example_short_circuit_operator.py
[2024-08-04T16:27:31.311+0000] {processor.py:830} INFO - Processing file /home/airflow/.local/lib/python3.12/site-packages/airflow/example_dags/example_short_circuit_operator.py for tasks to queue
[2024-08-04T16:27:31.313+0000] {logging_mixin.py:188} INFO - [2024-08-04T16:27:31.313+0000] {dagbag.py:545} INFO - Filling up the DagBag from /home/airflow/.local/lib/python3.12/site-packages/airflow/example_dags/example_short_circuit_operator.py
[2024-08-04T16:27:31.322+0000] {processor.py:840} INFO - DAG(s) 'example_short_circuit_operator' retrieved from /home/airflow/.local/lib/python3.12/site-packages/airflow/example_dags/example_short_circuit_operator.py
[2024-08-04T16:27:31.348+0000] {logging_mixin.py:188} INFO - [2024-08-04T16:27:31.348+0000] {dag.py:3096} INFO - Sync 1 DAGs
[2024-08-04T16:27:31.377+0000] {logging_mixin.py:188} INFO - [2024-08-04T16:27:31.377+0000] {dag.py:3954} INFO - Setting next_dagrun for example_short_circuit_operator to 2024-08-03 00:00:00+00:00, run_after=2024-08-04 00:00:00+00:00
[2024-08-04T16:27:31.402+0000] {processor.py:183} INFO - Processing /home/airflow/.local/lib/python3.12/site-packages/airflow/example_dags/example_short_circuit_operator.py took 0.098 seconds
[2024-08-04T16:28:01.473+0000] {processor.py:161} INFO - Started process (PID=835) to work on /home/airflow/.local/lib/python3.12/site-packages/airflow/example_dags/example_short_circuit_operator.py
[2024-08-04T16:28:01.474+0000] {processor.py:830} INFO - Processing file /home/airflow/.local/lib/python3.12/site-packages/airflow/example_dags/example_short_circuit_operator.py for tasks to queue
[2024-08-04T16:28:01.476+0000] {logging_mixin.py:188} INFO - [2024-08-04T16:28:01.475+0000] {dagbag.py:545} INFO - Filling up the DagBag from /home/airflow/.local/lib/python3.12/site-packages/airflow/example_dags/example_short_circuit_operator.py
[2024-08-04T16:28:01.484+0000] {processor.py:840} INFO - DAG(s) 'example_short_circuit_operator' retrieved from /home/airflow/.local/lib/python3.12/site-packages/airflow/example_dags/example_short_circuit_operator.py
[2024-08-04T16:28:01.512+0000] {logging_mixin.py:188} INFO - [2024-08-04T16:28:01.512+0000] {dag.py:3096} INFO - Sync 1 DAGs
[2024-08-04T16:28:01.538+0000] {logging_mixin.py:188} INFO - [2024-08-04T16:28:01.538+0000] {dag.py:3954} INFO - Setting next_dagrun for example_short_circuit_operator to 2024-08-03 00:00:00+00:00, run_after=2024-08-04 00:00:00+00:00
[2024-08-04T16:28:01.562+0000] {processor.py:183} INFO - Processing /home/airflow/.local/lib/python3.12/site-packages/airflow/example_dags/example_short_circuit_operator.py took 0.095 seconds
[2024-08-04T16:28:32.530+0000] {processor.py:161} INFO - Started process (PID=893) to work on /home/airflow/.local/lib/python3.12/site-packages/airflow/example_dags/example_short_circuit_operator.py
[2024-08-04T16:28:32.531+0000] {processor.py:830} INFO - Processing file /home/airflow/.local/lib/python3.12/site-packages/airflow/example_dags/example_short_circuit_operator.py for tasks to queue
[2024-08-04T16:28:32.532+0000] {logging_mixin.py:188} INFO - [2024-08-04T16:28:32.532+0000] {dagbag.py:545} INFO - Filling up the DagBag from /home/airflow/.local/lib/python3.12/site-packages/airflow/example_dags/example_short_circuit_operator.py
[2024-08-04T16:28:32.541+0000] {processor.py:840} INFO - DAG(s) 'example_short_circuit_operator' retrieved from /home/airflow/.local/lib/python3.12/site-packages/airflow/example_dags/example_short_circuit_operator.py
[2024-08-04T16:28:32.568+0000] {logging_mixin.py:188} INFO - [2024-08-04T16:28:32.568+0000] {dag.py:3096} INFO - Sync 1 DAGs
[2024-08-04T16:28:32.597+0000] {logging_mixin.py:188} INFO - [2024-08-04T16:28:32.596+0000] {dag.py:3954} INFO - Setting next_dagrun for example_short_circuit_operator to 2024-08-03 00:00:00+00:00, run_after=2024-08-04 00:00:00+00:00
[2024-08-04T16:28:32.621+0000] {processor.py:183} INFO - Processing /home/airflow/.local/lib/python3.12/site-packages/airflow/example_dags/example_short_circuit_operator.py took 0.097 seconds
[2024-08-04T16:29:03.275+0000] {processor.py:161} INFO - Started process (PID=952) to work on /home/airflow/.local/lib/python3.12/site-packages/airflow/example_dags/example_short_circuit_operator.py
[2024-08-04T16:29:03.276+0000] {processor.py:830} INFO - Processing file /home/airflow/.local/lib/python3.12/site-packages/airflow/example_dags/example_short_circuit_operator.py for tasks to queue
[2024-08-04T16:29:03.278+0000] {logging_mixin.py:188} INFO - [2024-08-04T16:29:03.277+0000] {dagbag.py:545} INFO - Filling up the DagBag from /home/airflow/.local/lib/python3.12/site-packages/airflow/example_dags/example_short_circuit_operator.py
[2024-08-04T16:29:03.290+0000] {processor.py:840} INFO - DAG(s) 'example_short_circuit_operator' retrieved from /home/airflow/.local/lib/python3.12/site-packages/airflow/example_dags/example_short_circuit_operator.py
[2024-08-04T16:29:03.319+0000] {logging_mixin.py:188} INFO - [2024-08-04T16:29:03.319+0000] {dag.py:3096} INFO - Sync 1 DAGs
[2024-08-04T16:29:03.345+0000] {logging_mixin.py:188} INFO - [2024-08-04T16:29:03.345+0000] {dag.py:3954} INFO - Setting next_dagrun for example_short_circuit_operator to 2024-08-03 00:00:00+00:00, run_after=2024-08-04 00:00:00+00:00
[2024-08-04T16:29:03.369+0000] {processor.py:183} INFO - Processing /home/airflow/.local/lib/python3.12/site-packages/airflow/example_dags/example_short_circuit_operator.py took 0.107 seconds
[2024-08-04T16:29:33.698+0000] {processor.py:161} INFO - Started process (PID=1010) to work on /home/airflow/.local/lib/python3.12/site-packages/airflow/example_dags/example_short_circuit_operator.py
[2024-08-04T16:29:33.699+0000] {processor.py:830} INFO - Processing file /home/airflow/.local/lib/python3.12/site-packages/airflow/example_dags/example_short_circuit_operator.py for tasks to queue
[2024-08-04T16:29:33.701+0000] {logging_mixin.py:188} INFO - [2024-08-04T16:29:33.700+0000] {dagbag.py:545} INFO - Filling up the DagBag from /home/airflow/.local/lib/python3.12/site-packages/airflow/example_dags/example_short_circuit_operator.py
[2024-08-04T16:29:33.709+0000] {processor.py:840} INFO - DAG(s) 'example_short_circuit_operator' retrieved from /home/airflow/.local/lib/python3.12/site-packages/airflow/example_dags/example_short_circuit_operator.py
[2024-08-04T16:29:33.735+0000] {logging_mixin.py:188} INFO - [2024-08-04T16:29:33.735+0000] {dag.py:3096} INFO - Sync 1 DAGs
[2024-08-04T16:29:33.762+0000] {logging_mixin.py:188} INFO - [2024-08-04T16:29:33.762+0000] {dag.py:3954} INFO - Setting next_dagrun for example_short_circuit_operator to 2024-08-03 00:00:00+00:00, run_after=2024-08-04 00:00:00+00:00
[2024-08-04T16:29:33.786+0000] {processor.py:183} INFO - Processing /home/airflow/.local/lib/python3.12/site-packages/airflow/example_dags/example_short_circuit_operator.py took 0.095 seconds
[2024-08-04T16:30:04.579+0000] {processor.py:161} INFO - Started process (PID=1068) to work on /home/airflow/.local/lib/python3.12/site-packages/airflow/example_dags/example_short_circuit_operator.py
[2024-08-04T16:30:04.580+0000] {processor.py:830} INFO - Processing file /home/airflow/.local/lib/python3.12/site-packages/airflow/example_dags/example_short_circuit_operator.py for tasks to queue
[2024-08-04T16:30:04.586+0000] {logging_mixin.py:188} INFO - [2024-08-04T16:30:04.586+0000] {dagbag.py:545} INFO - Filling up the DagBag from /home/airflow/.local/lib/python3.12/site-packages/airflow/example_dags/example_short_circuit_operator.py
[2024-08-04T16:30:04.603+0000] {processor.py:840} INFO - DAG(s) 'example_short_circuit_operator' retrieved from /home/airflow/.local/lib/python3.12/site-packages/airflow/example_dags/example_short_circuit_operator.py
[2024-08-04T16:30:04.639+0000] {logging_mixin.py:188} INFO - [2024-08-04T16:30:04.639+0000] {dag.py:3096} INFO - Sync 1 DAGs
[2024-08-04T16:30:04.679+0000] {logging_mixin.py:188} INFO - [2024-08-04T16:30:04.678+0000] {dag.py:3954} INFO - Setting next_dagrun for example_short_circuit_operator to 2024-08-03 00:00:00+00:00, run_after=2024-08-04 00:00:00+00:00
[2024-08-04T16:30:04.712+0000] {processor.py:183} INFO - Processing /home/airflow/.local/lib/python3.12/site-packages/airflow/example_dags/example_short_circuit_operator.py took 0.147 seconds
[2024-08-04T16:30:35.419+0000] {processor.py:161} INFO - Started process (PID=1126) to work on /home/airflow/.local/lib/python3.12/site-packages/airflow/example_dags/example_short_circuit_operator.py
[2024-08-04T16:30:35.420+0000] {processor.py:830} INFO - Processing file /home/airflow/.local/lib/python3.12/site-packages/airflow/example_dags/example_short_circuit_operator.py for tasks to queue
[2024-08-04T16:30:35.428+0000] {logging_mixin.py:188} INFO - [2024-08-04T16:30:35.428+0000] {dagbag.py:545} INFO - Filling up the DagBag from /home/airflow/.local/lib/python3.12/site-packages/airflow/example_dags/example_short_circuit_operator.py
[2024-08-04T16:30:35.437+0000] {processor.py:840} INFO - DAG(s) 'example_short_circuit_operator' retrieved from /home/airflow/.local/lib/python3.12/site-packages/airflow/example_dags/example_short_circuit_operator.py
[2024-08-04T16:30:35.496+0000] {logging_mixin.py:188} INFO - [2024-08-04T16:30:35.496+0000] {dag.py:3096} INFO - Sync 1 DAGs
[2024-08-04T16:30:35.543+0000] {logging_mixin.py:188} INFO - [2024-08-04T16:30:35.543+0000] {dag.py:3954} INFO - Setting next_dagrun for example_short_circuit_operator to 2024-08-03 00:00:00+00:00, run_after=2024-08-04 00:00:00+00:00
[2024-08-04T16:30:35.582+0000] {processor.py:183} INFO - Processing /home/airflow/.local/lib/python3.12/site-packages/airflow/example_dags/example_short_circuit_operator.py took 0.178 seconds
[2024-08-04T16:31:06.851+0000] {processor.py:161} INFO - Started process (PID=1187) to work on /home/airflow/.local/lib/python3.12/site-packages/airflow/example_dags/example_short_circuit_operator.py
[2024-08-04T16:31:06.851+0000] {processor.py:830} INFO - Processing file /home/airflow/.local/lib/python3.12/site-packages/airflow/example_dags/example_short_circuit_operator.py for tasks to queue
[2024-08-04T16:31:06.852+0000] {logging_mixin.py:188} INFO - [2024-08-04T16:31:06.852+0000] {dagbag.py:545} INFO - Filling up the DagBag from /home/airflow/.local/lib/python3.12/site-packages/airflow/example_dags/example_short_circuit_operator.py
[2024-08-04T16:31:06.862+0000] {processor.py:840} INFO - DAG(s) 'example_short_circuit_operator' retrieved from /home/airflow/.local/lib/python3.12/site-packages/airflow/example_dags/example_short_circuit_operator.py
[2024-08-04T16:31:06.892+0000] {logging_mixin.py:188} INFO - [2024-08-04T16:31:06.892+0000] {dag.py:3096} INFO - Sync 1 DAGs
[2024-08-04T16:31:06.918+0000] {logging_mixin.py:188} INFO - [2024-08-04T16:31:06.918+0000] {dag.py:3954} INFO - Setting next_dagrun for example_short_circuit_operator to 2024-08-03 00:00:00+00:00, run_after=2024-08-04 00:00:00+00:00
[2024-08-04T16:31:06.944+0000] {processor.py:183} INFO - Processing /home/airflow/.local/lib/python3.12/site-packages/airflow/example_dags/example_short_circuit_operator.py took 0.099 seconds
[2024-08-04T16:31:37.735+0000] {processor.py:161} INFO - Started process (PID=1246) to work on /home/airflow/.local/lib/python3.12/site-packages/airflow/example_dags/example_short_circuit_operator.py
[2024-08-04T16:31:37.736+0000] {processor.py:830} INFO - Processing file /home/airflow/.local/lib/python3.12/site-packages/airflow/example_dags/example_short_circuit_operator.py for tasks to queue
[2024-08-04T16:31:37.737+0000] {logging_mixin.py:188} INFO - [2024-08-04T16:31:37.737+0000] {dagbag.py:545} INFO - Filling up the DagBag from /home/airflow/.local/lib/python3.12/site-packages/airflow/example_dags/example_short_circuit_operator.py
[2024-08-04T16:31:37.747+0000] {processor.py:840} INFO - DAG(s) 'example_short_circuit_operator' retrieved from /home/airflow/.local/lib/python3.12/site-packages/airflow/example_dags/example_short_circuit_operator.py
[2024-08-04T16:31:37.775+0000] {logging_mixin.py:188} INFO - [2024-08-04T16:31:37.775+0000] {dag.py:3096} INFO - Sync 1 DAGs
[2024-08-04T16:31:37.804+0000] {logging_mixin.py:188} INFO - [2024-08-04T16:31:37.804+0000] {dag.py:3954} INFO - Setting next_dagrun for example_short_circuit_operator to 2024-08-03 00:00:00+00:00, run_after=2024-08-04 00:00:00+00:00
[2024-08-04T16:31:37.829+0000] {processor.py:183} INFO - Processing /home/airflow/.local/lib/python3.12/site-packages/airflow/example_dags/example_short_circuit_operator.py took 0.100 seconds
[2024-08-04T16:32:07.887+0000] {processor.py:161} INFO - Started process (PID=1304) to work on /home/airflow/.local/lib/python3.12/site-packages/airflow/example_dags/example_short_circuit_operator.py
[2024-08-04T16:32:07.887+0000] {processor.py:830} INFO - Processing file /home/airflow/.local/lib/python3.12/site-packages/airflow/example_dags/example_short_circuit_operator.py for tasks to queue
[2024-08-04T16:32:07.888+0000] {logging_mixin.py:188} INFO - [2024-08-04T16:32:07.888+0000] {dagbag.py:545} INFO - Filling up the DagBag from /home/airflow/.local/lib/python3.12/site-packages/airflow/example_dags/example_short_circuit_operator.py
[2024-08-04T16:32:07.899+0000] {processor.py:840} INFO - DAG(s) 'example_short_circuit_operator' retrieved from /home/airflow/.local/lib/python3.12/site-packages/airflow/example_dags/example_short_circuit_operator.py
[2024-08-04T16:32:07.927+0000] {logging_mixin.py:188} INFO - [2024-08-04T16:32:07.926+0000] {dag.py:3096} INFO - Sync 1 DAGs
[2024-08-04T16:32:07.952+0000] {logging_mixin.py:188} INFO - [2024-08-04T16:32:07.952+0000] {dag.py:3954} INFO - Setting next_dagrun for example_short_circuit_operator to 2024-08-03 00:00:00+00:00, run_after=2024-08-04 00:00:00+00:00
[2024-08-04T16:32:07.980+0000] {processor.py:183} INFO - Processing /home/airflow/.local/lib/python3.12/site-packages/airflow/example_dags/example_short_circuit_operator.py took 0.100 seconds
[2024-08-04T16:32:38.089+0000] {processor.py:161} INFO - Started process (PID=1363) to work on /home/airflow/.local/lib/python3.12/site-packages/airflow/example_dags/example_short_circuit_operator.py
[2024-08-04T16:32:38.089+0000] {processor.py:830} INFO - Processing file /home/airflow/.local/lib/python3.12/site-packages/airflow/example_dags/example_short_circuit_operator.py for tasks to queue
[2024-08-04T16:32:38.090+0000] {logging_mixin.py:188} INFO - [2024-08-04T16:32:38.090+0000] {dagbag.py:545} INFO - Filling up the DagBag from /home/airflow/.local/lib/python3.12/site-packages/airflow/example_dags/example_short_circuit_operator.py
[2024-08-04T16:32:38.097+0000] {processor.py:840} INFO - DAG(s) 'example_short_circuit_operator' retrieved from /home/airflow/.local/lib/python3.12/site-packages/airflow/example_dags/example_short_circuit_operator.py
[2024-08-04T16:32:38.117+0000] {logging_mixin.py:188} INFO - [2024-08-04T16:32:38.116+0000] {dag.py:3096} INFO - Sync 1 DAGs
[2024-08-04T16:32:38.143+0000] {logging_mixin.py:188} INFO - [2024-08-04T16:32:38.142+0000] {dag.py:3954} INFO - Setting next_dagrun for example_short_circuit_operator to 2024-08-03 00:00:00+00:00, run_after=2024-08-04 00:00:00+00:00
[2024-08-04T16:32:38.175+0000] {processor.py:183} INFO - Processing /home/airflow/.local/lib/python3.12/site-packages/airflow/example_dags/example_short_circuit_operator.py took 0.090 seconds
[2024-08-04T16:33:08.229+0000] {processor.py:161} INFO - Started process (PID=1422) to work on /home/airflow/.local/lib/python3.12/site-packages/airflow/example_dags/example_short_circuit_operator.py
[2024-08-04T16:33:08.230+0000] {processor.py:830} INFO - Processing file /home/airflow/.local/lib/python3.12/site-packages/airflow/example_dags/example_short_circuit_operator.py for tasks to queue
[2024-08-04T16:33:08.231+0000] {logging_mixin.py:188} INFO - [2024-08-04T16:33:08.230+0000] {dagbag.py:545} INFO - Filling up the DagBag from /home/airflow/.local/lib/python3.12/site-packages/airflow/example_dags/example_short_circuit_operator.py
[2024-08-04T16:33:08.237+0000] {processor.py:840} INFO - DAG(s) 'example_short_circuit_operator' retrieved from /home/airflow/.local/lib/python3.12/site-packages/airflow/example_dags/example_short_circuit_operator.py
[2024-08-04T16:33:08.256+0000] {logging_mixin.py:188} INFO - [2024-08-04T16:33:08.255+0000] {dag.py:3096} INFO - Sync 1 DAGs
[2024-08-04T16:33:08.273+0000] {logging_mixin.py:188} INFO - [2024-08-04T16:33:08.273+0000] {dag.py:3954} INFO - Setting next_dagrun for example_short_circuit_operator to 2024-08-03 00:00:00+00:00, run_after=2024-08-04 00:00:00+00:00
[2024-08-04T16:33:08.292+0000] {processor.py:183} INFO - Processing /home/airflow/.local/lib/python3.12/site-packages/airflow/example_dags/example_short_circuit_operator.py took 0.067 seconds
[2024-08-04T16:33:38.387+0000] {processor.py:161} INFO - Started process (PID=1481) to work on /home/airflow/.local/lib/python3.12/site-packages/airflow/example_dags/example_short_circuit_operator.py
[2024-08-04T16:33:38.388+0000] {processor.py:830} INFO - Processing file /home/airflow/.local/lib/python3.12/site-packages/airflow/example_dags/example_short_circuit_operator.py for tasks to queue
[2024-08-04T16:33:38.389+0000] {logging_mixin.py:188} INFO - [2024-08-04T16:33:38.388+0000] {dagbag.py:545} INFO - Filling up the DagBag from /home/airflow/.local/lib/python3.12/site-packages/airflow/example_dags/example_short_circuit_operator.py
[2024-08-04T16:33:38.395+0000] {processor.py:840} INFO - DAG(s) 'example_short_circuit_operator' retrieved from /home/airflow/.local/lib/python3.12/site-packages/airflow/example_dags/example_short_circuit_operator.py
[2024-08-04T16:33:38.414+0000] {logging_mixin.py:188} INFO - [2024-08-04T16:33:38.414+0000] {dag.py:3096} INFO - Sync 1 DAGs
[2024-08-04T16:33:38.432+0000] {logging_mixin.py:188} INFO - [2024-08-04T16:33:38.432+0000] {dag.py:3954} INFO - Setting next_dagrun for example_short_circuit_operator to 2024-08-03 00:00:00+00:00, run_after=2024-08-04 00:00:00+00:00
[2024-08-04T16:33:38.454+0000] {processor.py:183} INFO - Processing /home/airflow/.local/lib/python3.12/site-packages/airflow/example_dags/example_short_circuit_operator.py took 0.071 seconds
[2024-08-04T16:34:09.233+0000] {processor.py:161} INFO - Started process (PID=1540) to work on /home/airflow/.local/lib/python3.12/site-packages/airflow/example_dags/example_short_circuit_operator.py
[2024-08-04T16:34:09.234+0000] {processor.py:830} INFO - Processing file /home/airflow/.local/lib/python3.12/site-packages/airflow/example_dags/example_short_circuit_operator.py for tasks to queue
[2024-08-04T16:34:09.234+0000] {logging_mixin.py:188} INFO - [2024-08-04T16:34:09.234+0000] {dagbag.py:545} INFO - Filling up the DagBag from /home/airflow/.local/lib/python3.12/site-packages/airflow/example_dags/example_short_circuit_operator.py
[2024-08-04T16:34:09.244+0000] {processor.py:840} INFO - DAG(s) 'example_short_circuit_operator' retrieved from /home/airflow/.local/lib/python3.12/site-packages/airflow/example_dags/example_short_circuit_operator.py
[2024-08-04T16:34:09.267+0000] {logging_mixin.py:188} INFO - [2024-08-04T16:34:09.267+0000] {dag.py:3096} INFO - Sync 1 DAGs
[2024-08-04T16:34:09.285+0000] {logging_mixin.py:188} INFO - [2024-08-04T16:34:09.285+0000] {dag.py:3954} INFO - Setting next_dagrun for example_short_circuit_operator to 2024-08-03 00:00:00+00:00, run_after=2024-08-04 00:00:00+00:00
[2024-08-04T16:34:09.311+0000] {processor.py:183} INFO - Processing /home/airflow/.local/lib/python3.12/site-packages/airflow/example_dags/example_short_circuit_operator.py took 0.085 seconds
[2024-08-04T16:34:39.748+0000] {processor.py:161} INFO - Started process (PID=1599) to work on /home/airflow/.local/lib/python3.12/site-packages/airflow/example_dags/example_short_circuit_operator.py
[2024-08-04T16:34:39.749+0000] {processor.py:830} INFO - Processing file /home/airflow/.local/lib/python3.12/site-packages/airflow/example_dags/example_short_circuit_operator.py for tasks to queue
[2024-08-04T16:34:39.751+0000] {logging_mixin.py:188} INFO - [2024-08-04T16:34:39.750+0000] {dagbag.py:545} INFO - Filling up the DagBag from /home/airflow/.local/lib/python3.12/site-packages/airflow/example_dags/example_short_circuit_operator.py
[2024-08-04T16:34:39.760+0000] {processor.py:840} INFO - DAG(s) 'example_short_circuit_operator' retrieved from /home/airflow/.local/lib/python3.12/site-packages/airflow/example_dags/example_short_circuit_operator.py
[2024-08-04T16:34:39.788+0000] {logging_mixin.py:188} INFO - [2024-08-04T16:34:39.787+0000] {dag.py:3096} INFO - Sync 1 DAGs
[2024-08-04T16:34:39.813+0000] {logging_mixin.py:188} INFO - [2024-08-04T16:34:39.813+0000] {dag.py:3954} INFO - Setting next_dagrun for example_short_circuit_operator to 2024-08-03 00:00:00+00:00, run_after=2024-08-04 00:00:00+00:00
[2024-08-04T16:34:39.836+0000] {processor.py:183} INFO - Processing /home/airflow/.local/lib/python3.12/site-packages/airflow/example_dags/example_short_circuit_operator.py took 0.094 seconds
[2024-08-04T16:35:10.249+0000] {processor.py:161} INFO - Started process (PID=1658) to work on /home/airflow/.local/lib/python3.12/site-packages/airflow/example_dags/example_short_circuit_operator.py
[2024-08-04T16:35:10.250+0000] {processor.py:830} INFO - Processing file /home/airflow/.local/lib/python3.12/site-packages/airflow/example_dags/example_short_circuit_operator.py for tasks to queue
[2024-08-04T16:35:10.251+0000] {logging_mixin.py:188} INFO - [2024-08-04T16:35:10.250+0000] {dagbag.py:545} INFO - Filling up the DagBag from /home/airflow/.local/lib/python3.12/site-packages/airflow/example_dags/example_short_circuit_operator.py
[2024-08-04T16:35:10.258+0000] {processor.py:840} INFO - DAG(s) 'example_short_circuit_operator' retrieved from /home/airflow/.local/lib/python3.12/site-packages/airflow/example_dags/example_short_circuit_operator.py
[2024-08-04T16:35:10.282+0000] {logging_mixin.py:188} INFO - [2024-08-04T16:35:10.281+0000] {dag.py:3096} INFO - Sync 1 DAGs
[2024-08-04T16:35:10.303+0000] {logging_mixin.py:188} INFO - [2024-08-04T16:35:10.303+0000] {dag.py:3954} INFO - Setting next_dagrun for example_short_circuit_operator to 2024-08-03 00:00:00+00:00, run_after=2024-08-04 00:00:00+00:00
[2024-08-04T16:35:10.323+0000] {processor.py:183} INFO - Processing /home/airflow/.local/lib/python3.12/site-packages/airflow/example_dags/example_short_circuit_operator.py took 0.081 seconds
[2024-08-04T16:35:40.900+0000] {processor.py:161} INFO - Started process (PID=1716) to work on /home/airflow/.local/lib/python3.12/site-packages/airflow/example_dags/example_short_circuit_operator.py
[2024-08-04T16:35:40.900+0000] {processor.py:830} INFO - Processing file /home/airflow/.local/lib/python3.12/site-packages/airflow/example_dags/example_short_circuit_operator.py for tasks to queue
[2024-08-04T16:35:40.909+0000] {logging_mixin.py:188} INFO - [2024-08-04T16:35:40.901+0000] {dagbag.py:545} INFO - Filling up the DagBag from /home/airflow/.local/lib/python3.12/site-packages/airflow/example_dags/example_short_circuit_operator.py
[2024-08-04T16:35:40.927+0000] {processor.py:840} INFO - DAG(s) 'example_short_circuit_operator' retrieved from /home/airflow/.local/lib/python3.12/site-packages/airflow/example_dags/example_short_circuit_operator.py
[2024-08-04T16:35:40.995+0000] {logging_mixin.py:188} INFO - [2024-08-04T16:35:40.995+0000] {dag.py:3096} INFO - Sync 1 DAGs
[2024-08-04T16:35:41.046+0000] {logging_mixin.py:188} INFO - [2024-08-04T16:35:41.046+0000] {dag.py:3954} INFO - Setting next_dagrun for example_short_circuit_operator to 2024-08-03 00:00:00+00:00, run_after=2024-08-04 00:00:00+00:00
[2024-08-04T16:35:41.350+0000] {processor.py:183} INFO - Processing /home/airflow/.local/lib/python3.12/site-packages/airflow/example_dags/example_short_circuit_operator.py took 0.457 seconds
[2024-08-04T16:36:11.858+0000] {processor.py:161} INFO - Started process (PID=1776) to work on /home/airflow/.local/lib/python3.12/site-packages/airflow/example_dags/example_short_circuit_operator.py
[2024-08-04T16:36:11.859+0000] {processor.py:830} INFO - Processing file /home/airflow/.local/lib/python3.12/site-packages/airflow/example_dags/example_short_circuit_operator.py for tasks to queue
[2024-08-04T16:36:11.859+0000] {logging_mixin.py:188} INFO - [2024-08-04T16:36:11.859+0000] {dagbag.py:545} INFO - Filling up the DagBag from /home/airflow/.local/lib/python3.12/site-packages/airflow/example_dags/example_short_circuit_operator.py
[2024-08-04T16:36:11.869+0000] {processor.py:840} INFO - DAG(s) 'example_short_circuit_operator' retrieved from /home/airflow/.local/lib/python3.12/site-packages/airflow/example_dags/example_short_circuit_operator.py
[2024-08-04T16:36:11.898+0000] {logging_mixin.py:188} INFO - [2024-08-04T16:36:11.898+0000] {dag.py:3096} INFO - Sync 1 DAGs
[2024-08-04T16:36:11.923+0000] {logging_mixin.py:188} INFO - [2024-08-04T16:36:11.923+0000] {dag.py:3954} INFO - Setting next_dagrun for example_short_circuit_operator to 2024-08-03 00:00:00+00:00, run_after=2024-08-04 00:00:00+00:00
[2024-08-04T16:36:12.299+0000] {processor.py:183} INFO - Processing /home/airflow/.local/lib/python3.12/site-packages/airflow/example_dags/example_short_circuit_operator.py took 0.448 seconds
