[2024-08-04T16:21:14.195+0000] {processor.py:161} INFO - Started process (PID=50) to work on /home/airflow/.local/lib/python3.12/site-packages/airflow/example_dags/example_latest_only.py
[2024-08-04T16:21:14.210+0000] {processor.py:830} INFO - Processing file /home/airflow/.local/lib/python3.12/site-packages/airflow/example_dags/example_latest_only.py for tasks to queue
[2024-08-04T16:21:14.214+0000] {logging_mixin.py:188} INFO - [2024-08-04T16:21:14.214+0000] {dagbag.py:545} INFO - Filling up the DagBag from /home/airflow/.local/lib/python3.12/site-packages/airflow/example_dags/example_latest_only.py
[2024-08-04T16:21:14.256+0000] {processor.py:840} INFO - DAG(s) 'latest_only' retrieved from /home/airflow/.local/lib/python3.12/site-packages/airflow/example_dags/example_latest_only.py
[2024-08-04T16:21:14.693+0000] {logging_mixin.py:188} INFO - [2024-08-04T16:21:14.692+0000] {dag.py:3096} INFO - Sync 1 DAGs
[2024-08-04T16:21:14.743+0000] {logging_mixin.py:188} INFO - [2024-08-04T16:21:14.742+0000] {dag.py:3954} INFO - Setting next_dagrun for latest_only to 2024-08-04 12:00:00+00:00, run_after=2024-08-04 16:00:00+00:00
[2024-08-04T16:21:14.771+0000] {processor.py:183} INFO - Processing /home/airflow/.local/lib/python3.12/site-packages/airflow/example_dags/example_latest_only.py took 0.592 seconds
[2024-08-04T16:21:44.839+0000] {processor.py:161} INFO - Started process (PID=108) to work on /home/airflow/.local/lib/python3.12/site-packages/airflow/example_dags/example_latest_only.py
[2024-08-04T16:21:44.839+0000] {processor.py:830} INFO - Processing file /home/airflow/.local/lib/python3.12/site-packages/airflow/example_dags/example_latest_only.py for tasks to queue
[2024-08-04T16:21:44.841+0000] {logging_mixin.py:188} INFO - [2024-08-04T16:21:44.840+0000] {dagbag.py:545} INFO - Filling up the DagBag from /home/airflow/.local/lib/python3.12/site-packages/airflow/example_dags/example_latest_only.py
[2024-08-04T16:21:44.844+0000] {processor.py:840} INFO - DAG(s) 'latest_only' retrieved from /home/airflow/.local/lib/python3.12/site-packages/airflow/example_dags/example_latest_only.py
[2024-08-04T16:21:44.860+0000] {logging_mixin.py:188} INFO - [2024-08-04T16:21:44.860+0000] {dag.py:3096} INFO - Sync 1 DAGs
[2024-08-04T16:21:44.878+0000] {logging_mixin.py:188} INFO - [2024-08-04T16:21:44.878+0000] {dag.py:3954} INFO - Setting next_dagrun for latest_only to 2024-08-04 12:00:00+00:00, run_after=2024-08-04 16:00:00+00:00
[2024-08-04T16:21:44.900+0000] {processor.py:183} INFO - Processing /home/airflow/.local/lib/python3.12/site-packages/airflow/example_dags/example_latest_only.py took 0.066 seconds
[2024-08-04T16:22:15.065+0000] {processor.py:161} INFO - Started process (PID=166) to work on /home/airflow/.local/lib/python3.12/site-packages/airflow/example_dags/example_latest_only.py
[2024-08-04T16:22:15.074+0000] {processor.py:830} INFO - Processing file /home/airflow/.local/lib/python3.12/site-packages/airflow/example_dags/example_latest_only.py for tasks to queue
[2024-08-04T16:22:15.076+0000] {logging_mixin.py:188} INFO - [2024-08-04T16:22:15.076+0000] {dagbag.py:545} INFO - Filling up the DagBag from /home/airflow/.local/lib/python3.12/site-packages/airflow/example_dags/example_latest_only.py
[2024-08-04T16:22:15.082+0000] {processor.py:840} INFO - DAG(s) 'latest_only' retrieved from /home/airflow/.local/lib/python3.12/site-packages/airflow/example_dags/example_latest_only.py
[2024-08-04T16:22:15.110+0000] {logging_mixin.py:188} INFO - [2024-08-04T16:22:15.109+0000] {dag.py:3096} INFO - Sync 1 DAGs
[2024-08-04T16:22:15.139+0000] {logging_mixin.py:188} INFO - [2024-08-04T16:22:15.139+0000] {dag.py:3954} INFO - Setting next_dagrun for latest_only to 2024-08-04 12:00:00+00:00, run_after=2024-08-04 16:00:00+00:00
[2024-08-04T16:22:15.168+0000] {processor.py:183} INFO - Processing /home/airflow/.local/lib/python3.12/site-packages/airflow/example_dags/example_latest_only.py took 0.119 seconds
[2024-08-04T16:22:45.776+0000] {processor.py:161} INFO - Started process (PID=224) to work on /home/airflow/.local/lib/python3.12/site-packages/airflow/example_dags/example_latest_only.py
[2024-08-04T16:22:45.777+0000] {processor.py:830} INFO - Processing file /home/airflow/.local/lib/python3.12/site-packages/airflow/example_dags/example_latest_only.py for tasks to queue
[2024-08-04T16:22:45.778+0000] {logging_mixin.py:188} INFO - [2024-08-04T16:22:45.778+0000] {dagbag.py:545} INFO - Filling up the DagBag from /home/airflow/.local/lib/python3.12/site-packages/airflow/example_dags/example_latest_only.py
[2024-08-04T16:22:45.785+0000] {processor.py:840} INFO - DAG(s) 'latest_only' retrieved from /home/airflow/.local/lib/python3.12/site-packages/airflow/example_dags/example_latest_only.py
[2024-08-04T16:22:45.816+0000] {logging_mixin.py:188} INFO - [2024-08-04T16:22:45.816+0000] {dag.py:3096} INFO - Sync 1 DAGs
[2024-08-04T16:22:45.851+0000] {logging_mixin.py:188} INFO - [2024-08-04T16:22:45.851+0000] {dag.py:3954} INFO - Setting next_dagrun for latest_only to 2024-08-04 12:00:00+00:00, run_after=2024-08-04 16:00:00+00:00
[2024-08-04T16:22:45.877+0000] {processor.py:183} INFO - Processing /home/airflow/.local/lib/python3.12/site-packages/airflow/example_dags/example_latest_only.py took 0.108 seconds
[2024-08-04T16:23:16.508+0000] {processor.py:161} INFO - Started process (PID=288) to work on /home/airflow/.local/lib/python3.12/site-packages/airflow/example_dags/example_latest_only.py
[2024-08-04T16:23:16.509+0000] {processor.py:830} INFO - Processing file /home/airflow/.local/lib/python3.12/site-packages/airflow/example_dags/example_latest_only.py for tasks to queue
[2024-08-04T16:23:16.511+0000] {logging_mixin.py:188} INFO - [2024-08-04T16:23:16.510+0000] {dagbag.py:545} INFO - Filling up the DagBag from /home/airflow/.local/lib/python3.12/site-packages/airflow/example_dags/example_latest_only.py
[2024-08-04T16:23:16.516+0000] {processor.py:840} INFO - DAG(s) 'latest_only' retrieved from /home/airflow/.local/lib/python3.12/site-packages/airflow/example_dags/example_latest_only.py
[2024-08-04T16:23:16.538+0000] {logging_mixin.py:188} INFO - [2024-08-04T16:23:16.538+0000] {dag.py:3096} INFO - Sync 1 DAGs
[2024-08-04T16:23:16.556+0000] {logging_mixin.py:188} INFO - [2024-08-04T16:23:16.556+0000] {dag.py:3954} INFO - Setting next_dagrun for latest_only to 2024-08-04 12:00:00+00:00, run_after=2024-08-04 16:00:00+00:00
[2024-08-04T16:23:16.576+0000] {processor.py:183} INFO - Processing /home/airflow/.local/lib/python3.12/site-packages/airflow/example_dags/example_latest_only.py took 0.074 seconds
[2024-08-04T16:23:47.228+0000] {processor.py:161} INFO - Started process (PID=346) to work on /home/airflow/.local/lib/python3.12/site-packages/airflow/example_dags/example_latest_only.py
[2024-08-04T16:23:47.234+0000] {processor.py:830} INFO - Processing file /home/airflow/.local/lib/python3.12/site-packages/airflow/example_dags/example_latest_only.py for tasks to queue
[2024-08-04T16:23:47.236+0000] {logging_mixin.py:188} INFO - [2024-08-04T16:23:47.236+0000] {dagbag.py:545} INFO - Filling up the DagBag from /home/airflow/.local/lib/python3.12/site-packages/airflow/example_dags/example_latest_only.py
[2024-08-04T16:23:47.264+0000] {processor.py:840} INFO - DAG(s) 'latest_only' retrieved from /home/airflow/.local/lib/python3.12/site-packages/airflow/example_dags/example_latest_only.py
[2024-08-04T16:23:47.317+0000] {logging_mixin.py:188} INFO - [2024-08-04T16:23:47.315+0000] {dag.py:3096} INFO - Sync 1 DAGs
[2024-08-04T16:23:47.396+0000] {logging_mixin.py:188} INFO - [2024-08-04T16:23:47.396+0000] {dag.py:3954} INFO - Setting next_dagrun for latest_only to 2024-08-04 12:00:00+00:00, run_after=2024-08-04 16:00:00+00:00
[2024-08-04T16:23:47.436+0000] {processor.py:183} INFO - Processing /home/airflow/.local/lib/python3.12/site-packages/airflow/example_dags/example_latest_only.py took 0.246 seconds
[2024-08-04T16:24:17.957+0000] {processor.py:161} INFO - Started process (PID=405) to work on /home/airflow/.local/lib/python3.12/site-packages/airflow/example_dags/example_latest_only.py
[2024-08-04T16:24:17.958+0000] {processor.py:830} INFO - Processing file /home/airflow/.local/lib/python3.12/site-packages/airflow/example_dags/example_latest_only.py for tasks to queue
[2024-08-04T16:24:17.960+0000] {logging_mixin.py:188} INFO - [2024-08-04T16:24:17.959+0000] {dagbag.py:545} INFO - Filling up the DagBag from /home/airflow/.local/lib/python3.12/site-packages/airflow/example_dags/example_latest_only.py
[2024-08-04T16:24:17.965+0000] {processor.py:840} INFO - DAG(s) 'latest_only' retrieved from /home/airflow/.local/lib/python3.12/site-packages/airflow/example_dags/example_latest_only.py
[2024-08-04T16:24:17.984+0000] {logging_mixin.py:188} INFO - [2024-08-04T16:24:17.984+0000] {dag.py:3096} INFO - Sync 1 DAGs
[2024-08-04T16:24:18.017+0000] {logging_mixin.py:188} INFO - [2024-08-04T16:24:18.017+0000] {dag.py:3954} INFO - Setting next_dagrun for latest_only to 2024-08-04 12:00:00+00:00, run_after=2024-08-04 16:00:00+00:00
[2024-08-04T16:24:18.036+0000] {processor.py:183} INFO - Processing /home/airflow/.local/lib/python3.12/site-packages/airflow/example_dags/example_latest_only.py took 0.085 seconds
[2024-08-04T16:24:48.887+0000] {processor.py:161} INFO - Started process (PID=463) to work on /home/airflow/.local/lib/python3.12/site-packages/airflow/example_dags/example_latest_only.py
[2024-08-04T16:24:48.890+0000] {processor.py:830} INFO - Processing file /home/airflow/.local/lib/python3.12/site-packages/airflow/example_dags/example_latest_only.py for tasks to queue
[2024-08-04T16:24:48.892+0000] {logging_mixin.py:188} INFO - [2024-08-04T16:24:48.891+0000] {dagbag.py:545} INFO - Filling up the DagBag from /home/airflow/.local/lib/python3.12/site-packages/airflow/example_dags/example_latest_only.py
[2024-08-04T16:24:48.905+0000] {processor.py:840} INFO - DAG(s) 'latest_only' retrieved from /home/airflow/.local/lib/python3.12/site-packages/airflow/example_dags/example_latest_only.py
[2024-08-04T16:24:48.965+0000] {logging_mixin.py:188} INFO - [2024-08-04T16:24:48.964+0000] {dag.py:3096} INFO - Sync 1 DAGs
[2024-08-04T16:24:49.003+0000] {logging_mixin.py:188} INFO - [2024-08-04T16:24:49.003+0000] {dag.py:3954} INFO - Setting next_dagrun for latest_only to 2024-08-04 12:00:00+00:00, run_after=2024-08-04 16:00:00+00:00
[2024-08-04T16:24:49.045+0000] {processor.py:183} INFO - Processing /home/airflow/.local/lib/python3.12/site-packages/airflow/example_dags/example_latest_only.py took 0.175 seconds
[2024-08-04T16:25:19.794+0000] {processor.py:161} INFO - Started process (PID=521) to work on /home/airflow/.local/lib/python3.12/site-packages/airflow/example_dags/example_latest_only.py
[2024-08-04T16:25:19.795+0000] {processor.py:830} INFO - Processing file /home/airflow/.local/lib/python3.12/site-packages/airflow/example_dags/example_latest_only.py for tasks to queue
[2024-08-04T16:25:19.797+0000] {logging_mixin.py:188} INFO - [2024-08-04T16:25:19.796+0000] {dagbag.py:545} INFO - Filling up the DagBag from /home/airflow/.local/lib/python3.12/site-packages/airflow/example_dags/example_latest_only.py
[2024-08-04T16:25:19.801+0000] {processor.py:840} INFO - DAG(s) 'latest_only' retrieved from /home/airflow/.local/lib/python3.12/site-packages/airflow/example_dags/example_latest_only.py
[2024-08-04T16:25:19.821+0000] {logging_mixin.py:188} INFO - [2024-08-04T16:25:19.821+0000] {dag.py:3096} INFO - Sync 1 DAGs
[2024-08-04T16:25:19.841+0000] {logging_mixin.py:188} INFO - [2024-08-04T16:25:19.841+0000] {dag.py:3954} INFO - Setting next_dagrun for latest_only to 2024-08-04 12:00:00+00:00, run_after=2024-08-04 16:00:00+00:00
[2024-08-04T16:25:19.860+0000] {processor.py:183} INFO - Processing /home/airflow/.local/lib/python3.12/site-packages/airflow/example_dags/example_latest_only.py took 0.073 seconds
[2024-08-04T16:25:50.265+0000] {processor.py:161} INFO - Started process (PID=580) to work on /home/airflow/.local/lib/python3.12/site-packages/airflow/example_dags/example_latest_only.py
[2024-08-04T16:25:50.266+0000] {processor.py:830} INFO - Processing file /home/airflow/.local/lib/python3.12/site-packages/airflow/example_dags/example_latest_only.py for tasks to queue
[2024-08-04T16:25:50.267+0000] {logging_mixin.py:188} INFO - [2024-08-04T16:25:50.267+0000] {dagbag.py:545} INFO - Filling up the DagBag from /home/airflow/.local/lib/python3.12/site-packages/airflow/example_dags/example_latest_only.py
[2024-08-04T16:25:50.271+0000] {processor.py:840} INFO - DAG(s) 'latest_only' retrieved from /home/airflow/.local/lib/python3.12/site-packages/airflow/example_dags/example_latest_only.py
[2024-08-04T16:25:50.291+0000] {logging_mixin.py:188} INFO - [2024-08-04T16:25:50.291+0000] {dag.py:3096} INFO - Sync 1 DAGs
[2024-08-04T16:25:50.311+0000] {logging_mixin.py:188} INFO - [2024-08-04T16:25:50.311+0000] {dag.py:3954} INFO - Setting next_dagrun for latest_only to 2024-08-04 12:00:00+00:00, run_after=2024-08-04 16:00:00+00:00
[2024-08-04T16:25:50.332+0000] {processor.py:183} INFO - Processing /home/airflow/.local/lib/python3.12/site-packages/airflow/example_dags/example_latest_only.py took 0.074 seconds
[2024-08-04T16:26:20.598+0000] {processor.py:161} INFO - Started process (PID=637) to work on /home/airflow/.local/lib/python3.12/site-packages/airflow/example_dags/example_latest_only.py
[2024-08-04T16:26:20.598+0000] {processor.py:830} INFO - Processing file /home/airflow/.local/lib/python3.12/site-packages/airflow/example_dags/example_latest_only.py for tasks to queue
[2024-08-04T16:26:20.600+0000] {logging_mixin.py:188} INFO - [2024-08-04T16:26:20.600+0000] {dagbag.py:545} INFO - Filling up the DagBag from /home/airflow/.local/lib/python3.12/site-packages/airflow/example_dags/example_latest_only.py
[2024-08-04T16:26:20.604+0000] {processor.py:840} INFO - DAG(s) 'latest_only' retrieved from /home/airflow/.local/lib/python3.12/site-packages/airflow/example_dags/example_latest_only.py
[2024-08-04T16:26:20.624+0000] {logging_mixin.py:188} INFO - [2024-08-04T16:26:20.624+0000] {dag.py:3096} INFO - Sync 1 DAGs
[2024-08-04T16:26:20.644+0000] {logging_mixin.py:188} INFO - [2024-08-04T16:26:20.644+0000] {dag.py:3954} INFO - Setting next_dagrun for latest_only to 2024-08-04 12:00:00+00:00, run_after=2024-08-04 16:00:00+00:00
[2024-08-04T16:26:20.664+0000] {processor.py:183} INFO - Processing /home/airflow/.local/lib/python3.12/site-packages/airflow/example_dags/example_latest_only.py took 0.073 seconds
[2024-08-04T16:26:51.078+0000] {processor.py:161} INFO - Started process (PID=695) to work on /home/airflow/.local/lib/python3.12/site-packages/airflow/example_dags/example_latest_only.py
[2024-08-04T16:26:51.079+0000] {processor.py:830} INFO - Processing file /home/airflow/.local/lib/python3.12/site-packages/airflow/example_dags/example_latest_only.py for tasks to queue
[2024-08-04T16:26:51.081+0000] {logging_mixin.py:188} INFO - [2024-08-04T16:26:51.081+0000] {dagbag.py:545} INFO - Filling up the DagBag from /home/airflow/.local/lib/python3.12/site-packages/airflow/example_dags/example_latest_only.py
[2024-08-04T16:26:51.086+0000] {processor.py:840} INFO - DAG(s) 'latest_only' retrieved from /home/airflow/.local/lib/python3.12/site-packages/airflow/example_dags/example_latest_only.py
[2024-08-04T16:26:51.109+0000] {logging_mixin.py:188} INFO - [2024-08-04T16:26:51.109+0000] {dag.py:3096} INFO - Sync 1 DAGs
[2024-08-04T16:26:51.130+0000] {logging_mixin.py:188} INFO - [2024-08-04T16:26:51.130+0000] {dag.py:3954} INFO - Setting next_dagrun for latest_only to 2024-08-04 12:00:00+00:00, run_after=2024-08-04 16:00:00+00:00
[2024-08-04T16:26:51.149+0000] {processor.py:183} INFO - Processing /home/airflow/.local/lib/python3.12/site-packages/airflow/example_dags/example_latest_only.py took 0.077 seconds
[2024-08-04T16:27:21.691+0000] {processor.py:161} INFO - Started process (PID=753) to work on /home/airflow/.local/lib/python3.12/site-packages/airflow/example_dags/example_latest_only.py
[2024-08-04T16:27:21.692+0000] {processor.py:830} INFO - Processing file /home/airflow/.local/lib/python3.12/site-packages/airflow/example_dags/example_latest_only.py for tasks to queue
[2024-08-04T16:27:21.693+0000] {logging_mixin.py:188} INFO - [2024-08-04T16:27:21.693+0000] {dagbag.py:545} INFO - Filling up the DagBag from /home/airflow/.local/lib/python3.12/site-packages/airflow/example_dags/example_latest_only.py
[2024-08-04T16:27:21.698+0000] {processor.py:840} INFO - DAG(s) 'latest_only' retrieved from /home/airflow/.local/lib/python3.12/site-packages/airflow/example_dags/example_latest_only.py
[2024-08-04T16:27:21.719+0000] {logging_mixin.py:188} INFO - [2024-08-04T16:27:21.719+0000] {dag.py:3096} INFO - Sync 1 DAGs
[2024-08-04T16:27:21.745+0000] {logging_mixin.py:188} INFO - [2024-08-04T16:27:21.745+0000] {dag.py:3954} INFO - Setting next_dagrun for latest_only to 2024-08-04 12:00:00+00:00, run_after=2024-08-04 16:00:00+00:00
[2024-08-04T16:27:21.765+0000] {processor.py:183} INFO - Processing /home/airflow/.local/lib/python3.12/site-packages/airflow/example_dags/example_latest_only.py took 0.081 seconds
[2024-08-04T16:27:52.163+0000] {processor.py:161} INFO - Started process (PID=811) to work on /home/airflow/.local/lib/python3.12/site-packages/airflow/example_dags/example_latest_only.py
[2024-08-04T16:27:52.164+0000] {processor.py:830} INFO - Processing file /home/airflow/.local/lib/python3.12/site-packages/airflow/example_dags/example_latest_only.py for tasks to queue
[2024-08-04T16:27:52.165+0000] {logging_mixin.py:188} INFO - [2024-08-04T16:27:52.165+0000] {dagbag.py:545} INFO - Filling up the DagBag from /home/airflow/.local/lib/python3.12/site-packages/airflow/example_dags/example_latest_only.py
[2024-08-04T16:27:52.171+0000] {processor.py:840} INFO - DAG(s) 'latest_only' retrieved from /home/airflow/.local/lib/python3.12/site-packages/airflow/example_dags/example_latest_only.py
[2024-08-04T16:27:52.193+0000] {logging_mixin.py:188} INFO - [2024-08-04T16:27:52.193+0000] {dag.py:3096} INFO - Sync 1 DAGs
[2024-08-04T16:27:52.210+0000] {logging_mixin.py:188} INFO - [2024-08-04T16:27:52.210+0000] {dag.py:3954} INFO - Setting next_dagrun for latest_only to 2024-08-04 12:00:00+00:00, run_after=2024-08-04 16:00:00+00:00
[2024-08-04T16:27:52.230+0000] {processor.py:183} INFO - Processing /home/airflow/.local/lib/python3.12/site-packages/airflow/example_dags/example_latest_only.py took 0.071 seconds
[2024-08-04T16:28:23.079+0000] {processor.py:161} INFO - Started process (PID=869) to work on /home/airflow/.local/lib/python3.12/site-packages/airflow/example_dags/example_latest_only.py
[2024-08-04T16:28:23.079+0000] {processor.py:830} INFO - Processing file /home/airflow/.local/lib/python3.12/site-packages/airflow/example_dags/example_latest_only.py for tasks to queue
[2024-08-04T16:28:23.081+0000] {logging_mixin.py:188} INFO - [2024-08-04T16:28:23.081+0000] {dagbag.py:545} INFO - Filling up the DagBag from /home/airflow/.local/lib/python3.12/site-packages/airflow/example_dags/example_latest_only.py
[2024-08-04T16:28:23.086+0000] {processor.py:840} INFO - DAG(s) 'latest_only' retrieved from /home/airflow/.local/lib/python3.12/site-packages/airflow/example_dags/example_latest_only.py
[2024-08-04T16:28:23.108+0000] {logging_mixin.py:188} INFO - [2024-08-04T16:28:23.108+0000] {dag.py:3096} INFO - Sync 1 DAGs
[2024-08-04T16:28:23.132+0000] {logging_mixin.py:188} INFO - [2024-08-04T16:28:23.132+0000] {dag.py:3954} INFO - Setting next_dagrun for latest_only to 2024-08-04 12:00:00+00:00, run_after=2024-08-04 16:00:00+00:00
[2024-08-04T16:28:23.156+0000] {processor.py:183} INFO - Processing /home/airflow/.local/lib/python3.12/site-packages/airflow/example_dags/example_latest_only.py took 0.084 seconds
[2024-08-04T16:28:53.871+0000] {processor.py:161} INFO - Started process (PID=928) to work on /home/airflow/.local/lib/python3.12/site-packages/airflow/example_dags/example_latest_only.py
[2024-08-04T16:28:53.872+0000] {processor.py:830} INFO - Processing file /home/airflow/.local/lib/python3.12/site-packages/airflow/example_dags/example_latest_only.py for tasks to queue
[2024-08-04T16:28:53.874+0000] {logging_mixin.py:188} INFO - [2024-08-04T16:28:53.874+0000] {dagbag.py:545} INFO - Filling up the DagBag from /home/airflow/.local/lib/python3.12/site-packages/airflow/example_dags/example_latest_only.py
[2024-08-04T16:28:53.880+0000] {processor.py:840} INFO - DAG(s) 'latest_only' retrieved from /home/airflow/.local/lib/python3.12/site-packages/airflow/example_dags/example_latest_only.py
[2024-08-04T16:28:53.972+0000] {logging_mixin.py:188} INFO - [2024-08-04T16:28:53.972+0000] {dag.py:3096} INFO - Sync 1 DAGs
[2024-08-04T16:28:54.078+0000] {logging_mixin.py:188} INFO - [2024-08-04T16:28:54.078+0000] {dag.py:3954} INFO - Setting next_dagrun for latest_only to 2024-08-04 12:00:00+00:00, run_after=2024-08-04 16:00:00+00:00
[2024-08-04T16:28:54.126+0000] {processor.py:183} INFO - Processing /home/airflow/.local/lib/python3.12/site-packages/airflow/example_dags/example_latest_only.py took 0.282 seconds
[2024-08-04T16:29:24.492+0000] {processor.py:161} INFO - Started process (PID=986) to work on /home/airflow/.local/lib/python3.12/site-packages/airflow/example_dags/example_latest_only.py
[2024-08-04T16:29:24.492+0000] {processor.py:830} INFO - Processing file /home/airflow/.local/lib/python3.12/site-packages/airflow/example_dags/example_latest_only.py for tasks to queue
[2024-08-04T16:29:24.494+0000] {logging_mixin.py:188} INFO - [2024-08-04T16:29:24.493+0000] {dagbag.py:545} INFO - Filling up the DagBag from /home/airflow/.local/lib/python3.12/site-packages/airflow/example_dags/example_latest_only.py
[2024-08-04T16:29:24.497+0000] {processor.py:840} INFO - DAG(s) 'latest_only' retrieved from /home/airflow/.local/lib/python3.12/site-packages/airflow/example_dags/example_latest_only.py
[2024-08-04T16:29:24.518+0000] {logging_mixin.py:188} INFO - [2024-08-04T16:29:24.518+0000] {dag.py:3096} INFO - Sync 1 DAGs
[2024-08-04T16:29:24.536+0000] {logging_mixin.py:188} INFO - [2024-08-04T16:29:24.536+0000] {dag.py:3954} INFO - Setting next_dagrun for latest_only to 2024-08-04 12:00:00+00:00, run_after=2024-08-04 16:00:00+00:00
[2024-08-04T16:29:24.556+0000] {processor.py:183} INFO - Processing /home/airflow/.local/lib/python3.12/site-packages/airflow/example_dags/example_latest_only.py took 0.071 seconds
[2024-08-04T16:29:54.951+0000] {processor.py:161} INFO - Started process (PID=1044) to work on /home/airflow/.local/lib/python3.12/site-packages/airflow/example_dags/example_latest_only.py
[2024-08-04T16:29:54.951+0000] {processor.py:830} INFO - Processing file /home/airflow/.local/lib/python3.12/site-packages/airflow/example_dags/example_latest_only.py for tasks to queue
[2024-08-04T16:29:54.953+0000] {logging_mixin.py:188} INFO - [2024-08-04T16:29:54.953+0000] {dagbag.py:545} INFO - Filling up the DagBag from /home/airflow/.local/lib/python3.12/site-packages/airflow/example_dags/example_latest_only.py
[2024-08-04T16:29:54.966+0000] {processor.py:840} INFO - DAG(s) 'latest_only' retrieved from /home/airflow/.local/lib/python3.12/site-packages/airflow/example_dags/example_latest_only.py
[2024-08-04T16:29:54.987+0000] {logging_mixin.py:188} INFO - [2024-08-04T16:29:54.987+0000] {dag.py:3096} INFO - Sync 1 DAGs
[2024-08-04T16:29:55.005+0000] {logging_mixin.py:188} INFO - [2024-08-04T16:29:55.004+0000] {dag.py:3954} INFO - Setting next_dagrun for latest_only to 2024-08-04 12:00:00+00:00, run_after=2024-08-04 16:00:00+00:00
[2024-08-04T16:29:55.024+0000] {processor.py:183} INFO - Processing /home/airflow/.local/lib/python3.12/site-packages/airflow/example_dags/example_latest_only.py took 0.078 seconds
[2024-08-04T16:30:25.508+0000] {processor.py:161} INFO - Started process (PID=1103) to work on /home/airflow/.local/lib/python3.12/site-packages/airflow/example_dags/example_latest_only.py
[2024-08-04T16:30:25.509+0000] {processor.py:830} INFO - Processing file /home/airflow/.local/lib/python3.12/site-packages/airflow/example_dags/example_latest_only.py for tasks to queue
[2024-08-04T16:30:25.513+0000] {logging_mixin.py:188} INFO - [2024-08-04T16:30:25.513+0000] {dagbag.py:545} INFO - Filling up the DagBag from /home/airflow/.local/lib/python3.12/site-packages/airflow/example_dags/example_latest_only.py
[2024-08-04T16:30:25.523+0000] {processor.py:840} INFO - DAG(s) 'latest_only' retrieved from /home/airflow/.local/lib/python3.12/site-packages/airflow/example_dags/example_latest_only.py
[2024-08-04T16:30:25.547+0000] {logging_mixin.py:188} INFO - [2024-08-04T16:30:25.546+0000] {dag.py:3096} INFO - Sync 1 DAGs
[2024-08-04T16:30:25.586+0000] {logging_mixin.py:188} INFO - [2024-08-04T16:30:25.586+0000] {dag.py:3954} INFO - Setting next_dagrun for latest_only to 2024-08-04 12:00:00+00:00, run_after=2024-08-04 16:00:00+00:00
[2024-08-04T16:30:25.606+0000] {processor.py:183} INFO - Processing /home/airflow/.local/lib/python3.12/site-packages/airflow/example_dags/example_latest_only.py took 0.113 seconds
[2024-08-04T16:30:55.815+0000] {processor.py:161} INFO - Started process (PID=1162) to work on /home/airflow/.local/lib/python3.12/site-packages/airflow/example_dags/example_latest_only.py
[2024-08-04T16:30:55.816+0000] {processor.py:830} INFO - Processing file /home/airflow/.local/lib/python3.12/site-packages/airflow/example_dags/example_latest_only.py for tasks to queue
[2024-08-04T16:30:55.818+0000] {logging_mixin.py:188} INFO - [2024-08-04T16:30:55.818+0000] {dagbag.py:545} INFO - Filling up the DagBag from /home/airflow/.local/lib/python3.12/site-packages/airflow/example_dags/example_latest_only.py
[2024-08-04T16:30:55.824+0000] {processor.py:840} INFO - DAG(s) 'latest_only' retrieved from /home/airflow/.local/lib/python3.12/site-packages/airflow/example_dags/example_latest_only.py
[2024-08-04T16:30:55.843+0000] {logging_mixin.py:188} INFO - [2024-08-04T16:30:55.843+0000] {dag.py:3096} INFO - Sync 1 DAGs
[2024-08-04T16:30:55.860+0000] {logging_mixin.py:188} INFO - [2024-08-04T16:30:55.860+0000] {dag.py:3954} INFO - Setting next_dagrun for latest_only to 2024-08-04 12:00:00+00:00, run_after=2024-08-04 16:00:00+00:00
[2024-08-04T16:30:55.880+0000] {processor.py:183} INFO - Processing /home/airflow/.local/lib/python3.12/site-packages/airflow/example_dags/example_latest_only.py took 0.070 seconds
[2024-08-04T16:31:26.101+0000] {processor.py:161} INFO - Started process (PID=1221) to work on /home/airflow/.local/lib/python3.12/site-packages/airflow/example_dags/example_latest_only.py
[2024-08-04T16:31:26.102+0000] {processor.py:830} INFO - Processing file /home/airflow/.local/lib/python3.12/site-packages/airflow/example_dags/example_latest_only.py for tasks to queue
[2024-08-04T16:31:26.103+0000] {logging_mixin.py:188} INFO - [2024-08-04T16:31:26.102+0000] {dagbag.py:545} INFO - Filling up the DagBag from /home/airflow/.local/lib/python3.12/site-packages/airflow/example_dags/example_latest_only.py
[2024-08-04T16:31:26.107+0000] {processor.py:840} INFO - DAG(s) 'latest_only' retrieved from /home/airflow/.local/lib/python3.12/site-packages/airflow/example_dags/example_latest_only.py
[2024-08-04T16:31:26.128+0000] {logging_mixin.py:188} INFO - [2024-08-04T16:31:26.128+0000] {dag.py:3096} INFO - Sync 1 DAGs
[2024-08-04T16:31:26.146+0000] {logging_mixin.py:188} INFO - [2024-08-04T16:31:26.146+0000] {dag.py:3954} INFO - Setting next_dagrun for latest_only to 2024-08-04 12:00:00+00:00, run_after=2024-08-04 16:00:00+00:00
[2024-08-04T16:31:26.167+0000] {processor.py:183} INFO - Processing /home/airflow/.local/lib/python3.12/site-packages/airflow/example_dags/example_latest_only.py took 0.072 seconds
[2024-08-04T16:31:56.337+0000] {processor.py:161} INFO - Started process (PID=1280) to work on /home/airflow/.local/lib/python3.12/site-packages/airflow/example_dags/example_latest_only.py
[2024-08-04T16:31:56.337+0000] {processor.py:830} INFO - Processing file /home/airflow/.local/lib/python3.12/site-packages/airflow/example_dags/example_latest_only.py for tasks to queue
[2024-08-04T16:31:56.338+0000] {logging_mixin.py:188} INFO - [2024-08-04T16:31:56.338+0000] {dagbag.py:545} INFO - Filling up the DagBag from /home/airflow/.local/lib/python3.12/site-packages/airflow/example_dags/example_latest_only.py
[2024-08-04T16:31:56.342+0000] {processor.py:840} INFO - DAG(s) 'latest_only' retrieved from /home/airflow/.local/lib/python3.12/site-packages/airflow/example_dags/example_latest_only.py
[2024-08-04T16:31:56.364+0000] {logging_mixin.py:188} INFO - [2024-08-04T16:31:56.364+0000] {dag.py:3096} INFO - Sync 1 DAGs
[2024-08-04T16:31:56.384+0000] {logging_mixin.py:188} INFO - [2024-08-04T16:31:56.383+0000] {dag.py:3954} INFO - Setting next_dagrun for latest_only to 2024-08-04 12:00:00+00:00, run_after=2024-08-04 16:00:00+00:00
[2024-08-04T16:31:56.404+0000] {processor.py:183} INFO - Processing /home/airflow/.local/lib/python3.12/site-packages/airflow/example_dags/example_latest_only.py took 0.073 seconds
[2024-08-04T16:32:26.763+0000] {processor.py:161} INFO - Started process (PID=1339) to work on /home/airflow/.local/lib/python3.12/site-packages/airflow/example_dags/example_latest_only.py
[2024-08-04T16:32:26.764+0000] {processor.py:830} INFO - Processing file /home/airflow/.local/lib/python3.12/site-packages/airflow/example_dags/example_latest_only.py for tasks to queue
[2024-08-04T16:32:26.765+0000] {logging_mixin.py:188} INFO - [2024-08-04T16:32:26.764+0000] {dagbag.py:545} INFO - Filling up the DagBag from /home/airflow/.local/lib/python3.12/site-packages/airflow/example_dags/example_latest_only.py
[2024-08-04T16:32:26.769+0000] {processor.py:840} INFO - DAG(s) 'latest_only' retrieved from /home/airflow/.local/lib/python3.12/site-packages/airflow/example_dags/example_latest_only.py
[2024-08-04T16:32:26.790+0000] {logging_mixin.py:188} INFO - [2024-08-04T16:32:26.789+0000] {dag.py:3096} INFO - Sync 1 DAGs
[2024-08-04T16:32:26.810+0000] {logging_mixin.py:188} INFO - [2024-08-04T16:32:26.810+0000] {dag.py:3954} INFO - Setting next_dagrun for latest_only to 2024-08-04 12:00:00+00:00, run_after=2024-08-04 16:00:00+00:00
[2024-08-04T16:32:26.829+0000] {processor.py:183} INFO - Processing /home/airflow/.local/lib/python3.12/site-packages/airflow/example_dags/example_latest_only.py took 0.072 seconds
[2024-08-04T16:32:57.643+0000] {processor.py:161} INFO - Started process (PID=1398) to work on /home/airflow/.local/lib/python3.12/site-packages/airflow/example_dags/example_latest_only.py
[2024-08-04T16:32:57.643+0000] {processor.py:830} INFO - Processing file /home/airflow/.local/lib/python3.12/site-packages/airflow/example_dags/example_latest_only.py for tasks to queue
[2024-08-04T16:32:57.644+0000] {logging_mixin.py:188} INFO - [2024-08-04T16:32:57.644+0000] {dagbag.py:545} INFO - Filling up the DagBag from /home/airflow/.local/lib/python3.12/site-packages/airflow/example_dags/example_latest_only.py
[2024-08-04T16:32:57.648+0000] {processor.py:840} INFO - DAG(s) 'latest_only' retrieved from /home/airflow/.local/lib/python3.12/site-packages/airflow/example_dags/example_latest_only.py
[2024-08-04T16:32:57.670+0000] {logging_mixin.py:188} INFO - [2024-08-04T16:32:57.669+0000] {dag.py:3096} INFO - Sync 1 DAGs
[2024-08-04T16:32:57.688+0000] {logging_mixin.py:188} INFO - [2024-08-04T16:32:57.688+0000] {dag.py:3954} INFO - Setting next_dagrun for latest_only to 2024-08-04 12:00:00+00:00, run_after=2024-08-04 16:00:00+00:00
[2024-08-04T16:32:57.708+0000] {processor.py:183} INFO - Processing /home/airflow/.local/lib/python3.12/site-packages/airflow/example_dags/example_latest_only.py took 0.071 seconds
[2024-08-04T16:33:28.739+0000] {processor.py:161} INFO - Started process (PID=1457) to work on /home/airflow/.local/lib/python3.12/site-packages/airflow/example_dags/example_latest_only.py
[2024-08-04T16:33:28.739+0000] {processor.py:830} INFO - Processing file /home/airflow/.local/lib/python3.12/site-packages/airflow/example_dags/example_latest_only.py for tasks to queue
[2024-08-04T16:33:28.740+0000] {logging_mixin.py:188} INFO - [2024-08-04T16:33:28.740+0000] {dagbag.py:545} INFO - Filling up the DagBag from /home/airflow/.local/lib/python3.12/site-packages/airflow/example_dags/example_latest_only.py
[2024-08-04T16:33:28.746+0000] {processor.py:840} INFO - DAG(s) 'latest_only' retrieved from /home/airflow/.local/lib/python3.12/site-packages/airflow/example_dags/example_latest_only.py
[2024-08-04T16:33:28.768+0000] {logging_mixin.py:188} INFO - [2024-08-04T16:33:28.768+0000] {dag.py:3096} INFO - Sync 1 DAGs
[2024-08-04T16:33:28.793+0000] {logging_mixin.py:188} INFO - [2024-08-04T16:33:28.792+0000] {dag.py:3954} INFO - Setting next_dagrun for latest_only to 2024-08-04 12:00:00+00:00, run_after=2024-08-04 16:00:00+00:00
[2024-08-04T16:33:28.812+0000] {processor.py:183} INFO - Processing /home/airflow/.local/lib/python3.12/site-packages/airflow/example_dags/example_latest_only.py took 0.080 seconds
[2024-08-04T16:33:59.370+0000] {processor.py:161} INFO - Started process (PID=1516) to work on /home/airflow/.local/lib/python3.12/site-packages/airflow/example_dags/example_latest_only.py
[2024-08-04T16:33:59.374+0000] {processor.py:830} INFO - Processing file /home/airflow/.local/lib/python3.12/site-packages/airflow/example_dags/example_latest_only.py for tasks to queue
[2024-08-04T16:33:59.374+0000] {logging_mixin.py:188} INFO - [2024-08-04T16:33:59.374+0000] {dagbag.py:545} INFO - Filling up the DagBag from /home/airflow/.local/lib/python3.12/site-packages/airflow/example_dags/example_latest_only.py
[2024-08-04T16:33:59.385+0000] {processor.py:840} INFO - DAG(s) 'latest_only' retrieved from /home/airflow/.local/lib/python3.12/site-packages/airflow/example_dags/example_latest_only.py
[2024-08-04T16:33:59.442+0000] {logging_mixin.py:188} INFO - [2024-08-04T16:33:59.442+0000] {dag.py:3096} INFO - Sync 1 DAGs
[2024-08-04T16:33:59.504+0000] {logging_mixin.py:188} INFO - [2024-08-04T16:33:59.504+0000] {dag.py:3954} INFO - Setting next_dagrun for latest_only to 2024-08-04 12:00:00+00:00, run_after=2024-08-04 16:00:00+00:00
[2024-08-04T16:33:59.558+0000] {processor.py:183} INFO - Processing /home/airflow/.local/lib/python3.12/site-packages/airflow/example_dags/example_latest_only.py took 0.195 seconds
[2024-08-04T16:34:29.782+0000] {processor.py:161} INFO - Started process (PID=1575) to work on /home/airflow/.local/lib/python3.12/site-packages/airflow/example_dags/example_latest_only.py
[2024-08-04T16:34:29.782+0000] {processor.py:830} INFO - Processing file /home/airflow/.local/lib/python3.12/site-packages/airflow/example_dags/example_latest_only.py for tasks to queue
[2024-08-04T16:34:29.783+0000] {logging_mixin.py:188} INFO - [2024-08-04T16:34:29.783+0000] {dagbag.py:545} INFO - Filling up the DagBag from /home/airflow/.local/lib/python3.12/site-packages/airflow/example_dags/example_latest_only.py
[2024-08-04T16:34:29.789+0000] {processor.py:840} INFO - DAG(s) 'latest_only' retrieved from /home/airflow/.local/lib/python3.12/site-packages/airflow/example_dags/example_latest_only.py
[2024-08-04T16:34:29.823+0000] {logging_mixin.py:188} INFO - [2024-08-04T16:34:29.823+0000] {dag.py:3096} INFO - Sync 1 DAGs
[2024-08-04T16:34:29.851+0000] {logging_mixin.py:188} INFO - [2024-08-04T16:34:29.851+0000] {dag.py:3954} INFO - Setting next_dagrun for latest_only to 2024-08-04 12:00:00+00:00, run_after=2024-08-04 16:00:00+00:00
[2024-08-04T16:34:29.876+0000] {processor.py:183} INFO - Processing /home/airflow/.local/lib/python3.12/site-packages/airflow/example_dags/example_latest_only.py took 0.111 seconds
[2024-08-04T16:35:00.540+0000] {processor.py:161} INFO - Started process (PID=1634) to work on /home/airflow/.local/lib/python3.12/site-packages/airflow/example_dags/example_latest_only.py
[2024-08-04T16:35:00.547+0000] {processor.py:830} INFO - Processing file /home/airflow/.local/lib/python3.12/site-packages/airflow/example_dags/example_latest_only.py for tasks to queue
[2024-08-04T16:35:00.549+0000] {logging_mixin.py:188} INFO - [2024-08-04T16:35:00.548+0000] {dagbag.py:545} INFO - Filling up the DagBag from /home/airflow/.local/lib/python3.12/site-packages/airflow/example_dags/example_latest_only.py
[2024-08-04T16:35:00.557+0000] {processor.py:840} INFO - DAG(s) 'latest_only' retrieved from /home/airflow/.local/lib/python3.12/site-packages/airflow/example_dags/example_latest_only.py
[2024-08-04T16:35:00.574+0000] {logging_mixin.py:188} INFO - [2024-08-04T16:35:00.574+0000] {dag.py:3096} INFO - Sync 1 DAGs
[2024-08-04T16:35:00.592+0000] {logging_mixin.py:188} INFO - [2024-08-04T16:35:00.592+0000] {dag.py:3954} INFO - Setting next_dagrun for latest_only to 2024-08-04 12:00:00+00:00, run_after=2024-08-04 16:00:00+00:00
[2024-08-04T16:35:00.759+0000] {processor.py:183} INFO - Processing /home/airflow/.local/lib/python3.12/site-packages/airflow/example_dags/example_latest_only.py took 0.225 seconds
[2024-08-04T16:35:31.703+0000] {processor.py:161} INFO - Started process (PID=1692) to work on /home/airflow/.local/lib/python3.12/site-packages/airflow/example_dags/example_latest_only.py
[2024-08-04T16:35:31.703+0000] {processor.py:830} INFO - Processing file /home/airflow/.local/lib/python3.12/site-packages/airflow/example_dags/example_latest_only.py for tasks to queue
[2024-08-04T16:35:31.704+0000] {logging_mixin.py:188} INFO - [2024-08-04T16:35:31.704+0000] {dagbag.py:545} INFO - Filling up the DagBag from /home/airflow/.local/lib/python3.12/site-packages/airflow/example_dags/example_latest_only.py
[2024-08-04T16:35:31.708+0000] {processor.py:840} INFO - DAG(s) 'latest_only' retrieved from /home/airflow/.local/lib/python3.12/site-packages/airflow/example_dags/example_latest_only.py
[2024-08-04T16:35:31.725+0000] {logging_mixin.py:188} INFO - [2024-08-04T16:35:31.725+0000] {dag.py:3096} INFO - Sync 1 DAGs
[2024-08-04T16:35:31.742+0000] {logging_mixin.py:188} INFO - [2024-08-04T16:35:31.742+0000] {dag.py:3954} INFO - Setting next_dagrun for latest_only to 2024-08-04 12:00:00+00:00, run_after=2024-08-04 16:00:00+00:00
[2024-08-04T16:35:31.764+0000] {processor.py:183} INFO - Processing /home/airflow/.local/lib/python3.12/site-packages/airflow/example_dags/example_latest_only.py took 0.065 seconds
[2024-08-04T16:36:01.965+0000] {processor.py:161} INFO - Started process (PID=1752) to work on /home/airflow/.local/lib/python3.12/site-packages/airflow/example_dags/example_latest_only.py
[2024-08-04T16:36:01.965+0000] {processor.py:830} INFO - Processing file /home/airflow/.local/lib/python3.12/site-packages/airflow/example_dags/example_latest_only.py for tasks to queue
[2024-08-04T16:36:01.966+0000] {logging_mixin.py:188} INFO - [2024-08-04T16:36:01.966+0000] {dagbag.py:545} INFO - Filling up the DagBag from /home/airflow/.local/lib/python3.12/site-packages/airflow/example_dags/example_latest_only.py
[2024-08-04T16:36:01.970+0000] {processor.py:840} INFO - DAG(s) 'latest_only' retrieved from /home/airflow/.local/lib/python3.12/site-packages/airflow/example_dags/example_latest_only.py
[2024-08-04T16:36:01.988+0000] {logging_mixin.py:188} INFO - [2024-08-04T16:36:01.988+0000] {dag.py:3096} INFO - Sync 1 DAGs
[2024-08-04T16:36:02.005+0000] {logging_mixin.py:188} INFO - [2024-08-04T16:36:02.005+0000] {dag.py:3954} INFO - Setting next_dagrun for latest_only to 2024-08-04 12:00:00+00:00, run_after=2024-08-04 16:00:00+00:00
[2024-08-04T16:36:02.024+0000] {processor.py:183} INFO - Processing /home/airflow/.local/lib/python3.12/site-packages/airflow/example_dags/example_latest_only.py took 0.064 seconds
