[2024-08-04T16:21:17.271+0000] {processor.py:161} INFO - Started process (PID=64) to work on /home/airflow/.local/lib/python3.12/site-packages/airflow/example_dags/example_python_operator.py
[2024-08-04T16:21:17.277+0000] {processor.py:830} INFO - Processing file /home/airflow/.local/lib/python3.12/site-packages/airflow/example_dags/example_python_operator.py for tasks to queue
[2024-08-04T16:21:17.279+0000] {logging_mixin.py:188} INFO - [2024-08-04T16:21:17.279+0000] {dagbag.py:545} INFO - Filling up the DagBag from /home/airflow/.local/lib/python3.12/site-packages/airflow/example_dags/example_python_operator.py
[2024-08-04T16:21:17.319+0000] {processor.py:840} INFO - DAG(s) 'example_python_operator' retrieved from /home/airflow/.local/lib/python3.12/site-packages/airflow/example_dags/example_python_operator.py
[2024-08-04T16:21:17.824+0000] {logging_mixin.py:188} INFO - [2024-08-04T16:21:17.824+0000] {dag.py:3096} INFO - Sync 1 DAGs
[2024-08-04T16:21:17.896+0000] {logging_mixin.py:188} INFO - [2024-08-04T16:21:17.893+0000] {dag.py:3954} INFO - Setting next_dagrun for example_python_operator to None, run_after=None
[2024-08-04T16:21:18.000+0000] {processor.py:183} INFO - Processing /home/airflow/.local/lib/python3.12/site-packages/airflow/example_dags/example_python_operator.py took 0.772 seconds
[2024-08-04T16:21:48.313+0000] {processor.py:161} INFO - Started process (PID=122) to work on /home/airflow/.local/lib/python3.12/site-packages/airflow/example_dags/example_python_operator.py
[2024-08-04T16:21:48.314+0000] {processor.py:830} INFO - Processing file /home/airflow/.local/lib/python3.12/site-packages/airflow/example_dags/example_python_operator.py for tasks to queue
[2024-08-04T16:21:48.316+0000] {logging_mixin.py:188} INFO - [2024-08-04T16:21:48.315+0000] {dagbag.py:545} INFO - Filling up the DagBag from /home/airflow/.local/lib/python3.12/site-packages/airflow/example_dags/example_python_operator.py
[2024-08-04T16:21:48.328+0000] {processor.py:840} INFO - DAG(s) 'example_python_operator' retrieved from /home/airflow/.local/lib/python3.12/site-packages/airflow/example_dags/example_python_operator.py
[2024-08-04T16:21:48.355+0000] {logging_mixin.py:188} INFO - [2024-08-04T16:21:48.355+0000] {dag.py:3096} INFO - Sync 1 DAGs
[2024-08-04T16:21:48.370+0000] {logging_mixin.py:188} INFO - [2024-08-04T16:21:48.370+0000] {dag.py:3954} INFO - Setting next_dagrun for example_python_operator to None, run_after=None
[2024-08-04T16:21:48.396+0000] {processor.py:183} INFO - Processing /home/airflow/.local/lib/python3.12/site-packages/airflow/example_dags/example_python_operator.py took 0.089 seconds
[2024-08-04T16:22:18.659+0000] {processor.py:161} INFO - Started process (PID=180) to work on /home/airflow/.local/lib/python3.12/site-packages/airflow/example_dags/example_python_operator.py
[2024-08-04T16:22:18.660+0000] {processor.py:830} INFO - Processing file /home/airflow/.local/lib/python3.12/site-packages/airflow/example_dags/example_python_operator.py for tasks to queue
[2024-08-04T16:22:18.662+0000] {logging_mixin.py:188} INFO - [2024-08-04T16:22:18.661+0000] {dagbag.py:545} INFO - Filling up the DagBag from /home/airflow/.local/lib/python3.12/site-packages/airflow/example_dags/example_python_operator.py
[2024-08-04T16:22:18.676+0000] {processor.py:840} INFO - DAG(s) 'example_python_operator' retrieved from /home/airflow/.local/lib/python3.12/site-packages/airflow/example_dags/example_python_operator.py
[2024-08-04T16:22:18.703+0000] {logging_mixin.py:188} INFO - [2024-08-04T16:22:18.703+0000] {dag.py:3096} INFO - Sync 1 DAGs
[2024-08-04T16:22:18.717+0000] {logging_mixin.py:188} INFO - [2024-08-04T16:22:18.717+0000] {dag.py:3954} INFO - Setting next_dagrun for example_python_operator to None, run_after=None
[2024-08-04T16:22:18.748+0000] {processor.py:183} INFO - Processing /home/airflow/.local/lib/python3.12/site-packages/airflow/example_dags/example_python_operator.py took 0.095 seconds
[2024-08-04T16:22:49.352+0000] {processor.py:161} INFO - Started process (PID=238) to work on /home/airflow/.local/lib/python3.12/site-packages/airflow/example_dags/example_python_operator.py
[2024-08-04T16:22:49.352+0000] {processor.py:830} INFO - Processing file /home/airflow/.local/lib/python3.12/site-packages/airflow/example_dags/example_python_operator.py for tasks to queue
[2024-08-04T16:22:49.354+0000] {logging_mixin.py:188} INFO - [2024-08-04T16:22:49.354+0000] {dagbag.py:545} INFO - Filling up the DagBag from /home/airflow/.local/lib/python3.12/site-packages/airflow/example_dags/example_python_operator.py
[2024-08-04T16:22:49.366+0000] {processor.py:840} INFO - DAG(s) 'example_python_operator' retrieved from /home/airflow/.local/lib/python3.12/site-packages/airflow/example_dags/example_python_operator.py
[2024-08-04T16:22:49.396+0000] {logging_mixin.py:188} INFO - [2024-08-04T16:22:49.396+0000] {dag.py:3096} INFO - Sync 1 DAGs
[2024-08-04T16:22:49.410+0000] {logging_mixin.py:188} INFO - [2024-08-04T16:22:49.410+0000] {dag.py:3954} INFO - Setting next_dagrun for example_python_operator to None, run_after=None
[2024-08-04T16:22:49.433+0000] {processor.py:183} INFO - Processing /home/airflow/.local/lib/python3.12/site-packages/airflow/example_dags/example_python_operator.py took 0.087 seconds
[2024-08-04T16:23:20.027+0000] {processor.py:161} INFO - Started process (PID=296) to work on /home/airflow/.local/lib/python3.12/site-packages/airflow/example_dags/example_python_operator.py
[2024-08-04T16:23:20.028+0000] {processor.py:830} INFO - Processing file /home/airflow/.local/lib/python3.12/site-packages/airflow/example_dags/example_python_operator.py for tasks to queue
[2024-08-04T16:23:20.030+0000] {logging_mixin.py:188} INFO - [2024-08-04T16:23:20.029+0000] {dagbag.py:545} INFO - Filling up the DagBag from /home/airflow/.local/lib/python3.12/site-packages/airflow/example_dags/example_python_operator.py
[2024-08-04T16:23:20.042+0000] {processor.py:840} INFO - DAG(s) 'example_python_operator' retrieved from /home/airflow/.local/lib/python3.12/site-packages/airflow/example_dags/example_python_operator.py
[2024-08-04T16:23:20.069+0000] {logging_mixin.py:188} INFO - [2024-08-04T16:23:20.069+0000] {dag.py:3096} INFO - Sync 1 DAGs
[2024-08-04T16:23:20.086+0000] {logging_mixin.py:188} INFO - [2024-08-04T16:23:20.086+0000] {dag.py:3954} INFO - Setting next_dagrun for example_python_operator to None, run_after=None
[2024-08-04T16:23:20.116+0000] {processor.py:183} INFO - Processing /home/airflow/.local/lib/python3.12/site-packages/airflow/example_dags/example_python_operator.py took 0.095 seconds
[2024-08-04T16:23:51.052+0000] {processor.py:161} INFO - Started process (PID=354) to work on /home/airflow/.local/lib/python3.12/site-packages/airflow/example_dags/example_python_operator.py
[2024-08-04T16:23:51.053+0000] {processor.py:830} INFO - Processing file /home/airflow/.local/lib/python3.12/site-packages/airflow/example_dags/example_python_operator.py for tasks to queue
[2024-08-04T16:23:51.055+0000] {logging_mixin.py:188} INFO - [2024-08-04T16:23:51.054+0000] {dagbag.py:545} INFO - Filling up the DagBag from /home/airflow/.local/lib/python3.12/site-packages/airflow/example_dags/example_python_operator.py
[2024-08-04T16:23:51.070+0000] {processor.py:840} INFO - DAG(s) 'example_python_operator' retrieved from /home/airflow/.local/lib/python3.12/site-packages/airflow/example_dags/example_python_operator.py
[2024-08-04T16:23:51.099+0000] {logging_mixin.py:188} INFO - [2024-08-04T16:23:51.098+0000] {dag.py:3096} INFO - Sync 1 DAGs
[2024-08-04T16:23:51.112+0000] {logging_mixin.py:188} INFO - [2024-08-04T16:23:51.112+0000] {dag.py:3954} INFO - Setting next_dagrun for example_python_operator to None, run_after=None
[2024-08-04T16:23:51.138+0000] {processor.py:183} INFO - Processing /home/airflow/.local/lib/python3.12/site-packages/airflow/example_dags/example_python_operator.py took 0.092 seconds
[2024-08-04T16:24:22.118+0000] {processor.py:161} INFO - Started process (PID=413) to work on /home/airflow/.local/lib/python3.12/site-packages/airflow/example_dags/example_python_operator.py
[2024-08-04T16:24:22.119+0000] {processor.py:830} INFO - Processing file /home/airflow/.local/lib/python3.12/site-packages/airflow/example_dags/example_python_operator.py for tasks to queue
[2024-08-04T16:24:22.130+0000] {logging_mixin.py:188} INFO - [2024-08-04T16:24:22.130+0000] {dagbag.py:545} INFO - Filling up the DagBag from /home/airflow/.local/lib/python3.12/site-packages/airflow/example_dags/example_python_operator.py
[2024-08-04T16:24:22.188+0000] {processor.py:840} INFO - DAG(s) 'example_python_operator' retrieved from /home/airflow/.local/lib/python3.12/site-packages/airflow/example_dags/example_python_operator.py
[2024-08-04T16:24:22.346+0000] {logging_mixin.py:188} INFO - [2024-08-04T16:24:22.346+0000] {dag.py:3096} INFO - Sync 1 DAGs
[2024-08-04T16:24:22.374+0000] {logging_mixin.py:188} INFO - [2024-08-04T16:24:22.374+0000] {dag.py:3954} INFO - Setting next_dagrun for example_python_operator to None, run_after=None
[2024-08-04T16:24:22.450+0000] {processor.py:183} INFO - Processing /home/airflow/.local/lib/python3.12/site-packages/airflow/example_dags/example_python_operator.py took 0.347 seconds
[2024-08-04T16:24:52.573+0000] {processor.py:161} INFO - Started process (PID=471) to work on /home/airflow/.local/lib/python3.12/site-packages/airflow/example_dags/example_python_operator.py
[2024-08-04T16:24:52.594+0000] {processor.py:830} INFO - Processing file /home/airflow/.local/lib/python3.12/site-packages/airflow/example_dags/example_python_operator.py for tasks to queue
[2024-08-04T16:24:52.595+0000] {logging_mixin.py:188} INFO - [2024-08-04T16:24:52.595+0000] {dagbag.py:545} INFO - Filling up the DagBag from /home/airflow/.local/lib/python3.12/site-packages/airflow/example_dags/example_python_operator.py
[2024-08-04T16:24:52.617+0000] {processor.py:840} INFO - DAG(s) 'example_python_operator' retrieved from /home/airflow/.local/lib/python3.12/site-packages/airflow/example_dags/example_python_operator.py
[2024-08-04T16:24:52.644+0000] {logging_mixin.py:188} INFO - [2024-08-04T16:24:52.643+0000] {dag.py:3096} INFO - Sync 1 DAGs
[2024-08-04T16:24:52.659+0000] {logging_mixin.py:188} INFO - [2024-08-04T16:24:52.658+0000] {dag.py:3954} INFO - Setting next_dagrun for example_python_operator to None, run_after=None
[2024-08-04T16:24:52.683+0000] {processor.py:183} INFO - Processing /home/airflow/.local/lib/python3.12/site-packages/airflow/example_dags/example_python_operator.py took 0.122 seconds
[2024-08-04T16:25:23.427+0000] {processor.py:161} INFO - Started process (PID=529) to work on /home/airflow/.local/lib/python3.12/site-packages/airflow/example_dags/example_python_operator.py
[2024-08-04T16:25:23.427+0000] {processor.py:830} INFO - Processing file /home/airflow/.local/lib/python3.12/site-packages/airflow/example_dags/example_python_operator.py for tasks to queue
[2024-08-04T16:25:23.429+0000] {logging_mixin.py:188} INFO - [2024-08-04T16:25:23.429+0000] {dagbag.py:545} INFO - Filling up the DagBag from /home/airflow/.local/lib/python3.12/site-packages/airflow/example_dags/example_python_operator.py
[2024-08-04T16:25:23.442+0000] {processor.py:840} INFO - DAG(s) 'example_python_operator' retrieved from /home/airflow/.local/lib/python3.12/site-packages/airflow/example_dags/example_python_operator.py
[2024-08-04T16:25:23.470+0000] {logging_mixin.py:188} INFO - [2024-08-04T16:25:23.470+0000] {dag.py:3096} INFO - Sync 1 DAGs
[2024-08-04T16:25:23.486+0000] {logging_mixin.py:188} INFO - [2024-08-04T16:25:23.486+0000] {dag.py:3954} INFO - Setting next_dagrun for example_python_operator to None, run_after=None
[2024-08-04T16:25:23.510+0000] {processor.py:183} INFO - Processing /home/airflow/.local/lib/python3.12/site-packages/airflow/example_dags/example_python_operator.py took 0.090 seconds
[2024-08-04T16:25:53.813+0000] {processor.py:161} INFO - Started process (PID=588) to work on /home/airflow/.local/lib/python3.12/site-packages/airflow/example_dags/example_python_operator.py
[2024-08-04T16:25:53.813+0000] {processor.py:830} INFO - Processing file /home/airflow/.local/lib/python3.12/site-packages/airflow/example_dags/example_python_operator.py for tasks to queue
[2024-08-04T16:25:53.815+0000] {logging_mixin.py:188} INFO - [2024-08-04T16:25:53.815+0000] {dagbag.py:545} INFO - Filling up the DagBag from /home/airflow/.local/lib/python3.12/site-packages/airflow/example_dags/example_python_operator.py
[2024-08-04T16:25:53.827+0000] {processor.py:840} INFO - DAG(s) 'example_python_operator' retrieved from /home/airflow/.local/lib/python3.12/site-packages/airflow/example_dags/example_python_operator.py
[2024-08-04T16:25:53.857+0000] {logging_mixin.py:188} INFO - [2024-08-04T16:25:53.857+0000] {dag.py:3096} INFO - Sync 1 DAGs
[2024-08-04T16:25:53.871+0000] {logging_mixin.py:188} INFO - [2024-08-04T16:25:53.871+0000] {dag.py:3954} INFO - Setting next_dagrun for example_python_operator to None, run_after=None
[2024-08-04T16:25:53.894+0000] {processor.py:183} INFO - Processing /home/airflow/.local/lib/python3.12/site-packages/airflow/example_dags/example_python_operator.py took 0.088 seconds
[2024-08-04T16:26:24.100+0000] {processor.py:161} INFO - Started process (PID=645) to work on /home/airflow/.local/lib/python3.12/site-packages/airflow/example_dags/example_python_operator.py
[2024-08-04T16:26:24.101+0000] {processor.py:830} INFO - Processing file /home/airflow/.local/lib/python3.12/site-packages/airflow/example_dags/example_python_operator.py for tasks to queue
[2024-08-04T16:26:24.103+0000] {logging_mixin.py:188} INFO - [2024-08-04T16:26:24.102+0000] {dagbag.py:545} INFO - Filling up the DagBag from /home/airflow/.local/lib/python3.12/site-packages/airflow/example_dags/example_python_operator.py
[2024-08-04T16:26:24.115+0000] {processor.py:840} INFO - DAG(s) 'example_python_operator' retrieved from /home/airflow/.local/lib/python3.12/site-packages/airflow/example_dags/example_python_operator.py
[2024-08-04T16:26:24.143+0000] {logging_mixin.py:188} INFO - [2024-08-04T16:26:24.142+0000] {dag.py:3096} INFO - Sync 1 DAGs
[2024-08-04T16:26:24.158+0000] {logging_mixin.py:188} INFO - [2024-08-04T16:26:24.157+0000] {dag.py:3954} INFO - Setting next_dagrun for example_python_operator to None, run_after=None
[2024-08-04T16:26:24.182+0000] {processor.py:183} INFO - Processing /home/airflow/.local/lib/python3.12/site-packages/airflow/example_dags/example_python_operator.py took 0.088 seconds
[2024-08-04T16:26:54.546+0000] {processor.py:161} INFO - Started process (PID=703) to work on /home/airflow/.local/lib/python3.12/site-packages/airflow/example_dags/example_python_operator.py
[2024-08-04T16:26:54.546+0000] {processor.py:830} INFO - Processing file /home/airflow/.local/lib/python3.12/site-packages/airflow/example_dags/example_python_operator.py for tasks to queue
[2024-08-04T16:26:54.548+0000] {logging_mixin.py:188} INFO - [2024-08-04T16:26:54.548+0000] {dagbag.py:545} INFO - Filling up the DagBag from /home/airflow/.local/lib/python3.12/site-packages/airflow/example_dags/example_python_operator.py
[2024-08-04T16:26:54.560+0000] {processor.py:840} INFO - DAG(s) 'example_python_operator' retrieved from /home/airflow/.local/lib/python3.12/site-packages/airflow/example_dags/example_python_operator.py
[2024-08-04T16:26:54.590+0000] {logging_mixin.py:188} INFO - [2024-08-04T16:26:54.590+0000] {dag.py:3096} INFO - Sync 1 DAGs
[2024-08-04T16:26:54.605+0000] {logging_mixin.py:188} INFO - [2024-08-04T16:26:54.605+0000] {dag.py:3954} INFO - Setting next_dagrun for example_python_operator to None, run_after=None
[2024-08-04T16:26:54.628+0000] {processor.py:183} INFO - Processing /home/airflow/.local/lib/python3.12/site-packages/airflow/example_dags/example_python_operator.py took 0.088 seconds
[2024-08-04T16:27:25.308+0000] {processor.py:161} INFO - Started process (PID=761) to work on /home/airflow/.local/lib/python3.12/site-packages/airflow/example_dags/example_python_operator.py
[2024-08-04T16:27:25.309+0000] {processor.py:830} INFO - Processing file /home/airflow/.local/lib/python3.12/site-packages/airflow/example_dags/example_python_operator.py for tasks to queue
[2024-08-04T16:27:25.311+0000] {logging_mixin.py:188} INFO - [2024-08-04T16:27:25.310+0000] {dagbag.py:545} INFO - Filling up the DagBag from /home/airflow/.local/lib/python3.12/site-packages/airflow/example_dags/example_python_operator.py
[2024-08-04T16:27:25.323+0000] {processor.py:840} INFO - DAG(s) 'example_python_operator' retrieved from /home/airflow/.local/lib/python3.12/site-packages/airflow/example_dags/example_python_operator.py
[2024-08-04T16:27:25.352+0000] {logging_mixin.py:188} INFO - [2024-08-04T16:27:25.352+0000] {dag.py:3096} INFO - Sync 1 DAGs
[2024-08-04T16:27:25.366+0000] {logging_mixin.py:188} INFO - [2024-08-04T16:27:25.366+0000] {dag.py:3954} INFO - Setting next_dagrun for example_python_operator to None, run_after=None
[2024-08-04T16:27:25.390+0000] {processor.py:183} INFO - Processing /home/airflow/.local/lib/python3.12/site-packages/airflow/example_dags/example_python_operator.py took 0.088 seconds
[2024-08-04T16:27:55.574+0000] {processor.py:161} INFO - Started process (PID=819) to work on /home/airflow/.local/lib/python3.12/site-packages/airflow/example_dags/example_python_operator.py
[2024-08-04T16:27:55.574+0000] {processor.py:830} INFO - Processing file /home/airflow/.local/lib/python3.12/site-packages/airflow/example_dags/example_python_operator.py for tasks to queue
[2024-08-04T16:27:55.576+0000] {logging_mixin.py:188} INFO - [2024-08-04T16:27:55.576+0000] {dagbag.py:545} INFO - Filling up the DagBag from /home/airflow/.local/lib/python3.12/site-packages/airflow/example_dags/example_python_operator.py
[2024-08-04T16:27:55.588+0000] {processor.py:840} INFO - DAG(s) 'example_python_operator' retrieved from /home/airflow/.local/lib/python3.12/site-packages/airflow/example_dags/example_python_operator.py
[2024-08-04T16:27:55.616+0000] {logging_mixin.py:188} INFO - [2024-08-04T16:27:55.616+0000] {dag.py:3096} INFO - Sync 1 DAGs
[2024-08-04T16:27:55.630+0000] {logging_mixin.py:188} INFO - [2024-08-04T16:27:55.630+0000] {dag.py:3954} INFO - Setting next_dagrun for example_python_operator to None, run_after=None
[2024-08-04T16:27:55.653+0000] {processor.py:183} INFO - Processing /home/airflow/.local/lib/python3.12/site-packages/airflow/example_dags/example_python_operator.py took 0.085 seconds
[2024-08-04T16:28:26.573+0000] {processor.py:161} INFO - Started process (PID=877) to work on /home/airflow/.local/lib/python3.12/site-packages/airflow/example_dags/example_python_operator.py
[2024-08-04T16:28:26.574+0000] {processor.py:830} INFO - Processing file /home/airflow/.local/lib/python3.12/site-packages/airflow/example_dags/example_python_operator.py for tasks to queue
[2024-08-04T16:28:26.575+0000] {logging_mixin.py:188} INFO - [2024-08-04T16:28:26.575+0000] {dagbag.py:545} INFO - Filling up the DagBag from /home/airflow/.local/lib/python3.12/site-packages/airflow/example_dags/example_python_operator.py
[2024-08-04T16:28:26.587+0000] {processor.py:840} INFO - DAG(s) 'example_python_operator' retrieved from /home/airflow/.local/lib/python3.12/site-packages/airflow/example_dags/example_python_operator.py
[2024-08-04T16:28:26.615+0000] {logging_mixin.py:188} INFO - [2024-08-04T16:28:26.615+0000] {dag.py:3096} INFO - Sync 1 DAGs
[2024-08-04T16:28:26.630+0000] {logging_mixin.py:188} INFO - [2024-08-04T16:28:26.630+0000] {dag.py:3954} INFO - Setting next_dagrun for example_python_operator to None, run_after=None
[2024-08-04T16:28:26.667+0000] {processor.py:183} INFO - Processing /home/airflow/.local/lib/python3.12/site-packages/airflow/example_dags/example_python_operator.py took 0.100 seconds
[2024-08-04T16:28:56.887+0000] {processor.py:161} INFO - Started process (PID=936) to work on /home/airflow/.local/lib/python3.12/site-packages/airflow/example_dags/example_python_operator.py
[2024-08-04T16:28:56.889+0000] {processor.py:830} INFO - Processing file /home/airflow/.local/lib/python3.12/site-packages/airflow/example_dags/example_python_operator.py for tasks to queue
[2024-08-04T16:28:56.891+0000] {logging_mixin.py:188} INFO - [2024-08-04T16:28:56.891+0000] {dagbag.py:545} INFO - Filling up the DagBag from /home/airflow/.local/lib/python3.12/site-packages/airflow/example_dags/example_python_operator.py
[2024-08-04T16:28:56.956+0000] {processor.py:840} INFO - DAG(s) 'example_python_operator' retrieved from /home/airflow/.local/lib/python3.12/site-packages/airflow/example_dags/example_python_operator.py
[2024-08-04T16:28:57.108+0000] {logging_mixin.py:188} INFO - [2024-08-04T16:28:57.108+0000] {dag.py:3096} INFO - Sync 1 DAGs
[2024-08-04T16:28:57.160+0000] {logging_mixin.py:188} INFO - [2024-08-04T16:28:57.160+0000] {dag.py:3954} INFO - Setting next_dagrun for example_python_operator to None, run_after=None
[2024-08-04T16:28:57.201+0000] {processor.py:183} INFO - Processing /home/airflow/.local/lib/python3.12/site-packages/airflow/example_dags/example_python_operator.py took 0.330 seconds
[2024-08-04T16:29:27.306+0000] {processor.py:161} INFO - Started process (PID=995) to work on /home/airflow/.local/lib/python3.12/site-packages/airflow/example_dags/example_python_operator.py
[2024-08-04T16:29:27.307+0000] {processor.py:830} INFO - Processing file /home/airflow/.local/lib/python3.12/site-packages/airflow/example_dags/example_python_operator.py for tasks to queue
[2024-08-04T16:29:27.309+0000] {logging_mixin.py:188} INFO - [2024-08-04T16:29:27.308+0000] {dagbag.py:545} INFO - Filling up the DagBag from /home/airflow/.local/lib/python3.12/site-packages/airflow/example_dags/example_python_operator.py
[2024-08-04T16:29:27.328+0000] {processor.py:840} INFO - DAG(s) 'example_python_operator' retrieved from /home/airflow/.local/lib/python3.12/site-packages/airflow/example_dags/example_python_operator.py
[2024-08-04T16:29:27.361+0000] {logging_mixin.py:188} INFO - [2024-08-04T16:29:27.360+0000] {dag.py:3096} INFO - Sync 1 DAGs
[2024-08-04T16:29:27.377+0000] {logging_mixin.py:188} INFO - [2024-08-04T16:29:27.377+0000] {dag.py:3954} INFO - Setting next_dagrun for example_python_operator to None, run_after=None
[2024-08-04T16:29:27.421+0000] {processor.py:183} INFO - Processing /home/airflow/.local/lib/python3.12/site-packages/airflow/example_dags/example_python_operator.py took 0.123 seconds
[2024-08-04T16:29:57.491+0000] {processor.py:161} INFO - Started process (PID=1052) to work on /home/airflow/.local/lib/python3.12/site-packages/airflow/example_dags/example_python_operator.py
[2024-08-04T16:29:57.495+0000] {processor.py:830} INFO - Processing file /home/airflow/.local/lib/python3.12/site-packages/airflow/example_dags/example_python_operator.py for tasks to queue
[2024-08-04T16:29:57.498+0000] {logging_mixin.py:188} INFO - [2024-08-04T16:29:57.497+0000] {dagbag.py:545} INFO - Filling up the DagBag from /home/airflow/.local/lib/python3.12/site-packages/airflow/example_dags/example_python_operator.py
[2024-08-04T16:29:57.524+0000] {processor.py:840} INFO - DAG(s) 'example_python_operator' retrieved from /home/airflow/.local/lib/python3.12/site-packages/airflow/example_dags/example_python_operator.py
[2024-08-04T16:29:57.555+0000] {logging_mixin.py:188} INFO - [2024-08-04T16:29:57.554+0000] {dag.py:3096} INFO - Sync 1 DAGs
[2024-08-04T16:29:57.571+0000] {logging_mixin.py:188} INFO - [2024-08-04T16:29:57.571+0000] {dag.py:3954} INFO - Setting next_dagrun for example_python_operator to None, run_after=None
[2024-08-04T16:29:57.597+0000] {processor.py:183} INFO - Processing /home/airflow/.local/lib/python3.12/site-packages/airflow/example_dags/example_python_operator.py took 0.131 seconds
[2024-08-04T16:30:28.119+0000] {processor.py:161} INFO - Started process (PID=1111) to work on /home/airflow/.local/lib/python3.12/site-packages/airflow/example_dags/example_python_operator.py
[2024-08-04T16:30:28.120+0000] {processor.py:830} INFO - Processing file /home/airflow/.local/lib/python3.12/site-packages/airflow/example_dags/example_python_operator.py for tasks to queue
[2024-08-04T16:30:28.122+0000] {logging_mixin.py:188} INFO - [2024-08-04T16:30:28.122+0000] {dagbag.py:545} INFO - Filling up the DagBag from /home/airflow/.local/lib/python3.12/site-packages/airflow/example_dags/example_python_operator.py
[2024-08-04T16:30:28.134+0000] {processor.py:840} INFO - DAG(s) 'example_python_operator' retrieved from /home/airflow/.local/lib/python3.12/site-packages/airflow/example_dags/example_python_operator.py
[2024-08-04T16:30:28.159+0000] {logging_mixin.py:188} INFO - [2024-08-04T16:30:28.159+0000] {dag.py:3096} INFO - Sync 1 DAGs
[2024-08-04T16:30:28.177+0000] {logging_mixin.py:188} INFO - [2024-08-04T16:30:28.177+0000] {dag.py:3954} INFO - Setting next_dagrun for example_python_operator to None, run_after=None
[2024-08-04T16:30:28.203+0000] {processor.py:183} INFO - Processing /home/airflow/.local/lib/python3.12/site-packages/airflow/example_dags/example_python_operator.py took 0.091 seconds
[2024-08-04T16:30:58.371+0000] {processor.py:161} INFO - Started process (PID=1170) to work on /home/airflow/.local/lib/python3.12/site-packages/airflow/example_dags/example_python_operator.py
[2024-08-04T16:30:58.372+0000] {processor.py:830} INFO - Processing file /home/airflow/.local/lib/python3.12/site-packages/airflow/example_dags/example_python_operator.py for tasks to queue
[2024-08-04T16:30:58.374+0000] {logging_mixin.py:188} INFO - [2024-08-04T16:30:58.374+0000] {dagbag.py:545} INFO - Filling up the DagBag from /home/airflow/.local/lib/python3.12/site-packages/airflow/example_dags/example_python_operator.py
[2024-08-04T16:30:58.385+0000] {processor.py:840} INFO - DAG(s) 'example_python_operator' retrieved from /home/airflow/.local/lib/python3.12/site-packages/airflow/example_dags/example_python_operator.py
[2024-08-04T16:30:58.411+0000] {logging_mixin.py:188} INFO - [2024-08-04T16:30:58.411+0000] {dag.py:3096} INFO - Sync 1 DAGs
[2024-08-04T16:30:58.426+0000] {logging_mixin.py:188} INFO - [2024-08-04T16:30:58.426+0000] {dag.py:3954} INFO - Setting next_dagrun for example_python_operator to None, run_after=None
[2024-08-04T16:30:58.451+0000] {processor.py:183} INFO - Processing /home/airflow/.local/lib/python3.12/site-packages/airflow/example_dags/example_python_operator.py took 0.086 seconds
[2024-08-04T16:31:28.532+0000] {processor.py:161} INFO - Started process (PID=1229) to work on /home/airflow/.local/lib/python3.12/site-packages/airflow/example_dags/example_python_operator.py
[2024-08-04T16:31:28.533+0000] {processor.py:830} INFO - Processing file /home/airflow/.local/lib/python3.12/site-packages/airflow/example_dags/example_python_operator.py for tasks to queue
[2024-08-04T16:31:28.534+0000] {logging_mixin.py:188} INFO - [2024-08-04T16:31:28.533+0000] {dagbag.py:545} INFO - Filling up the DagBag from /home/airflow/.local/lib/python3.12/site-packages/airflow/example_dags/example_python_operator.py
[2024-08-04T16:31:28.546+0000] {processor.py:840} INFO - DAG(s) 'example_python_operator' retrieved from /home/airflow/.local/lib/python3.12/site-packages/airflow/example_dags/example_python_operator.py
[2024-08-04T16:31:28.573+0000] {logging_mixin.py:188} INFO - [2024-08-04T16:31:28.572+0000] {dag.py:3096} INFO - Sync 1 DAGs
[2024-08-04T16:31:28.588+0000] {logging_mixin.py:188} INFO - [2024-08-04T16:31:28.587+0000] {dag.py:3954} INFO - Setting next_dagrun for example_python_operator to None, run_after=None
[2024-08-04T16:31:28.609+0000] {processor.py:183} INFO - Processing /home/airflow/.local/lib/python3.12/site-packages/airflow/example_dags/example_python_operator.py took 0.083 seconds
[2024-08-04T16:31:58.850+0000] {processor.py:161} INFO - Started process (PID=1288) to work on /home/airflow/.local/lib/python3.12/site-packages/airflow/example_dags/example_python_operator.py
[2024-08-04T16:31:58.851+0000] {processor.py:830} INFO - Processing file /home/airflow/.local/lib/python3.12/site-packages/airflow/example_dags/example_python_operator.py for tasks to queue
[2024-08-04T16:31:58.852+0000] {logging_mixin.py:188} INFO - [2024-08-04T16:31:58.851+0000] {dagbag.py:545} INFO - Filling up the DagBag from /home/airflow/.local/lib/python3.12/site-packages/airflow/example_dags/example_python_operator.py
[2024-08-04T16:31:58.864+0000] {processor.py:840} INFO - DAG(s) 'example_python_operator' retrieved from /home/airflow/.local/lib/python3.12/site-packages/airflow/example_dags/example_python_operator.py
[2024-08-04T16:31:58.889+0000] {logging_mixin.py:188} INFO - [2024-08-04T16:31:58.889+0000] {dag.py:3096} INFO - Sync 1 DAGs
[2024-08-04T16:31:58.904+0000] {logging_mixin.py:188} INFO - [2024-08-04T16:31:58.904+0000] {dag.py:3954} INFO - Setting next_dagrun for example_python_operator to None, run_after=None
[2024-08-04T16:31:58.929+0000] {processor.py:183} INFO - Processing /home/airflow/.local/lib/python3.12/site-packages/airflow/example_dags/example_python_operator.py took 0.085 seconds
[2024-08-04T16:32:29.230+0000] {processor.py:161} INFO - Started process (PID=1347) to work on /home/airflow/.local/lib/python3.12/site-packages/airflow/example_dags/example_python_operator.py
[2024-08-04T16:32:29.231+0000] {processor.py:830} INFO - Processing file /home/airflow/.local/lib/python3.12/site-packages/airflow/example_dags/example_python_operator.py for tasks to queue
[2024-08-04T16:32:29.231+0000] {logging_mixin.py:188} INFO - [2024-08-04T16:32:29.231+0000] {dagbag.py:545} INFO - Filling up the DagBag from /home/airflow/.local/lib/python3.12/site-packages/airflow/example_dags/example_python_operator.py
[2024-08-04T16:32:29.244+0000] {processor.py:840} INFO - DAG(s) 'example_python_operator' retrieved from /home/airflow/.local/lib/python3.12/site-packages/airflow/example_dags/example_python_operator.py
[2024-08-04T16:32:29.270+0000] {logging_mixin.py:188} INFO - [2024-08-04T16:32:29.270+0000] {dag.py:3096} INFO - Sync 1 DAGs
[2024-08-04T16:32:29.286+0000] {logging_mixin.py:188} INFO - [2024-08-04T16:32:29.286+0000] {dag.py:3954} INFO - Setting next_dagrun for example_python_operator to None, run_after=None
[2024-08-04T16:32:29.316+0000] {processor.py:183} INFO - Processing /home/airflow/.local/lib/python3.12/site-packages/airflow/example_dags/example_python_operator.py took 0.091 seconds
[2024-08-04T16:33:00.143+0000] {processor.py:161} INFO - Started process (PID=1406) to work on /home/airflow/.local/lib/python3.12/site-packages/airflow/example_dags/example_python_operator.py
[2024-08-04T16:33:00.144+0000] {processor.py:830} INFO - Processing file /home/airflow/.local/lib/python3.12/site-packages/airflow/example_dags/example_python_operator.py for tasks to queue
[2024-08-04T16:33:00.145+0000] {logging_mixin.py:188} INFO - [2024-08-04T16:33:00.144+0000] {dagbag.py:545} INFO - Filling up the DagBag from /home/airflow/.local/lib/python3.12/site-packages/airflow/example_dags/example_python_operator.py
[2024-08-04T16:33:00.156+0000] {processor.py:840} INFO - DAG(s) 'example_python_operator' retrieved from /home/airflow/.local/lib/python3.12/site-packages/airflow/example_dags/example_python_operator.py
[2024-08-04T16:33:00.182+0000] {logging_mixin.py:188} INFO - [2024-08-04T16:33:00.182+0000] {dag.py:3096} INFO - Sync 1 DAGs
[2024-08-04T16:33:00.198+0000] {logging_mixin.py:188} INFO - [2024-08-04T16:33:00.198+0000] {dag.py:3954} INFO - Setting next_dagrun for example_python_operator to None, run_after=None
[2024-08-04T16:33:00.223+0000] {processor.py:183} INFO - Processing /home/airflow/.local/lib/python3.12/site-packages/airflow/example_dags/example_python_operator.py took 0.087 seconds
[2024-08-04T16:33:31.293+0000] {processor.py:161} INFO - Started process (PID=1465) to work on /home/airflow/.local/lib/python3.12/site-packages/airflow/example_dags/example_python_operator.py
[2024-08-04T16:33:31.294+0000] {processor.py:830} INFO - Processing file /home/airflow/.local/lib/python3.12/site-packages/airflow/example_dags/example_python_operator.py for tasks to queue
[2024-08-04T16:33:31.294+0000] {logging_mixin.py:188} INFO - [2024-08-04T16:33:31.294+0000] {dagbag.py:545} INFO - Filling up the DagBag from /home/airflow/.local/lib/python3.12/site-packages/airflow/example_dags/example_python_operator.py
[2024-08-04T16:33:31.306+0000] {processor.py:840} INFO - DAG(s) 'example_python_operator' retrieved from /home/airflow/.local/lib/python3.12/site-packages/airflow/example_dags/example_python_operator.py
[2024-08-04T16:33:31.332+0000] {logging_mixin.py:188} INFO - [2024-08-04T16:33:31.332+0000] {dag.py:3096} INFO - Sync 1 DAGs
[2024-08-04T16:33:31.346+0000] {logging_mixin.py:188} INFO - [2024-08-04T16:33:31.346+0000] {dag.py:3954} INFO - Setting next_dagrun for example_python_operator to None, run_after=None
[2024-08-04T16:33:31.369+0000] {processor.py:183} INFO - Processing /home/airflow/.local/lib/python3.12/site-packages/airflow/example_dags/example_python_operator.py took 0.083 seconds
[2024-08-04T16:34:01.991+0000] {processor.py:161} INFO - Started process (PID=1524) to work on /home/airflow/.local/lib/python3.12/site-packages/airflow/example_dags/example_python_operator.py
[2024-08-04T16:34:01.994+0000] {processor.py:830} INFO - Processing file /home/airflow/.local/lib/python3.12/site-packages/airflow/example_dags/example_python_operator.py for tasks to queue
[2024-08-04T16:34:01.995+0000] {logging_mixin.py:188} INFO - [2024-08-04T16:34:01.994+0000] {dagbag.py:545} INFO - Filling up the DagBag from /home/airflow/.local/lib/python3.12/site-packages/airflow/example_dags/example_python_operator.py
[2024-08-04T16:34:02.012+0000] {processor.py:840} INFO - DAG(s) 'example_python_operator' retrieved from /home/airflow/.local/lib/python3.12/site-packages/airflow/example_dags/example_python_operator.py
[2024-08-04T16:34:02.048+0000] {logging_mixin.py:188} INFO - [2024-08-04T16:34:02.048+0000] {dag.py:3096} INFO - Sync 1 DAGs
[2024-08-04T16:34:02.065+0000] {logging_mixin.py:188} INFO - [2024-08-04T16:34:02.065+0000] {dag.py:3954} INFO - Setting next_dagrun for example_python_operator to None, run_after=None
[2024-08-04T16:34:02.095+0000] {processor.py:183} INFO - Processing /home/airflow/.local/lib/python3.12/site-packages/airflow/example_dags/example_python_operator.py took 0.127 seconds
[2024-08-04T16:34:32.849+0000] {processor.py:161} INFO - Started process (PID=1583) to work on /home/airflow/.local/lib/python3.12/site-packages/airflow/example_dags/example_python_operator.py
[2024-08-04T16:34:32.849+0000] {processor.py:830} INFO - Processing file /home/airflow/.local/lib/python3.12/site-packages/airflow/example_dags/example_python_operator.py for tasks to queue
[2024-08-04T16:34:32.850+0000] {logging_mixin.py:188} INFO - [2024-08-04T16:34:32.850+0000] {dagbag.py:545} INFO - Filling up the DagBag from /home/airflow/.local/lib/python3.12/site-packages/airflow/example_dags/example_python_operator.py
[2024-08-04T16:34:32.864+0000] {processor.py:840} INFO - DAG(s) 'example_python_operator' retrieved from /home/airflow/.local/lib/python3.12/site-packages/airflow/example_dags/example_python_operator.py
[2024-08-04T16:34:32.895+0000] {logging_mixin.py:188} INFO - [2024-08-04T16:34:32.894+0000] {dag.py:3096} INFO - Sync 1 DAGs
[2024-08-04T16:34:32.912+0000] {logging_mixin.py:188} INFO - [2024-08-04T16:34:32.911+0000] {dag.py:3954} INFO - Setting next_dagrun for example_python_operator to None, run_after=None
[2024-08-04T16:34:32.966+0000] {processor.py:183} INFO - Processing /home/airflow/.local/lib/python3.12/site-packages/airflow/example_dags/example_python_operator.py took 0.124 seconds
[2024-08-04T16:35:04.500+0000] {processor.py:161} INFO - Started process (PID=1642) to work on /home/airflow/.local/lib/python3.12/site-packages/airflow/example_dags/example_python_operator.py
[2024-08-04T16:35:04.518+0000] {processor.py:830} INFO - Processing file /home/airflow/.local/lib/python3.12/site-packages/airflow/example_dags/example_python_operator.py for tasks to queue
[2024-08-04T16:35:04.518+0000] {logging_mixin.py:188} INFO - [2024-08-04T16:35:04.518+0000] {dagbag.py:545} INFO - Filling up the DagBag from /home/airflow/.local/lib/python3.12/site-packages/airflow/example_dags/example_python_operator.py
[2024-08-04T16:35:04.594+0000] {processor.py:840} INFO - DAG(s) 'example_python_operator' retrieved from /home/airflow/.local/lib/python3.12/site-packages/airflow/example_dags/example_python_operator.py
[2024-08-04T16:35:04.743+0000] {logging_mixin.py:188} INFO - [2024-08-04T16:35:04.743+0000] {dag.py:3096} INFO - Sync 1 DAGs
[2024-08-04T16:35:04.786+0000] {logging_mixin.py:188} INFO - [2024-08-04T16:35:04.786+0000] {dag.py:3954} INFO - Setting next_dagrun for example_python_operator to None, run_after=None
[2024-08-04T16:35:04.940+0000] {processor.py:183} INFO - Processing /home/airflow/.local/lib/python3.12/site-packages/airflow/example_dags/example_python_operator.py took 0.471 seconds
[2024-08-04T16:35:35.238+0000] {processor.py:161} INFO - Started process (PID=1700) to work on /home/airflow/.local/lib/python3.12/site-packages/airflow/example_dags/example_python_operator.py
[2024-08-04T16:35:35.239+0000] {processor.py:830} INFO - Processing file /home/airflow/.local/lib/python3.12/site-packages/airflow/example_dags/example_python_operator.py for tasks to queue
[2024-08-04T16:35:35.240+0000] {logging_mixin.py:188} INFO - [2024-08-04T16:35:35.239+0000] {dagbag.py:545} INFO - Filling up the DagBag from /home/airflow/.local/lib/python3.12/site-packages/airflow/example_dags/example_python_operator.py
[2024-08-04T16:35:35.251+0000] {processor.py:840} INFO - DAG(s) 'example_python_operator' retrieved from /home/airflow/.local/lib/python3.12/site-packages/airflow/example_dags/example_python_operator.py
[2024-08-04T16:35:35.277+0000] {logging_mixin.py:188} INFO - [2024-08-04T16:35:35.277+0000] {dag.py:3096} INFO - Sync 1 DAGs
[2024-08-04T16:35:35.294+0000] {logging_mixin.py:188} INFO - [2024-08-04T16:35:35.294+0000] {dag.py:3954} INFO - Setting next_dagrun for example_python_operator to None, run_after=None
[2024-08-04T16:35:35.324+0000] {processor.py:183} INFO - Processing /home/airflow/.local/lib/python3.12/site-packages/airflow/example_dags/example_python_operator.py took 0.093 seconds
[2024-08-04T16:36:05.482+0000] {processor.py:161} INFO - Started process (PID=1760) to work on /home/airflow/.local/lib/python3.12/site-packages/airflow/example_dags/example_python_operator.py
[2024-08-04T16:36:05.483+0000] {processor.py:830} INFO - Processing file /home/airflow/.local/lib/python3.12/site-packages/airflow/example_dags/example_python_operator.py for tasks to queue
[2024-08-04T16:36:05.484+0000] {logging_mixin.py:188} INFO - [2024-08-04T16:36:05.483+0000] {dagbag.py:545} INFO - Filling up the DagBag from /home/airflow/.local/lib/python3.12/site-packages/airflow/example_dags/example_python_operator.py
[2024-08-04T16:36:05.496+0000] {processor.py:840} INFO - DAG(s) 'example_python_operator' retrieved from /home/airflow/.local/lib/python3.12/site-packages/airflow/example_dags/example_python_operator.py
[2024-08-04T16:36:05.524+0000] {logging_mixin.py:188} INFO - [2024-08-04T16:36:05.524+0000] {dag.py:3096} INFO - Sync 1 DAGs
[2024-08-04T16:36:05.540+0000] {logging_mixin.py:188} INFO - [2024-08-04T16:36:05.540+0000] {dag.py:3954} INFO - Setting next_dagrun for example_python_operator to None, run_after=None
[2024-08-04T16:36:05.565+0000] {processor.py:183} INFO - Processing /home/airflow/.local/lib/python3.12/site-packages/airflow/example_dags/example_python_operator.py took 0.090 seconds
