[2024-08-04T16:21:14.868+0000] {processor.py:161} INFO - Started process (PID=52) to work on /home/airflow/.local/lib/python3.12/site-packages/airflow/example_dags/example_subdag_operator.py
[2024-08-04T16:21:14.869+0000] {processor.py:830} INFO - Processing file /home/airflow/.local/lib/python3.12/site-packages/airflow/example_dags/example_subdag_operator.py for tasks to queue
[2024-08-04T16:21:14.887+0000] {logging_mixin.py:188} INFO - [2024-08-04T16:21:14.887+0000] {dagbag.py:545} INFO - Filling up the DagBag from /home/airflow/.local/lib/python3.12/site-packages/airflow/example_dags/example_subdag_operator.py
[2024-08-04T16:21:15.030+0000] {processor.py:840} INFO - DAG(s) 'example_subdag_operator.section-1', 'example_subdag_operator.section-2', 'example_subdag_operator' retrieved from /home/airflow/.local/lib/python3.12/site-packages/airflow/example_dags/example_subdag_operator.py
[2024-08-04T16:21:15.501+0000] {logging_mixin.py:188} INFO - [2024-08-04T16:21:15.501+0000] {dag.py:3096} INFO - Sync 3 DAGs
[2024-08-04T16:21:15.539+0000] {logging_mixin.py:188} INFO - [2024-08-04T16:21:15.538+0000] {dag.py:3954} INFO - Setting next_dagrun for example_subdag_operator to 2022-01-01 00:00:00+00:00, run_after=2022-01-01 00:00:00+00:00
[2024-08-04T16:21:15.546+0000] {logging_mixin.py:188} INFO - [2024-08-04T16:21:15.546+0000] {dag.py:3954} INFO - Setting next_dagrun for example_subdag_operator.section-1 to None, run_after=None
[2024-08-04T16:21:15.547+0000] {logging_mixin.py:188} INFO - [2024-08-04T16:21:15.547+0000] {dag.py:3954} INFO - Setting next_dagrun for example_subdag_operator.section-2 to None, run_after=None
[2024-08-04T16:21:15.562+0000] {logging_mixin.py:188} INFO - [2024-08-04T16:21:15.562+0000] {dag.py:3096} INFO - Sync 2 DAGs
[2024-08-04T16:21:15.591+0000] {logging_mixin.py:188} INFO - [2024-08-04T16:21:15.591+0000] {dag.py:3954} INFO - Setting next_dagrun for example_subdag_operator.section-1 to None, run_after=None
[2024-08-04T16:21:15.592+0000] {logging_mixin.py:188} INFO - [2024-08-04T16:21:15.592+0000] {dag.py:3954} INFO - Setting next_dagrun for example_subdag_operator.section-2 to None, run_after=None
[2024-08-04T16:21:15.634+0000] {processor.py:183} INFO - Processing /home/airflow/.local/lib/python3.12/site-packages/airflow/example_dags/example_subdag_operator.py took 0.785 seconds
[2024-08-04T16:21:45.862+0000] {processor.py:161} INFO - Started process (PID=110) to work on /home/airflow/.local/lib/python3.12/site-packages/airflow/example_dags/example_subdag_operator.py
[2024-08-04T16:21:45.863+0000] {processor.py:830} INFO - Processing file /home/airflow/.local/lib/python3.12/site-packages/airflow/example_dags/example_subdag_operator.py for tasks to queue
[2024-08-04T16:21:45.865+0000] {logging_mixin.py:188} INFO - [2024-08-04T16:21:45.864+0000] {dagbag.py:545} INFO - Filling up the DagBag from /home/airflow/.local/lib/python3.12/site-packages/airflow/example_dags/example_subdag_operator.py
[2024-08-04T16:21:45.899+0000] {processor.py:840} INFO - DAG(s) 'example_subdag_operator.section-1', 'example_subdag_operator.section-2', 'example_subdag_operator' retrieved from /home/airflow/.local/lib/python3.12/site-packages/airflow/example_dags/example_subdag_operator.py
[2024-08-04T16:21:45.928+0000] {logging_mixin.py:188} INFO - [2024-08-04T16:21:45.928+0000] {dag.py:3096} INFO - Sync 3 DAGs
[2024-08-04T16:21:45.956+0000] {logging_mixin.py:188} INFO - [2024-08-04T16:21:45.956+0000] {dag.py:3954} INFO - Setting next_dagrun for example_subdag_operator to 2022-01-01 00:00:00+00:00, run_after=2022-01-01 00:00:00+00:00
[2024-08-04T16:21:45.960+0000] {logging_mixin.py:188} INFO - [2024-08-04T16:21:45.960+0000] {dag.py:3954} INFO - Setting next_dagrun for example_subdag_operator.section-1 to None, run_after=None
[2024-08-04T16:21:45.961+0000] {logging_mixin.py:188} INFO - [2024-08-04T16:21:45.961+0000] {dag.py:3954} INFO - Setting next_dagrun for example_subdag_operator.section-2 to None, run_after=None
[2024-08-04T16:21:45.969+0000] {logging_mixin.py:188} INFO - [2024-08-04T16:21:45.969+0000] {dag.py:3096} INFO - Sync 2 DAGs
[2024-08-04T16:21:45.975+0000] {logging_mixin.py:188} INFO - [2024-08-04T16:21:45.975+0000] {dag.py:3954} INFO - Setting next_dagrun for example_subdag_operator.section-1 to None, run_after=None
[2024-08-04T16:21:45.975+0000] {logging_mixin.py:188} INFO - [2024-08-04T16:21:45.975+0000] {dag.py:3954} INFO - Setting next_dagrun for example_subdag_operator.section-2 to None, run_after=None
[2024-08-04T16:21:45.992+0000] {processor.py:183} INFO - Processing /home/airflow/.local/lib/python3.12/site-packages/airflow/example_dags/example_subdag_operator.py took 0.136 seconds
[2024-08-04T16:22:16.129+0000] {processor.py:161} INFO - Started process (PID=168) to work on /home/airflow/.local/lib/python3.12/site-packages/airflow/example_dags/example_subdag_operator.py
[2024-08-04T16:22:16.129+0000] {processor.py:830} INFO - Processing file /home/airflow/.local/lib/python3.12/site-packages/airflow/example_dags/example_subdag_operator.py for tasks to queue
[2024-08-04T16:22:16.131+0000] {logging_mixin.py:188} INFO - [2024-08-04T16:22:16.131+0000] {dagbag.py:545} INFO - Filling up the DagBag from /home/airflow/.local/lib/python3.12/site-packages/airflow/example_dags/example_subdag_operator.py
[2024-08-04T16:22:16.193+0000] {processor.py:840} INFO - DAG(s) 'example_subdag_operator.section-1', 'example_subdag_operator.section-2', 'example_subdag_operator' retrieved from /home/airflow/.local/lib/python3.12/site-packages/airflow/example_dags/example_subdag_operator.py
[2024-08-04T16:22:16.231+0000] {logging_mixin.py:188} INFO - [2024-08-04T16:22:16.230+0000] {dag.py:3096} INFO - Sync 3 DAGs
[2024-08-04T16:22:16.267+0000] {logging_mixin.py:188} INFO - [2024-08-04T16:22:16.266+0000] {dag.py:3954} INFO - Setting next_dagrun for example_subdag_operator to 2022-01-01 00:00:00+00:00, run_after=2022-01-01 00:00:00+00:00
[2024-08-04T16:22:16.271+0000] {logging_mixin.py:188} INFO - [2024-08-04T16:22:16.271+0000] {dag.py:3954} INFO - Setting next_dagrun for example_subdag_operator.section-1 to None, run_after=None
[2024-08-04T16:22:16.272+0000] {logging_mixin.py:188} INFO - [2024-08-04T16:22:16.272+0000] {dag.py:3954} INFO - Setting next_dagrun for example_subdag_operator.section-2 to None, run_after=None
[2024-08-04T16:22:16.278+0000] {logging_mixin.py:188} INFO - [2024-08-04T16:22:16.278+0000] {dag.py:3096} INFO - Sync 2 DAGs
[2024-08-04T16:22:16.284+0000] {logging_mixin.py:188} INFO - [2024-08-04T16:22:16.283+0000] {dag.py:3954} INFO - Setting next_dagrun for example_subdag_operator.section-1 to None, run_after=None
[2024-08-04T16:22:16.284+0000] {logging_mixin.py:188} INFO - [2024-08-04T16:22:16.284+0000] {dag.py:3954} INFO - Setting next_dagrun for example_subdag_operator.section-2 to None, run_after=None
[2024-08-04T16:22:16.300+0000] {processor.py:183} INFO - Processing /home/airflow/.local/lib/python3.12/site-packages/airflow/example_dags/example_subdag_operator.py took 0.178 seconds
[2024-08-04T16:22:46.911+0000] {processor.py:161} INFO - Started process (PID=232) to work on /home/airflow/.local/lib/python3.12/site-packages/airflow/example_dags/example_subdag_operator.py
[2024-08-04T16:22:46.917+0000] {processor.py:830} INFO - Processing file /home/airflow/.local/lib/python3.12/site-packages/airflow/example_dags/example_subdag_operator.py for tasks to queue
[2024-08-04T16:22:46.919+0000] {logging_mixin.py:188} INFO - [2024-08-04T16:22:46.919+0000] {dagbag.py:545} INFO - Filling up the DagBag from /home/airflow/.local/lib/python3.12/site-packages/airflow/example_dags/example_subdag_operator.py
[2024-08-04T16:22:46.954+0000] {processor.py:840} INFO - DAG(s) 'example_subdag_operator.section-1', 'example_subdag_operator.section-2', 'example_subdag_operator' retrieved from /home/airflow/.local/lib/python3.12/site-packages/airflow/example_dags/example_subdag_operator.py
[2024-08-04T16:22:46.974+0000] {logging_mixin.py:188} INFO - [2024-08-04T16:22:46.974+0000] {dag.py:3096} INFO - Sync 3 DAGs
[2024-08-04T16:22:47.000+0000] {logging_mixin.py:188} INFO - [2024-08-04T16:22:46.999+0000] {dag.py:3954} INFO - Setting next_dagrun for example_subdag_operator to 2022-01-01 00:00:00+00:00, run_after=2022-01-01 00:00:00+00:00
[2024-08-04T16:22:47.004+0000] {logging_mixin.py:188} INFO - [2024-08-04T16:22:47.004+0000] {dag.py:3954} INFO - Setting next_dagrun for example_subdag_operator.section-1 to None, run_after=None
[2024-08-04T16:22:47.005+0000] {logging_mixin.py:188} INFO - [2024-08-04T16:22:47.005+0000] {dag.py:3954} INFO - Setting next_dagrun for example_subdag_operator.section-2 to None, run_after=None
[2024-08-04T16:22:47.010+0000] {logging_mixin.py:188} INFO - [2024-08-04T16:22:47.010+0000] {dag.py:3096} INFO - Sync 2 DAGs
[2024-08-04T16:22:47.016+0000] {logging_mixin.py:188} INFO - [2024-08-04T16:22:47.015+0000] {dag.py:3954} INFO - Setting next_dagrun for example_subdag_operator.section-1 to None, run_after=None
[2024-08-04T16:22:47.016+0000] {logging_mixin.py:188} INFO - [2024-08-04T16:22:47.016+0000] {dag.py:3954} INFO - Setting next_dagrun for example_subdag_operator.section-2 to None, run_after=None
[2024-08-04T16:22:47.031+0000] {processor.py:183} INFO - Processing /home/airflow/.local/lib/python3.12/site-packages/airflow/example_dags/example_subdag_operator.py took 0.134 seconds
[2024-08-04T16:23:17.561+0000] {processor.py:161} INFO - Started process (PID=290) to work on /home/airflow/.local/lib/python3.12/site-packages/airflow/example_dags/example_subdag_operator.py
[2024-08-04T16:23:17.562+0000] {processor.py:830} INFO - Processing file /home/airflow/.local/lib/python3.12/site-packages/airflow/example_dags/example_subdag_operator.py for tasks to queue
[2024-08-04T16:23:17.564+0000] {logging_mixin.py:188} INFO - [2024-08-04T16:23:17.563+0000] {dagbag.py:545} INFO - Filling up the DagBag from /home/airflow/.local/lib/python3.12/site-packages/airflow/example_dags/example_subdag_operator.py
[2024-08-04T16:23:17.594+0000] {processor.py:840} INFO - DAG(s) 'example_subdag_operator.section-1', 'example_subdag_operator.section-2', 'example_subdag_operator' retrieved from /home/airflow/.local/lib/python3.12/site-packages/airflow/example_dags/example_subdag_operator.py
[2024-08-04T16:23:17.614+0000] {logging_mixin.py:188} INFO - [2024-08-04T16:23:17.614+0000] {dag.py:3096} INFO - Sync 3 DAGs
[2024-08-04T16:23:17.636+0000] {logging_mixin.py:188} INFO - [2024-08-04T16:23:17.636+0000] {dag.py:3954} INFO - Setting next_dagrun for example_subdag_operator to 2022-01-01 00:00:00+00:00, run_after=2022-01-01 00:00:00+00:00
[2024-08-04T16:23:17.640+0000] {logging_mixin.py:188} INFO - [2024-08-04T16:23:17.640+0000] {dag.py:3954} INFO - Setting next_dagrun for example_subdag_operator.section-1 to None, run_after=None
[2024-08-04T16:23:17.642+0000] {logging_mixin.py:188} INFO - [2024-08-04T16:23:17.642+0000] {dag.py:3954} INFO - Setting next_dagrun for example_subdag_operator.section-2 to None, run_after=None
[2024-08-04T16:23:17.649+0000] {logging_mixin.py:188} INFO - [2024-08-04T16:23:17.649+0000] {dag.py:3096} INFO - Sync 2 DAGs
[2024-08-04T16:23:17.654+0000] {logging_mixin.py:188} INFO - [2024-08-04T16:23:17.653+0000] {dag.py:3954} INFO - Setting next_dagrun for example_subdag_operator.section-1 to None, run_after=None
[2024-08-04T16:23:17.654+0000] {logging_mixin.py:188} INFO - [2024-08-04T16:23:17.654+0000] {dag.py:3954} INFO - Setting next_dagrun for example_subdag_operator.section-2 to None, run_after=None
[2024-08-04T16:23:17.668+0000] {processor.py:183} INFO - Processing /home/airflow/.local/lib/python3.12/site-packages/airflow/example_dags/example_subdag_operator.py took 0.113 seconds
[2024-08-04T16:23:48.340+0000] {processor.py:161} INFO - Started process (PID=348) to work on /home/airflow/.local/lib/python3.12/site-packages/airflow/example_dags/example_subdag_operator.py
[2024-08-04T16:23:48.346+0000] {processor.py:830} INFO - Processing file /home/airflow/.local/lib/python3.12/site-packages/airflow/example_dags/example_subdag_operator.py for tasks to queue
[2024-08-04T16:23:48.348+0000] {logging_mixin.py:188} INFO - [2024-08-04T16:23:48.347+0000] {dagbag.py:545} INFO - Filling up the DagBag from /home/airflow/.local/lib/python3.12/site-packages/airflow/example_dags/example_subdag_operator.py
[2024-08-04T16:23:48.492+0000] {processor.py:840} INFO - DAG(s) 'example_subdag_operator.section-1', 'example_subdag_operator.section-2', 'example_subdag_operator' retrieved from /home/airflow/.local/lib/python3.12/site-packages/airflow/example_dags/example_subdag_operator.py
[2024-08-04T16:23:48.594+0000] {logging_mixin.py:188} INFO - [2024-08-04T16:23:48.594+0000] {dag.py:3096} INFO - Sync 3 DAGs
[2024-08-04T16:23:48.670+0000] {logging_mixin.py:188} INFO - [2024-08-04T16:23:48.670+0000] {dag.py:3954} INFO - Setting next_dagrun for example_subdag_operator to 2022-01-01 00:00:00+00:00, run_after=2022-01-01 00:00:00+00:00
[2024-08-04T16:23:48.685+0000] {logging_mixin.py:188} INFO - [2024-08-04T16:23:48.684+0000] {dag.py:3954} INFO - Setting next_dagrun for example_subdag_operator.section-1 to None, run_after=None
[2024-08-04T16:23:48.690+0000] {logging_mixin.py:188} INFO - [2024-08-04T16:23:48.690+0000] {dag.py:3954} INFO - Setting next_dagrun for example_subdag_operator.section-2 to None, run_after=None
[2024-08-04T16:23:48.718+0000] {logging_mixin.py:188} INFO - [2024-08-04T16:23:48.718+0000] {dag.py:3096} INFO - Sync 2 DAGs
[2024-08-04T16:23:48.731+0000] {logging_mixin.py:188} INFO - [2024-08-04T16:23:48.731+0000] {dag.py:3954} INFO - Setting next_dagrun for example_subdag_operator.section-1 to None, run_after=None
[2024-08-04T16:23:48.732+0000] {logging_mixin.py:188} INFO - [2024-08-04T16:23:48.731+0000] {dag.py:3954} INFO - Setting next_dagrun for example_subdag_operator.section-2 to None, run_after=None
[2024-08-04T16:23:48.757+0000] {processor.py:183} INFO - Processing /home/airflow/.local/lib/python3.12/site-packages/airflow/example_dags/example_subdag_operator.py took 0.435 seconds
[2024-08-04T16:24:19.072+0000] {processor.py:161} INFO - Started process (PID=407) to work on /home/airflow/.local/lib/python3.12/site-packages/airflow/example_dags/example_subdag_operator.py
[2024-08-04T16:24:19.073+0000] {processor.py:830} INFO - Processing file /home/airflow/.local/lib/python3.12/site-packages/airflow/example_dags/example_subdag_operator.py for tasks to queue
[2024-08-04T16:24:19.079+0000] {logging_mixin.py:188} INFO - [2024-08-04T16:24:19.078+0000] {dagbag.py:545} INFO - Filling up the DagBag from /home/airflow/.local/lib/python3.12/site-packages/airflow/example_dags/example_subdag_operator.py
[2024-08-04T16:24:19.135+0000] {processor.py:840} INFO - DAG(s) 'example_subdag_operator.section-1', 'example_subdag_operator.section-2', 'example_subdag_operator' retrieved from /home/airflow/.local/lib/python3.12/site-packages/airflow/example_dags/example_subdag_operator.py
[2024-08-04T16:24:19.168+0000] {logging_mixin.py:188} INFO - [2024-08-04T16:24:19.168+0000] {dag.py:3096} INFO - Sync 3 DAGs
[2024-08-04T16:24:19.214+0000] {logging_mixin.py:188} INFO - [2024-08-04T16:24:19.213+0000] {dag.py:3954} INFO - Setting next_dagrun for example_subdag_operator to 2022-01-01 00:00:00+00:00, run_after=2022-01-01 00:00:00+00:00
[2024-08-04T16:24:19.218+0000] {logging_mixin.py:188} INFO - [2024-08-04T16:24:19.218+0000] {dag.py:3954} INFO - Setting next_dagrun for example_subdag_operator.section-1 to None, run_after=None
[2024-08-04T16:24:19.220+0000] {logging_mixin.py:188} INFO - [2024-08-04T16:24:19.219+0000] {dag.py:3954} INFO - Setting next_dagrun for example_subdag_operator.section-2 to None, run_after=None
[2024-08-04T16:24:19.228+0000] {logging_mixin.py:188} INFO - [2024-08-04T16:24:19.228+0000] {dag.py:3096} INFO - Sync 2 DAGs
[2024-08-04T16:24:19.235+0000] {logging_mixin.py:188} INFO - [2024-08-04T16:24:19.234+0000] {dag.py:3954} INFO - Setting next_dagrun for example_subdag_operator.section-1 to None, run_after=None
[2024-08-04T16:24:19.235+0000] {logging_mixin.py:188} INFO - [2024-08-04T16:24:19.235+0000] {dag.py:3954} INFO - Setting next_dagrun for example_subdag_operator.section-2 to None, run_after=None
[2024-08-04T16:24:19.252+0000] {processor.py:183} INFO - Processing /home/airflow/.local/lib/python3.12/site-packages/airflow/example_dags/example_subdag_operator.py took 0.203 seconds
[2024-08-04T16:24:50.066+0000] {processor.py:161} INFO - Started process (PID=465) to work on /home/airflow/.local/lib/python3.12/site-packages/airflow/example_dags/example_subdag_operator.py
[2024-08-04T16:24:50.067+0000] {processor.py:830} INFO - Processing file /home/airflow/.local/lib/python3.12/site-packages/airflow/example_dags/example_subdag_operator.py for tasks to queue
[2024-08-04T16:24:50.068+0000] {logging_mixin.py:188} INFO - [2024-08-04T16:24:50.068+0000] {dagbag.py:545} INFO - Filling up the DagBag from /home/airflow/.local/lib/python3.12/site-packages/airflow/example_dags/example_subdag_operator.py
[2024-08-04T16:24:50.093+0000] {processor.py:840} INFO - DAG(s) 'example_subdag_operator.section-1', 'example_subdag_operator.section-2', 'example_subdag_operator' retrieved from /home/airflow/.local/lib/python3.12/site-packages/airflow/example_dags/example_subdag_operator.py
[2024-08-04T16:24:50.113+0000] {logging_mixin.py:188} INFO - [2024-08-04T16:24:50.112+0000] {dag.py:3096} INFO - Sync 3 DAGs
[2024-08-04T16:24:50.137+0000] {logging_mixin.py:188} INFO - [2024-08-04T16:24:50.137+0000] {dag.py:3954} INFO - Setting next_dagrun for example_subdag_operator to 2022-01-01 00:00:00+00:00, run_after=2022-01-01 00:00:00+00:00
[2024-08-04T16:24:50.141+0000] {logging_mixin.py:188} INFO - [2024-08-04T16:24:50.141+0000] {dag.py:3954} INFO - Setting next_dagrun for example_subdag_operator.section-1 to None, run_after=None
[2024-08-04T16:24:50.143+0000] {logging_mixin.py:188} INFO - [2024-08-04T16:24:50.142+0000] {dag.py:3954} INFO - Setting next_dagrun for example_subdag_operator.section-2 to None, run_after=None
[2024-08-04T16:24:50.150+0000] {logging_mixin.py:188} INFO - [2024-08-04T16:24:50.150+0000] {dag.py:3096} INFO - Sync 2 DAGs
[2024-08-04T16:24:50.155+0000] {logging_mixin.py:188} INFO - [2024-08-04T16:24:50.155+0000] {dag.py:3954} INFO - Setting next_dagrun for example_subdag_operator.section-1 to None, run_after=None
[2024-08-04T16:24:50.156+0000] {logging_mixin.py:188} INFO - [2024-08-04T16:24:50.156+0000] {dag.py:3954} INFO - Setting next_dagrun for example_subdag_operator.section-2 to None, run_after=None
[2024-08-04T16:24:50.171+0000] {processor.py:183} INFO - Processing /home/airflow/.local/lib/python3.12/site-packages/airflow/example_dags/example_subdag_operator.py took 0.112 seconds
[2024-08-04T16:25:20.856+0000] {processor.py:161} INFO - Started process (PID=523) to work on /home/airflow/.local/lib/python3.12/site-packages/airflow/example_dags/example_subdag_operator.py
[2024-08-04T16:25:20.857+0000] {processor.py:830} INFO - Processing file /home/airflow/.local/lib/python3.12/site-packages/airflow/example_dags/example_subdag_operator.py for tasks to queue
[2024-08-04T16:25:20.859+0000] {logging_mixin.py:188} INFO - [2024-08-04T16:25:20.858+0000] {dagbag.py:545} INFO - Filling up the DagBag from /home/airflow/.local/lib/python3.12/site-packages/airflow/example_dags/example_subdag_operator.py
[2024-08-04T16:25:20.934+0000] {processor.py:840} INFO - DAG(s) 'example_subdag_operator.section-1', 'example_subdag_operator.section-2', 'example_subdag_operator' retrieved from /home/airflow/.local/lib/python3.12/site-packages/airflow/example_dags/example_subdag_operator.py
[2024-08-04T16:25:20.973+0000] {logging_mixin.py:188} INFO - [2024-08-04T16:25:20.973+0000] {dag.py:3096} INFO - Sync 3 DAGs
[2024-08-04T16:25:21.011+0000] {logging_mixin.py:188} INFO - [2024-08-04T16:25:21.011+0000] {dag.py:3954} INFO - Setting next_dagrun for example_subdag_operator to 2022-01-01 00:00:00+00:00, run_after=2022-01-01 00:00:00+00:00
[2024-08-04T16:25:21.014+0000] {logging_mixin.py:188} INFO - [2024-08-04T16:25:21.014+0000] {dag.py:3954} INFO - Setting next_dagrun for example_subdag_operator.section-1 to None, run_after=None
[2024-08-04T16:25:21.015+0000] {logging_mixin.py:188} INFO - [2024-08-04T16:25:21.015+0000] {dag.py:3954} INFO - Setting next_dagrun for example_subdag_operator.section-2 to None, run_after=None
[2024-08-04T16:25:21.020+0000] {logging_mixin.py:188} INFO - [2024-08-04T16:25:21.020+0000] {dag.py:3096} INFO - Sync 2 DAGs
[2024-08-04T16:25:21.024+0000] {logging_mixin.py:188} INFO - [2024-08-04T16:25:21.024+0000] {dag.py:3954} INFO - Setting next_dagrun for example_subdag_operator.section-1 to None, run_after=None
[2024-08-04T16:25:21.024+0000] {logging_mixin.py:188} INFO - [2024-08-04T16:25:21.024+0000] {dag.py:3954} INFO - Setting next_dagrun for example_subdag_operator.section-2 to None, run_after=None
[2024-08-04T16:25:21.040+0000] {processor.py:183} INFO - Processing /home/airflow/.local/lib/python3.12/site-packages/airflow/example_dags/example_subdag_operator.py took 0.190 seconds
[2024-08-04T16:25:51.327+0000] {processor.py:161} INFO - Started process (PID=582) to work on /home/airflow/.local/lib/python3.12/site-packages/airflow/example_dags/example_subdag_operator.py
[2024-08-04T16:25:51.334+0000] {processor.py:830} INFO - Processing file /home/airflow/.local/lib/python3.12/site-packages/airflow/example_dags/example_subdag_operator.py for tasks to queue
[2024-08-04T16:25:51.335+0000] {logging_mixin.py:188} INFO - [2024-08-04T16:25:51.335+0000] {dagbag.py:545} INFO - Filling up the DagBag from /home/airflow/.local/lib/python3.12/site-packages/airflow/example_dags/example_subdag_operator.py
[2024-08-04T16:25:51.398+0000] {processor.py:840} INFO - DAG(s) 'example_subdag_operator.section-1', 'example_subdag_operator.section-2', 'example_subdag_operator' retrieved from /home/airflow/.local/lib/python3.12/site-packages/airflow/example_dags/example_subdag_operator.py
[2024-08-04T16:25:51.432+0000] {logging_mixin.py:188} INFO - [2024-08-04T16:25:51.432+0000] {dag.py:3096} INFO - Sync 3 DAGs
[2024-08-04T16:25:51.468+0000] {logging_mixin.py:188} INFO - [2024-08-04T16:25:51.468+0000] {dag.py:3954} INFO - Setting next_dagrun for example_subdag_operator to 2022-01-01 00:00:00+00:00, run_after=2022-01-01 00:00:00+00:00
[2024-08-04T16:25:51.472+0000] {logging_mixin.py:188} INFO - [2024-08-04T16:25:51.472+0000] {dag.py:3954} INFO - Setting next_dagrun for example_subdag_operator.section-1 to None, run_after=None
[2024-08-04T16:25:51.474+0000] {logging_mixin.py:188} INFO - [2024-08-04T16:25:51.473+0000] {dag.py:3954} INFO - Setting next_dagrun for example_subdag_operator.section-2 to None, run_after=None
[2024-08-04T16:25:51.483+0000] {logging_mixin.py:188} INFO - [2024-08-04T16:25:51.482+0000] {dag.py:3096} INFO - Sync 2 DAGs
[2024-08-04T16:25:51.499+0000] {logging_mixin.py:188} INFO - [2024-08-04T16:25:51.499+0000] {dag.py:3954} INFO - Setting next_dagrun for example_subdag_operator.section-1 to None, run_after=None
[2024-08-04T16:25:51.499+0000] {logging_mixin.py:188} INFO - [2024-08-04T16:25:51.499+0000] {dag.py:3954} INFO - Setting next_dagrun for example_subdag_operator.section-2 to None, run_after=None
[2024-08-04T16:25:51.528+0000] {processor.py:183} INFO - Processing /home/airflow/.local/lib/python3.12/site-packages/airflow/example_dags/example_subdag_operator.py took 0.209 seconds
[2024-08-04T16:26:21.658+0000] {processor.py:161} INFO - Started process (PID=639) to work on /home/airflow/.local/lib/python3.12/site-packages/airflow/example_dags/example_subdag_operator.py
[2024-08-04T16:26:21.658+0000] {processor.py:830} INFO - Processing file /home/airflow/.local/lib/python3.12/site-packages/airflow/example_dags/example_subdag_operator.py for tasks to queue
[2024-08-04T16:26:21.660+0000] {logging_mixin.py:188} INFO - [2024-08-04T16:26:21.660+0000] {dagbag.py:545} INFO - Filling up the DagBag from /home/airflow/.local/lib/python3.12/site-packages/airflow/example_dags/example_subdag_operator.py
[2024-08-04T16:26:21.691+0000] {processor.py:840} INFO - DAG(s) 'example_subdag_operator.section-1', 'example_subdag_operator.section-2', 'example_subdag_operator' retrieved from /home/airflow/.local/lib/python3.12/site-packages/airflow/example_dags/example_subdag_operator.py
[2024-08-04T16:26:21.715+0000] {logging_mixin.py:188} INFO - [2024-08-04T16:26:21.715+0000] {dag.py:3096} INFO - Sync 3 DAGs
[2024-08-04T16:26:21.739+0000] {logging_mixin.py:188} INFO - [2024-08-04T16:26:21.739+0000] {dag.py:3954} INFO - Setting next_dagrun for example_subdag_operator to 2022-01-01 00:00:00+00:00, run_after=2022-01-01 00:00:00+00:00
[2024-08-04T16:26:21.744+0000] {logging_mixin.py:188} INFO - [2024-08-04T16:26:21.743+0000] {dag.py:3954} INFO - Setting next_dagrun for example_subdag_operator.section-1 to None, run_after=None
[2024-08-04T16:26:21.745+0000] {logging_mixin.py:188} INFO - [2024-08-04T16:26:21.745+0000] {dag.py:3954} INFO - Setting next_dagrun for example_subdag_operator.section-2 to None, run_after=None
[2024-08-04T16:26:21.752+0000] {logging_mixin.py:188} INFO - [2024-08-04T16:26:21.752+0000] {dag.py:3096} INFO - Sync 2 DAGs
[2024-08-04T16:26:21.757+0000] {logging_mixin.py:188} INFO - [2024-08-04T16:26:21.757+0000] {dag.py:3954} INFO - Setting next_dagrun for example_subdag_operator.section-1 to None, run_after=None
[2024-08-04T16:26:21.757+0000] {logging_mixin.py:188} INFO - [2024-08-04T16:26:21.757+0000] {dag.py:3954} INFO - Setting next_dagrun for example_subdag_operator.section-2 to None, run_after=None
[2024-08-04T16:26:21.771+0000] {processor.py:183} INFO - Processing /home/airflow/.local/lib/python3.12/site-packages/airflow/example_dags/example_subdag_operator.py took 0.120 seconds
[2024-08-04T16:26:52.146+0000] {processor.py:161} INFO - Started process (PID=697) to work on /home/airflow/.local/lib/python3.12/site-packages/airflow/example_dags/example_subdag_operator.py
[2024-08-04T16:26:52.146+0000] {processor.py:830} INFO - Processing file /home/airflow/.local/lib/python3.12/site-packages/airflow/example_dags/example_subdag_operator.py for tasks to queue
[2024-08-04T16:26:52.148+0000] {logging_mixin.py:188} INFO - [2024-08-04T16:26:52.148+0000] {dagbag.py:545} INFO - Filling up the DagBag from /home/airflow/.local/lib/python3.12/site-packages/airflow/example_dags/example_subdag_operator.py
[2024-08-04T16:26:52.177+0000] {processor.py:840} INFO - DAG(s) 'example_subdag_operator.section-1', 'example_subdag_operator.section-2', 'example_subdag_operator' retrieved from /home/airflow/.local/lib/python3.12/site-packages/airflow/example_dags/example_subdag_operator.py
[2024-08-04T16:26:52.196+0000] {logging_mixin.py:188} INFO - [2024-08-04T16:26:52.196+0000] {dag.py:3096} INFO - Sync 3 DAGs
[2024-08-04T16:26:52.220+0000] {logging_mixin.py:188} INFO - [2024-08-04T16:26:52.220+0000] {dag.py:3954} INFO - Setting next_dagrun for example_subdag_operator to 2022-01-01 00:00:00+00:00, run_after=2022-01-01 00:00:00+00:00
[2024-08-04T16:26:52.224+0000] {logging_mixin.py:188} INFO - [2024-08-04T16:26:52.224+0000] {dag.py:3954} INFO - Setting next_dagrun for example_subdag_operator.section-1 to None, run_after=None
[2024-08-04T16:26:52.226+0000] {logging_mixin.py:188} INFO - [2024-08-04T16:26:52.225+0000] {dag.py:3954} INFO - Setting next_dagrun for example_subdag_operator.section-2 to None, run_after=None
[2024-08-04T16:26:52.233+0000] {logging_mixin.py:188} INFO - [2024-08-04T16:26:52.232+0000] {dag.py:3096} INFO - Sync 2 DAGs
[2024-08-04T16:26:52.237+0000] {logging_mixin.py:188} INFO - [2024-08-04T16:26:52.237+0000] {dag.py:3954} INFO - Setting next_dagrun for example_subdag_operator.section-1 to None, run_after=None
[2024-08-04T16:26:52.238+0000] {logging_mixin.py:188} INFO - [2024-08-04T16:26:52.238+0000] {dag.py:3954} INFO - Setting next_dagrun for example_subdag_operator.section-2 to None, run_after=None
[2024-08-04T16:26:52.252+0000] {processor.py:183} INFO - Processing /home/airflow/.local/lib/python3.12/site-packages/airflow/example_dags/example_subdag_operator.py took 0.112 seconds
[2024-08-04T16:27:22.770+0000] {processor.py:161} INFO - Started process (PID=755) to work on /home/airflow/.local/lib/python3.12/site-packages/airflow/example_dags/example_subdag_operator.py
[2024-08-04T16:27:22.771+0000] {processor.py:830} INFO - Processing file /home/airflow/.local/lib/python3.12/site-packages/airflow/example_dags/example_subdag_operator.py for tasks to queue
[2024-08-04T16:27:22.773+0000] {logging_mixin.py:188} INFO - [2024-08-04T16:27:22.772+0000] {dagbag.py:545} INFO - Filling up the DagBag from /home/airflow/.local/lib/python3.12/site-packages/airflow/example_dags/example_subdag_operator.py
[2024-08-04T16:27:22.805+0000] {processor.py:840} INFO - DAG(s) 'example_subdag_operator.section-1', 'example_subdag_operator.section-2', 'example_subdag_operator' retrieved from /home/airflow/.local/lib/python3.12/site-packages/airflow/example_dags/example_subdag_operator.py
[2024-08-04T16:27:22.831+0000] {logging_mixin.py:188} INFO - [2024-08-04T16:27:22.831+0000] {dag.py:3096} INFO - Sync 3 DAGs
[2024-08-04T16:27:22.876+0000] {logging_mixin.py:188} INFO - [2024-08-04T16:27:22.876+0000] {dag.py:3954} INFO - Setting next_dagrun for example_subdag_operator to 2022-01-01 00:00:00+00:00, run_after=2022-01-01 00:00:00+00:00
[2024-08-04T16:27:22.880+0000] {logging_mixin.py:188} INFO - [2024-08-04T16:27:22.880+0000] {dag.py:3954} INFO - Setting next_dagrun for example_subdag_operator.section-1 to None, run_after=None
[2024-08-04T16:27:22.882+0000] {logging_mixin.py:188} INFO - [2024-08-04T16:27:22.881+0000] {dag.py:3954} INFO - Setting next_dagrun for example_subdag_operator.section-2 to None, run_after=None
[2024-08-04T16:27:22.890+0000] {logging_mixin.py:188} INFO - [2024-08-04T16:27:22.890+0000] {dag.py:3096} INFO - Sync 2 DAGs
[2024-08-04T16:27:22.896+0000] {logging_mixin.py:188} INFO - [2024-08-04T16:27:22.896+0000] {dag.py:3954} INFO - Setting next_dagrun for example_subdag_operator.section-1 to None, run_after=None
[2024-08-04T16:27:22.897+0000] {logging_mixin.py:188} INFO - [2024-08-04T16:27:22.896+0000] {dag.py:3954} INFO - Setting next_dagrun for example_subdag_operator.section-2 to None, run_after=None
[2024-08-04T16:27:22.916+0000] {processor.py:183} INFO - Processing /home/airflow/.local/lib/python3.12/site-packages/airflow/example_dags/example_subdag_operator.py took 0.152 seconds
[2024-08-04T16:27:53.214+0000] {processor.py:161} INFO - Started process (PID=813) to work on /home/airflow/.local/lib/python3.12/site-packages/airflow/example_dags/example_subdag_operator.py
[2024-08-04T16:27:53.215+0000] {processor.py:830} INFO - Processing file /home/airflow/.local/lib/python3.12/site-packages/airflow/example_dags/example_subdag_operator.py for tasks to queue
[2024-08-04T16:27:53.216+0000] {logging_mixin.py:188} INFO - [2024-08-04T16:27:53.216+0000] {dagbag.py:545} INFO - Filling up the DagBag from /home/airflow/.local/lib/python3.12/site-packages/airflow/example_dags/example_subdag_operator.py
[2024-08-04T16:27:53.246+0000] {processor.py:840} INFO - DAG(s) 'example_subdag_operator.section-1', 'example_subdag_operator.section-2', 'example_subdag_operator' retrieved from /home/airflow/.local/lib/python3.12/site-packages/airflow/example_dags/example_subdag_operator.py
[2024-08-04T16:27:53.266+0000] {logging_mixin.py:188} INFO - [2024-08-04T16:27:53.265+0000] {dag.py:3096} INFO - Sync 3 DAGs
[2024-08-04T16:27:53.289+0000] {logging_mixin.py:188} INFO - [2024-08-04T16:27:53.288+0000] {dag.py:3954} INFO - Setting next_dagrun for example_subdag_operator to 2022-01-01 00:00:00+00:00, run_after=2022-01-01 00:00:00+00:00
[2024-08-04T16:27:53.293+0000] {logging_mixin.py:188} INFO - [2024-08-04T16:27:53.292+0000] {dag.py:3954} INFO - Setting next_dagrun for example_subdag_operator.section-1 to None, run_after=None
[2024-08-04T16:27:53.294+0000] {logging_mixin.py:188} INFO - [2024-08-04T16:27:53.294+0000] {dag.py:3954} INFO - Setting next_dagrun for example_subdag_operator.section-2 to None, run_after=None
[2024-08-04T16:27:53.301+0000] {logging_mixin.py:188} INFO - [2024-08-04T16:27:53.301+0000] {dag.py:3096} INFO - Sync 2 DAGs
[2024-08-04T16:27:53.307+0000] {logging_mixin.py:188} INFO - [2024-08-04T16:27:53.307+0000] {dag.py:3954} INFO - Setting next_dagrun for example_subdag_operator.section-1 to None, run_after=None
[2024-08-04T16:27:53.307+0000] {logging_mixin.py:188} INFO - [2024-08-04T16:27:53.307+0000] {dag.py:3954} INFO - Setting next_dagrun for example_subdag_operator.section-2 to None, run_after=None
[2024-08-04T16:27:53.323+0000] {processor.py:183} INFO - Processing /home/airflow/.local/lib/python3.12/site-packages/airflow/example_dags/example_subdag_operator.py took 0.115 seconds
[2024-08-04T16:28:24.180+0000] {processor.py:161} INFO - Started process (PID=871) to work on /home/airflow/.local/lib/python3.12/site-packages/airflow/example_dags/example_subdag_operator.py
[2024-08-04T16:28:24.180+0000] {processor.py:830} INFO - Processing file /home/airflow/.local/lib/python3.12/site-packages/airflow/example_dags/example_subdag_operator.py for tasks to queue
[2024-08-04T16:28:24.182+0000] {logging_mixin.py:188} INFO - [2024-08-04T16:28:24.182+0000] {dagbag.py:545} INFO - Filling up the DagBag from /home/airflow/.local/lib/python3.12/site-packages/airflow/example_dags/example_subdag_operator.py
[2024-08-04T16:28:24.207+0000] {processor.py:840} INFO - DAG(s) 'example_subdag_operator.section-1', 'example_subdag_operator.section-2', 'example_subdag_operator' retrieved from /home/airflow/.local/lib/python3.12/site-packages/airflow/example_dags/example_subdag_operator.py
[2024-08-04T16:28:24.227+0000] {logging_mixin.py:188} INFO - [2024-08-04T16:28:24.227+0000] {dag.py:3096} INFO - Sync 3 DAGs
[2024-08-04T16:28:24.251+0000] {logging_mixin.py:188} INFO - [2024-08-04T16:28:24.251+0000] {dag.py:3954} INFO - Setting next_dagrun for example_subdag_operator to 2022-01-01 00:00:00+00:00, run_after=2022-01-01 00:00:00+00:00
[2024-08-04T16:28:24.257+0000] {logging_mixin.py:188} INFO - [2024-08-04T16:28:24.256+0000] {dag.py:3954} INFO - Setting next_dagrun for example_subdag_operator.section-1 to None, run_after=None
[2024-08-04T16:28:24.258+0000] {logging_mixin.py:188} INFO - [2024-08-04T16:28:24.258+0000] {dag.py:3954} INFO - Setting next_dagrun for example_subdag_operator.section-2 to None, run_after=None
[2024-08-04T16:28:24.265+0000] {logging_mixin.py:188} INFO - [2024-08-04T16:28:24.265+0000] {dag.py:3096} INFO - Sync 2 DAGs
[2024-08-04T16:28:24.270+0000] {logging_mixin.py:188} INFO - [2024-08-04T16:28:24.270+0000] {dag.py:3954} INFO - Setting next_dagrun for example_subdag_operator.section-1 to None, run_after=None
[2024-08-04T16:28:24.270+0000] {logging_mixin.py:188} INFO - [2024-08-04T16:28:24.270+0000] {dag.py:3954} INFO - Setting next_dagrun for example_subdag_operator.section-2 to None, run_after=None
[2024-08-04T16:28:24.283+0000] {processor.py:183} INFO - Processing /home/airflow/.local/lib/python3.12/site-packages/airflow/example_dags/example_subdag_operator.py took 0.114 seconds
[2024-08-04T16:28:55.127+0000] {processor.py:161} INFO - Started process (PID=930) to work on /home/airflow/.local/lib/python3.12/site-packages/airflow/example_dags/example_subdag_operator.py
[2024-08-04T16:28:55.138+0000] {processor.py:830} INFO - Processing file /home/airflow/.local/lib/python3.12/site-packages/airflow/example_dags/example_subdag_operator.py for tasks to queue
[2024-08-04T16:28:55.139+0000] {logging_mixin.py:188} INFO - [2024-08-04T16:28:55.139+0000] {dagbag.py:545} INFO - Filling up the DagBag from /home/airflow/.local/lib/python3.12/site-packages/airflow/example_dags/example_subdag_operator.py
[2024-08-04T16:28:55.229+0000] {processor.py:840} INFO - DAG(s) 'example_subdag_operator.section-1', 'example_subdag_operator.section-2', 'example_subdag_operator' retrieved from /home/airflow/.local/lib/python3.12/site-packages/airflow/example_dags/example_subdag_operator.py
[2024-08-04T16:28:55.260+0000] {logging_mixin.py:188} INFO - [2024-08-04T16:28:55.260+0000] {dag.py:3096} INFO - Sync 3 DAGs
[2024-08-04T16:28:55.307+0000] {logging_mixin.py:188} INFO - [2024-08-04T16:28:55.307+0000] {dag.py:3954} INFO - Setting next_dagrun for example_subdag_operator to 2022-01-01 00:00:00+00:00, run_after=2022-01-01 00:00:00+00:00
[2024-08-04T16:28:55.312+0000] {logging_mixin.py:188} INFO - [2024-08-04T16:28:55.312+0000] {dag.py:3954} INFO - Setting next_dagrun for example_subdag_operator.section-1 to None, run_after=None
[2024-08-04T16:28:55.314+0000] {logging_mixin.py:188} INFO - [2024-08-04T16:28:55.314+0000] {dag.py:3954} INFO - Setting next_dagrun for example_subdag_operator.section-2 to None, run_after=None
[2024-08-04T16:28:55.321+0000] {logging_mixin.py:188} INFO - [2024-08-04T16:28:55.321+0000] {dag.py:3096} INFO - Sync 2 DAGs
[2024-08-04T16:28:55.327+0000] {logging_mixin.py:188} INFO - [2024-08-04T16:28:55.327+0000] {dag.py:3954} INFO - Setting next_dagrun for example_subdag_operator.section-1 to None, run_after=None
[2024-08-04T16:28:55.327+0000] {logging_mixin.py:188} INFO - [2024-08-04T16:28:55.327+0000] {dag.py:3954} INFO - Setting next_dagrun for example_subdag_operator.section-2 to None, run_after=None
[2024-08-04T16:28:55.346+0000] {processor.py:183} INFO - Processing /home/airflow/.local/lib/python3.12/site-packages/airflow/example_dags/example_subdag_operator.py took 0.233 seconds
[2024-08-04T16:29:25.547+0000] {processor.py:161} INFO - Started process (PID=988) to work on /home/airflow/.local/lib/python3.12/site-packages/airflow/example_dags/example_subdag_operator.py
[2024-08-04T16:29:25.548+0000] {processor.py:830} INFO - Processing file /home/airflow/.local/lib/python3.12/site-packages/airflow/example_dags/example_subdag_operator.py for tasks to queue
[2024-08-04T16:29:25.549+0000] {logging_mixin.py:188} INFO - [2024-08-04T16:29:25.549+0000] {dagbag.py:545} INFO - Filling up the DagBag from /home/airflow/.local/lib/python3.12/site-packages/airflow/example_dags/example_subdag_operator.py
[2024-08-04T16:29:25.578+0000] {processor.py:840} INFO - DAG(s) 'example_subdag_operator.section-1', 'example_subdag_operator.section-2', 'example_subdag_operator' retrieved from /home/airflow/.local/lib/python3.12/site-packages/airflow/example_dags/example_subdag_operator.py
[2024-08-04T16:29:25.598+0000] {logging_mixin.py:188} INFO - [2024-08-04T16:29:25.598+0000] {dag.py:3096} INFO - Sync 3 DAGs
[2024-08-04T16:29:25.622+0000] {logging_mixin.py:188} INFO - [2024-08-04T16:29:25.622+0000] {dag.py:3954} INFO - Setting next_dagrun for example_subdag_operator to 2022-01-01 00:00:00+00:00, run_after=2022-01-01 00:00:00+00:00
[2024-08-04T16:29:25.626+0000] {logging_mixin.py:188} INFO - [2024-08-04T16:29:25.626+0000] {dag.py:3954} INFO - Setting next_dagrun for example_subdag_operator.section-1 to None, run_after=None
[2024-08-04T16:29:25.628+0000] {logging_mixin.py:188} INFO - [2024-08-04T16:29:25.628+0000] {dag.py:3954} INFO - Setting next_dagrun for example_subdag_operator.section-2 to None, run_after=None
[2024-08-04T16:29:25.635+0000] {logging_mixin.py:188} INFO - [2024-08-04T16:29:25.635+0000] {dag.py:3096} INFO - Sync 2 DAGs
[2024-08-04T16:29:25.640+0000] {logging_mixin.py:188} INFO - [2024-08-04T16:29:25.639+0000] {dag.py:3954} INFO - Setting next_dagrun for example_subdag_operator.section-1 to None, run_after=None
[2024-08-04T16:29:25.640+0000] {logging_mixin.py:188} INFO - [2024-08-04T16:29:25.640+0000] {dag.py:3954} INFO - Setting next_dagrun for example_subdag_operator.section-2 to None, run_after=None
[2024-08-04T16:29:25.655+0000] {processor.py:183} INFO - Processing /home/airflow/.local/lib/python3.12/site-packages/airflow/example_dags/example_subdag_operator.py took 0.114 seconds
[2024-08-04T16:29:56.004+0000] {processor.py:161} INFO - Started process (PID=1046) to work on /home/airflow/.local/lib/python3.12/site-packages/airflow/example_dags/example_subdag_operator.py
[2024-08-04T16:29:56.005+0000] {processor.py:830} INFO - Processing file /home/airflow/.local/lib/python3.12/site-packages/airflow/example_dags/example_subdag_operator.py for tasks to queue
[2024-08-04T16:29:56.007+0000] {logging_mixin.py:188} INFO - [2024-08-04T16:29:56.006+0000] {dagbag.py:545} INFO - Filling up the DagBag from /home/airflow/.local/lib/python3.12/site-packages/airflow/example_dags/example_subdag_operator.py
[2024-08-04T16:29:56.032+0000] {processor.py:840} INFO - DAG(s) 'example_subdag_operator.section-1', 'example_subdag_operator.section-2', 'example_subdag_operator' retrieved from /home/airflow/.local/lib/python3.12/site-packages/airflow/example_dags/example_subdag_operator.py
[2024-08-04T16:29:56.055+0000] {logging_mixin.py:188} INFO - [2024-08-04T16:29:56.055+0000] {dag.py:3096} INFO - Sync 3 DAGs
[2024-08-04T16:29:56.078+0000] {logging_mixin.py:188} INFO - [2024-08-04T16:29:56.078+0000] {dag.py:3954} INFO - Setting next_dagrun for example_subdag_operator to 2022-01-01 00:00:00+00:00, run_after=2022-01-01 00:00:00+00:00
[2024-08-04T16:29:56.082+0000] {logging_mixin.py:188} INFO - [2024-08-04T16:29:56.082+0000] {dag.py:3954} INFO - Setting next_dagrun for example_subdag_operator.section-1 to None, run_after=None
[2024-08-04T16:29:56.083+0000] {logging_mixin.py:188} INFO - [2024-08-04T16:29:56.083+0000] {dag.py:3954} INFO - Setting next_dagrun for example_subdag_operator.section-2 to None, run_after=None
[2024-08-04T16:29:56.091+0000] {logging_mixin.py:188} INFO - [2024-08-04T16:29:56.091+0000] {dag.py:3096} INFO - Sync 2 DAGs
[2024-08-04T16:29:56.097+0000] {logging_mixin.py:188} INFO - [2024-08-04T16:29:56.096+0000] {dag.py:3954} INFO - Setting next_dagrun for example_subdag_operator.section-1 to None, run_after=None
[2024-08-04T16:29:56.097+0000] {logging_mixin.py:188} INFO - [2024-08-04T16:29:56.097+0000] {dag.py:3954} INFO - Setting next_dagrun for example_subdag_operator.section-2 to None, run_after=None
[2024-08-04T16:29:56.111+0000] {processor.py:183} INFO - Processing /home/airflow/.local/lib/python3.12/site-packages/airflow/example_dags/example_subdag_operator.py took 0.114 seconds
[2024-08-04T16:30:26.611+0000] {processor.py:161} INFO - Started process (PID=1105) to work on /home/airflow/.local/lib/python3.12/site-packages/airflow/example_dags/example_subdag_operator.py
[2024-08-04T16:30:26.612+0000] {processor.py:830} INFO - Processing file /home/airflow/.local/lib/python3.12/site-packages/airflow/example_dags/example_subdag_operator.py for tasks to queue
[2024-08-04T16:30:26.613+0000] {logging_mixin.py:188} INFO - [2024-08-04T16:30:26.613+0000] {dagbag.py:545} INFO - Filling up the DagBag from /home/airflow/.local/lib/python3.12/site-packages/airflow/example_dags/example_subdag_operator.py
[2024-08-04T16:30:26.643+0000] {processor.py:840} INFO - DAG(s) 'example_subdag_operator.section-1', 'example_subdag_operator.section-2', 'example_subdag_operator' retrieved from /home/airflow/.local/lib/python3.12/site-packages/airflow/example_dags/example_subdag_operator.py
[2024-08-04T16:30:26.663+0000] {logging_mixin.py:188} INFO - [2024-08-04T16:30:26.662+0000] {dag.py:3096} INFO - Sync 3 DAGs
[2024-08-04T16:30:26.686+0000] {logging_mixin.py:188} INFO - [2024-08-04T16:30:26.686+0000] {dag.py:3954} INFO - Setting next_dagrun for example_subdag_operator to 2022-01-01 00:00:00+00:00, run_after=2022-01-01 00:00:00+00:00
[2024-08-04T16:30:26.690+0000] {logging_mixin.py:188} INFO - [2024-08-04T16:30:26.690+0000] {dag.py:3954} INFO - Setting next_dagrun for example_subdag_operator.section-1 to None, run_after=None
[2024-08-04T16:30:26.691+0000] {logging_mixin.py:188} INFO - [2024-08-04T16:30:26.691+0000] {dag.py:3954} INFO - Setting next_dagrun for example_subdag_operator.section-2 to None, run_after=None
[2024-08-04T16:30:26.698+0000] {logging_mixin.py:188} INFO - [2024-08-04T16:30:26.698+0000] {dag.py:3096} INFO - Sync 2 DAGs
[2024-08-04T16:30:26.703+0000] {logging_mixin.py:188} INFO - [2024-08-04T16:30:26.703+0000] {dag.py:3954} INFO - Setting next_dagrun for example_subdag_operator.section-1 to None, run_after=None
[2024-08-04T16:30:26.704+0000] {logging_mixin.py:188} INFO - [2024-08-04T16:30:26.703+0000] {dag.py:3954} INFO - Setting next_dagrun for example_subdag_operator.section-2 to None, run_after=None
[2024-08-04T16:30:26.717+0000] {processor.py:183} INFO - Processing /home/airflow/.local/lib/python3.12/site-packages/airflow/example_dags/example_subdag_operator.py took 0.113 seconds
[2024-08-04T16:30:56.897+0000] {processor.py:161} INFO - Started process (PID=1164) to work on /home/airflow/.local/lib/python3.12/site-packages/airflow/example_dags/example_subdag_operator.py
[2024-08-04T16:30:56.908+0000] {processor.py:830} INFO - Processing file /home/airflow/.local/lib/python3.12/site-packages/airflow/example_dags/example_subdag_operator.py for tasks to queue
[2024-08-04T16:30:56.918+0000] {logging_mixin.py:188} INFO - [2024-08-04T16:30:56.918+0000] {dagbag.py:545} INFO - Filling up the DagBag from /home/airflow/.local/lib/python3.12/site-packages/airflow/example_dags/example_subdag_operator.py
[2024-08-04T16:30:56.951+0000] {processor.py:840} INFO - DAG(s) 'example_subdag_operator.section-1', 'example_subdag_operator.section-2', 'example_subdag_operator' retrieved from /home/airflow/.local/lib/python3.12/site-packages/airflow/example_dags/example_subdag_operator.py
[2024-08-04T16:30:56.966+0000] {logging_mixin.py:188} INFO - [2024-08-04T16:30:56.966+0000] {dag.py:3096} INFO - Sync 3 DAGs
[2024-08-04T16:30:56.992+0000] {logging_mixin.py:188} INFO - [2024-08-04T16:30:56.992+0000] {dag.py:3954} INFO - Setting next_dagrun for example_subdag_operator to 2022-01-01 00:00:00+00:00, run_after=2022-01-01 00:00:00+00:00
[2024-08-04T16:30:56.995+0000] {logging_mixin.py:188} INFO - [2024-08-04T16:30:56.995+0000] {dag.py:3954} INFO - Setting next_dagrun for example_subdag_operator.section-1 to None, run_after=None
[2024-08-04T16:30:56.996+0000] {logging_mixin.py:188} INFO - [2024-08-04T16:30:56.996+0000] {dag.py:3954} INFO - Setting next_dagrun for example_subdag_operator.section-2 to None, run_after=None
[2024-08-04T16:30:57.002+0000] {logging_mixin.py:188} INFO - [2024-08-04T16:30:57.001+0000] {dag.py:3096} INFO - Sync 2 DAGs
[2024-08-04T16:30:57.006+0000] {logging_mixin.py:188} INFO - [2024-08-04T16:30:57.005+0000] {dag.py:3954} INFO - Setting next_dagrun for example_subdag_operator.section-1 to None, run_after=None
[2024-08-04T16:30:57.006+0000] {logging_mixin.py:188} INFO - [2024-08-04T16:30:57.006+0000] {dag.py:3954} INFO - Setting next_dagrun for example_subdag_operator.section-2 to None, run_after=None
[2024-08-04T16:30:57.020+0000] {processor.py:183} INFO - Processing /home/airflow/.local/lib/python3.12/site-packages/airflow/example_dags/example_subdag_operator.py took 0.133 seconds
[2024-08-04T16:31:27.159+0000] {processor.py:161} INFO - Started process (PID=1223) to work on /home/airflow/.local/lib/python3.12/site-packages/airflow/example_dags/example_subdag_operator.py
[2024-08-04T16:31:27.160+0000] {processor.py:830} INFO - Processing file /home/airflow/.local/lib/python3.12/site-packages/airflow/example_dags/example_subdag_operator.py for tasks to queue
[2024-08-04T16:31:27.161+0000] {logging_mixin.py:188} INFO - [2024-08-04T16:31:27.161+0000] {dagbag.py:545} INFO - Filling up the DagBag from /home/airflow/.local/lib/python3.12/site-packages/airflow/example_dags/example_subdag_operator.py
[2024-08-04T16:31:27.191+0000] {processor.py:840} INFO - DAG(s) 'example_subdag_operator.section-1', 'example_subdag_operator.section-2', 'example_subdag_operator' retrieved from /home/airflow/.local/lib/python3.12/site-packages/airflow/example_dags/example_subdag_operator.py
[2024-08-04T16:31:27.212+0000] {logging_mixin.py:188} INFO - [2024-08-04T16:31:27.212+0000] {dag.py:3096} INFO - Sync 3 DAGs
[2024-08-04T16:31:27.257+0000] {logging_mixin.py:188} INFO - [2024-08-04T16:31:27.256+0000] {dag.py:3954} INFO - Setting next_dagrun for example_subdag_operator to 2022-01-01 00:00:00+00:00, run_after=2022-01-01 00:00:00+00:00
[2024-08-04T16:31:27.260+0000] {logging_mixin.py:188} INFO - [2024-08-04T16:31:27.260+0000] {dag.py:3954} INFO - Setting next_dagrun for example_subdag_operator.section-1 to None, run_after=None
[2024-08-04T16:31:27.262+0000] {logging_mixin.py:188} INFO - [2024-08-04T16:31:27.261+0000] {dag.py:3954} INFO - Setting next_dagrun for example_subdag_operator.section-2 to None, run_after=None
[2024-08-04T16:31:27.269+0000] {logging_mixin.py:188} INFO - [2024-08-04T16:31:27.269+0000] {dag.py:3096} INFO - Sync 2 DAGs
[2024-08-04T16:31:27.278+0000] {logging_mixin.py:188} INFO - [2024-08-04T16:31:27.278+0000] {dag.py:3954} INFO - Setting next_dagrun for example_subdag_operator.section-1 to None, run_after=None
[2024-08-04T16:31:27.279+0000] {logging_mixin.py:188} INFO - [2024-08-04T16:31:27.278+0000] {dag.py:3954} INFO - Setting next_dagrun for example_subdag_operator.section-2 to None, run_after=None
[2024-08-04T16:31:27.310+0000] {processor.py:183} INFO - Processing /home/airflow/.local/lib/python3.12/site-packages/airflow/example_dags/example_subdag_operator.py took 0.158 seconds
[2024-08-04T16:31:57.394+0000] {processor.py:161} INFO - Started process (PID=1282) to work on /home/airflow/.local/lib/python3.12/site-packages/airflow/example_dags/example_subdag_operator.py
[2024-08-04T16:31:57.395+0000] {processor.py:830} INFO - Processing file /home/airflow/.local/lib/python3.12/site-packages/airflow/example_dags/example_subdag_operator.py for tasks to queue
[2024-08-04T16:31:57.396+0000] {logging_mixin.py:188} INFO - [2024-08-04T16:31:57.395+0000] {dagbag.py:545} INFO - Filling up the DagBag from /home/airflow/.local/lib/python3.12/site-packages/airflow/example_dags/example_subdag_operator.py
[2024-08-04T16:31:57.433+0000] {processor.py:840} INFO - DAG(s) 'example_subdag_operator.section-1', 'example_subdag_operator.section-2', 'example_subdag_operator' retrieved from /home/airflow/.local/lib/python3.12/site-packages/airflow/example_dags/example_subdag_operator.py
[2024-08-04T16:31:57.454+0000] {logging_mixin.py:188} INFO - [2024-08-04T16:31:57.454+0000] {dag.py:3096} INFO - Sync 3 DAGs
[2024-08-04T16:31:57.481+0000] {logging_mixin.py:188} INFO - [2024-08-04T16:31:57.481+0000] {dag.py:3954} INFO - Setting next_dagrun for example_subdag_operator to 2022-01-01 00:00:00+00:00, run_after=2022-01-01 00:00:00+00:00
[2024-08-04T16:31:57.485+0000] {logging_mixin.py:188} INFO - [2024-08-04T16:31:57.485+0000] {dag.py:3954} INFO - Setting next_dagrun for example_subdag_operator.section-1 to None, run_after=None
[2024-08-04T16:31:57.487+0000] {logging_mixin.py:188} INFO - [2024-08-04T16:31:57.487+0000] {dag.py:3954} INFO - Setting next_dagrun for example_subdag_operator.section-2 to None, run_after=None
[2024-08-04T16:31:57.498+0000] {logging_mixin.py:188} INFO - [2024-08-04T16:31:57.498+0000] {dag.py:3096} INFO - Sync 2 DAGs
[2024-08-04T16:31:57.506+0000] {logging_mixin.py:188} INFO - [2024-08-04T16:31:57.506+0000] {dag.py:3954} INFO - Setting next_dagrun for example_subdag_operator.section-1 to None, run_after=None
[2024-08-04T16:31:57.506+0000] {logging_mixin.py:188} INFO - [2024-08-04T16:31:57.506+0000] {dag.py:3954} INFO - Setting next_dagrun for example_subdag_operator.section-2 to None, run_after=None
[2024-08-04T16:31:57.533+0000] {processor.py:183} INFO - Processing /home/airflow/.local/lib/python3.12/site-packages/airflow/example_dags/example_subdag_operator.py took 0.145 seconds
[2024-08-04T16:32:27.823+0000] {processor.py:161} INFO - Started process (PID=1341) to work on /home/airflow/.local/lib/python3.12/site-packages/airflow/example_dags/example_subdag_operator.py
[2024-08-04T16:32:27.824+0000] {processor.py:830} INFO - Processing file /home/airflow/.local/lib/python3.12/site-packages/airflow/example_dags/example_subdag_operator.py for tasks to queue
[2024-08-04T16:32:27.825+0000] {logging_mixin.py:188} INFO - [2024-08-04T16:32:27.824+0000] {dagbag.py:545} INFO - Filling up the DagBag from /home/airflow/.local/lib/python3.12/site-packages/airflow/example_dags/example_subdag_operator.py
[2024-08-04T16:32:27.851+0000] {processor.py:840} INFO - DAG(s) 'example_subdag_operator.section-1', 'example_subdag_operator.section-2', 'example_subdag_operator' retrieved from /home/airflow/.local/lib/python3.12/site-packages/airflow/example_dags/example_subdag_operator.py
[2024-08-04T16:32:27.872+0000] {logging_mixin.py:188} INFO - [2024-08-04T16:32:27.872+0000] {dag.py:3096} INFO - Sync 3 DAGs
[2024-08-04T16:32:27.896+0000] {logging_mixin.py:188} INFO - [2024-08-04T16:32:27.896+0000] {dag.py:3954} INFO - Setting next_dagrun for example_subdag_operator to 2022-01-01 00:00:00+00:00, run_after=2022-01-01 00:00:00+00:00
[2024-08-04T16:32:27.900+0000] {logging_mixin.py:188} INFO - [2024-08-04T16:32:27.900+0000] {dag.py:3954} INFO - Setting next_dagrun for example_subdag_operator.section-1 to None, run_after=None
[2024-08-04T16:32:27.901+0000] {logging_mixin.py:188} INFO - [2024-08-04T16:32:27.901+0000] {dag.py:3954} INFO - Setting next_dagrun for example_subdag_operator.section-2 to None, run_after=None
[2024-08-04T16:32:27.908+0000] {logging_mixin.py:188} INFO - [2024-08-04T16:32:27.908+0000] {dag.py:3096} INFO - Sync 2 DAGs
[2024-08-04T16:32:27.914+0000] {logging_mixin.py:188} INFO - [2024-08-04T16:32:27.913+0000] {dag.py:3954} INFO - Setting next_dagrun for example_subdag_operator.section-1 to None, run_after=None
[2024-08-04T16:32:27.914+0000] {logging_mixin.py:188} INFO - [2024-08-04T16:32:27.914+0000] {dag.py:3954} INFO - Setting next_dagrun for example_subdag_operator.section-2 to None, run_after=None
[2024-08-04T16:32:27.930+0000] {processor.py:183} INFO - Processing /home/airflow/.local/lib/python3.12/site-packages/airflow/example_dags/example_subdag_operator.py took 0.114 seconds
[2024-08-04T16:32:58.709+0000] {processor.py:161} INFO - Started process (PID=1400) to work on /home/airflow/.local/lib/python3.12/site-packages/airflow/example_dags/example_subdag_operator.py
[2024-08-04T16:32:58.710+0000] {processor.py:830} INFO - Processing file /home/airflow/.local/lib/python3.12/site-packages/airflow/example_dags/example_subdag_operator.py for tasks to queue
[2024-08-04T16:32:58.710+0000] {logging_mixin.py:188} INFO - [2024-08-04T16:32:58.710+0000] {dagbag.py:545} INFO - Filling up the DagBag from /home/airflow/.local/lib/python3.12/site-packages/airflow/example_dags/example_subdag_operator.py
[2024-08-04T16:32:58.767+0000] {processor.py:840} INFO - DAG(s) 'example_subdag_operator.section-1', 'example_subdag_operator.section-2', 'example_subdag_operator' retrieved from /home/airflow/.local/lib/python3.12/site-packages/airflow/example_dags/example_subdag_operator.py
[2024-08-04T16:32:58.789+0000] {logging_mixin.py:188} INFO - [2024-08-04T16:32:58.788+0000] {dag.py:3096} INFO - Sync 3 DAGs
[2024-08-04T16:32:58.814+0000] {logging_mixin.py:188} INFO - [2024-08-04T16:32:58.814+0000] {dag.py:3954} INFO - Setting next_dagrun for example_subdag_operator to 2022-01-01 00:00:00+00:00, run_after=2022-01-01 00:00:00+00:00
[2024-08-04T16:32:58.818+0000] {logging_mixin.py:188} INFO - [2024-08-04T16:32:58.817+0000] {dag.py:3954} INFO - Setting next_dagrun for example_subdag_operator.section-1 to None, run_after=None
[2024-08-04T16:32:58.819+0000] {logging_mixin.py:188} INFO - [2024-08-04T16:32:58.818+0000] {dag.py:3954} INFO - Setting next_dagrun for example_subdag_operator.section-2 to None, run_after=None
[2024-08-04T16:32:58.826+0000] {logging_mixin.py:188} INFO - [2024-08-04T16:32:58.825+0000] {dag.py:3096} INFO - Sync 2 DAGs
[2024-08-04T16:32:58.834+0000] {logging_mixin.py:188} INFO - [2024-08-04T16:32:58.833+0000] {dag.py:3954} INFO - Setting next_dagrun for example_subdag_operator.section-1 to None, run_after=None
[2024-08-04T16:32:58.834+0000] {logging_mixin.py:188} INFO - [2024-08-04T16:32:58.834+0000] {dag.py:3954} INFO - Setting next_dagrun for example_subdag_operator.section-2 to None, run_after=None
[2024-08-04T16:32:58.848+0000] {processor.py:183} INFO - Processing /home/airflow/.local/lib/python3.12/site-packages/airflow/example_dags/example_subdag_operator.py took 0.145 seconds
[2024-08-04T16:33:29.815+0000] {processor.py:161} INFO - Started process (PID=1459) to work on /home/airflow/.local/lib/python3.12/site-packages/airflow/example_dags/example_subdag_operator.py
[2024-08-04T16:33:29.816+0000] {processor.py:830} INFO - Processing file /home/airflow/.local/lib/python3.12/site-packages/airflow/example_dags/example_subdag_operator.py for tasks to queue
[2024-08-04T16:33:29.817+0000] {logging_mixin.py:188} INFO - [2024-08-04T16:33:29.816+0000] {dagbag.py:545} INFO - Filling up the DagBag from /home/airflow/.local/lib/python3.12/site-packages/airflow/example_dags/example_subdag_operator.py
[2024-08-04T16:33:29.847+0000] {processor.py:840} INFO - DAG(s) 'example_subdag_operator.section-1', 'example_subdag_operator.section-2', 'example_subdag_operator' retrieved from /home/airflow/.local/lib/python3.12/site-packages/airflow/example_dags/example_subdag_operator.py
[2024-08-04T16:33:29.867+0000] {logging_mixin.py:188} INFO - [2024-08-04T16:33:29.867+0000] {dag.py:3096} INFO - Sync 3 DAGs
[2024-08-04T16:33:29.891+0000] {logging_mixin.py:188} INFO - [2024-08-04T16:33:29.891+0000] {dag.py:3954} INFO - Setting next_dagrun for example_subdag_operator to 2022-01-01 00:00:00+00:00, run_after=2022-01-01 00:00:00+00:00
[2024-08-04T16:33:29.895+0000] {logging_mixin.py:188} INFO - [2024-08-04T16:33:29.895+0000] {dag.py:3954} INFO - Setting next_dagrun for example_subdag_operator.section-1 to None, run_after=None
[2024-08-04T16:33:29.896+0000] {logging_mixin.py:188} INFO - [2024-08-04T16:33:29.896+0000] {dag.py:3954} INFO - Setting next_dagrun for example_subdag_operator.section-2 to None, run_after=None
[2024-08-04T16:33:29.903+0000] {logging_mixin.py:188} INFO - [2024-08-04T16:33:29.903+0000] {dag.py:3096} INFO - Sync 2 DAGs
[2024-08-04T16:33:29.908+0000] {logging_mixin.py:188} INFO - [2024-08-04T16:33:29.908+0000] {dag.py:3954} INFO - Setting next_dagrun for example_subdag_operator.section-1 to None, run_after=None
[2024-08-04T16:33:29.909+0000] {logging_mixin.py:188} INFO - [2024-08-04T16:33:29.908+0000] {dag.py:3954} INFO - Setting next_dagrun for example_subdag_operator.section-2 to None, run_after=None
[2024-08-04T16:33:29.922+0000] {processor.py:183} INFO - Processing /home/airflow/.local/lib/python3.12/site-packages/airflow/example_dags/example_subdag_operator.py took 0.113 seconds
[2024-08-04T16:34:00.546+0000] {processor.py:161} INFO - Started process (PID=1518) to work on /home/airflow/.local/lib/python3.12/site-packages/airflow/example_dags/example_subdag_operator.py
[2024-08-04T16:34:00.546+0000] {processor.py:830} INFO - Processing file /home/airflow/.local/lib/python3.12/site-packages/airflow/example_dags/example_subdag_operator.py for tasks to queue
[2024-08-04T16:34:00.547+0000] {logging_mixin.py:188} INFO - [2024-08-04T16:34:00.547+0000] {dagbag.py:545} INFO - Filling up the DagBag from /home/airflow/.local/lib/python3.12/site-packages/airflow/example_dags/example_subdag_operator.py
[2024-08-04T16:34:00.573+0000] {processor.py:840} INFO - DAG(s) 'example_subdag_operator.section-1', 'example_subdag_operator.section-2', 'example_subdag_operator' retrieved from /home/airflow/.local/lib/python3.12/site-packages/airflow/example_dags/example_subdag_operator.py
[2024-08-04T16:34:00.594+0000] {logging_mixin.py:188} INFO - [2024-08-04T16:34:00.594+0000] {dag.py:3096} INFO - Sync 3 DAGs
[2024-08-04T16:34:00.618+0000] {logging_mixin.py:188} INFO - [2024-08-04T16:34:00.618+0000] {dag.py:3954} INFO - Setting next_dagrun for example_subdag_operator to 2022-01-01 00:00:00+00:00, run_after=2022-01-01 00:00:00+00:00
[2024-08-04T16:34:00.622+0000] {logging_mixin.py:188} INFO - [2024-08-04T16:34:00.622+0000] {dag.py:3954} INFO - Setting next_dagrun for example_subdag_operator.section-1 to None, run_after=None
[2024-08-04T16:34:00.624+0000] {logging_mixin.py:188} INFO - [2024-08-04T16:34:00.623+0000] {dag.py:3954} INFO - Setting next_dagrun for example_subdag_operator.section-2 to None, run_after=None
[2024-08-04T16:34:00.631+0000] {logging_mixin.py:188} INFO - [2024-08-04T16:34:00.630+0000] {dag.py:3096} INFO - Sync 2 DAGs
[2024-08-04T16:34:00.636+0000] {logging_mixin.py:188} INFO - [2024-08-04T16:34:00.636+0000] {dag.py:3954} INFO - Setting next_dagrun for example_subdag_operator.section-1 to None, run_after=None
[2024-08-04T16:34:00.636+0000] {logging_mixin.py:188} INFO - [2024-08-04T16:34:00.636+0000] {dag.py:3954} INFO - Setting next_dagrun for example_subdag_operator.section-2 to None, run_after=None
[2024-08-04T16:34:00.651+0000] {processor.py:183} INFO - Processing /home/airflow/.local/lib/python3.12/site-packages/airflow/example_dags/example_subdag_operator.py took 0.113 seconds
[2024-08-04T16:34:30.937+0000] {processor.py:161} INFO - Started process (PID=1577) to work on /home/airflow/.local/lib/python3.12/site-packages/airflow/example_dags/example_subdag_operator.py
[2024-08-04T16:34:30.938+0000] {processor.py:830} INFO - Processing file /home/airflow/.local/lib/python3.12/site-packages/airflow/example_dags/example_subdag_operator.py for tasks to queue
[2024-08-04T16:34:30.939+0000] {logging_mixin.py:188} INFO - [2024-08-04T16:34:30.939+0000] {dagbag.py:545} INFO - Filling up the DagBag from /home/airflow/.local/lib/python3.12/site-packages/airflow/example_dags/example_subdag_operator.py
[2024-08-04T16:34:31.020+0000] {processor.py:840} INFO - DAG(s) 'example_subdag_operator.section-1', 'example_subdag_operator.section-2', 'example_subdag_operator' retrieved from /home/airflow/.local/lib/python3.12/site-packages/airflow/example_dags/example_subdag_operator.py
[2024-08-04T16:34:31.138+0000] {logging_mixin.py:188} INFO - [2024-08-04T16:34:31.138+0000] {dag.py:3096} INFO - Sync 3 DAGs
[2024-08-04T16:34:31.202+0000] {logging_mixin.py:188} INFO - [2024-08-04T16:34:31.202+0000] {dag.py:3954} INFO - Setting next_dagrun for example_subdag_operator to 2022-01-01 00:00:00+00:00, run_after=2022-01-01 00:00:00+00:00
[2024-08-04T16:34:31.206+0000] {logging_mixin.py:188} INFO - [2024-08-04T16:34:31.206+0000] {dag.py:3954} INFO - Setting next_dagrun for example_subdag_operator.section-1 to None, run_after=None
[2024-08-04T16:34:31.208+0000] {logging_mixin.py:188} INFO - [2024-08-04T16:34:31.207+0000] {dag.py:3954} INFO - Setting next_dagrun for example_subdag_operator.section-2 to None, run_after=None
[2024-08-04T16:34:31.216+0000] {logging_mixin.py:188} INFO - [2024-08-04T16:34:31.216+0000] {dag.py:3096} INFO - Sync 2 DAGs
[2024-08-04T16:34:31.222+0000] {logging_mixin.py:188} INFO - [2024-08-04T16:34:31.221+0000] {dag.py:3954} INFO - Setting next_dagrun for example_subdag_operator.section-1 to None, run_after=None
[2024-08-04T16:34:31.222+0000] {logging_mixin.py:188} INFO - [2024-08-04T16:34:31.222+0000] {dag.py:3954} INFO - Setting next_dagrun for example_subdag_operator.section-2 to None, run_after=None
[2024-08-04T16:34:31.244+0000] {processor.py:183} INFO - Processing /home/airflow/.local/lib/python3.12/site-packages/airflow/example_dags/example_subdag_operator.py took 0.334 seconds
[2024-08-04T16:35:01.627+0000] {processor.py:161} INFO - Started process (PID=1636) to work on /home/airflow/.local/lib/python3.12/site-packages/airflow/example_dags/example_subdag_operator.py
[2024-08-04T16:35:01.628+0000] {processor.py:830} INFO - Processing file /home/airflow/.local/lib/python3.12/site-packages/airflow/example_dags/example_subdag_operator.py for tasks to queue
[2024-08-04T16:35:01.629+0000] {logging_mixin.py:188} INFO - [2024-08-04T16:35:01.628+0000] {dagbag.py:545} INFO - Filling up the DagBag from /home/airflow/.local/lib/python3.12/site-packages/airflow/example_dags/example_subdag_operator.py
[2024-08-04T16:35:01.691+0000] {processor.py:840} INFO - DAG(s) 'example_subdag_operator.section-1', 'example_subdag_operator.section-2', 'example_subdag_operator' retrieved from /home/airflow/.local/lib/python3.12/site-packages/airflow/example_dags/example_subdag_operator.py
[2024-08-04T16:35:01.734+0000] {logging_mixin.py:188} INFO - [2024-08-04T16:35:01.734+0000] {dag.py:3096} INFO - Sync 3 DAGs
[2024-08-04T16:35:01.814+0000] {logging_mixin.py:188} INFO - [2024-08-04T16:35:01.814+0000] {dag.py:3954} INFO - Setting next_dagrun for example_subdag_operator to 2022-01-01 00:00:00+00:00, run_after=2022-01-01 00:00:00+00:00
[2024-08-04T16:35:02.072+0000] {logging_mixin.py:188} INFO - [2024-08-04T16:35:02.072+0000] {dag.py:3954} INFO - Setting next_dagrun for example_subdag_operator.section-1 to None, run_after=None
[2024-08-04T16:35:02.074+0000] {logging_mixin.py:188} INFO - [2024-08-04T16:35:02.074+0000] {dag.py:3954} INFO - Setting next_dagrun for example_subdag_operator.section-2 to None, run_after=None
[2024-08-04T16:35:02.081+0000] {logging_mixin.py:188} INFO - [2024-08-04T16:35:02.081+0000] {dag.py:3096} INFO - Sync 2 DAGs
[2024-08-04T16:35:02.087+0000] {logging_mixin.py:188} INFO - [2024-08-04T16:35:02.087+0000] {dag.py:3954} INFO - Setting next_dagrun for example_subdag_operator.section-1 to None, run_after=None
[2024-08-04T16:35:02.088+0000] {logging_mixin.py:188} INFO - [2024-08-04T16:35:02.087+0000] {dag.py:3954} INFO - Setting next_dagrun for example_subdag_operator.section-2 to None, run_after=None
[2024-08-04T16:35:02.103+0000] {processor.py:183} INFO - Processing /home/airflow/.local/lib/python3.12/site-packages/airflow/example_dags/example_subdag_operator.py took 0.506 seconds
[2024-08-04T16:35:32.750+0000] {processor.py:161} INFO - Started process (PID=1694) to work on /home/airflow/.local/lib/python3.12/site-packages/airflow/example_dags/example_subdag_operator.py
[2024-08-04T16:35:32.751+0000] {processor.py:830} INFO - Processing file /home/airflow/.local/lib/python3.12/site-packages/airflow/example_dags/example_subdag_operator.py for tasks to queue
[2024-08-04T16:35:32.752+0000] {logging_mixin.py:188} INFO - [2024-08-04T16:35:32.751+0000] {dagbag.py:545} INFO - Filling up the DagBag from /home/airflow/.local/lib/python3.12/site-packages/airflow/example_dags/example_subdag_operator.py
[2024-08-04T16:35:32.777+0000] {processor.py:840} INFO - DAG(s) 'example_subdag_operator.section-1', 'example_subdag_operator.section-2', 'example_subdag_operator' retrieved from /home/airflow/.local/lib/python3.12/site-packages/airflow/example_dags/example_subdag_operator.py
[2024-08-04T16:35:32.798+0000] {logging_mixin.py:188} INFO - [2024-08-04T16:35:32.798+0000] {dag.py:3096} INFO - Sync 3 DAGs
[2024-08-04T16:35:32.822+0000] {logging_mixin.py:188} INFO - [2024-08-04T16:35:32.822+0000] {dag.py:3954} INFO - Setting next_dagrun for example_subdag_operator to 2022-01-01 00:00:00+00:00, run_after=2022-01-01 00:00:00+00:00
[2024-08-04T16:35:32.826+0000] {logging_mixin.py:188} INFO - [2024-08-04T16:35:32.825+0000] {dag.py:3954} INFO - Setting next_dagrun for example_subdag_operator.section-1 to None, run_after=None
[2024-08-04T16:35:32.827+0000] {logging_mixin.py:188} INFO - [2024-08-04T16:35:32.827+0000] {dag.py:3954} INFO - Setting next_dagrun for example_subdag_operator.section-2 to None, run_after=None
[2024-08-04T16:35:32.834+0000] {logging_mixin.py:188} INFO - [2024-08-04T16:35:32.834+0000] {dag.py:3096} INFO - Sync 2 DAGs
[2024-08-04T16:35:32.840+0000] {logging_mixin.py:188} INFO - [2024-08-04T16:35:32.840+0000] {dag.py:3954} INFO - Setting next_dagrun for example_subdag_operator.section-1 to None, run_after=None
[2024-08-04T16:35:32.841+0000] {logging_mixin.py:188} INFO - [2024-08-04T16:35:32.840+0000] {dag.py:3954} INFO - Setting next_dagrun for example_subdag_operator.section-2 to None, run_after=None
[2024-08-04T16:35:32.854+0000] {processor.py:183} INFO - Processing /home/airflow/.local/lib/python3.12/site-packages/airflow/example_dags/example_subdag_operator.py took 0.111 seconds
[2024-08-04T16:36:03.009+0000] {processor.py:161} INFO - Started process (PID=1754) to work on /home/airflow/.local/lib/python3.12/site-packages/airflow/example_dags/example_subdag_operator.py
[2024-08-04T16:36:03.010+0000] {processor.py:830} INFO - Processing file /home/airflow/.local/lib/python3.12/site-packages/airflow/example_dags/example_subdag_operator.py for tasks to queue
[2024-08-04T16:36:03.011+0000] {logging_mixin.py:188} INFO - [2024-08-04T16:36:03.011+0000] {dagbag.py:545} INFO - Filling up the DagBag from /home/airflow/.local/lib/python3.12/site-packages/airflow/example_dags/example_subdag_operator.py
[2024-08-04T16:36:03.051+0000] {processor.py:840} INFO - DAG(s) 'example_subdag_operator.section-1', 'example_subdag_operator.section-2', 'example_subdag_operator' retrieved from /home/airflow/.local/lib/python3.12/site-packages/airflow/example_dags/example_subdag_operator.py
[2024-08-04T16:36:03.073+0000] {logging_mixin.py:188} INFO - [2024-08-04T16:36:03.073+0000] {dag.py:3096} INFO - Sync 3 DAGs
[2024-08-04T16:36:03.099+0000] {logging_mixin.py:188} INFO - [2024-08-04T16:36:03.099+0000] {dag.py:3954} INFO - Setting next_dagrun for example_subdag_operator to 2022-01-01 00:00:00+00:00, run_after=2022-01-01 00:00:00+00:00
[2024-08-04T16:36:03.102+0000] {logging_mixin.py:188} INFO - [2024-08-04T16:36:03.102+0000] {dag.py:3954} INFO - Setting next_dagrun for example_subdag_operator.section-1 to None, run_after=None
[2024-08-04T16:36:03.103+0000] {logging_mixin.py:188} INFO - [2024-08-04T16:36:03.103+0000] {dag.py:3954} INFO - Setting next_dagrun for example_subdag_operator.section-2 to None, run_after=None
[2024-08-04T16:36:03.109+0000] {logging_mixin.py:188} INFO - [2024-08-04T16:36:03.109+0000] {dag.py:3096} INFO - Sync 2 DAGs
[2024-08-04T16:36:03.114+0000] {logging_mixin.py:188} INFO - [2024-08-04T16:36:03.114+0000] {dag.py:3954} INFO - Setting next_dagrun for example_subdag_operator.section-1 to None, run_after=None
[2024-08-04T16:36:03.115+0000] {logging_mixin.py:188} INFO - [2024-08-04T16:36:03.115+0000] {dag.py:3954} INFO - Setting next_dagrun for example_subdag_operator.section-2 to None, run_after=None
[2024-08-04T16:36:03.131+0000] {processor.py:183} INFO - Processing /home/airflow/.local/lib/python3.12/site-packages/airflow/example_dags/example_subdag_operator.py took 0.129 seconds
