[2024-08-04T16:21:14.587+0000] {processor.py:161} INFO - Started process (PID=51) to work on /home/airflow/.local/lib/python3.12/site-packages/airflow/example_dags/example_skip_dag.py
[2024-08-04T16:21:14.597+0000] {processor.py:830} INFO - Processing file /home/airflow/.local/lib/python3.12/site-packages/airflow/example_dags/example_skip_dag.py for tasks to queue
[2024-08-04T16:21:14.599+0000] {logging_mixin.py:188} INFO - [2024-08-04T16:21:14.598+0000] {dagbag.py:545} INFO - Filling up the DagBag from /home/airflow/.local/lib/python3.12/site-packages/airflow/example_dags/example_skip_dag.py
[2024-08-04T16:21:14.622+0000] {processor.py:840} INFO - DAG(s) 'example_skip_dag' retrieved from /home/airflow/.local/lib/python3.12/site-packages/airflow/example_dags/example_skip_dag.py
[2024-08-04T16:21:14.917+0000] {logging_mixin.py:188} INFO - [2024-08-04T16:21:14.916+0000] {dag.py:3096} INFO - Sync 1 DAGs
[2024-08-04T16:21:15.083+0000] {logging_mixin.py:188} INFO - [2024-08-04T16:21:15.083+0000] {dag.py:3954} INFO - Setting next_dagrun for example_skip_dag to 2024-08-03 00:00:00+00:00, run_after=2024-08-04 00:00:00+00:00
[2024-08-04T16:21:15.196+0000] {processor.py:183} INFO - Processing /home/airflow/.local/lib/python3.12/site-packages/airflow/example_dags/example_skip_dag.py took 0.632 seconds
[2024-08-04T16:21:45.862+0000] {processor.py:161} INFO - Started process (PID=109) to work on /home/airflow/.local/lib/python3.12/site-packages/airflow/example_dags/example_skip_dag.py
[2024-08-04T16:21:45.863+0000] {processor.py:830} INFO - Processing file /home/airflow/.local/lib/python3.12/site-packages/airflow/example_dags/example_skip_dag.py for tasks to queue
[2024-08-04T16:21:45.865+0000] {logging_mixin.py:188} INFO - [2024-08-04T16:21:45.864+0000] {dagbag.py:545} INFO - Filling up the DagBag from /home/airflow/.local/lib/python3.12/site-packages/airflow/example_dags/example_skip_dag.py
[2024-08-04T16:21:45.875+0000] {processor.py:840} INFO - DAG(s) 'example_skip_dag' retrieved from /home/airflow/.local/lib/python3.12/site-packages/airflow/example_dags/example_skip_dag.py
[2024-08-04T16:21:45.941+0000] {logging_mixin.py:188} INFO - [2024-08-04T16:21:45.940+0000] {dag.py:3096} INFO - Sync 1 DAGs
[2024-08-04T16:21:45.969+0000] {logging_mixin.py:188} INFO - [2024-08-04T16:21:45.969+0000] {dag.py:3954} INFO - Setting next_dagrun for example_skip_dag to 2024-08-03 00:00:00+00:00, run_after=2024-08-04 00:00:00+00:00
[2024-08-04T16:21:46.005+0000] {processor.py:183} INFO - Processing /home/airflow/.local/lib/python3.12/site-packages/airflow/example_dags/example_skip_dag.py took 0.149 seconds
[2024-08-04T16:22:16.117+0000] {processor.py:161} INFO - Started process (PID=167) to work on /home/airflow/.local/lib/python3.12/site-packages/airflow/example_dags/example_skip_dag.py
[2024-08-04T16:22:16.119+0000] {processor.py:830} INFO - Processing file /home/airflow/.local/lib/python3.12/site-packages/airflow/example_dags/example_skip_dag.py for tasks to queue
[2024-08-04T16:22:16.121+0000] {logging_mixin.py:188} INFO - [2024-08-04T16:22:16.121+0000] {dagbag.py:545} INFO - Filling up the DagBag from /home/airflow/.local/lib/python3.12/site-packages/airflow/example_dags/example_skip_dag.py
[2024-08-04T16:22:16.129+0000] {processor.py:840} INFO - DAG(s) 'example_skip_dag' retrieved from /home/airflow/.local/lib/python3.12/site-packages/airflow/example_dags/example_skip_dag.py
[2024-08-04T16:22:16.195+0000] {logging_mixin.py:188} INFO - [2024-08-04T16:22:16.194+0000] {dag.py:3096} INFO - Sync 1 DAGs
[2024-08-04T16:22:16.261+0000] {logging_mixin.py:188} INFO - [2024-08-04T16:22:16.258+0000] {dag.py:3954} INFO - Setting next_dagrun for example_skip_dag to 2024-08-03 00:00:00+00:00, run_after=2024-08-04 00:00:00+00:00
[2024-08-04T16:22:16.288+0000] {processor.py:183} INFO - Processing /home/airflow/.local/lib/python3.12/site-packages/airflow/example_dags/example_skip_dag.py took 0.177 seconds
[2024-08-04T16:22:46.905+0000] {processor.py:161} INFO - Started process (PID=231) to work on /home/airflow/.local/lib/python3.12/site-packages/airflow/example_dags/example_skip_dag.py
[2024-08-04T16:22:46.906+0000] {processor.py:830} INFO - Processing file /home/airflow/.local/lib/python3.12/site-packages/airflow/example_dags/example_skip_dag.py for tasks to queue
[2024-08-04T16:22:46.911+0000] {logging_mixin.py:188} INFO - [2024-08-04T16:22:46.909+0000] {dagbag.py:545} INFO - Filling up the DagBag from /home/airflow/.local/lib/python3.12/site-packages/airflow/example_dags/example_skip_dag.py
[2024-08-04T16:22:46.931+0000] {processor.py:840} INFO - DAG(s) 'example_skip_dag' retrieved from /home/airflow/.local/lib/python3.12/site-packages/airflow/example_dags/example_skip_dag.py
[2024-08-04T16:22:46.967+0000] {logging_mixin.py:188} INFO - [2024-08-04T16:22:46.967+0000] {dag.py:3096} INFO - Sync 1 DAGs
[2024-08-04T16:22:46.993+0000] {logging_mixin.py:188} INFO - [2024-08-04T16:22:46.993+0000] {dag.py:3954} INFO - Setting next_dagrun for example_skip_dag to 2024-08-03 00:00:00+00:00, run_after=2024-08-04 00:00:00+00:00
[2024-08-04T16:22:47.019+0000] {processor.py:183} INFO - Processing /home/airflow/.local/lib/python3.12/site-packages/airflow/example_dags/example_skip_dag.py took 0.131 seconds
[2024-08-04T16:23:17.552+0000] {processor.py:161} INFO - Started process (PID=289) to work on /home/airflow/.local/lib/python3.12/site-packages/airflow/example_dags/example_skip_dag.py
[2024-08-04T16:23:17.552+0000] {processor.py:830} INFO - Processing file /home/airflow/.local/lib/python3.12/site-packages/airflow/example_dags/example_skip_dag.py for tasks to queue
[2024-08-04T16:23:17.554+0000] {logging_mixin.py:188} INFO - [2024-08-04T16:23:17.554+0000] {dagbag.py:545} INFO - Filling up the DagBag from /home/airflow/.local/lib/python3.12/site-packages/airflow/example_dags/example_skip_dag.py
[2024-08-04T16:23:17.561+0000] {processor.py:840} INFO - DAG(s) 'example_skip_dag' retrieved from /home/airflow/.local/lib/python3.12/site-packages/airflow/example_dags/example_skip_dag.py
[2024-08-04T16:23:17.586+0000] {logging_mixin.py:188} INFO - [2024-08-04T16:23:17.586+0000] {dag.py:3096} INFO - Sync 1 DAGs
[2024-08-04T16:23:17.613+0000] {logging_mixin.py:188} INFO - [2024-08-04T16:23:17.613+0000] {dag.py:3954} INFO - Setting next_dagrun for example_skip_dag to 2024-08-03 00:00:00+00:00, run_after=2024-08-04 00:00:00+00:00
[2024-08-04T16:23:17.641+0000] {processor.py:183} INFO - Processing /home/airflow/.local/lib/python3.12/site-packages/airflow/example_dags/example_skip_dag.py took 0.096 seconds
[2024-08-04T16:23:48.291+0000] {processor.py:161} INFO - Started process (PID=347) to work on /home/airflow/.local/lib/python3.12/site-packages/airflow/example_dags/example_skip_dag.py
[2024-08-04T16:23:48.294+0000] {processor.py:830} INFO - Processing file /home/airflow/.local/lib/python3.12/site-packages/airflow/example_dags/example_skip_dag.py for tasks to queue
[2024-08-04T16:23:48.295+0000] {logging_mixin.py:188} INFO - [2024-08-04T16:23:48.295+0000] {dagbag.py:545} INFO - Filling up the DagBag from /home/airflow/.local/lib/python3.12/site-packages/airflow/example_dags/example_skip_dag.py
[2024-08-04T16:23:48.376+0000] {processor.py:840} INFO - DAG(s) 'example_skip_dag' retrieved from /home/airflow/.local/lib/python3.12/site-packages/airflow/example_dags/example_skip_dag.py
[2024-08-04T16:23:48.562+0000] {logging_mixin.py:188} INFO - [2024-08-04T16:23:48.562+0000] {dag.py:3096} INFO - Sync 1 DAGs
[2024-08-04T16:23:48.631+0000] {logging_mixin.py:188} INFO - [2024-08-04T16:23:48.630+0000] {dag.py:3954} INFO - Setting next_dagrun for example_skip_dag to 2024-08-03 00:00:00+00:00, run_after=2024-08-04 00:00:00+00:00
[2024-08-04T16:23:48.690+0000] {processor.py:183} INFO - Processing /home/airflow/.local/lib/python3.12/site-packages/airflow/example_dags/example_skip_dag.py took 0.412 seconds
[2024-08-04T16:24:19.042+0000] {processor.py:161} INFO - Started process (PID=406) to work on /home/airflow/.local/lib/python3.12/site-packages/airflow/example_dags/example_skip_dag.py
[2024-08-04T16:24:19.043+0000] {processor.py:830} INFO - Processing file /home/airflow/.local/lib/python3.12/site-packages/airflow/example_dags/example_skip_dag.py for tasks to queue
[2024-08-04T16:24:19.045+0000] {logging_mixin.py:188} INFO - [2024-08-04T16:24:19.045+0000] {dagbag.py:545} INFO - Filling up the DagBag from /home/airflow/.local/lib/python3.12/site-packages/airflow/example_dags/example_skip_dag.py
[2024-08-04T16:24:19.075+0000] {processor.py:840} INFO - DAG(s) 'example_skip_dag' retrieved from /home/airflow/.local/lib/python3.12/site-packages/airflow/example_dags/example_skip_dag.py
[2024-08-04T16:24:19.112+0000] {logging_mixin.py:188} INFO - [2024-08-04T16:24:19.112+0000] {dag.py:3096} INFO - Sync 1 DAGs
[2024-08-04T16:24:19.140+0000] {logging_mixin.py:188} INFO - [2024-08-04T16:24:19.140+0000] {dag.py:3954} INFO - Setting next_dagrun for example_skip_dag to 2024-08-03 00:00:00+00:00, run_after=2024-08-04 00:00:00+00:00
[2024-08-04T16:24:19.182+0000] {processor.py:183} INFO - Processing /home/airflow/.local/lib/python3.12/site-packages/airflow/example_dags/example_skip_dag.py took 0.146 seconds
[2024-08-04T16:24:50.057+0000] {processor.py:161} INFO - Started process (PID=464) to work on /home/airflow/.local/lib/python3.12/site-packages/airflow/example_dags/example_skip_dag.py
[2024-08-04T16:24:50.058+0000] {processor.py:830} INFO - Processing file /home/airflow/.local/lib/python3.12/site-packages/airflow/example_dags/example_skip_dag.py for tasks to queue
[2024-08-04T16:24:50.064+0000] {logging_mixin.py:188} INFO - [2024-08-04T16:24:50.064+0000] {dagbag.py:545} INFO - Filling up the DagBag from /home/airflow/.local/lib/python3.12/site-packages/airflow/example_dags/example_skip_dag.py
[2024-08-04T16:24:50.071+0000] {processor.py:840} INFO - DAG(s) 'example_skip_dag' retrieved from /home/airflow/.local/lib/python3.12/site-packages/airflow/example_dags/example_skip_dag.py
[2024-08-04T16:24:50.097+0000] {logging_mixin.py:188} INFO - [2024-08-04T16:24:50.096+0000] {dag.py:3096} INFO - Sync 1 DAGs
[2024-08-04T16:24:50.122+0000] {logging_mixin.py:188} INFO - [2024-08-04T16:24:50.122+0000] {dag.py:3954} INFO - Setting next_dagrun for example_skip_dag to 2024-08-03 00:00:00+00:00, run_after=2024-08-04 00:00:00+00:00
[2024-08-04T16:24:50.147+0000] {processor.py:183} INFO - Processing /home/airflow/.local/lib/python3.12/site-packages/airflow/example_dags/example_skip_dag.py took 0.096 seconds
[2024-08-04T16:25:20.847+0000] {processor.py:161} INFO - Started process (PID=522) to work on /home/airflow/.local/lib/python3.12/site-packages/airflow/example_dags/example_skip_dag.py
[2024-08-04T16:25:20.848+0000] {processor.py:830} INFO - Processing file /home/airflow/.local/lib/python3.12/site-packages/airflow/example_dags/example_skip_dag.py for tasks to queue
[2024-08-04T16:25:20.850+0000] {logging_mixin.py:188} INFO - [2024-08-04T16:25:20.850+0000] {dagbag.py:545} INFO - Filling up the DagBag from /home/airflow/.local/lib/python3.12/site-packages/airflow/example_dags/example_skip_dag.py
[2024-08-04T16:25:20.857+0000] {processor.py:840} INFO - DAG(s) 'example_skip_dag' retrieved from /home/airflow/.local/lib/python3.12/site-packages/airflow/example_dags/example_skip_dag.py
[2024-08-04T16:25:20.887+0000] {logging_mixin.py:188} INFO - [2024-08-04T16:25:20.887+0000] {dag.py:3096} INFO - Sync 1 DAGs
[2024-08-04T16:25:20.928+0000] {logging_mixin.py:188} INFO - [2024-08-04T16:25:20.928+0000] {dag.py:3954} INFO - Setting next_dagrun for example_skip_dag to 2024-08-03 00:00:00+00:00, run_after=2024-08-04 00:00:00+00:00
[2024-08-04T16:25:20.978+0000] {processor.py:183} INFO - Processing /home/airflow/.local/lib/python3.12/site-packages/airflow/example_dags/example_skip_dag.py took 0.137 seconds
[2024-08-04T16:25:51.317+0000] {processor.py:161} INFO - Started process (PID=581) to work on /home/airflow/.local/lib/python3.12/site-packages/airflow/example_dags/example_skip_dag.py
[2024-08-04T16:25:51.318+0000] {processor.py:830} INFO - Processing file /home/airflow/.local/lib/python3.12/site-packages/airflow/example_dags/example_skip_dag.py for tasks to queue
[2024-08-04T16:25:51.322+0000] {logging_mixin.py:188} INFO - [2024-08-04T16:25:51.321+0000] {dagbag.py:545} INFO - Filling up the DagBag from /home/airflow/.local/lib/python3.12/site-packages/airflow/example_dags/example_skip_dag.py
[2024-08-04T16:25:51.333+0000] {processor.py:840} INFO - DAG(s) 'example_skip_dag' retrieved from /home/airflow/.local/lib/python3.12/site-packages/airflow/example_dags/example_skip_dag.py
[2024-08-04T16:25:51.404+0000] {logging_mixin.py:188} INFO - [2024-08-04T16:25:51.404+0000] {dag.py:3096} INFO - Sync 1 DAGs
[2024-08-04T16:25:51.451+0000] {logging_mixin.py:188} INFO - [2024-08-04T16:25:51.451+0000] {dag.py:3954} INFO - Setting next_dagrun for example_skip_dag to 2024-08-03 00:00:00+00:00, run_after=2024-08-04 00:00:00+00:00
[2024-08-04T16:25:51.502+0000] {processor.py:183} INFO - Processing /home/airflow/.local/lib/python3.12/site-packages/airflow/example_dags/example_skip_dag.py took 0.190 seconds
[2024-08-04T16:26:21.649+0000] {processor.py:161} INFO - Started process (PID=638) to work on /home/airflow/.local/lib/python3.12/site-packages/airflow/example_dags/example_skip_dag.py
[2024-08-04T16:26:21.650+0000] {processor.py:830} INFO - Processing file /home/airflow/.local/lib/python3.12/site-packages/airflow/example_dags/example_skip_dag.py for tasks to queue
[2024-08-04T16:26:21.651+0000] {logging_mixin.py:188} INFO - [2024-08-04T16:26:21.651+0000] {dagbag.py:545} INFO - Filling up the DagBag from /home/airflow/.local/lib/python3.12/site-packages/airflow/example_dags/example_skip_dag.py
[2024-08-04T16:26:21.658+0000] {processor.py:840} INFO - DAG(s) 'example_skip_dag' retrieved from /home/airflow/.local/lib/python3.12/site-packages/airflow/example_dags/example_skip_dag.py
[2024-08-04T16:26:21.684+0000] {logging_mixin.py:188} INFO - [2024-08-04T16:26:21.684+0000] {dag.py:3096} INFO - Sync 1 DAGs
[2024-08-04T16:26:21.718+0000] {logging_mixin.py:188} INFO - [2024-08-04T16:26:21.718+0000] {dag.py:3954} INFO - Setting next_dagrun for example_skip_dag to 2024-08-03 00:00:00+00:00, run_after=2024-08-04 00:00:00+00:00
[2024-08-04T16:26:21.746+0000] {processor.py:183} INFO - Processing /home/airflow/.local/lib/python3.12/site-packages/airflow/example_dags/example_skip_dag.py took 0.103 seconds
[2024-08-04T16:26:52.137+0000] {processor.py:161} INFO - Started process (PID=696) to work on /home/airflow/.local/lib/python3.12/site-packages/airflow/example_dags/example_skip_dag.py
[2024-08-04T16:26:52.138+0000] {processor.py:830} INFO - Processing file /home/airflow/.local/lib/python3.12/site-packages/airflow/example_dags/example_skip_dag.py for tasks to queue
[2024-08-04T16:26:52.140+0000] {logging_mixin.py:188} INFO - [2024-08-04T16:26:52.139+0000] {dagbag.py:545} INFO - Filling up the DagBag from /home/airflow/.local/lib/python3.12/site-packages/airflow/example_dags/example_skip_dag.py
[2024-08-04T16:26:52.147+0000] {processor.py:840} INFO - DAG(s) 'example_skip_dag' retrieved from /home/airflow/.local/lib/python3.12/site-packages/airflow/example_dags/example_skip_dag.py
[2024-08-04T16:26:52.174+0000] {logging_mixin.py:188} INFO - [2024-08-04T16:26:52.174+0000] {dag.py:3096} INFO - Sync 1 DAGs
[2024-08-04T16:26:52.200+0000] {logging_mixin.py:188} INFO - [2024-08-04T16:26:52.200+0000] {dag.py:3954} INFO - Setting next_dagrun for example_skip_dag to 2024-08-03 00:00:00+00:00, run_after=2024-08-04 00:00:00+00:00
[2024-08-04T16:26:52.224+0000] {processor.py:183} INFO - Processing /home/airflow/.local/lib/python3.12/site-packages/airflow/example_dags/example_skip_dag.py took 0.093 seconds
[2024-08-04T16:27:22.762+0000] {processor.py:161} INFO - Started process (PID=754) to work on /home/airflow/.local/lib/python3.12/site-packages/airflow/example_dags/example_skip_dag.py
[2024-08-04T16:27:22.762+0000] {processor.py:830} INFO - Processing file /home/airflow/.local/lib/python3.12/site-packages/airflow/example_dags/example_skip_dag.py for tasks to queue
[2024-08-04T16:27:22.764+0000] {logging_mixin.py:188} INFO - [2024-08-04T16:27:22.764+0000] {dagbag.py:545} INFO - Filling up the DagBag from /home/airflow/.local/lib/python3.12/site-packages/airflow/example_dags/example_skip_dag.py
[2024-08-04T16:27:22.771+0000] {processor.py:840} INFO - DAG(s) 'example_skip_dag' retrieved from /home/airflow/.local/lib/python3.12/site-packages/airflow/example_dags/example_skip_dag.py
[2024-08-04T16:27:22.815+0000] {logging_mixin.py:188} INFO - [2024-08-04T16:27:22.815+0000] {dag.py:3096} INFO - Sync 1 DAGs
[2024-08-04T16:27:22.858+0000] {logging_mixin.py:188} INFO - [2024-08-04T16:27:22.858+0000] {dag.py:3954} INFO - Setting next_dagrun for example_skip_dag to 2024-08-03 00:00:00+00:00, run_after=2024-08-04 00:00:00+00:00
[2024-08-04T16:27:22.901+0000] {processor.py:183} INFO - Processing /home/airflow/.local/lib/python3.12/site-packages/airflow/example_dags/example_skip_dag.py took 0.146 seconds
[2024-08-04T16:27:53.205+0000] {processor.py:161} INFO - Started process (PID=812) to work on /home/airflow/.local/lib/python3.12/site-packages/airflow/example_dags/example_skip_dag.py
[2024-08-04T16:27:53.206+0000] {processor.py:830} INFO - Processing file /home/airflow/.local/lib/python3.12/site-packages/airflow/example_dags/example_skip_dag.py for tasks to queue
[2024-08-04T16:27:53.208+0000] {logging_mixin.py:188} INFO - [2024-08-04T16:27:53.208+0000] {dagbag.py:545} INFO - Filling up the DagBag from /home/airflow/.local/lib/python3.12/site-packages/airflow/example_dags/example_skip_dag.py
[2024-08-04T16:27:53.215+0000] {processor.py:840} INFO - DAG(s) 'example_skip_dag' retrieved from /home/airflow/.local/lib/python3.12/site-packages/airflow/example_dags/example_skip_dag.py
[2024-08-04T16:27:53.241+0000] {logging_mixin.py:188} INFO - [2024-08-04T16:27:53.241+0000] {dag.py:3096} INFO - Sync 1 DAGs
[2024-08-04T16:27:53.267+0000] {logging_mixin.py:188} INFO - [2024-08-04T16:27:53.266+0000] {dag.py:3954} INFO - Setting next_dagrun for example_skip_dag to 2024-08-03 00:00:00+00:00, run_after=2024-08-04 00:00:00+00:00
[2024-08-04T16:27:53.292+0000] {processor.py:183} INFO - Processing /home/airflow/.local/lib/python3.12/site-packages/airflow/example_dags/example_skip_dag.py took 0.093 seconds
[2024-08-04T16:28:24.166+0000] {processor.py:161} INFO - Started process (PID=870) to work on /home/airflow/.local/lib/python3.12/site-packages/airflow/example_dags/example_skip_dag.py
[2024-08-04T16:28:24.167+0000] {processor.py:830} INFO - Processing file /home/airflow/.local/lib/python3.12/site-packages/airflow/example_dags/example_skip_dag.py for tasks to queue
[2024-08-04T16:28:24.168+0000] {logging_mixin.py:188} INFO - [2024-08-04T16:28:24.168+0000] {dagbag.py:545} INFO - Filling up the DagBag from /home/airflow/.local/lib/python3.12/site-packages/airflow/example_dags/example_skip_dag.py
[2024-08-04T16:28:24.176+0000] {processor.py:840} INFO - DAG(s) 'example_skip_dag' retrieved from /home/airflow/.local/lib/python3.12/site-packages/airflow/example_dags/example_skip_dag.py
[2024-08-04T16:28:24.202+0000] {logging_mixin.py:188} INFO - [2024-08-04T16:28:24.202+0000] {dag.py:3096} INFO - Sync 1 DAGs
[2024-08-04T16:28:24.228+0000] {logging_mixin.py:188} INFO - [2024-08-04T16:28:24.228+0000] {dag.py:3954} INFO - Setting next_dagrun for example_skip_dag to 2024-08-03 00:00:00+00:00, run_after=2024-08-04 00:00:00+00:00
[2024-08-04T16:28:24.253+0000] {processor.py:183} INFO - Processing /home/airflow/.local/lib/python3.12/site-packages/airflow/example_dags/example_skip_dag.py took 0.093 seconds
[2024-08-04T16:28:55.108+0000] {processor.py:161} INFO - Started process (PID=929) to work on /home/airflow/.local/lib/python3.12/site-packages/airflow/example_dags/example_skip_dag.py
[2024-08-04T16:28:55.123+0000] {processor.py:830} INFO - Processing file /home/airflow/.local/lib/python3.12/site-packages/airflow/example_dags/example_skip_dag.py for tasks to queue
[2024-08-04T16:28:55.132+0000] {logging_mixin.py:188} INFO - [2024-08-04T16:28:55.132+0000] {dagbag.py:545} INFO - Filling up the DagBag from /home/airflow/.local/lib/python3.12/site-packages/airflow/example_dags/example_skip_dag.py
[2024-08-04T16:28:55.167+0000] {processor.py:840} INFO - DAG(s) 'example_skip_dag' retrieved from /home/airflow/.local/lib/python3.12/site-packages/airflow/example_dags/example_skip_dag.py
[2024-08-04T16:28:55.191+0000] {logging_mixin.py:188} INFO - [2024-08-04T16:28:55.191+0000] {dag.py:3096} INFO - Sync 1 DAGs
[2024-08-04T16:28:55.233+0000] {logging_mixin.py:188} INFO - [2024-08-04T16:28:55.233+0000] {dag.py:3954} INFO - Setting next_dagrun for example_skip_dag to 2024-08-03 00:00:00+00:00, run_after=2024-08-04 00:00:00+00:00
[2024-08-04T16:28:55.275+0000] {processor.py:183} INFO - Processing /home/airflow/.local/lib/python3.12/site-packages/airflow/example_dags/example_skip_dag.py took 0.196 seconds
[2024-08-04T16:29:25.539+0000] {processor.py:161} INFO - Started process (PID=987) to work on /home/airflow/.local/lib/python3.12/site-packages/airflow/example_dags/example_skip_dag.py
[2024-08-04T16:29:25.539+0000] {processor.py:830} INFO - Processing file /home/airflow/.local/lib/python3.12/site-packages/airflow/example_dags/example_skip_dag.py for tasks to queue
[2024-08-04T16:29:25.541+0000] {logging_mixin.py:188} INFO - [2024-08-04T16:29:25.541+0000] {dagbag.py:545} INFO - Filling up the DagBag from /home/airflow/.local/lib/python3.12/site-packages/airflow/example_dags/example_skip_dag.py
[2024-08-04T16:29:25.548+0000] {processor.py:840} INFO - DAG(s) 'example_skip_dag' retrieved from /home/airflow/.local/lib/python3.12/site-packages/airflow/example_dags/example_skip_dag.py
[2024-08-04T16:29:25.576+0000] {logging_mixin.py:188} INFO - [2024-08-04T16:29:25.575+0000] {dag.py:3096} INFO - Sync 1 DAGs
[2024-08-04T16:29:25.602+0000] {logging_mixin.py:188} INFO - [2024-08-04T16:29:25.602+0000] {dag.py:3954} INFO - Setting next_dagrun for example_skip_dag to 2024-08-03 00:00:00+00:00, run_after=2024-08-04 00:00:00+00:00
[2024-08-04T16:29:25.628+0000] {processor.py:183} INFO - Processing /home/airflow/.local/lib/python3.12/site-packages/airflow/example_dags/example_skip_dag.py took 0.095 seconds
[2024-08-04T16:29:55.996+0000] {processor.py:161} INFO - Started process (PID=1045) to work on /home/airflow/.local/lib/python3.12/site-packages/airflow/example_dags/example_skip_dag.py
[2024-08-04T16:29:55.996+0000] {processor.py:830} INFO - Processing file /home/airflow/.local/lib/python3.12/site-packages/airflow/example_dags/example_skip_dag.py for tasks to queue
[2024-08-04T16:29:55.998+0000] {logging_mixin.py:188} INFO - [2024-08-04T16:29:55.998+0000] {dagbag.py:545} INFO - Filling up the DagBag from /home/airflow/.local/lib/python3.12/site-packages/airflow/example_dags/example_skip_dag.py
[2024-08-04T16:29:56.005+0000] {processor.py:840} INFO - DAG(s) 'example_skip_dag' retrieved from /home/airflow/.local/lib/python3.12/site-packages/airflow/example_dags/example_skip_dag.py
[2024-08-04T16:29:56.031+0000] {logging_mixin.py:188} INFO - [2024-08-04T16:29:56.030+0000] {dag.py:3096} INFO - Sync 1 DAGs
[2024-08-04T16:29:56.056+0000] {logging_mixin.py:188} INFO - [2024-08-04T16:29:56.056+0000] {dag.py:3954} INFO - Setting next_dagrun for example_skip_dag to 2024-08-03 00:00:00+00:00, run_after=2024-08-04 00:00:00+00:00
[2024-08-04T16:29:56.083+0000] {processor.py:183} INFO - Processing /home/airflow/.local/lib/python3.12/site-packages/airflow/example_dags/example_skip_dag.py took 0.093 seconds
[2024-08-04T16:30:26.602+0000] {processor.py:161} INFO - Started process (PID=1104) to work on /home/airflow/.local/lib/python3.12/site-packages/airflow/example_dags/example_skip_dag.py
[2024-08-04T16:30:26.603+0000] {processor.py:830} INFO - Processing file /home/airflow/.local/lib/python3.12/site-packages/airflow/example_dags/example_skip_dag.py for tasks to queue
[2024-08-04T16:30:26.605+0000] {logging_mixin.py:188} INFO - [2024-08-04T16:30:26.604+0000] {dagbag.py:545} INFO - Filling up the DagBag from /home/airflow/.local/lib/python3.12/site-packages/airflow/example_dags/example_skip_dag.py
[2024-08-04T16:30:26.612+0000] {processor.py:840} INFO - DAG(s) 'example_skip_dag' retrieved from /home/airflow/.local/lib/python3.12/site-packages/airflow/example_dags/example_skip_dag.py
[2024-08-04T16:30:26.638+0000] {logging_mixin.py:188} INFO - [2024-08-04T16:30:26.637+0000] {dag.py:3096} INFO - Sync 1 DAGs
[2024-08-04T16:30:26.663+0000] {logging_mixin.py:188} INFO - [2024-08-04T16:30:26.663+0000] {dag.py:3954} INFO - Setting next_dagrun for example_skip_dag to 2024-08-03 00:00:00+00:00, run_after=2024-08-04 00:00:00+00:00
[2024-08-04T16:30:26.687+0000] {processor.py:183} INFO - Processing /home/airflow/.local/lib/python3.12/site-packages/airflow/example_dags/example_skip_dag.py took 0.091 seconds
[2024-08-04T16:30:56.860+0000] {processor.py:161} INFO - Started process (PID=1163) to work on /home/airflow/.local/lib/python3.12/site-packages/airflow/example_dags/example_skip_dag.py
[2024-08-04T16:30:56.861+0000] {processor.py:830} INFO - Processing file /home/airflow/.local/lib/python3.12/site-packages/airflow/example_dags/example_skip_dag.py for tasks to queue
[2024-08-04T16:30:56.863+0000] {logging_mixin.py:188} INFO - [2024-08-04T16:30:56.862+0000] {dagbag.py:545} INFO - Filling up the DagBag from /home/airflow/.local/lib/python3.12/site-packages/airflow/example_dags/example_skip_dag.py
[2024-08-04T16:30:56.870+0000] {processor.py:840} INFO - DAG(s) 'example_skip_dag' retrieved from /home/airflow/.local/lib/python3.12/site-packages/airflow/example_dags/example_skip_dag.py
[2024-08-04T16:30:56.910+0000] {logging_mixin.py:188} INFO - [2024-08-04T16:30:56.910+0000] {dag.py:3096} INFO - Sync 1 DAGs
[2024-08-04T16:30:56.942+0000] {logging_mixin.py:188} INFO - [2024-08-04T16:30:56.942+0000] {dag.py:3954} INFO - Setting next_dagrun for example_skip_dag to 2024-08-03 00:00:00+00:00, run_after=2024-08-04 00:00:00+00:00
[2024-08-04T16:30:56.975+0000] {processor.py:183} INFO - Processing /home/airflow/.local/lib/python3.12/site-packages/airflow/example_dags/example_skip_dag.py took 0.122 seconds
[2024-08-04T16:31:27.149+0000] {processor.py:161} INFO - Started process (PID=1222) to work on /home/airflow/.local/lib/python3.12/site-packages/airflow/example_dags/example_skip_dag.py
[2024-08-04T16:31:27.150+0000] {processor.py:830} INFO - Processing file /home/airflow/.local/lib/python3.12/site-packages/airflow/example_dags/example_skip_dag.py for tasks to queue
[2024-08-04T16:31:27.150+0000] {logging_mixin.py:188} INFO - [2024-08-04T16:31:27.150+0000] {dagbag.py:545} INFO - Filling up the DagBag from /home/airflow/.local/lib/python3.12/site-packages/airflow/example_dags/example_skip_dag.py
[2024-08-04T16:31:27.159+0000] {processor.py:840} INFO - DAG(s) 'example_skip_dag' retrieved from /home/airflow/.local/lib/python3.12/site-packages/airflow/example_dags/example_skip_dag.py
[2024-08-04T16:31:27.185+0000] {logging_mixin.py:188} INFO - [2024-08-04T16:31:27.184+0000] {dag.py:3096} INFO - Sync 1 DAGs
[2024-08-04T16:31:27.232+0000] {logging_mixin.py:188} INFO - [2024-08-04T16:31:27.232+0000] {dag.py:3954} INFO - Setting next_dagrun for example_skip_dag to 2024-08-03 00:00:00+00:00, run_after=2024-08-04 00:00:00+00:00
[2024-08-04T16:31:27.291+0000] {processor.py:183} INFO - Processing /home/airflow/.local/lib/python3.12/site-packages/airflow/example_dags/example_skip_dag.py took 0.148 seconds
[2024-08-04T16:31:57.385+0000] {processor.py:161} INFO - Started process (PID=1281) to work on /home/airflow/.local/lib/python3.12/site-packages/airflow/example_dags/example_skip_dag.py
[2024-08-04T16:31:57.386+0000] {processor.py:830} INFO - Processing file /home/airflow/.local/lib/python3.12/site-packages/airflow/example_dags/example_skip_dag.py for tasks to queue
[2024-08-04T16:31:57.386+0000] {logging_mixin.py:188} INFO - [2024-08-04T16:31:57.386+0000] {dagbag.py:545} INFO - Filling up the DagBag from /home/airflow/.local/lib/python3.12/site-packages/airflow/example_dags/example_skip_dag.py
[2024-08-04T16:31:57.394+0000] {processor.py:840} INFO - DAG(s) 'example_skip_dag' retrieved from /home/airflow/.local/lib/python3.12/site-packages/airflow/example_dags/example_skip_dag.py
[2024-08-04T16:31:57.482+0000] {logging_mixin.py:188} INFO - [2024-08-04T16:31:57.482+0000] {dag.py:3096} INFO - Sync 1 DAGs
[2024-08-04T16:31:57.538+0000] {logging_mixin.py:188} INFO - [2024-08-04T16:31:57.538+0000] {dag.py:3954} INFO - Setting next_dagrun for example_skip_dag to 2024-08-03 00:00:00+00:00, run_after=2024-08-04 00:00:00+00:00
[2024-08-04T16:31:57.570+0000] {processor.py:183} INFO - Processing /home/airflow/.local/lib/python3.12/site-packages/airflow/example_dags/example_skip_dag.py took 0.191 seconds
[2024-08-04T16:32:27.814+0000] {processor.py:161} INFO - Started process (PID=1340) to work on /home/airflow/.local/lib/python3.12/site-packages/airflow/example_dags/example_skip_dag.py
[2024-08-04T16:32:27.815+0000] {processor.py:830} INFO - Processing file /home/airflow/.local/lib/python3.12/site-packages/airflow/example_dags/example_skip_dag.py for tasks to queue
[2024-08-04T16:32:27.816+0000] {logging_mixin.py:188} INFO - [2024-08-04T16:32:27.815+0000] {dagbag.py:545} INFO - Filling up the DagBag from /home/airflow/.local/lib/python3.12/site-packages/airflow/example_dags/example_skip_dag.py
[2024-08-04T16:32:27.824+0000] {processor.py:840} INFO - DAG(s) 'example_skip_dag' retrieved from /home/airflow/.local/lib/python3.12/site-packages/airflow/example_dags/example_skip_dag.py
[2024-08-04T16:32:27.853+0000] {logging_mixin.py:188} INFO - [2024-08-04T16:32:27.852+0000] {dag.py:3096} INFO - Sync 1 DAGs
[2024-08-04T16:32:27.879+0000] {logging_mixin.py:188} INFO - [2024-08-04T16:32:27.879+0000] {dag.py:3954} INFO - Setting next_dagrun for example_skip_dag to 2024-08-03 00:00:00+00:00, run_after=2024-08-04 00:00:00+00:00
[2024-08-04T16:32:27.904+0000] {processor.py:183} INFO - Processing /home/airflow/.local/lib/python3.12/site-packages/airflow/example_dags/example_skip_dag.py took 0.096 seconds
[2024-08-04T16:32:58.707+0000] {processor.py:161} INFO - Started process (PID=1399) to work on /home/airflow/.local/lib/python3.12/site-packages/airflow/example_dags/example_skip_dag.py
[2024-08-04T16:32:58.710+0000] {processor.py:830} INFO - Processing file /home/airflow/.local/lib/python3.12/site-packages/airflow/example_dags/example_skip_dag.py for tasks to queue
[2024-08-04T16:32:58.711+0000] {logging_mixin.py:188} INFO - [2024-08-04T16:32:58.711+0000] {dagbag.py:545} INFO - Filling up the DagBag from /home/airflow/.local/lib/python3.12/site-packages/airflow/example_dags/example_skip_dag.py
[2024-08-04T16:32:58.724+0000] {processor.py:840} INFO - DAG(s) 'example_skip_dag' retrieved from /home/airflow/.local/lib/python3.12/site-packages/airflow/example_dags/example_skip_dag.py
[2024-08-04T16:32:58.757+0000] {logging_mixin.py:188} INFO - [2024-08-04T16:32:58.757+0000] {dag.py:3096} INFO - Sync 1 DAGs
[2024-08-04T16:32:58.802+0000] {logging_mixin.py:188} INFO - [2024-08-04T16:32:58.802+0000] {dag.py:3954} INFO - Setting next_dagrun for example_skip_dag to 2024-08-03 00:00:00+00:00, run_after=2024-08-04 00:00:00+00:00
[2024-08-04T16:32:58.828+0000] {processor.py:183} INFO - Processing /home/airflow/.local/lib/python3.12/site-packages/airflow/example_dags/example_skip_dag.py took 0.137 seconds
[2024-08-04T16:33:29.806+0000] {processor.py:161} INFO - Started process (PID=1458) to work on /home/airflow/.local/lib/python3.12/site-packages/airflow/example_dags/example_skip_dag.py
[2024-08-04T16:33:29.807+0000] {processor.py:830} INFO - Processing file /home/airflow/.local/lib/python3.12/site-packages/airflow/example_dags/example_skip_dag.py for tasks to queue
[2024-08-04T16:33:29.808+0000] {logging_mixin.py:188} INFO - [2024-08-04T16:33:29.808+0000] {dagbag.py:545} INFO - Filling up the DagBag from /home/airflow/.local/lib/python3.12/site-packages/airflow/example_dags/example_skip_dag.py
[2024-08-04T16:33:29.816+0000] {processor.py:840} INFO - DAG(s) 'example_skip_dag' retrieved from /home/airflow/.local/lib/python3.12/site-packages/airflow/example_dags/example_skip_dag.py
[2024-08-04T16:33:29.841+0000] {logging_mixin.py:188} INFO - [2024-08-04T16:33:29.841+0000] {dag.py:3096} INFO - Sync 1 DAGs
[2024-08-04T16:33:29.867+0000] {logging_mixin.py:188} INFO - [2024-08-04T16:33:29.867+0000] {dag.py:3954} INFO - Setting next_dagrun for example_skip_dag to 2024-08-03 00:00:00+00:00, run_after=2024-08-04 00:00:00+00:00
[2024-08-04T16:33:29.891+0000] {processor.py:183} INFO - Processing /home/airflow/.local/lib/python3.12/site-packages/airflow/example_dags/example_skip_dag.py took 0.091 seconds
[2024-08-04T16:34:00.536+0000] {processor.py:161} INFO - Started process (PID=1517) to work on /home/airflow/.local/lib/python3.12/site-packages/airflow/example_dags/example_skip_dag.py
[2024-08-04T16:34:00.536+0000] {processor.py:830} INFO - Processing file /home/airflow/.local/lib/python3.12/site-packages/airflow/example_dags/example_skip_dag.py for tasks to queue
[2024-08-04T16:34:00.537+0000] {logging_mixin.py:188} INFO - [2024-08-04T16:34:00.537+0000] {dagbag.py:545} INFO - Filling up the DagBag from /home/airflow/.local/lib/python3.12/site-packages/airflow/example_dags/example_skip_dag.py
[2024-08-04T16:34:00.545+0000] {processor.py:840} INFO - DAG(s) 'example_skip_dag' retrieved from /home/airflow/.local/lib/python3.12/site-packages/airflow/example_dags/example_skip_dag.py
[2024-08-04T16:34:00.571+0000] {logging_mixin.py:188} INFO - [2024-08-04T16:34:00.570+0000] {dag.py:3096} INFO - Sync 1 DAGs
[2024-08-04T16:34:00.600+0000] {logging_mixin.py:188} INFO - [2024-08-04T16:34:00.600+0000] {dag.py:3954} INFO - Setting next_dagrun for example_skip_dag to 2024-08-03 00:00:00+00:00, run_after=2024-08-04 00:00:00+00:00
[2024-08-04T16:34:00.625+0000] {processor.py:183} INFO - Processing /home/airflow/.local/lib/python3.12/site-packages/airflow/example_dags/example_skip_dag.py took 0.096 seconds
[2024-08-04T16:34:30.869+0000] {processor.py:161} INFO - Started process (PID=1576) to work on /home/airflow/.local/lib/python3.12/site-packages/airflow/example_dags/example_skip_dag.py
[2024-08-04T16:34:30.882+0000] {processor.py:830} INFO - Processing file /home/airflow/.local/lib/python3.12/site-packages/airflow/example_dags/example_skip_dag.py for tasks to queue
[2024-08-04T16:34:30.883+0000] {logging_mixin.py:188} INFO - [2024-08-04T16:34:30.882+0000] {dagbag.py:545} INFO - Filling up the DagBag from /home/airflow/.local/lib/python3.12/site-packages/airflow/example_dags/example_skip_dag.py
[2024-08-04T16:34:30.896+0000] {processor.py:840} INFO - DAG(s) 'example_skip_dag' retrieved from /home/airflow/.local/lib/python3.12/site-packages/airflow/example_dags/example_skip_dag.py
[2024-08-04T16:34:30.982+0000] {logging_mixin.py:188} INFO - [2024-08-04T16:34:30.982+0000] {dag.py:3096} INFO - Sync 1 DAGs
[2024-08-04T16:34:31.122+0000] {logging_mixin.py:188} INFO - [2024-08-04T16:34:31.122+0000] {dag.py:3954} INFO - Setting next_dagrun for example_skip_dag to 2024-08-03 00:00:00+00:00, run_after=2024-08-04 00:00:00+00:00
[2024-08-04T16:34:31.188+0000] {processor.py:183} INFO - Processing /home/airflow/.local/lib/python3.12/site-packages/airflow/example_dags/example_skip_dag.py took 0.332 seconds
[2024-08-04T16:35:01.613+0000] {processor.py:161} INFO - Started process (PID=1635) to work on /home/airflow/.local/lib/python3.12/site-packages/airflow/example_dags/example_skip_dag.py
[2024-08-04T16:35:01.614+0000] {processor.py:830} INFO - Processing file /home/airflow/.local/lib/python3.12/site-packages/airflow/example_dags/example_skip_dag.py for tasks to queue
[2024-08-04T16:35:01.615+0000] {logging_mixin.py:188} INFO - [2024-08-04T16:35:01.615+0000] {dagbag.py:545} INFO - Filling up the DagBag from /home/airflow/.local/lib/python3.12/site-packages/airflow/example_dags/example_skip_dag.py
[2024-08-04T16:35:01.624+0000] {processor.py:840} INFO - DAG(s) 'example_skip_dag' retrieved from /home/airflow/.local/lib/python3.12/site-packages/airflow/example_dags/example_skip_dag.py
[2024-08-04T16:35:01.668+0000] {logging_mixin.py:188} INFO - [2024-08-04T16:35:01.668+0000] {dag.py:3096} INFO - Sync 1 DAGs
[2024-08-04T16:35:01.702+0000] {logging_mixin.py:188} INFO - [2024-08-04T16:35:01.702+0000] {dag.py:3954} INFO - Setting next_dagrun for example_skip_dag to 2024-08-03 00:00:00+00:00, run_after=2024-08-04 00:00:00+00:00
[2024-08-04T16:35:01.992+0000] {processor.py:183} INFO - Processing /home/airflow/.local/lib/python3.12/site-packages/airflow/example_dags/example_skip_dag.py took 0.392 seconds
[2024-08-04T16:35:32.740+0000] {processor.py:161} INFO - Started process (PID=1693) to work on /home/airflow/.local/lib/python3.12/site-packages/airflow/example_dags/example_skip_dag.py
[2024-08-04T16:35:32.741+0000] {processor.py:830} INFO - Processing file /home/airflow/.local/lib/python3.12/site-packages/airflow/example_dags/example_skip_dag.py for tasks to queue
[2024-08-04T16:35:32.742+0000] {logging_mixin.py:188} INFO - [2024-08-04T16:35:32.741+0000] {dagbag.py:545} INFO - Filling up the DagBag from /home/airflow/.local/lib/python3.12/site-packages/airflow/example_dags/example_skip_dag.py
[2024-08-04T16:35:32.750+0000] {processor.py:840} INFO - DAG(s) 'example_skip_dag' retrieved from /home/airflow/.local/lib/python3.12/site-packages/airflow/example_dags/example_skip_dag.py
[2024-08-04T16:35:32.780+0000] {logging_mixin.py:188} INFO - [2024-08-04T16:35:32.780+0000] {dag.py:3096} INFO - Sync 1 DAGs
[2024-08-04T16:35:32.807+0000] {logging_mixin.py:188} INFO - [2024-08-04T16:35:32.807+0000] {dag.py:3954} INFO - Setting next_dagrun for example_skip_dag to 2024-08-03 00:00:00+00:00, run_after=2024-08-04 00:00:00+00:00
[2024-08-04T16:35:32.832+0000] {processor.py:183} INFO - Processing /home/airflow/.local/lib/python3.12/site-packages/airflow/example_dags/example_skip_dag.py took 0.098 seconds
[2024-08-04T16:36:03.000+0000] {processor.py:161} INFO - Started process (PID=1753) to work on /home/airflow/.local/lib/python3.12/site-packages/airflow/example_dags/example_skip_dag.py
[2024-08-04T16:36:03.001+0000] {processor.py:830} INFO - Processing file /home/airflow/.local/lib/python3.12/site-packages/airflow/example_dags/example_skip_dag.py for tasks to queue
[2024-08-04T16:36:03.002+0000] {logging_mixin.py:188} INFO - [2024-08-04T16:36:03.001+0000] {dagbag.py:545} INFO - Filling up the DagBag from /home/airflow/.local/lib/python3.12/site-packages/airflow/example_dags/example_skip_dag.py
[2024-08-04T16:36:03.010+0000] {processor.py:840} INFO - DAG(s) 'example_skip_dag' retrieved from /home/airflow/.local/lib/python3.12/site-packages/airflow/example_dags/example_skip_dag.py
[2024-08-04T16:36:03.056+0000] {logging_mixin.py:188} INFO - [2024-08-04T16:36:03.056+0000] {dag.py:3096} INFO - Sync 1 DAGs
[2024-08-04T16:36:03.087+0000] {logging_mixin.py:188} INFO - [2024-08-04T16:36:03.087+0000] {dag.py:3954} INFO - Setting next_dagrun for example_skip_dag to 2024-08-03 00:00:00+00:00, run_after=2024-08-04 00:00:00+00:00
[2024-08-04T16:36:03.116+0000] {processor.py:183} INFO - Processing /home/airflow/.local/lib/python3.12/site-packages/airflow/example_dags/example_skip_dag.py took 0.122 seconds
