[2024-08-04T16:21:07.666+0000] {processor.py:161} INFO - Started process (PID=34) to work on /home/airflow/.local/lib/python3.12/site-packages/airflow/example_dags/example_sla_dag.py
[2024-08-04T16:21:07.667+0000] {processor.py:830} INFO - Processing file /home/airflow/.local/lib/python3.12/site-packages/airflow/example_dags/example_sla_dag.py for tasks to queue
[2024-08-04T16:21:07.674+0000] {logging_mixin.py:188} INFO - [2024-08-04T16:21:07.673+0000] {dagbag.py:545} INFO - Filling up the DagBag from /home/airflow/.local/lib/python3.12/site-packages/airflow/example_dags/example_sla_dag.py
[2024-08-04T16:21:07.712+0000] {processor.py:840} INFO - DAG(s) 'example_sla_dag' retrieved from /home/airflow/.local/lib/python3.12/site-packages/airflow/example_dags/example_sla_dag.py
[2024-08-04T16:21:08.268+0000] {logging_mixin.py:188} INFO - [2024-08-04T16:21:08.267+0000] {dag.py:3096} INFO - Sync 1 DAGs
[2024-08-04T16:21:08.343+0000] {logging_mixin.py:188} INFO - [2024-08-04T16:21:08.342+0000] {dag.py:3954} INFO - Setting next_dagrun for example_sla_dag to 2024-08-04 16:18:00+00:00, run_after=2024-08-04 16:20:00+00:00
[2024-08-04T16:21:08.424+0000] {processor.py:183} INFO - Processing /home/airflow/.local/lib/python3.12/site-packages/airflow/example_dags/example_sla_dag.py took 0.784 seconds
[2024-08-04T16:21:38.658+0000] {processor.py:161} INFO - Started process (PID=92) to work on /home/airflow/.local/lib/python3.12/site-packages/airflow/example_dags/example_sla_dag.py
[2024-08-04T16:21:38.659+0000] {processor.py:830} INFO - Processing file /home/airflow/.local/lib/python3.12/site-packages/airflow/example_dags/example_sla_dag.py for tasks to queue
[2024-08-04T16:21:38.660+0000] {logging_mixin.py:188} INFO - [2024-08-04T16:21:38.660+0000] {dagbag.py:545} INFO - Filling up the DagBag from /home/airflow/.local/lib/python3.12/site-packages/airflow/example_dags/example_sla_dag.py
[2024-08-04T16:21:38.670+0000] {processor.py:840} INFO - DAG(s) 'example_sla_dag' retrieved from /home/airflow/.local/lib/python3.12/site-packages/airflow/example_dags/example_sla_dag.py
[2024-08-04T16:21:38.690+0000] {logging_mixin.py:188} INFO - [2024-08-04T16:21:38.689+0000] {dag.py:3096} INFO - Sync 1 DAGs
[2024-08-04T16:21:38.721+0000] {logging_mixin.py:188} INFO - [2024-08-04T16:21:38.721+0000] {dag.py:3954} INFO - Setting next_dagrun for example_sla_dag to 2024-08-04 16:18:00+00:00, run_after=2024-08-04 16:20:00+00:00
[2024-08-04T16:21:38.747+0000] {processor.py:183} INFO - Processing /home/airflow/.local/lib/python3.12/site-packages/airflow/example_dags/example_sla_dag.py took 0.095 seconds
[2024-08-04T16:22:09.097+0000] {processor.py:161} INFO - Started process (PID=150) to work on /home/airflow/.local/lib/python3.12/site-packages/airflow/example_dags/example_sla_dag.py
[2024-08-04T16:22:09.097+0000] {processor.py:830} INFO - Processing file /home/airflow/.local/lib/python3.12/site-packages/airflow/example_dags/example_sla_dag.py for tasks to queue
[2024-08-04T16:22:09.099+0000] {logging_mixin.py:188} INFO - [2024-08-04T16:22:09.099+0000] {dagbag.py:545} INFO - Filling up the DagBag from /home/airflow/.local/lib/python3.12/site-packages/airflow/example_dags/example_sla_dag.py
[2024-08-04T16:22:09.109+0000] {processor.py:840} INFO - DAG(s) 'example_sla_dag' retrieved from /home/airflow/.local/lib/python3.12/site-packages/airflow/example_dags/example_sla_dag.py
[2024-08-04T16:22:09.130+0000] {logging_mixin.py:188} INFO - [2024-08-04T16:22:09.129+0000] {dag.py:3096} INFO - Sync 1 DAGs
[2024-08-04T16:22:09.158+0000] {logging_mixin.py:188} INFO - [2024-08-04T16:22:09.158+0000] {dag.py:3954} INFO - Setting next_dagrun for example_sla_dag to 2024-08-04 16:20:00+00:00, run_after=2024-08-04 16:22:00+00:00
[2024-08-04T16:22:09.178+0000] {processor.py:183} INFO - Processing /home/airflow/.local/lib/python3.12/site-packages/airflow/example_dags/example_sla_dag.py took 0.087 seconds
[2024-08-04T16:22:39.707+0000] {processor.py:161} INFO - Started process (PID=208) to work on /home/airflow/.local/lib/python3.12/site-packages/airflow/example_dags/example_sla_dag.py
[2024-08-04T16:22:39.714+0000] {processor.py:830} INFO - Processing file /home/airflow/.local/lib/python3.12/site-packages/airflow/example_dags/example_sla_dag.py for tasks to queue
[2024-08-04T16:22:39.718+0000] {logging_mixin.py:188} INFO - [2024-08-04T16:22:39.718+0000] {dagbag.py:545} INFO - Filling up the DagBag from /home/airflow/.local/lib/python3.12/site-packages/airflow/example_dags/example_sla_dag.py
[2024-08-04T16:22:39.733+0000] {processor.py:840} INFO - DAG(s) 'example_sla_dag' retrieved from /home/airflow/.local/lib/python3.12/site-packages/airflow/example_dags/example_sla_dag.py
[2024-08-04T16:22:39.785+0000] {logging_mixin.py:188} INFO - [2024-08-04T16:22:39.784+0000] {dag.py:3096} INFO - Sync 1 DAGs
[2024-08-04T16:22:39.850+0000] {logging_mixin.py:188} INFO - [2024-08-04T16:22:39.849+0000] {dag.py:3954} INFO - Setting next_dagrun for example_sla_dag to 2024-08-04 16:20:00+00:00, run_after=2024-08-04 16:22:00+00:00
[2024-08-04T16:22:39.897+0000] {processor.py:183} INFO - Processing /home/airflow/.local/lib/python3.12/site-packages/airflow/example_dags/example_sla_dag.py took 0.201 seconds
[2024-08-04T16:23:10.156+0000] {processor.py:161} INFO - Started process (PID=266) to work on /home/airflow/.local/lib/python3.12/site-packages/airflow/example_dags/example_sla_dag.py
[2024-08-04T16:23:10.157+0000] {processor.py:830} INFO - Processing file /home/airflow/.local/lib/python3.12/site-packages/airflow/example_dags/example_sla_dag.py for tasks to queue
[2024-08-04T16:23:10.163+0000] {logging_mixin.py:188} INFO - [2024-08-04T16:23:10.163+0000] {dagbag.py:545} INFO - Filling up the DagBag from /home/airflow/.local/lib/python3.12/site-packages/airflow/example_dags/example_sla_dag.py
[2024-08-04T16:23:10.202+0000] {processor.py:840} INFO - DAG(s) 'example_sla_dag' retrieved from /home/airflow/.local/lib/python3.12/site-packages/airflow/example_dags/example_sla_dag.py
[2024-08-04T16:23:10.279+0000] {logging_mixin.py:188} INFO - [2024-08-04T16:23:10.279+0000] {dag.py:3096} INFO - Sync 1 DAGs
[2024-08-04T16:23:10.371+0000] {logging_mixin.py:188} INFO - [2024-08-04T16:23:10.370+0000] {dag.py:3954} INFO - Setting next_dagrun for example_sla_dag to 2024-08-04 16:20:00+00:00, run_after=2024-08-04 16:22:00+00:00
[2024-08-04T16:23:10.433+0000] {processor.py:183} INFO - Processing /home/airflow/.local/lib/python3.12/site-packages/airflow/example_dags/example_sla_dag.py took 0.311 seconds
[2024-08-04T16:23:40.659+0000] {processor.py:161} INFO - Started process (PID=324) to work on /home/airflow/.local/lib/python3.12/site-packages/airflow/example_dags/example_sla_dag.py
[2024-08-04T16:23:40.661+0000] {processor.py:830} INFO - Processing file /home/airflow/.local/lib/python3.12/site-packages/airflow/example_dags/example_sla_dag.py for tasks to queue
[2024-08-04T16:23:40.662+0000] {logging_mixin.py:188} INFO - [2024-08-04T16:23:40.662+0000] {dagbag.py:545} INFO - Filling up the DagBag from /home/airflow/.local/lib/python3.12/site-packages/airflow/example_dags/example_sla_dag.py
[2024-08-04T16:23:40.672+0000] {processor.py:840} INFO - DAG(s) 'example_sla_dag' retrieved from /home/airflow/.local/lib/python3.12/site-packages/airflow/example_dags/example_sla_dag.py
[2024-08-04T16:23:40.692+0000] {logging_mixin.py:188} INFO - [2024-08-04T16:23:40.692+0000] {dag.py:3096} INFO - Sync 1 DAGs
[2024-08-04T16:23:40.720+0000] {logging_mixin.py:188} INFO - [2024-08-04T16:23:40.720+0000] {dag.py:3954} INFO - Setting next_dagrun for example_sla_dag to 2024-08-04 16:20:00+00:00, run_after=2024-08-04 16:22:00+00:00
[2024-08-04T16:23:40.744+0000] {processor.py:183} INFO - Processing /home/airflow/.local/lib/python3.12/site-packages/airflow/example_dags/example_sla_dag.py took 0.091 seconds
[2024-08-04T16:24:10.810+0000] {processor.py:161} INFO - Started process (PID=382) to work on /home/airflow/.local/lib/python3.12/site-packages/airflow/example_dags/example_sla_dag.py
[2024-08-04T16:24:10.811+0000] {processor.py:830} INFO - Processing file /home/airflow/.local/lib/python3.12/site-packages/airflow/example_dags/example_sla_dag.py for tasks to queue
[2024-08-04T16:24:10.812+0000] {logging_mixin.py:188} INFO - [2024-08-04T16:24:10.812+0000] {dagbag.py:545} INFO - Filling up the DagBag from /home/airflow/.local/lib/python3.12/site-packages/airflow/example_dags/example_sla_dag.py
[2024-08-04T16:24:10.822+0000] {processor.py:840} INFO - DAG(s) 'example_sla_dag' retrieved from /home/airflow/.local/lib/python3.12/site-packages/airflow/example_dags/example_sla_dag.py
[2024-08-04T16:24:10.843+0000] {logging_mixin.py:188} INFO - [2024-08-04T16:24:10.842+0000] {dag.py:3096} INFO - Sync 1 DAGs
[2024-08-04T16:24:10.873+0000] {logging_mixin.py:188} INFO - [2024-08-04T16:24:10.873+0000] {dag.py:3954} INFO - Setting next_dagrun for example_sla_dag to 2024-08-04 16:22:00+00:00, run_after=2024-08-04 16:24:00+00:00
[2024-08-04T16:24:10.901+0000] {processor.py:183} INFO - Processing /home/airflow/.local/lib/python3.12/site-packages/airflow/example_dags/example_sla_dag.py took 0.097 seconds
[2024-08-04T16:24:41.177+0000] {processor.py:161} INFO - Started process (PID=441) to work on /home/airflow/.local/lib/python3.12/site-packages/airflow/example_dags/example_sla_dag.py
[2024-08-04T16:24:41.188+0000] {processor.py:830} INFO - Processing file /home/airflow/.local/lib/python3.12/site-packages/airflow/example_dags/example_sla_dag.py for tasks to queue
[2024-08-04T16:24:41.189+0000] {logging_mixin.py:188} INFO - [2024-08-04T16:24:41.189+0000] {dagbag.py:545} INFO - Filling up the DagBag from /home/airflow/.local/lib/python3.12/site-packages/airflow/example_dags/example_sla_dag.py
[2024-08-04T16:24:41.208+0000] {processor.py:840} INFO - DAG(s) 'example_sla_dag' retrieved from /home/airflow/.local/lib/python3.12/site-packages/airflow/example_dags/example_sla_dag.py
[2024-08-04T16:24:41.250+0000] {logging_mixin.py:188} INFO - [2024-08-04T16:24:41.250+0000] {dag.py:3096} INFO - Sync 1 DAGs
[2024-08-04T16:24:41.340+0000] {logging_mixin.py:188} INFO - [2024-08-04T16:24:41.340+0000] {dag.py:3954} INFO - Setting next_dagrun for example_sla_dag to 2024-08-04 16:22:00+00:00, run_after=2024-08-04 16:24:00+00:00
[2024-08-04T16:24:41.427+0000] {processor.py:183} INFO - Processing /home/airflow/.local/lib/python3.12/site-packages/airflow/example_dags/example_sla_dag.py took 0.259 seconds
[2024-08-04T16:25:11.724+0000] {processor.py:161} INFO - Started process (PID=499) to work on /home/airflow/.local/lib/python3.12/site-packages/airflow/example_dags/example_sla_dag.py
[2024-08-04T16:25:11.724+0000] {processor.py:830} INFO - Processing file /home/airflow/.local/lib/python3.12/site-packages/airflow/example_dags/example_sla_dag.py for tasks to queue
[2024-08-04T16:25:11.726+0000] {logging_mixin.py:188} INFO - [2024-08-04T16:25:11.726+0000] {dagbag.py:545} INFO - Filling up the DagBag from /home/airflow/.local/lib/python3.12/site-packages/airflow/example_dags/example_sla_dag.py
[2024-08-04T16:25:11.736+0000] {processor.py:840} INFO - DAG(s) 'example_sla_dag' retrieved from /home/airflow/.local/lib/python3.12/site-packages/airflow/example_dags/example_sla_dag.py
[2024-08-04T16:25:11.757+0000] {logging_mixin.py:188} INFO - [2024-08-04T16:25:11.756+0000] {dag.py:3096} INFO - Sync 1 DAGs
[2024-08-04T16:25:11.785+0000] {logging_mixin.py:188} INFO - [2024-08-04T16:25:11.784+0000] {dag.py:3954} INFO - Setting next_dagrun for example_sla_dag to 2024-08-04 16:22:00+00:00, run_after=2024-08-04 16:24:00+00:00
[2024-08-04T16:25:11.807+0000] {processor.py:183} INFO - Processing /home/airflow/.local/lib/python3.12/site-packages/airflow/example_dags/example_sla_dag.py took 0.090 seconds
[2024-08-04T16:25:42.214+0000] {processor.py:161} INFO - Started process (PID=557) to work on /home/airflow/.local/lib/python3.12/site-packages/airflow/example_dags/example_sla_dag.py
[2024-08-04T16:25:42.215+0000] {processor.py:830} INFO - Processing file /home/airflow/.local/lib/python3.12/site-packages/airflow/example_dags/example_sla_dag.py for tasks to queue
[2024-08-04T16:25:42.216+0000] {logging_mixin.py:188} INFO - [2024-08-04T16:25:42.216+0000] {dagbag.py:545} INFO - Filling up the DagBag from /home/airflow/.local/lib/python3.12/site-packages/airflow/example_dags/example_sla_dag.py
[2024-08-04T16:25:42.226+0000] {processor.py:840} INFO - DAG(s) 'example_sla_dag' retrieved from /home/airflow/.local/lib/python3.12/site-packages/airflow/example_dags/example_sla_dag.py
[2024-08-04T16:25:42.251+0000] {logging_mixin.py:188} INFO - [2024-08-04T16:25:42.250+0000] {dag.py:3096} INFO - Sync 1 DAGs
[2024-08-04T16:25:42.279+0000] {logging_mixin.py:188} INFO - [2024-08-04T16:25:42.279+0000] {dag.py:3954} INFO - Setting next_dagrun for example_sla_dag to 2024-08-04 16:22:00+00:00, run_after=2024-08-04 16:24:00+00:00
[2024-08-04T16:25:42.310+0000] {processor.py:183} INFO - Processing /home/airflow/.local/lib/python3.12/site-packages/airflow/example_dags/example_sla_dag.py took 0.102 seconds
[2024-08-04T16:26:13.321+0000] {processor.py:161} INFO - Started process (PID=616) to work on /home/airflow/.local/lib/python3.12/site-packages/airflow/example_dags/example_sla_dag.py
[2024-08-04T16:26:13.329+0000] {processor.py:830} INFO - Processing file /home/airflow/.local/lib/python3.12/site-packages/airflow/example_dags/example_sla_dag.py for tasks to queue
[2024-08-04T16:26:13.332+0000] {logging_mixin.py:188} INFO - [2024-08-04T16:26:13.331+0000] {dagbag.py:545} INFO - Filling up the DagBag from /home/airflow/.local/lib/python3.12/site-packages/airflow/example_dags/example_sla_dag.py
[2024-08-04T16:26:13.345+0000] {processor.py:840} INFO - DAG(s) 'example_sla_dag' retrieved from /home/airflow/.local/lib/python3.12/site-packages/airflow/example_dags/example_sla_dag.py
[2024-08-04T16:26:13.410+0000] {logging_mixin.py:188} INFO - [2024-08-04T16:26:13.410+0000] {dag.py:3096} INFO - Sync 1 DAGs
[2024-08-04T16:26:13.470+0000] {logging_mixin.py:188} INFO - [2024-08-04T16:26:13.470+0000] {dag.py:3954} INFO - Setting next_dagrun for example_sla_dag to 2024-08-04 16:24:00+00:00, run_after=2024-08-04 16:26:00+00:00
[2024-08-04T16:26:13.503+0000] {processor.py:183} INFO - Processing /home/airflow/.local/lib/python3.12/site-packages/airflow/example_dags/example_sla_dag.py took 0.195 seconds
[2024-08-04T16:26:43.731+0000] {processor.py:161} INFO - Started process (PID=673) to work on /home/airflow/.local/lib/python3.12/site-packages/airflow/example_dags/example_sla_dag.py
[2024-08-04T16:26:43.731+0000] {processor.py:830} INFO - Processing file /home/airflow/.local/lib/python3.12/site-packages/airflow/example_dags/example_sla_dag.py for tasks to queue
[2024-08-04T16:26:43.733+0000] {logging_mixin.py:188} INFO - [2024-08-04T16:26:43.733+0000] {dagbag.py:545} INFO - Filling up the DagBag from /home/airflow/.local/lib/python3.12/site-packages/airflow/example_dags/example_sla_dag.py
[2024-08-04T16:26:43.743+0000] {processor.py:840} INFO - DAG(s) 'example_sla_dag' retrieved from /home/airflow/.local/lib/python3.12/site-packages/airflow/example_dags/example_sla_dag.py
[2024-08-04T16:26:43.767+0000] {logging_mixin.py:188} INFO - [2024-08-04T16:26:43.767+0000] {dag.py:3096} INFO - Sync 1 DAGs
[2024-08-04T16:26:43.803+0000] {logging_mixin.py:188} INFO - [2024-08-04T16:26:43.802+0000] {dag.py:3954} INFO - Setting next_dagrun for example_sla_dag to 2024-08-04 16:24:00+00:00, run_after=2024-08-04 16:26:00+00:00
[2024-08-04T16:26:43.847+0000] {processor.py:183} INFO - Processing /home/airflow/.local/lib/python3.12/site-packages/airflow/example_dags/example_sla_dag.py took 0.124 seconds
[2024-08-04T16:27:14.347+0000] {processor.py:161} INFO - Started process (PID=731) to work on /home/airflow/.local/lib/python3.12/site-packages/airflow/example_dags/example_sla_dag.py
[2024-08-04T16:27:14.354+0000] {processor.py:830} INFO - Processing file /home/airflow/.local/lib/python3.12/site-packages/airflow/example_dags/example_sla_dag.py for tasks to queue
[2024-08-04T16:27:14.362+0000] {logging_mixin.py:188} INFO - [2024-08-04T16:27:14.362+0000] {dagbag.py:545} INFO - Filling up the DagBag from /home/airflow/.local/lib/python3.12/site-packages/airflow/example_dags/example_sla_dag.py
[2024-08-04T16:27:14.378+0000] {processor.py:840} INFO - DAG(s) 'example_sla_dag' retrieved from /home/airflow/.local/lib/python3.12/site-packages/airflow/example_dags/example_sla_dag.py
[2024-08-04T16:27:14.466+0000] {logging_mixin.py:188} INFO - [2024-08-04T16:27:14.465+0000] {dag.py:3096} INFO - Sync 1 DAGs
[2024-08-04T16:27:14.551+0000] {logging_mixin.py:188} INFO - [2024-08-04T16:27:14.551+0000] {dag.py:3954} INFO - Setting next_dagrun for example_sla_dag to 2024-08-04 16:24:00+00:00, run_after=2024-08-04 16:26:00+00:00
[2024-08-04T16:27:14.630+0000] {processor.py:183} INFO - Processing /home/airflow/.local/lib/python3.12/site-packages/airflow/example_dags/example_sla_dag.py took 0.297 seconds
[2024-08-04T16:27:44.992+0000] {processor.py:161} INFO - Started process (PID=789) to work on /home/airflow/.local/lib/python3.12/site-packages/airflow/example_dags/example_sla_dag.py
[2024-08-04T16:27:44.995+0000] {processor.py:830} INFO - Processing file /home/airflow/.local/lib/python3.12/site-packages/airflow/example_dags/example_sla_dag.py for tasks to queue
[2024-08-04T16:27:44.999+0000] {logging_mixin.py:188} INFO - [2024-08-04T16:27:44.999+0000] {dagbag.py:545} INFO - Filling up the DagBag from /home/airflow/.local/lib/python3.12/site-packages/airflow/example_dags/example_sla_dag.py
[2024-08-04T16:27:45.016+0000] {processor.py:840} INFO - DAG(s) 'example_sla_dag' retrieved from /home/airflow/.local/lib/python3.12/site-packages/airflow/example_dags/example_sla_dag.py
[2024-08-04T16:27:45.077+0000] {logging_mixin.py:188} INFO - [2024-08-04T16:27:45.073+0000] {dag.py:3096} INFO - Sync 1 DAGs
[2024-08-04T16:27:45.175+0000] {logging_mixin.py:188} INFO - [2024-08-04T16:27:45.174+0000] {dag.py:3954} INFO - Setting next_dagrun for example_sla_dag to 2024-08-04 16:24:00+00:00, run_after=2024-08-04 16:26:00+00:00
[2024-08-04T16:27:45.242+0000] {processor.py:183} INFO - Processing /home/airflow/.local/lib/python3.12/site-packages/airflow/example_dags/example_sla_dag.py took 0.274 seconds
[2024-08-04T16:28:15.525+0000] {processor.py:161} INFO - Started process (PID=847) to work on /home/airflow/.local/lib/python3.12/site-packages/airflow/example_dags/example_sla_dag.py
[2024-08-04T16:28:15.526+0000] {processor.py:830} INFO - Processing file /home/airflow/.local/lib/python3.12/site-packages/airflow/example_dags/example_sla_dag.py for tasks to queue
[2024-08-04T16:28:15.528+0000] {logging_mixin.py:188} INFO - [2024-08-04T16:28:15.528+0000] {dagbag.py:545} INFO - Filling up the DagBag from /home/airflow/.local/lib/python3.12/site-packages/airflow/example_dags/example_sla_dag.py
[2024-08-04T16:28:15.537+0000] {processor.py:840} INFO - DAG(s) 'example_sla_dag' retrieved from /home/airflow/.local/lib/python3.12/site-packages/airflow/example_dags/example_sla_dag.py
[2024-08-04T16:28:15.562+0000] {logging_mixin.py:188} INFO - [2024-08-04T16:28:15.562+0000] {dag.py:3096} INFO - Sync 1 DAGs
[2024-08-04T16:28:15.591+0000] {logging_mixin.py:188} INFO - [2024-08-04T16:28:15.591+0000] {dag.py:3954} INFO - Setting next_dagrun for example_sla_dag to 2024-08-04 16:26:00+00:00, run_after=2024-08-04 16:28:00+00:00
[2024-08-04T16:28:15.615+0000] {processor.py:183} INFO - Processing /home/airflow/.local/lib/python3.12/site-packages/airflow/example_dags/example_sla_dag.py took 0.096 seconds
[2024-08-04T16:28:46.090+0000] {processor.py:161} INFO - Started process (PID=905) to work on /home/airflow/.local/lib/python3.12/site-packages/airflow/example_dags/example_sla_dag.py
[2024-08-04T16:28:46.091+0000] {processor.py:830} INFO - Processing file /home/airflow/.local/lib/python3.12/site-packages/airflow/example_dags/example_sla_dag.py for tasks to queue
[2024-08-04T16:28:46.093+0000] {logging_mixin.py:188} INFO - [2024-08-04T16:28:46.092+0000] {dagbag.py:545} INFO - Filling up the DagBag from /home/airflow/.local/lib/python3.12/site-packages/airflow/example_dags/example_sla_dag.py
[2024-08-04T16:28:46.102+0000] {processor.py:840} INFO - DAG(s) 'example_sla_dag' retrieved from /home/airflow/.local/lib/python3.12/site-packages/airflow/example_dags/example_sla_dag.py
[2024-08-04T16:28:46.131+0000] {logging_mixin.py:188} INFO - [2024-08-04T16:28:46.131+0000] {dag.py:3096} INFO - Sync 1 DAGs
[2024-08-04T16:28:46.182+0000] {logging_mixin.py:188} INFO - [2024-08-04T16:28:46.182+0000] {dag.py:3954} INFO - Setting next_dagrun for example_sla_dag to 2024-08-04 16:26:00+00:00, run_after=2024-08-04 16:28:00+00:00
[2024-08-04T16:28:46.254+0000] {processor.py:183} INFO - Processing /home/airflow/.local/lib/python3.12/site-packages/airflow/example_dags/example_sla_dag.py took 0.170 seconds
[2024-08-04T16:29:17.255+0000] {processor.py:161} INFO - Started process (PID=964) to work on /home/airflow/.local/lib/python3.12/site-packages/airflow/example_dags/example_sla_dag.py
[2024-08-04T16:29:17.256+0000] {processor.py:830} INFO - Processing file /home/airflow/.local/lib/python3.12/site-packages/airflow/example_dags/example_sla_dag.py for tasks to queue
[2024-08-04T16:29:17.258+0000] {logging_mixin.py:188} INFO - [2024-08-04T16:29:17.257+0000] {dagbag.py:545} INFO - Filling up the DagBag from /home/airflow/.local/lib/python3.12/site-packages/airflow/example_dags/example_sla_dag.py
[2024-08-04T16:29:17.268+0000] {processor.py:840} INFO - DAG(s) 'example_sla_dag' retrieved from /home/airflow/.local/lib/python3.12/site-packages/airflow/example_dags/example_sla_dag.py
[2024-08-04T16:29:17.287+0000] {logging_mixin.py:188} INFO - [2024-08-04T16:29:17.287+0000] {dag.py:3096} INFO - Sync 1 DAGs
[2024-08-04T16:29:17.316+0000] {logging_mixin.py:188} INFO - [2024-08-04T16:29:17.316+0000] {dag.py:3954} INFO - Setting next_dagrun for example_sla_dag to 2024-08-04 16:26:00+00:00, run_after=2024-08-04 16:28:00+00:00
[2024-08-04T16:29:17.340+0000] {processor.py:183} INFO - Processing /home/airflow/.local/lib/python3.12/site-packages/airflow/example_dags/example_sla_dag.py took 0.090 seconds
[2024-08-04T16:29:47.833+0000] {processor.py:161} INFO - Started process (PID=1022) to work on /home/airflow/.local/lib/python3.12/site-packages/airflow/example_dags/example_sla_dag.py
[2024-08-04T16:29:47.834+0000] {processor.py:830} INFO - Processing file /home/airflow/.local/lib/python3.12/site-packages/airflow/example_dags/example_sla_dag.py for tasks to queue
[2024-08-04T16:29:47.836+0000] {logging_mixin.py:188} INFO - [2024-08-04T16:29:47.835+0000] {dagbag.py:545} INFO - Filling up the DagBag from /home/airflow/.local/lib/python3.12/site-packages/airflow/example_dags/example_sla_dag.py
[2024-08-04T16:29:47.845+0000] {processor.py:840} INFO - DAG(s) 'example_sla_dag' retrieved from /home/airflow/.local/lib/python3.12/site-packages/airflow/example_dags/example_sla_dag.py
[2024-08-04T16:29:47.887+0000] {logging_mixin.py:188} INFO - [2024-08-04T16:29:47.887+0000] {dag.py:3096} INFO - Sync 1 DAGs
[2024-08-04T16:29:47.916+0000] {logging_mixin.py:188} INFO - [2024-08-04T16:29:47.916+0000] {dag.py:3954} INFO - Setting next_dagrun for example_sla_dag to 2024-08-04 16:26:00+00:00, run_after=2024-08-04 16:28:00+00:00
[2024-08-04T16:29:47.949+0000] {processor.py:183} INFO - Processing /home/airflow/.local/lib/python3.12/site-packages/airflow/example_dags/example_sla_dag.py took 0.123 seconds
[2024-08-04T16:30:18.391+0000] {processor.py:161} INFO - Started process (PID=1087) to work on /home/airflow/.local/lib/python3.12/site-packages/airflow/example_dags/example_sla_dag.py
[2024-08-04T16:30:18.391+0000] {processor.py:830} INFO - Processing file /home/airflow/.local/lib/python3.12/site-packages/airflow/example_dags/example_sla_dag.py for tasks to queue
[2024-08-04T16:30:18.394+0000] {logging_mixin.py:188} INFO - [2024-08-04T16:30:18.393+0000] {dagbag.py:545} INFO - Filling up the DagBag from /home/airflow/.local/lib/python3.12/site-packages/airflow/example_dags/example_sla_dag.py
[2024-08-04T16:30:18.403+0000] {processor.py:840} INFO - DAG(s) 'example_sla_dag' retrieved from /home/airflow/.local/lib/python3.12/site-packages/airflow/example_dags/example_sla_dag.py
[2024-08-04T16:30:18.424+0000] {logging_mixin.py:188} INFO - [2024-08-04T16:30:18.423+0000] {dag.py:3096} INFO - Sync 1 DAGs
[2024-08-04T16:30:18.452+0000] {logging_mixin.py:188} INFO - [2024-08-04T16:30:18.452+0000] {dag.py:3954} INFO - Setting next_dagrun for example_sla_dag to 2024-08-04 16:28:00+00:00, run_after=2024-08-04 16:30:00+00:00
[2024-08-04T16:30:18.476+0000] {processor.py:183} INFO - Processing /home/airflow/.local/lib/python3.12/site-packages/airflow/example_dags/example_sla_dag.py took 0.092 seconds
[2024-08-04T16:30:48.724+0000] {processor.py:161} INFO - Started process (PID=1146) to work on /home/airflow/.local/lib/python3.12/site-packages/airflow/example_dags/example_sla_dag.py
[2024-08-04T16:30:48.725+0000] {processor.py:830} INFO - Processing file /home/airflow/.local/lib/python3.12/site-packages/airflow/example_dags/example_sla_dag.py for tasks to queue
[2024-08-04T16:30:48.727+0000] {logging_mixin.py:188} INFO - [2024-08-04T16:30:48.727+0000] {dagbag.py:545} INFO - Filling up the DagBag from /home/airflow/.local/lib/python3.12/site-packages/airflow/example_dags/example_sla_dag.py
[2024-08-04T16:30:48.737+0000] {processor.py:840} INFO - DAG(s) 'example_sla_dag' retrieved from /home/airflow/.local/lib/python3.12/site-packages/airflow/example_dags/example_sla_dag.py
[2024-08-04T16:30:48.757+0000] {logging_mixin.py:188} INFO - [2024-08-04T16:30:48.757+0000] {dag.py:3096} INFO - Sync 1 DAGs
[2024-08-04T16:30:48.786+0000] {logging_mixin.py:188} INFO - [2024-08-04T16:30:48.786+0000] {dag.py:3954} INFO - Setting next_dagrun for example_sla_dag to 2024-08-04 16:28:00+00:00, run_after=2024-08-04 16:30:00+00:00
[2024-08-04T16:30:48.806+0000] {processor.py:183} INFO - Processing /home/airflow/.local/lib/python3.12/site-packages/airflow/example_dags/example_sla_dag.py took 0.088 seconds
[2024-08-04T16:31:18.915+0000] {processor.py:161} INFO - Started process (PID=1205) to work on /home/airflow/.local/lib/python3.12/site-packages/airflow/example_dags/example_sla_dag.py
[2024-08-04T16:31:18.916+0000] {processor.py:830} INFO - Processing file /home/airflow/.local/lib/python3.12/site-packages/airflow/example_dags/example_sla_dag.py for tasks to queue
[2024-08-04T16:31:18.917+0000] {logging_mixin.py:188} INFO - [2024-08-04T16:31:18.917+0000] {dagbag.py:545} INFO - Filling up the DagBag from /home/airflow/.local/lib/python3.12/site-packages/airflow/example_dags/example_sla_dag.py
[2024-08-04T16:31:18.927+0000] {processor.py:840} INFO - DAG(s) 'example_sla_dag' retrieved from /home/airflow/.local/lib/python3.12/site-packages/airflow/example_dags/example_sla_dag.py
[2024-08-04T16:31:18.947+0000] {logging_mixin.py:188} INFO - [2024-08-04T16:31:18.947+0000] {dag.py:3096} INFO - Sync 1 DAGs
[2024-08-04T16:31:18.977+0000] {logging_mixin.py:188} INFO - [2024-08-04T16:31:18.976+0000] {dag.py:3954} INFO - Setting next_dagrun for example_sla_dag to 2024-08-04 16:28:00+00:00, run_after=2024-08-04 16:30:00+00:00
[2024-08-04T16:31:19.001+0000] {processor.py:183} INFO - Processing /home/airflow/.local/lib/python3.12/site-packages/airflow/example_dags/example_sla_dag.py took 0.091 seconds
[2024-08-04T16:31:49.184+0000] {processor.py:161} INFO - Started process (PID=1264) to work on /home/airflow/.local/lib/python3.12/site-packages/airflow/example_dags/example_sla_dag.py
[2024-08-04T16:31:49.186+0000] {processor.py:830} INFO - Processing file /home/airflow/.local/lib/python3.12/site-packages/airflow/example_dags/example_sla_dag.py for tasks to queue
[2024-08-04T16:31:49.187+0000] {logging_mixin.py:188} INFO - [2024-08-04T16:31:49.186+0000] {dagbag.py:545} INFO - Filling up the DagBag from /home/airflow/.local/lib/python3.12/site-packages/airflow/example_dags/example_sla_dag.py
[2024-08-04T16:31:49.203+0000] {processor.py:840} INFO - DAG(s) 'example_sla_dag' retrieved from /home/airflow/.local/lib/python3.12/site-packages/airflow/example_dags/example_sla_dag.py
[2024-08-04T16:31:49.237+0000] {logging_mixin.py:188} INFO - [2024-08-04T16:31:49.236+0000] {dag.py:3096} INFO - Sync 1 DAGs
[2024-08-04T16:31:49.266+0000] {logging_mixin.py:188} INFO - [2024-08-04T16:31:49.265+0000] {dag.py:3954} INFO - Setting next_dagrun for example_sla_dag to 2024-08-04 16:28:00+00:00, run_after=2024-08-04 16:30:00+00:00
[2024-08-04T16:31:49.288+0000] {processor.py:183} INFO - Processing /home/airflow/.local/lib/python3.12/site-packages/airflow/example_dags/example_sla_dag.py took 0.110 seconds
[2024-08-04T16:32:19.616+0000] {processor.py:161} INFO - Started process (PID=1323) to work on /home/airflow/.local/lib/python3.12/site-packages/airflow/example_dags/example_sla_dag.py
[2024-08-04T16:32:19.623+0000] {processor.py:830} INFO - Processing file /home/airflow/.local/lib/python3.12/site-packages/airflow/example_dags/example_sla_dag.py for tasks to queue
[2024-08-04T16:32:19.624+0000] {logging_mixin.py:188} INFO - [2024-08-04T16:32:19.624+0000] {dagbag.py:545} INFO - Filling up the DagBag from /home/airflow/.local/lib/python3.12/site-packages/airflow/example_dags/example_sla_dag.py
[2024-08-04T16:32:19.706+0000] {processor.py:840} INFO - DAG(s) 'example_sla_dag' retrieved from /home/airflow/.local/lib/python3.12/site-packages/airflow/example_dags/example_sla_dag.py
[2024-08-04T16:32:19.758+0000] {logging_mixin.py:188} INFO - [2024-08-04T16:32:19.758+0000] {dag.py:3096} INFO - Sync 1 DAGs
[2024-08-04T16:32:19.789+0000] {logging_mixin.py:188} INFO - [2024-08-04T16:32:19.789+0000] {dag.py:3954} INFO - Setting next_dagrun for example_sla_dag to 2024-08-04 16:30:00+00:00, run_after=2024-08-04 16:32:00+00:00
[2024-08-04T16:32:19.813+0000] {processor.py:183} INFO - Processing /home/airflow/.local/lib/python3.12/site-packages/airflow/example_dags/example_sla_dag.py took 0.222 seconds
[2024-08-04T16:32:50.136+0000] {processor.py:161} INFO - Started process (PID=1382) to work on /home/airflow/.local/lib/python3.12/site-packages/airflow/example_dags/example_sla_dag.py
[2024-08-04T16:32:50.137+0000] {processor.py:830} INFO - Processing file /home/airflow/.local/lib/python3.12/site-packages/airflow/example_dags/example_sla_dag.py for tasks to queue
[2024-08-04T16:32:50.139+0000] {logging_mixin.py:188} INFO - [2024-08-04T16:32:50.138+0000] {dagbag.py:545} INFO - Filling up the DagBag from /home/airflow/.local/lib/python3.12/site-packages/airflow/example_dags/example_sla_dag.py
[2024-08-04T16:32:50.161+0000] {processor.py:840} INFO - DAG(s) 'example_sla_dag' retrieved from /home/airflow/.local/lib/python3.12/site-packages/airflow/example_dags/example_sla_dag.py
[2024-08-04T16:32:50.227+0000] {logging_mixin.py:188} INFO - [2024-08-04T16:32:50.226+0000] {dag.py:3096} INFO - Sync 1 DAGs
[2024-08-04T16:32:50.284+0000] {logging_mixin.py:188} INFO - [2024-08-04T16:32:50.284+0000] {dag.py:3954} INFO - Setting next_dagrun for example_sla_dag to 2024-08-04 16:30:00+00:00, run_after=2024-08-04 16:32:00+00:00
[2024-08-04T16:32:50.346+0000] {processor.py:183} INFO - Processing /home/airflow/.local/lib/python3.12/site-packages/airflow/example_dags/example_sla_dag.py took 0.237 seconds
[2024-08-04T16:33:21.201+0000] {processor.py:161} INFO - Started process (PID=1441) to work on /home/airflow/.local/lib/python3.12/site-packages/airflow/example_dags/example_sla_dag.py
[2024-08-04T16:33:21.202+0000] {processor.py:830} INFO - Processing file /home/airflow/.local/lib/python3.12/site-packages/airflow/example_dags/example_sla_dag.py for tasks to queue
[2024-08-04T16:33:21.203+0000] {logging_mixin.py:188} INFO - [2024-08-04T16:33:21.202+0000] {dagbag.py:545} INFO - Filling up the DagBag from /home/airflow/.local/lib/python3.12/site-packages/airflow/example_dags/example_sla_dag.py
[2024-08-04T16:33:21.212+0000] {processor.py:840} INFO - DAG(s) 'example_sla_dag' retrieved from /home/airflow/.local/lib/python3.12/site-packages/airflow/example_dags/example_sla_dag.py
[2024-08-04T16:33:21.233+0000] {logging_mixin.py:188} INFO - [2024-08-04T16:33:21.233+0000] {dag.py:3096} INFO - Sync 1 DAGs
[2024-08-04T16:33:21.262+0000] {logging_mixin.py:188} INFO - [2024-08-04T16:33:21.262+0000] {dag.py:3954} INFO - Setting next_dagrun for example_sla_dag to 2024-08-04 16:30:00+00:00, run_after=2024-08-04 16:32:00+00:00
[2024-08-04T16:33:21.290+0000] {processor.py:183} INFO - Processing /home/airflow/.local/lib/python3.12/site-packages/airflow/example_dags/example_sla_dag.py took 0.095 seconds
[2024-08-04T16:33:51.805+0000] {processor.py:161} INFO - Started process (PID=1500) to work on /home/airflow/.local/lib/python3.12/site-packages/airflow/example_dags/example_sla_dag.py
[2024-08-04T16:33:51.806+0000] {processor.py:830} INFO - Processing file /home/airflow/.local/lib/python3.12/site-packages/airflow/example_dags/example_sla_dag.py for tasks to queue
[2024-08-04T16:33:51.807+0000] {logging_mixin.py:188} INFO - [2024-08-04T16:33:51.806+0000] {dagbag.py:545} INFO - Filling up the DagBag from /home/airflow/.local/lib/python3.12/site-packages/airflow/example_dags/example_sla_dag.py
[2024-08-04T16:33:51.816+0000] {processor.py:840} INFO - DAG(s) 'example_sla_dag' retrieved from /home/airflow/.local/lib/python3.12/site-packages/airflow/example_dags/example_sla_dag.py
[2024-08-04T16:33:51.838+0000] {logging_mixin.py:188} INFO - [2024-08-04T16:33:51.837+0000] {dag.py:3096} INFO - Sync 1 DAGs
[2024-08-04T16:33:51.867+0000] {logging_mixin.py:188} INFO - [2024-08-04T16:33:51.867+0000] {dag.py:3954} INFO - Setting next_dagrun for example_sla_dag to 2024-08-04 16:30:00+00:00, run_after=2024-08-04 16:32:00+00:00
[2024-08-04T16:33:51.893+0000] {processor.py:183} INFO - Processing /home/airflow/.local/lib/python3.12/site-packages/airflow/example_dags/example_sla_dag.py took 0.094 seconds
[2024-08-04T16:34:22.027+0000] {processor.py:161} INFO - Started process (PID=1559) to work on /home/airflow/.local/lib/python3.12/site-packages/airflow/example_dags/example_sla_dag.py
[2024-08-04T16:34:22.028+0000] {processor.py:830} INFO - Processing file /home/airflow/.local/lib/python3.12/site-packages/airflow/example_dags/example_sla_dag.py for tasks to queue
[2024-08-04T16:34:22.029+0000] {logging_mixin.py:188} INFO - [2024-08-04T16:34:22.028+0000] {dagbag.py:545} INFO - Filling up the DagBag from /home/airflow/.local/lib/python3.12/site-packages/airflow/example_dags/example_sla_dag.py
[2024-08-04T16:34:22.038+0000] {processor.py:840} INFO - DAG(s) 'example_sla_dag' retrieved from /home/airflow/.local/lib/python3.12/site-packages/airflow/example_dags/example_sla_dag.py
[2024-08-04T16:34:22.059+0000] {logging_mixin.py:188} INFO - [2024-08-04T16:34:22.058+0000] {dag.py:3096} INFO - Sync 1 DAGs
[2024-08-04T16:34:22.088+0000] {logging_mixin.py:188} INFO - [2024-08-04T16:34:22.088+0000] {dag.py:3954} INFO - Setting next_dagrun for example_sla_dag to 2024-08-04 16:32:00+00:00, run_after=2024-08-04 16:34:00+00:00
[2024-08-04T16:34:22.115+0000] {processor.py:183} INFO - Processing /home/airflow/.local/lib/python3.12/site-packages/airflow/example_dags/example_sla_dag.py took 0.095 seconds
[2024-08-04T16:34:52.274+0000] {processor.py:161} INFO - Started process (PID=1618) to work on /home/airflow/.local/lib/python3.12/site-packages/airflow/example_dags/example_sla_dag.py
[2024-08-04T16:34:52.275+0000] {processor.py:830} INFO - Processing file /home/airflow/.local/lib/python3.12/site-packages/airflow/example_dags/example_sla_dag.py for tasks to queue
[2024-08-04T16:34:52.276+0000] {logging_mixin.py:188} INFO - [2024-08-04T16:34:52.276+0000] {dagbag.py:545} INFO - Filling up the DagBag from /home/airflow/.local/lib/python3.12/site-packages/airflow/example_dags/example_sla_dag.py
[2024-08-04T16:34:52.285+0000] {processor.py:840} INFO - DAG(s) 'example_sla_dag' retrieved from /home/airflow/.local/lib/python3.12/site-packages/airflow/example_dags/example_sla_dag.py
[2024-08-04T16:34:52.307+0000] {logging_mixin.py:188} INFO - [2024-08-04T16:34:52.307+0000] {dag.py:3096} INFO - Sync 1 DAGs
[2024-08-04T16:34:52.336+0000] {logging_mixin.py:188} INFO - [2024-08-04T16:34:52.336+0000] {dag.py:3954} INFO - Setting next_dagrun for example_sla_dag to 2024-08-04 16:32:00+00:00, run_after=2024-08-04 16:34:00+00:00
[2024-08-04T16:34:52.360+0000] {processor.py:183} INFO - Processing /home/airflow/.local/lib/python3.12/site-packages/airflow/example_dags/example_sla_dag.py took 0.092 seconds
[2024-08-04T16:35:22.551+0000] {processor.py:161} INFO - Started process (PID=1674) to work on /home/airflow/.local/lib/python3.12/site-packages/airflow/example_dags/example_sla_dag.py
[2024-08-04T16:35:22.552+0000] {processor.py:830} INFO - Processing file /home/airflow/.local/lib/python3.12/site-packages/airflow/example_dags/example_sla_dag.py for tasks to queue
[2024-08-04T16:35:22.552+0000] {logging_mixin.py:188} INFO - [2024-08-04T16:35:22.552+0000] {dagbag.py:545} INFO - Filling up the DagBag from /home/airflow/.local/lib/python3.12/site-packages/airflow/example_dags/example_sla_dag.py
[2024-08-04T16:35:22.563+0000] {processor.py:840} INFO - DAG(s) 'example_sla_dag' retrieved from /home/airflow/.local/lib/python3.12/site-packages/airflow/example_dags/example_sla_dag.py
[2024-08-04T16:35:22.584+0000] {logging_mixin.py:188} INFO - [2024-08-04T16:35:22.584+0000] {dag.py:3096} INFO - Sync 1 DAGs
[2024-08-04T16:35:22.613+0000] {logging_mixin.py:188} INFO - [2024-08-04T16:35:22.613+0000] {dag.py:3954} INFO - Setting next_dagrun for example_sla_dag to 2024-08-04 16:32:00+00:00, run_after=2024-08-04 16:34:00+00:00
[2024-08-04T16:35:22.636+0000] {processor.py:183} INFO - Processing /home/airflow/.local/lib/python3.12/site-packages/airflow/example_dags/example_sla_dag.py took 0.092 seconds
[2024-08-04T16:35:52.800+0000] {processor.py:161} INFO - Started process (PID=1734) to work on /home/airflow/.local/lib/python3.12/site-packages/airflow/example_dags/example_sla_dag.py
[2024-08-04T16:35:52.800+0000] {processor.py:830} INFO - Processing file /home/airflow/.local/lib/python3.12/site-packages/airflow/example_dags/example_sla_dag.py for tasks to queue
[2024-08-04T16:35:52.801+0000] {logging_mixin.py:188} INFO - [2024-08-04T16:35:52.801+0000] {dagbag.py:545} INFO - Filling up the DagBag from /home/airflow/.local/lib/python3.12/site-packages/airflow/example_dags/example_sla_dag.py
[2024-08-04T16:35:52.810+0000] {processor.py:840} INFO - DAG(s) 'example_sla_dag' retrieved from /home/airflow/.local/lib/python3.12/site-packages/airflow/example_dags/example_sla_dag.py
[2024-08-04T16:35:52.831+0000] {logging_mixin.py:188} INFO - [2024-08-04T16:35:52.830+0000] {dag.py:3096} INFO - Sync 1 DAGs
[2024-08-04T16:35:52.860+0000] {logging_mixin.py:188} INFO - [2024-08-04T16:35:52.860+0000] {dag.py:3954} INFO - Setting next_dagrun for example_sla_dag to 2024-08-04 16:32:00+00:00, run_after=2024-08-04 16:34:00+00:00
[2024-08-04T16:35:52.891+0000] {processor.py:183} INFO - Processing /home/airflow/.local/lib/python3.12/site-packages/airflow/example_dags/example_sla_dag.py took 0.098 seconds
