[2024-08-04T16:21:09.352+0000] {processor.py:161} INFO - Started process (PID=37) to work on /home/airflow/.local/lib/python3.12/site-packages/airflow/example_dags/example_branch_python_dop_operator_3.py
[2024-08-04T16:21:09.352+0000] {processor.py:830} INFO - Processing file /home/airflow/.local/lib/python3.12/site-packages/airflow/example_dags/example_branch_python_dop_operator_3.py for tasks to queue
[2024-08-04T16:21:09.362+0000] {logging_mixin.py:188} INFO - [2024-08-04T16:21:09.362+0000] {dagbag.py:545} INFO - Filling up the DagBag from /home/airflow/.local/lib/python3.12/site-packages/airflow/example_dags/example_branch_python_dop_operator_3.py
[2024-08-04T16:21:09.382+0000] {processor.py:840} INFO - DAG(s) 'example_branch_dop_operator_v3' retrieved from /home/airflow/.local/lib/python3.12/site-packages/airflow/example_dags/example_branch_python_dop_operator_3.py
[2024-08-04T16:21:09.604+0000] {logging_mixin.py:188} INFO - [2024-08-04T16:21:09.604+0000] {dag.py:3096} INFO - Sync 1 DAGs
[2024-08-04T16:21:09.707+0000] {logging_mixin.py:188} INFO - [2024-08-04T16:21:09.707+0000] {dag.py:3954} INFO - Setting next_dagrun for example_branch_dop_operator_v3 to 2024-08-04 16:20:00+00:00, run_after=2024-08-04 16:21:00+00:00
[2024-08-04T16:21:09.829+0000] {processor.py:183} INFO - Processing /home/airflow/.local/lib/python3.12/site-packages/airflow/example_dags/example_branch_python_dop_operator_3.py took 0.492 seconds
[2024-08-04T16:21:40.080+0000] {processor.py:161} INFO - Started process (PID=95) to work on /home/airflow/.local/lib/python3.12/site-packages/airflow/example_dags/example_branch_python_dop_operator_3.py
[2024-08-04T16:21:40.081+0000] {processor.py:830} INFO - Processing file /home/airflow/.local/lib/python3.12/site-packages/airflow/example_dags/example_branch_python_dop_operator_3.py for tasks to queue
[2024-08-04T16:21:40.083+0000] {logging_mixin.py:188} INFO - [2024-08-04T16:21:40.082+0000] {dagbag.py:545} INFO - Filling up the DagBag from /home/airflow/.local/lib/python3.12/site-packages/airflow/example_dags/example_branch_python_dop_operator_3.py
[2024-08-04T16:21:40.095+0000] {processor.py:840} INFO - DAG(s) 'example_branch_dop_operator_v3' retrieved from /home/airflow/.local/lib/python3.12/site-packages/airflow/example_dags/example_branch_python_dop_operator_3.py
[2024-08-04T16:21:40.117+0000] {logging_mixin.py:188} INFO - [2024-08-04T16:21:40.117+0000] {dag.py:3096} INFO - Sync 1 DAGs
[2024-08-04T16:21:40.138+0000] {logging_mixin.py:188} INFO - [2024-08-04T16:21:40.138+0000] {dag.py:3954} INFO - Setting next_dagrun for example_branch_dop_operator_v3 to 2024-08-04 16:20:00+00:00, run_after=2024-08-04 16:21:00+00:00
[2024-08-04T16:21:40.158+0000] {processor.py:183} INFO - Processing /home/airflow/.local/lib/python3.12/site-packages/airflow/example_dags/example_branch_python_dop_operator_3.py took 0.086 seconds
[2024-08-04T16:22:10.236+0000] {processor.py:161} INFO - Started process (PID=153) to work on /home/airflow/.local/lib/python3.12/site-packages/airflow/example_dags/example_branch_python_dop_operator_3.py
[2024-08-04T16:22:10.236+0000] {processor.py:830} INFO - Processing file /home/airflow/.local/lib/python3.12/site-packages/airflow/example_dags/example_branch_python_dop_operator_3.py for tasks to queue
[2024-08-04T16:22:10.238+0000] {logging_mixin.py:188} INFO - [2024-08-04T16:22:10.237+0000] {dagbag.py:545} INFO - Filling up the DagBag from /home/airflow/.local/lib/python3.12/site-packages/airflow/example_dags/example_branch_python_dop_operator_3.py
[2024-08-04T16:22:10.244+0000] {processor.py:840} INFO - DAG(s) 'example_branch_dop_operator_v3' retrieved from /home/airflow/.local/lib/python3.12/site-packages/airflow/example_dags/example_branch_python_dop_operator_3.py
[2024-08-04T16:22:10.260+0000] {logging_mixin.py:188} INFO - [2024-08-04T16:22:10.259+0000] {dag.py:3096} INFO - Sync 1 DAGs
[2024-08-04T16:22:10.280+0000] {logging_mixin.py:188} INFO - [2024-08-04T16:22:10.280+0000] {dag.py:3954} INFO - Setting next_dagrun for example_branch_dop_operator_v3 to 2024-08-04 16:21:00+00:00, run_after=2024-08-04 16:22:00+00:00
[2024-08-04T16:22:10.302+0000] {processor.py:183} INFO - Processing /home/airflow/.local/lib/python3.12/site-packages/airflow/example_dags/example_branch_python_dop_operator_3.py took 0.071 seconds
[2024-08-04T16:22:41.049+0000] {processor.py:161} INFO - Started process (PID=211) to work on /home/airflow/.local/lib/python3.12/site-packages/airflow/example_dags/example_branch_python_dop_operator_3.py
[2024-08-04T16:22:41.050+0000] {processor.py:830} INFO - Processing file /home/airflow/.local/lib/python3.12/site-packages/airflow/example_dags/example_branch_python_dop_operator_3.py for tasks to queue
[2024-08-04T16:22:41.052+0000] {logging_mixin.py:188} INFO - [2024-08-04T16:22:41.051+0000] {dagbag.py:545} INFO - Filling up the DagBag from /home/airflow/.local/lib/python3.12/site-packages/airflow/example_dags/example_branch_python_dop_operator_3.py
[2024-08-04T16:22:41.059+0000] {processor.py:840} INFO - DAG(s) 'example_branch_dop_operator_v3' retrieved from /home/airflow/.local/lib/python3.12/site-packages/airflow/example_dags/example_branch_python_dop_operator_3.py
[2024-08-04T16:22:41.076+0000] {logging_mixin.py:188} INFO - [2024-08-04T16:22:41.076+0000] {dag.py:3096} INFO - Sync 1 DAGs
[2024-08-04T16:22:41.097+0000] {logging_mixin.py:188} INFO - [2024-08-04T16:22:41.096+0000] {dag.py:3954} INFO - Setting next_dagrun for example_branch_dop_operator_v3 to 2024-08-04 16:21:00+00:00, run_after=2024-08-04 16:22:00+00:00
[2024-08-04T16:22:41.117+0000] {processor.py:183} INFO - Processing /home/airflow/.local/lib/python3.12/site-packages/airflow/example_dags/example_branch_python_dop_operator_3.py took 0.074 seconds
[2024-08-04T16:23:11.842+0000] {processor.py:161} INFO - Started process (PID=269) to work on /home/airflow/.local/lib/python3.12/site-packages/airflow/example_dags/example_branch_python_dop_operator_3.py
[2024-08-04T16:23:11.843+0000] {processor.py:830} INFO - Processing file /home/airflow/.local/lib/python3.12/site-packages/airflow/example_dags/example_branch_python_dop_operator_3.py for tasks to queue
[2024-08-04T16:23:11.845+0000] {logging_mixin.py:188} INFO - [2024-08-04T16:23:11.844+0000] {dagbag.py:545} INFO - Filling up the DagBag from /home/airflow/.local/lib/python3.12/site-packages/airflow/example_dags/example_branch_python_dop_operator_3.py
[2024-08-04T16:23:11.855+0000] {processor.py:840} INFO - DAG(s) 'example_branch_dop_operator_v3' retrieved from /home/airflow/.local/lib/python3.12/site-packages/airflow/example_dags/example_branch_python_dop_operator_3.py
[2024-08-04T16:23:11.897+0000] {logging_mixin.py:188} INFO - [2024-08-04T16:23:11.897+0000] {dag.py:3096} INFO - Sync 1 DAGs
[2024-08-04T16:23:12.004+0000] {logging_mixin.py:188} INFO - [2024-08-04T16:23:12.004+0000] {dag.py:3954} INFO - Setting next_dagrun for example_branch_dop_operator_v3 to 2024-08-04 16:22:00+00:00, run_after=2024-08-04 16:23:00+00:00
[2024-08-04T16:23:12.055+0000] {processor.py:183} INFO - Processing /home/airflow/.local/lib/python3.12/site-packages/airflow/example_dags/example_branch_python_dop_operator_3.py took 0.219 seconds
[2024-08-04T16:23:42.896+0000] {processor.py:161} INFO - Started process (PID=327) to work on /home/airflow/.local/lib/python3.12/site-packages/airflow/example_dags/example_branch_python_dop_operator_3.py
[2024-08-04T16:23:42.896+0000] {processor.py:830} INFO - Processing file /home/airflow/.local/lib/python3.12/site-packages/airflow/example_dags/example_branch_python_dop_operator_3.py for tasks to queue
[2024-08-04T16:23:42.897+0000] {logging_mixin.py:188} INFO - [2024-08-04T16:23:42.897+0000] {dagbag.py:545} INFO - Filling up the DagBag from /home/airflow/.local/lib/python3.12/site-packages/airflow/example_dags/example_branch_python_dop_operator_3.py
[2024-08-04T16:23:42.904+0000] {processor.py:840} INFO - DAG(s) 'example_branch_dop_operator_v3' retrieved from /home/airflow/.local/lib/python3.12/site-packages/airflow/example_dags/example_branch_python_dop_operator_3.py
[2024-08-04T16:23:42.920+0000] {logging_mixin.py:188} INFO - [2024-08-04T16:23:42.920+0000] {dag.py:3096} INFO - Sync 1 DAGs
[2024-08-04T16:23:42.940+0000] {logging_mixin.py:188} INFO - [2024-08-04T16:23:42.940+0000] {dag.py:3954} INFO - Setting next_dagrun for example_branch_dop_operator_v3 to 2024-08-04 16:22:00+00:00, run_after=2024-08-04 16:23:00+00:00
[2024-08-04T16:23:42.959+0000] {processor.py:183} INFO - Processing /home/airflow/.local/lib/python3.12/site-packages/airflow/example_dags/example_branch_python_dop_operator_3.py took 0.069 seconds
[2024-08-04T16:24:13.119+0000] {processor.py:161} INFO - Started process (PID=385) to work on /home/airflow/.local/lib/python3.12/site-packages/airflow/example_dags/example_branch_python_dop_operator_3.py
[2024-08-04T16:24:13.119+0000] {processor.py:830} INFO - Processing file /home/airflow/.local/lib/python3.12/site-packages/airflow/example_dags/example_branch_python_dop_operator_3.py for tasks to queue
[2024-08-04T16:24:13.121+0000] {logging_mixin.py:188} INFO - [2024-08-04T16:24:13.120+0000] {dagbag.py:545} INFO - Filling up the DagBag from /home/airflow/.local/lib/python3.12/site-packages/airflow/example_dags/example_branch_python_dop_operator_3.py
[2024-08-04T16:24:13.128+0000] {processor.py:840} INFO - DAG(s) 'example_branch_dop_operator_v3' retrieved from /home/airflow/.local/lib/python3.12/site-packages/airflow/example_dags/example_branch_python_dop_operator_3.py
[2024-08-04T16:24:13.144+0000] {logging_mixin.py:188} INFO - [2024-08-04T16:24:13.143+0000] {dag.py:3096} INFO - Sync 1 DAGs
[2024-08-04T16:24:13.166+0000] {logging_mixin.py:188} INFO - [2024-08-04T16:24:13.166+0000] {dag.py:3954} INFO - Setting next_dagrun for example_branch_dop_operator_v3 to 2024-08-04 16:23:00+00:00, run_after=2024-08-04 16:24:00+00:00
[2024-08-04T16:24:13.200+0000] {processor.py:183} INFO - Processing /home/airflow/.local/lib/python3.12/site-packages/airflow/example_dags/example_branch_python_dop_operator_3.py took 0.086 seconds
[2024-08-04T16:24:43.878+0000] {processor.py:161} INFO - Started process (PID=444) to work on /home/airflow/.local/lib/python3.12/site-packages/airflow/example_dags/example_branch_python_dop_operator_3.py
[2024-08-04T16:24:43.878+0000] {processor.py:830} INFO - Processing file /home/airflow/.local/lib/python3.12/site-packages/airflow/example_dags/example_branch_python_dop_operator_3.py for tasks to queue
[2024-08-04T16:24:43.880+0000] {logging_mixin.py:188} INFO - [2024-08-04T16:24:43.880+0000] {dagbag.py:545} INFO - Filling up the DagBag from /home/airflow/.local/lib/python3.12/site-packages/airflow/example_dags/example_branch_python_dop_operator_3.py
[2024-08-04T16:24:43.890+0000] {processor.py:840} INFO - DAG(s) 'example_branch_dop_operator_v3' retrieved from /home/airflow/.local/lib/python3.12/site-packages/airflow/example_dags/example_branch_python_dop_operator_3.py
[2024-08-04T16:24:43.913+0000] {logging_mixin.py:188} INFO - [2024-08-04T16:24:43.913+0000] {dag.py:3096} INFO - Sync 1 DAGs
[2024-08-04T16:24:43.953+0000] {logging_mixin.py:188} INFO - [2024-08-04T16:24:43.951+0000] {dag.py:3954} INFO - Setting next_dagrun for example_branch_dop_operator_v3 to 2024-08-04 16:23:00+00:00, run_after=2024-08-04 16:24:00+00:00
[2024-08-04T16:24:43.998+0000] {processor.py:183} INFO - Processing /home/airflow/.local/lib/python3.12/site-packages/airflow/example_dags/example_branch_python_dop_operator_3.py took 0.133 seconds
[2024-08-04T16:25:14.971+0000] {processor.py:161} INFO - Started process (PID=502) to work on /home/airflow/.local/lib/python3.12/site-packages/airflow/example_dags/example_branch_python_dop_operator_3.py
[2024-08-04T16:25:14.972+0000] {processor.py:830} INFO - Processing file /home/airflow/.local/lib/python3.12/site-packages/airflow/example_dags/example_branch_python_dop_operator_3.py for tasks to queue
[2024-08-04T16:25:14.973+0000] {logging_mixin.py:188} INFO - [2024-08-04T16:25:14.973+0000] {dagbag.py:545} INFO - Filling up the DagBag from /home/airflow/.local/lib/python3.12/site-packages/airflow/example_dags/example_branch_python_dop_operator_3.py
[2024-08-04T16:25:14.980+0000] {processor.py:840} INFO - DAG(s) 'example_branch_dop_operator_v3' retrieved from /home/airflow/.local/lib/python3.12/site-packages/airflow/example_dags/example_branch_python_dop_operator_3.py
[2024-08-04T16:25:14.995+0000] {logging_mixin.py:188} INFO - [2024-08-04T16:25:14.995+0000] {dag.py:3096} INFO - Sync 1 DAGs
[2024-08-04T16:25:15.015+0000] {logging_mixin.py:188} INFO - [2024-08-04T16:25:15.015+0000] {dag.py:3954} INFO - Setting next_dagrun for example_branch_dop_operator_v3 to 2024-08-04 16:24:00+00:00, run_after=2024-08-04 16:25:00+00:00
[2024-08-04T16:25:15.038+0000] {processor.py:183} INFO - Processing /home/airflow/.local/lib/python3.12/site-packages/airflow/example_dags/example_branch_python_dop_operator_3.py took 0.074 seconds
[2024-08-04T16:25:45.494+0000] {processor.py:161} INFO - Started process (PID=560) to work on /home/airflow/.local/lib/python3.12/site-packages/airflow/example_dags/example_branch_python_dop_operator_3.py
[2024-08-04T16:25:45.495+0000] {processor.py:830} INFO - Processing file /home/airflow/.local/lib/python3.12/site-packages/airflow/example_dags/example_branch_python_dop_operator_3.py for tasks to queue
[2024-08-04T16:25:45.497+0000] {logging_mixin.py:188} INFO - [2024-08-04T16:25:45.496+0000] {dagbag.py:545} INFO - Filling up the DagBag from /home/airflow/.local/lib/python3.12/site-packages/airflow/example_dags/example_branch_python_dop_operator_3.py
[2024-08-04T16:25:45.506+0000] {processor.py:840} INFO - DAG(s) 'example_branch_dop_operator_v3' retrieved from /home/airflow/.local/lib/python3.12/site-packages/airflow/example_dags/example_branch_python_dop_operator_3.py
[2024-08-04T16:25:45.524+0000] {logging_mixin.py:188} INFO - [2024-08-04T16:25:45.524+0000] {dag.py:3096} INFO - Sync 1 DAGs
[2024-08-04T16:25:45.544+0000] {logging_mixin.py:188} INFO - [2024-08-04T16:25:45.544+0000] {dag.py:3954} INFO - Setting next_dagrun for example_branch_dop_operator_v3 to 2024-08-04 16:24:00+00:00, run_after=2024-08-04 16:25:00+00:00
[2024-08-04T16:25:45.565+0000] {processor.py:183} INFO - Processing /home/airflow/.local/lib/python3.12/site-packages/airflow/example_dags/example_branch_python_dop_operator_3.py took 0.077 seconds
[2024-08-04T16:26:15.768+0000] {processor.py:161} INFO - Started process (PID=619) to work on /home/airflow/.local/lib/python3.12/site-packages/airflow/example_dags/example_branch_python_dop_operator_3.py
[2024-08-04T16:26:15.769+0000] {processor.py:830} INFO - Processing file /home/airflow/.local/lib/python3.12/site-packages/airflow/example_dags/example_branch_python_dop_operator_3.py for tasks to queue
[2024-08-04T16:26:15.771+0000] {logging_mixin.py:188} INFO - [2024-08-04T16:26:15.770+0000] {dagbag.py:545} INFO - Filling up the DagBag from /home/airflow/.local/lib/python3.12/site-packages/airflow/example_dags/example_branch_python_dop_operator_3.py
[2024-08-04T16:26:15.779+0000] {processor.py:840} INFO - DAG(s) 'example_branch_dop_operator_v3' retrieved from /home/airflow/.local/lib/python3.12/site-packages/airflow/example_dags/example_branch_python_dop_operator_3.py
[2024-08-04T16:26:15.794+0000] {logging_mixin.py:188} INFO - [2024-08-04T16:26:15.794+0000] {dag.py:3096} INFO - Sync 1 DAGs
[2024-08-04T16:26:15.814+0000] {logging_mixin.py:188} INFO - [2024-08-04T16:26:15.814+0000] {dag.py:3954} INFO - Setting next_dagrun for example_branch_dop_operator_v3 to 2024-08-04 16:25:00+00:00, run_after=2024-08-04 16:26:00+00:00
[2024-08-04T16:26:15.834+0000] {processor.py:183} INFO - Processing /home/airflow/.local/lib/python3.12/site-packages/airflow/example_dags/example_branch_python_dop_operator_3.py took 0.090 seconds
[2024-08-04T16:26:46.127+0000] {processor.py:161} INFO - Started process (PID=676) to work on /home/airflow/.local/lib/python3.12/site-packages/airflow/example_dags/example_branch_python_dop_operator_3.py
[2024-08-04T16:26:46.127+0000] {processor.py:830} INFO - Processing file /home/airflow/.local/lib/python3.12/site-packages/airflow/example_dags/example_branch_python_dop_operator_3.py for tasks to queue
[2024-08-04T16:26:46.129+0000] {logging_mixin.py:188} INFO - [2024-08-04T16:26:46.129+0000] {dagbag.py:545} INFO - Filling up the DagBag from /home/airflow/.local/lib/python3.12/site-packages/airflow/example_dags/example_branch_python_dop_operator_3.py
[2024-08-04T16:26:46.164+0000] {processor.py:840} INFO - DAG(s) 'example_branch_dop_operator_v3' retrieved from /home/airflow/.local/lib/python3.12/site-packages/airflow/example_dags/example_branch_python_dop_operator_3.py
[2024-08-04T16:26:46.230+0000] {logging_mixin.py:188} INFO - [2024-08-04T16:26:46.230+0000] {dag.py:3096} INFO - Sync 1 DAGs
[2024-08-04T16:26:46.251+0000] {logging_mixin.py:188} INFO - [2024-08-04T16:26:46.251+0000] {dag.py:3954} INFO - Setting next_dagrun for example_branch_dop_operator_v3 to 2024-08-04 16:25:00+00:00, run_after=2024-08-04 16:26:00+00:00
[2024-08-04T16:26:46.273+0000] {processor.py:183} INFO - Processing /home/airflow/.local/lib/python3.12/site-packages/airflow/example_dags/example_branch_python_dop_operator_3.py took 0.155 seconds
[2024-08-04T16:27:16.812+0000] {processor.py:161} INFO - Started process (PID=734) to work on /home/airflow/.local/lib/python3.12/site-packages/airflow/example_dags/example_branch_python_dop_operator_3.py
[2024-08-04T16:27:16.812+0000] {processor.py:830} INFO - Processing file /home/airflow/.local/lib/python3.12/site-packages/airflow/example_dags/example_branch_python_dop_operator_3.py for tasks to queue
[2024-08-04T16:27:16.814+0000] {logging_mixin.py:188} INFO - [2024-08-04T16:27:16.813+0000] {dagbag.py:545} INFO - Filling up the DagBag from /home/airflow/.local/lib/python3.12/site-packages/airflow/example_dags/example_branch_python_dop_operator_3.py
[2024-08-04T16:27:16.820+0000] {processor.py:840} INFO - DAG(s) 'example_branch_dop_operator_v3' retrieved from /home/airflow/.local/lib/python3.12/site-packages/airflow/example_dags/example_branch_python_dop_operator_3.py
[2024-08-04T16:27:16.837+0000] {logging_mixin.py:188} INFO - [2024-08-04T16:27:16.837+0000] {dag.py:3096} INFO - Sync 1 DAGs
[2024-08-04T16:27:16.872+0000] {logging_mixin.py:188} INFO - [2024-08-04T16:27:16.872+0000] {dag.py:3954} INFO - Setting next_dagrun for example_branch_dop_operator_v3 to 2024-08-04 16:26:00+00:00, run_after=2024-08-04 16:27:00+00:00
[2024-08-04T16:27:16.899+0000] {processor.py:183} INFO - Processing /home/airflow/.local/lib/python3.12/site-packages/airflow/example_dags/example_branch_python_dop_operator_3.py took 0.091 seconds
[2024-08-04T16:27:47.339+0000] {processor.py:161} INFO - Started process (PID=792) to work on /home/airflow/.local/lib/python3.12/site-packages/airflow/example_dags/example_branch_python_dop_operator_3.py
[2024-08-04T16:27:47.340+0000] {processor.py:830} INFO - Processing file /home/airflow/.local/lib/python3.12/site-packages/airflow/example_dags/example_branch_python_dop_operator_3.py for tasks to queue
[2024-08-04T16:27:47.342+0000] {logging_mixin.py:188} INFO - [2024-08-04T16:27:47.341+0000] {dagbag.py:545} INFO - Filling up the DagBag from /home/airflow/.local/lib/python3.12/site-packages/airflow/example_dags/example_branch_python_dop_operator_3.py
[2024-08-04T16:27:47.352+0000] {processor.py:840} INFO - DAG(s) 'example_branch_dop_operator_v3' retrieved from /home/airflow/.local/lib/python3.12/site-packages/airflow/example_dags/example_branch_python_dop_operator_3.py
[2024-08-04T16:27:47.377+0000] {logging_mixin.py:188} INFO - [2024-08-04T16:27:47.377+0000] {dag.py:3096} INFO - Sync 1 DAGs
[2024-08-04T16:27:47.409+0000] {logging_mixin.py:188} INFO - [2024-08-04T16:27:47.408+0000] {dag.py:3954} INFO - Setting next_dagrun for example_branch_dop_operator_v3 to 2024-08-04 16:26:00+00:00, run_after=2024-08-04 16:27:00+00:00
[2024-08-04T16:27:47.442+0000] {processor.py:183} INFO - Processing /home/airflow/.local/lib/python3.12/site-packages/airflow/example_dags/example_branch_python_dop_operator_3.py took 0.109 seconds
[2024-08-04T16:28:17.948+0000] {processor.py:161} INFO - Started process (PID=856) to work on /home/airflow/.local/lib/python3.12/site-packages/airflow/example_dags/example_branch_python_dop_operator_3.py
[2024-08-04T16:28:17.948+0000] {processor.py:830} INFO - Processing file /home/airflow/.local/lib/python3.12/site-packages/airflow/example_dags/example_branch_python_dop_operator_3.py for tasks to queue
[2024-08-04T16:28:17.950+0000] {logging_mixin.py:188} INFO - [2024-08-04T16:28:17.950+0000] {dagbag.py:545} INFO - Filling up the DagBag from /home/airflow/.local/lib/python3.12/site-packages/airflow/example_dags/example_branch_python_dop_operator_3.py
[2024-08-04T16:28:17.959+0000] {processor.py:840} INFO - DAG(s) 'example_branch_dop_operator_v3' retrieved from /home/airflow/.local/lib/python3.12/site-packages/airflow/example_dags/example_branch_python_dop_operator_3.py
[2024-08-04T16:28:17.986+0000] {logging_mixin.py:188} INFO - [2024-08-04T16:28:17.986+0000] {dag.py:3096} INFO - Sync 1 DAGs
[2024-08-04T16:28:18.017+0000] {logging_mixin.py:188} INFO - [2024-08-04T16:28:18.017+0000] {dag.py:3954} INFO - Setting next_dagrun for example_branch_dop_operator_v3 to 2024-08-04 16:27:00+00:00, run_after=2024-08-04 16:28:00+00:00
[2024-08-04T16:28:18.042+0000] {processor.py:183} INFO - Processing /home/airflow/.local/lib/python3.12/site-packages/airflow/example_dags/example_branch_python_dop_operator_3.py took 0.101 seconds
[2024-08-04T16:28:48.422+0000] {processor.py:161} INFO - Started process (PID=915) to work on /home/airflow/.local/lib/python3.12/site-packages/airflow/example_dags/example_branch_python_dop_operator_3.py
[2024-08-04T16:28:48.423+0000] {processor.py:830} INFO - Processing file /home/airflow/.local/lib/python3.12/site-packages/airflow/example_dags/example_branch_python_dop_operator_3.py for tasks to queue
[2024-08-04T16:28:48.424+0000] {logging_mixin.py:188} INFO - [2024-08-04T16:28:48.424+0000] {dagbag.py:545} INFO - Filling up the DagBag from /home/airflow/.local/lib/python3.12/site-packages/airflow/example_dags/example_branch_python_dop_operator_3.py
[2024-08-04T16:28:48.431+0000] {processor.py:840} INFO - DAG(s) 'example_branch_dop_operator_v3' retrieved from /home/airflow/.local/lib/python3.12/site-packages/airflow/example_dags/example_branch_python_dop_operator_3.py
[2024-08-04T16:28:48.446+0000] {logging_mixin.py:188} INFO - [2024-08-04T16:28:48.446+0000] {dag.py:3096} INFO - Sync 1 DAGs
[2024-08-04T16:28:48.467+0000] {logging_mixin.py:188} INFO - [2024-08-04T16:28:48.467+0000] {dag.py:3954} INFO - Setting next_dagrun for example_branch_dop_operator_v3 to 2024-08-04 16:27:00+00:00, run_after=2024-08-04 16:28:00+00:00
[2024-08-04T16:28:48.487+0000] {processor.py:183} INFO - Processing /home/airflow/.local/lib/python3.12/site-packages/airflow/example_dags/example_branch_python_dop_operator_3.py took 0.071 seconds
[2024-08-04T16:29:19.590+0000] {processor.py:161} INFO - Started process (PID=973) to work on /home/airflow/.local/lib/python3.12/site-packages/airflow/example_dags/example_branch_python_dop_operator_3.py
[2024-08-04T16:29:19.592+0000] {processor.py:830} INFO - Processing file /home/airflow/.local/lib/python3.12/site-packages/airflow/example_dags/example_branch_python_dop_operator_3.py for tasks to queue
[2024-08-04T16:29:19.594+0000] {logging_mixin.py:188} INFO - [2024-08-04T16:29:19.593+0000] {dagbag.py:545} INFO - Filling up the DagBag from /home/airflow/.local/lib/python3.12/site-packages/airflow/example_dags/example_branch_python_dop_operator_3.py
[2024-08-04T16:29:19.636+0000] {processor.py:840} INFO - DAG(s) 'example_branch_dop_operator_v3' retrieved from /home/airflow/.local/lib/python3.12/site-packages/airflow/example_dags/example_branch_python_dop_operator_3.py
[2024-08-04T16:29:19.664+0000] {logging_mixin.py:188} INFO - [2024-08-04T16:29:19.664+0000] {dag.py:3096} INFO - Sync 1 DAGs
[2024-08-04T16:29:19.690+0000] {logging_mixin.py:188} INFO - [2024-08-04T16:29:19.690+0000] {dag.py:3954} INFO - Setting next_dagrun for example_branch_dop_operator_v3 to 2024-08-04 16:28:00+00:00, run_after=2024-08-04 16:29:00+00:00
[2024-08-04T16:29:19.715+0000] {processor.py:183} INFO - Processing /home/airflow/.local/lib/python3.12/site-packages/airflow/example_dags/example_branch_python_dop_operator_3.py took 0.135 seconds
[2024-08-04T16:29:50.102+0000] {processor.py:161} INFO - Started process (PID=1031) to work on /home/airflow/.local/lib/python3.12/site-packages/airflow/example_dags/example_branch_python_dop_operator_3.py
[2024-08-04T16:29:50.103+0000] {processor.py:830} INFO - Processing file /home/airflow/.local/lib/python3.12/site-packages/airflow/example_dags/example_branch_python_dop_operator_3.py for tasks to queue
[2024-08-04T16:29:50.104+0000] {logging_mixin.py:188} INFO - [2024-08-04T16:29:50.104+0000] {dagbag.py:545} INFO - Filling up the DagBag from /home/airflow/.local/lib/python3.12/site-packages/airflow/example_dags/example_branch_python_dop_operator_3.py
[2024-08-04T16:29:50.111+0000] {processor.py:840} INFO - DAG(s) 'example_branch_dop_operator_v3' retrieved from /home/airflow/.local/lib/python3.12/site-packages/airflow/example_dags/example_branch_python_dop_operator_3.py
[2024-08-04T16:29:50.127+0000] {logging_mixin.py:188} INFO - [2024-08-04T16:29:50.126+0000] {dag.py:3096} INFO - Sync 1 DAGs
[2024-08-04T16:29:50.154+0000] {logging_mixin.py:188} INFO - [2024-08-04T16:29:50.154+0000] {dag.py:3954} INFO - Setting next_dagrun for example_branch_dop_operator_v3 to 2024-08-04 16:28:00+00:00, run_after=2024-08-04 16:29:00+00:00
[2024-08-04T16:29:50.174+0000] {processor.py:183} INFO - Processing /home/airflow/.local/lib/python3.12/site-packages/airflow/example_dags/example_branch_python_dop_operator_3.py took 0.077 seconds
[2024-08-04T16:30:20.661+0000] {processor.py:161} INFO - Started process (PID=1090) to work on /home/airflow/.local/lib/python3.12/site-packages/airflow/example_dags/example_branch_python_dop_operator_3.py
[2024-08-04T16:30:20.662+0000] {processor.py:830} INFO - Processing file /home/airflow/.local/lib/python3.12/site-packages/airflow/example_dags/example_branch_python_dop_operator_3.py for tasks to queue
[2024-08-04T16:30:20.664+0000] {logging_mixin.py:188} INFO - [2024-08-04T16:30:20.664+0000] {dagbag.py:545} INFO - Filling up the DagBag from /home/airflow/.local/lib/python3.12/site-packages/airflow/example_dags/example_branch_python_dop_operator_3.py
[2024-08-04T16:30:20.674+0000] {processor.py:840} INFO - DAG(s) 'example_branch_dop_operator_v3' retrieved from /home/airflow/.local/lib/python3.12/site-packages/airflow/example_dags/example_branch_python_dop_operator_3.py
[2024-08-04T16:30:20.699+0000] {logging_mixin.py:188} INFO - [2024-08-04T16:30:20.699+0000] {dag.py:3096} INFO - Sync 1 DAGs
[2024-08-04T16:30:20.719+0000] {logging_mixin.py:188} INFO - [2024-08-04T16:30:20.719+0000] {dag.py:3954} INFO - Setting next_dagrun for example_branch_dop_operator_v3 to 2024-08-04 16:29:00+00:00, run_after=2024-08-04 16:30:00+00:00
[2024-08-04T16:30:20.740+0000] {processor.py:183} INFO - Processing /home/airflow/.local/lib/python3.12/site-packages/airflow/example_dags/example_branch_python_dop_operator_3.py took 0.087 seconds
[2024-08-04T16:30:51.021+0000] {processor.py:161} INFO - Started process (PID=1149) to work on /home/airflow/.local/lib/python3.12/site-packages/airflow/example_dags/example_branch_python_dop_operator_3.py
[2024-08-04T16:30:51.021+0000] {processor.py:830} INFO - Processing file /home/airflow/.local/lib/python3.12/site-packages/airflow/example_dags/example_branch_python_dop_operator_3.py for tasks to queue
[2024-08-04T16:30:51.023+0000] {logging_mixin.py:188} INFO - [2024-08-04T16:30:51.022+0000] {dagbag.py:545} INFO - Filling up the DagBag from /home/airflow/.local/lib/python3.12/site-packages/airflow/example_dags/example_branch_python_dop_operator_3.py
[2024-08-04T16:30:51.029+0000] {processor.py:840} INFO - DAG(s) 'example_branch_dop_operator_v3' retrieved from /home/airflow/.local/lib/python3.12/site-packages/airflow/example_dags/example_branch_python_dop_operator_3.py
[2024-08-04T16:30:51.045+0000] {logging_mixin.py:188} INFO - [2024-08-04T16:30:51.044+0000] {dag.py:3096} INFO - Sync 1 DAGs
[2024-08-04T16:30:51.065+0000] {logging_mixin.py:188} INFO - [2024-08-04T16:30:51.065+0000] {dag.py:3954} INFO - Setting next_dagrun for example_branch_dop_operator_v3 to 2024-08-04 16:29:00+00:00, run_after=2024-08-04 16:30:00+00:00
[2024-08-04T16:30:51.085+0000] {processor.py:183} INFO - Processing /home/airflow/.local/lib/python3.12/site-packages/airflow/example_dags/example_branch_python_dop_operator_3.py took 0.069 seconds
[2024-08-04T16:31:21.164+0000] {processor.py:161} INFO - Started process (PID=1208) to work on /home/airflow/.local/lib/python3.12/site-packages/airflow/example_dags/example_branch_python_dop_operator_3.py
[2024-08-04T16:31:21.165+0000] {processor.py:830} INFO - Processing file /home/airflow/.local/lib/python3.12/site-packages/airflow/example_dags/example_branch_python_dop_operator_3.py for tasks to queue
[2024-08-04T16:31:21.166+0000] {logging_mixin.py:188} INFO - [2024-08-04T16:31:21.165+0000] {dagbag.py:545} INFO - Filling up the DagBag from /home/airflow/.local/lib/python3.12/site-packages/airflow/example_dags/example_branch_python_dop_operator_3.py
[2024-08-04T16:31:21.176+0000] {processor.py:840} INFO - DAG(s) 'example_branch_dop_operator_v3' retrieved from /home/airflow/.local/lib/python3.12/site-packages/airflow/example_dags/example_branch_python_dop_operator_3.py
[2024-08-04T16:31:21.198+0000] {logging_mixin.py:188} INFO - [2024-08-04T16:31:21.197+0000] {dag.py:3096} INFO - Sync 1 DAGs
[2024-08-04T16:31:21.226+0000] {logging_mixin.py:188} INFO - [2024-08-04T16:31:21.226+0000] {dag.py:3954} INFO - Setting next_dagrun for example_branch_dop_operator_v3 to 2024-08-04 16:30:00+00:00, run_after=2024-08-04 16:31:00+00:00
[2024-08-04T16:31:21.253+0000] {processor.py:183} INFO - Processing /home/airflow/.local/lib/python3.12/site-packages/airflow/example_dags/example_branch_python_dop_operator_3.py took 0.095 seconds
[2024-08-04T16:31:51.443+0000] {processor.py:161} INFO - Started process (PID=1267) to work on /home/airflow/.local/lib/python3.12/site-packages/airflow/example_dags/example_branch_python_dop_operator_3.py
[2024-08-04T16:31:51.443+0000] {processor.py:830} INFO - Processing file /home/airflow/.local/lib/python3.12/site-packages/airflow/example_dags/example_branch_python_dop_operator_3.py for tasks to queue
[2024-08-04T16:31:51.444+0000] {logging_mixin.py:188} INFO - [2024-08-04T16:31:51.444+0000] {dagbag.py:545} INFO - Filling up the DagBag from /home/airflow/.local/lib/python3.12/site-packages/airflow/example_dags/example_branch_python_dop_operator_3.py
[2024-08-04T16:31:51.451+0000] {processor.py:840} INFO - DAG(s) 'example_branch_dop_operator_v3' retrieved from /home/airflow/.local/lib/python3.12/site-packages/airflow/example_dags/example_branch_python_dop_operator_3.py
[2024-08-04T16:31:51.466+0000] {logging_mixin.py:188} INFO - [2024-08-04T16:31:51.466+0000] {dag.py:3096} INFO - Sync 1 DAGs
[2024-08-04T16:31:51.487+0000] {logging_mixin.py:188} INFO - [2024-08-04T16:31:51.487+0000] {dag.py:3954} INFO - Setting next_dagrun for example_branch_dop_operator_v3 to 2024-08-04 16:30:00+00:00, run_after=2024-08-04 16:31:00+00:00
[2024-08-04T16:31:51.506+0000] {processor.py:183} INFO - Processing /home/airflow/.local/lib/python3.12/site-packages/airflow/example_dags/example_branch_python_dop_operator_3.py took 0.069 seconds
[2024-08-04T16:32:21.965+0000] {processor.py:161} INFO - Started process (PID=1326) to work on /home/airflow/.local/lib/python3.12/site-packages/airflow/example_dags/example_branch_python_dop_operator_3.py
[2024-08-04T16:32:21.966+0000] {processor.py:830} INFO - Processing file /home/airflow/.local/lib/python3.12/site-packages/airflow/example_dags/example_branch_python_dop_operator_3.py for tasks to queue
[2024-08-04T16:32:21.967+0000] {logging_mixin.py:188} INFO - [2024-08-04T16:32:21.966+0000] {dagbag.py:545} INFO - Filling up the DagBag from /home/airflow/.local/lib/python3.12/site-packages/airflow/example_dags/example_branch_python_dop_operator_3.py
[2024-08-04T16:32:21.977+0000] {processor.py:840} INFO - DAG(s) 'example_branch_dop_operator_v3' retrieved from /home/airflow/.local/lib/python3.12/site-packages/airflow/example_dags/example_branch_python_dop_operator_3.py
[2024-08-04T16:32:21.999+0000] {logging_mixin.py:188} INFO - [2024-08-04T16:32:21.998+0000] {dag.py:3096} INFO - Sync 1 DAGs
[2024-08-04T16:32:22.020+0000] {logging_mixin.py:188} INFO - [2024-08-04T16:32:22.020+0000] {dag.py:3954} INFO - Setting next_dagrun for example_branch_dop_operator_v3 to 2024-08-04 16:31:00+00:00, run_after=2024-08-04 16:32:00+00:00
[2024-08-04T16:32:22.043+0000] {processor.py:183} INFO - Processing /home/airflow/.local/lib/python3.12/site-packages/airflow/example_dags/example_branch_python_dop_operator_3.py took 0.083 seconds
[2024-08-04T16:32:52.761+0000] {processor.py:161} INFO - Started process (PID=1385) to work on /home/airflow/.local/lib/python3.12/site-packages/airflow/example_dags/example_branch_python_dop_operator_3.py
[2024-08-04T16:32:52.766+0000] {processor.py:830} INFO - Processing file /home/airflow/.local/lib/python3.12/site-packages/airflow/example_dags/example_branch_python_dop_operator_3.py for tasks to queue
[2024-08-04T16:32:52.767+0000] {logging_mixin.py:188} INFO - [2024-08-04T16:32:52.767+0000] {dagbag.py:545} INFO - Filling up the DagBag from /home/airflow/.local/lib/python3.12/site-packages/airflow/example_dags/example_branch_python_dop_operator_3.py
[2024-08-04T16:32:52.777+0000] {processor.py:840} INFO - DAG(s) 'example_branch_dop_operator_v3' retrieved from /home/airflow/.local/lib/python3.12/site-packages/airflow/example_dags/example_branch_python_dop_operator_3.py
[2024-08-04T16:32:52.805+0000] {logging_mixin.py:188} INFO - [2024-08-04T16:32:52.804+0000] {dag.py:3096} INFO - Sync 1 DAGs
[2024-08-04T16:32:52.847+0000] {logging_mixin.py:188} INFO - [2024-08-04T16:32:52.846+0000] {dag.py:3954} INFO - Setting next_dagrun for example_branch_dop_operator_v3 to 2024-08-04 16:31:00+00:00, run_after=2024-08-04 16:32:00+00:00
[2024-08-04T16:32:52.888+0000] {processor.py:183} INFO - Processing /home/airflow/.local/lib/python3.12/site-packages/airflow/example_dags/example_branch_python_dop_operator_3.py took 0.134 seconds
[2024-08-04T16:33:23.640+0000] {processor.py:161} INFO - Started process (PID=1444) to work on /home/airflow/.local/lib/python3.12/site-packages/airflow/example_dags/example_branch_python_dop_operator_3.py
[2024-08-04T16:33:23.650+0000] {processor.py:830} INFO - Processing file /home/airflow/.local/lib/python3.12/site-packages/airflow/example_dags/example_branch_python_dop_operator_3.py for tasks to queue
[2024-08-04T16:33:23.650+0000] {logging_mixin.py:188} INFO - [2024-08-04T16:33:23.650+0000] {dagbag.py:545} INFO - Filling up the DagBag from /home/airflow/.local/lib/python3.12/site-packages/airflow/example_dags/example_branch_python_dop_operator_3.py
[2024-08-04T16:33:23.686+0000] {processor.py:840} INFO - DAG(s) 'example_branch_dop_operator_v3' retrieved from /home/airflow/.local/lib/python3.12/site-packages/airflow/example_dags/example_branch_python_dop_operator_3.py
[2024-08-04T16:33:23.725+0000] {logging_mixin.py:188} INFO - [2024-08-04T16:33:23.725+0000] {dag.py:3096} INFO - Sync 1 DAGs
[2024-08-04T16:33:23.800+0000] {logging_mixin.py:188} INFO - [2024-08-04T16:33:23.800+0000] {dag.py:3954} INFO - Setting next_dagrun for example_branch_dop_operator_v3 to 2024-08-04 16:32:00+00:00, run_after=2024-08-04 16:33:00+00:00
[2024-08-04T16:33:23.842+0000] {processor.py:183} INFO - Processing /home/airflow/.local/lib/python3.12/site-packages/airflow/example_dags/example_branch_python_dop_operator_3.py took 0.217 seconds
[2024-08-04T16:33:54.076+0000] {processor.py:161} INFO - Started process (PID=1503) to work on /home/airflow/.local/lib/python3.12/site-packages/airflow/example_dags/example_branch_python_dop_operator_3.py
[2024-08-04T16:33:54.076+0000] {processor.py:830} INFO - Processing file /home/airflow/.local/lib/python3.12/site-packages/airflow/example_dags/example_branch_python_dop_operator_3.py for tasks to queue
[2024-08-04T16:33:54.077+0000] {logging_mixin.py:188} INFO - [2024-08-04T16:33:54.077+0000] {dagbag.py:545} INFO - Filling up the DagBag from /home/airflow/.local/lib/python3.12/site-packages/airflow/example_dags/example_branch_python_dop_operator_3.py
[2024-08-04T16:33:54.087+0000] {processor.py:840} INFO - DAG(s) 'example_branch_dop_operator_v3' retrieved from /home/airflow/.local/lib/python3.12/site-packages/airflow/example_dags/example_branch_python_dop_operator_3.py
[2024-08-04T16:33:54.104+0000] {logging_mixin.py:188} INFO - [2024-08-04T16:33:54.104+0000] {dag.py:3096} INFO - Sync 1 DAGs
[2024-08-04T16:33:54.125+0000] {logging_mixin.py:188} INFO - [2024-08-04T16:33:54.124+0000] {dag.py:3954} INFO - Setting next_dagrun for example_branch_dop_operator_v3 to 2024-08-04 16:32:00+00:00, run_after=2024-08-04 16:33:00+00:00
[2024-08-04T16:33:54.144+0000] {processor.py:183} INFO - Processing /home/airflow/.local/lib/python3.12/site-packages/airflow/example_dags/example_branch_python_dop_operator_3.py took 0.075 seconds
[2024-08-04T16:34:24.285+0000] {processor.py:161} INFO - Started process (PID=1562) to work on /home/airflow/.local/lib/python3.12/site-packages/airflow/example_dags/example_branch_python_dop_operator_3.py
[2024-08-04T16:34:24.286+0000] {processor.py:830} INFO - Processing file /home/airflow/.local/lib/python3.12/site-packages/airflow/example_dags/example_branch_python_dop_operator_3.py for tasks to queue
[2024-08-04T16:34:24.287+0000] {logging_mixin.py:188} INFO - [2024-08-04T16:34:24.286+0000] {dagbag.py:545} INFO - Filling up the DagBag from /home/airflow/.local/lib/python3.12/site-packages/airflow/example_dags/example_branch_python_dop_operator_3.py
[2024-08-04T16:34:24.294+0000] {processor.py:840} INFO - DAG(s) 'example_branch_dop_operator_v3' retrieved from /home/airflow/.local/lib/python3.12/site-packages/airflow/example_dags/example_branch_python_dop_operator_3.py
[2024-08-04T16:34:24.310+0000] {logging_mixin.py:188} INFO - [2024-08-04T16:34:24.309+0000] {dag.py:3096} INFO - Sync 1 DAGs
[2024-08-04T16:34:24.330+0000] {logging_mixin.py:188} INFO - [2024-08-04T16:34:24.330+0000] {dag.py:3954} INFO - Setting next_dagrun for example_branch_dop_operator_v3 to 2024-08-04 16:33:00+00:00, run_after=2024-08-04 16:34:00+00:00
[2024-08-04T16:34:24.356+0000] {processor.py:183} INFO - Processing /home/airflow/.local/lib/python3.12/site-packages/airflow/example_dags/example_branch_python_dop_operator_3.py took 0.077 seconds
[2024-08-04T16:34:54.391+0000] {processor.py:161} INFO - Started process (PID=1621) to work on /home/airflow/.local/lib/python3.12/site-packages/airflow/example_dags/example_branch_python_dop_operator_3.py
[2024-08-04T16:34:54.392+0000] {processor.py:830} INFO - Processing file /home/airflow/.local/lib/python3.12/site-packages/airflow/example_dags/example_branch_python_dop_operator_3.py for tasks to queue
[2024-08-04T16:34:54.392+0000] {logging_mixin.py:188} INFO - [2024-08-04T16:34:54.392+0000] {dagbag.py:545} INFO - Filling up the DagBag from /home/airflow/.local/lib/python3.12/site-packages/airflow/example_dags/example_branch_python_dop_operator_3.py
[2024-08-04T16:34:54.403+0000] {processor.py:840} INFO - DAG(s) 'example_branch_dop_operator_v3' retrieved from /home/airflow/.local/lib/python3.12/site-packages/airflow/example_dags/example_branch_python_dop_operator_3.py
[2024-08-04T16:34:54.424+0000] {logging_mixin.py:188} INFO - [2024-08-04T16:34:54.424+0000] {dag.py:3096} INFO - Sync 1 DAGs
[2024-08-04T16:34:54.460+0000] {logging_mixin.py:188} INFO - [2024-08-04T16:34:54.460+0000] {dag.py:3954} INFO - Setting next_dagrun for example_branch_dop_operator_v3 to 2024-08-04 16:33:00+00:00, run_after=2024-08-04 16:34:00+00:00
[2024-08-04T16:34:54.485+0000] {processor.py:183} INFO - Processing /home/airflow/.local/lib/python3.12/site-packages/airflow/example_dags/example_branch_python_dop_operator_3.py took 0.100 seconds
[2024-08-04T16:35:24.813+0000] {processor.py:161} INFO - Started process (PID=1679) to work on /home/airflow/.local/lib/python3.12/site-packages/airflow/example_dags/example_branch_python_dop_operator_3.py
[2024-08-04T16:35:24.814+0000] {processor.py:830} INFO - Processing file /home/airflow/.local/lib/python3.12/site-packages/airflow/example_dags/example_branch_python_dop_operator_3.py for tasks to queue
[2024-08-04T16:35:24.815+0000] {logging_mixin.py:188} INFO - [2024-08-04T16:35:24.814+0000] {dagbag.py:545} INFO - Filling up the DagBag from /home/airflow/.local/lib/python3.12/site-packages/airflow/example_dags/example_branch_python_dop_operator_3.py
[2024-08-04T16:35:24.823+0000] {processor.py:840} INFO - DAG(s) 'example_branch_dop_operator_v3' retrieved from /home/airflow/.local/lib/python3.12/site-packages/airflow/example_dags/example_branch_python_dop_operator_3.py
[2024-08-04T16:35:24.839+0000] {logging_mixin.py:188} INFO - [2024-08-04T16:35:24.839+0000] {dag.py:3096} INFO - Sync 1 DAGs
[2024-08-04T16:35:24.859+0000] {logging_mixin.py:188} INFO - [2024-08-04T16:35:24.859+0000] {dag.py:3954} INFO - Setting next_dagrun for example_branch_dop_operator_v3 to 2024-08-04 16:34:00+00:00, run_after=2024-08-04 16:35:00+00:00
[2024-08-04T16:35:24.881+0000] {processor.py:183} INFO - Processing /home/airflow/.local/lib/python3.12/site-packages/airflow/example_dags/example_branch_python_dop_operator_3.py took 0.079 seconds
[2024-08-04T16:35:55.094+0000] {processor.py:161} INFO - Started process (PID=1739) to work on /home/airflow/.local/lib/python3.12/site-packages/airflow/example_dags/example_branch_python_dop_operator_3.py
[2024-08-04T16:35:55.095+0000] {processor.py:830} INFO - Processing file /home/airflow/.local/lib/python3.12/site-packages/airflow/example_dags/example_branch_python_dop_operator_3.py for tasks to queue
[2024-08-04T16:35:55.096+0000] {logging_mixin.py:188} INFO - [2024-08-04T16:35:55.096+0000] {dagbag.py:545} INFO - Filling up the DagBag from /home/airflow/.local/lib/python3.12/site-packages/airflow/example_dags/example_branch_python_dop_operator_3.py
[2024-08-04T16:35:55.102+0000] {processor.py:840} INFO - DAG(s) 'example_branch_dop_operator_v3' retrieved from /home/airflow/.local/lib/python3.12/site-packages/airflow/example_dags/example_branch_python_dop_operator_3.py
[2024-08-04T16:35:55.119+0000] {logging_mixin.py:188} INFO - [2024-08-04T16:35:55.119+0000] {dag.py:3096} INFO - Sync 1 DAGs
[2024-08-04T16:35:55.140+0000] {logging_mixin.py:188} INFO - [2024-08-04T16:35:55.140+0000] {dag.py:3954} INFO - Setting next_dagrun for example_branch_dop_operator_v3 to 2024-08-04 16:34:00+00:00, run_after=2024-08-04 16:35:00+00:00
[2024-08-04T16:35:55.160+0000] {processor.py:183} INFO - Processing /home/airflow/.local/lib/python3.12/site-packages/airflow/example_dags/example_branch_python_dop_operator_3.py took 0.072 seconds
