[2024-08-04T16:21:12.316+0000] {processor.py:161} INFO - Started process (PID=45) to work on /home/airflow/.local/lib/python3.12/site-packages/airflow/example_dags/example_nested_branch_dag.py
[2024-08-04T16:21:12.317+0000] {processor.py:830} INFO - Processing file /home/airflow/.local/lib/python3.12/site-packages/airflow/example_dags/example_nested_branch_dag.py for tasks to queue
[2024-08-04T16:21:12.319+0000] {logging_mixin.py:188} INFO - [2024-08-04T16:21:12.319+0000] {dagbag.py:545} INFO - Filling up the DagBag from /home/airflow/.local/lib/python3.12/site-packages/airflow/example_dags/example_nested_branch_dag.py
[2024-08-04T16:21:12.374+0000] {processor.py:840} INFO - DAG(s) 'example_nested_branch_dag' retrieved from /home/airflow/.local/lib/python3.12/site-packages/airflow/example_dags/example_nested_branch_dag.py
[2024-08-04T16:21:12.845+0000] {logging_mixin.py:188} INFO - [2024-08-04T16:21:12.845+0000] {dag.py:3096} INFO - Sync 1 DAGs
[2024-08-04T16:21:12.928+0000] {logging_mixin.py:188} INFO - [2024-08-04T16:21:12.928+0000] {dag.py:3954} INFO - Setting next_dagrun for example_nested_branch_dag to 2024-08-03 00:00:00+00:00, run_after=2024-08-04 00:00:00+00:00
[2024-08-04T16:21:13.004+0000] {processor.py:183} INFO - Processing /home/airflow/.local/lib/python3.12/site-packages/airflow/example_dags/example_nested_branch_dag.py took 0.730 seconds
[2024-08-04T16:21:43.496+0000] {processor.py:161} INFO - Started process (PID=103) to work on /home/airflow/.local/lib/python3.12/site-packages/airflow/example_dags/example_nested_branch_dag.py
[2024-08-04T16:21:43.502+0000] {processor.py:830} INFO - Processing file /home/airflow/.local/lib/python3.12/site-packages/airflow/example_dags/example_nested_branch_dag.py for tasks to queue
[2024-08-04T16:21:43.503+0000] {logging_mixin.py:188} INFO - [2024-08-04T16:21:43.503+0000] {dagbag.py:545} INFO - Filling up the DagBag from /home/airflow/.local/lib/python3.12/site-packages/airflow/example_dags/example_nested_branch_dag.py
[2024-08-04T16:21:43.515+0000] {processor.py:840} INFO - DAG(s) 'example_nested_branch_dag' retrieved from /home/airflow/.local/lib/python3.12/site-packages/airflow/example_dags/example_nested_branch_dag.py
[2024-08-04T16:21:43.538+0000] {logging_mixin.py:188} INFO - [2024-08-04T16:21:43.538+0000] {dag.py:3096} INFO - Sync 1 DAGs
[2024-08-04T16:21:43.566+0000] {logging_mixin.py:188} INFO - [2024-08-04T16:21:43.565+0000] {dag.py:3954} INFO - Setting next_dagrun for example_nested_branch_dag to 2024-08-03 00:00:00+00:00, run_after=2024-08-04 00:00:00+00:00
[2024-08-04T16:21:43.610+0000] {processor.py:183} INFO - Processing /home/airflow/.local/lib/python3.12/site-packages/airflow/example_dags/example_nested_branch_dag.py took 0.123 seconds
[2024-08-04T16:22:13.723+0000] {processor.py:161} INFO - Started process (PID=161) to work on /home/airflow/.local/lib/python3.12/site-packages/airflow/example_dags/example_nested_branch_dag.py
[2024-08-04T16:22:13.723+0000] {processor.py:830} INFO - Processing file /home/airflow/.local/lib/python3.12/site-packages/airflow/example_dags/example_nested_branch_dag.py for tasks to queue
[2024-08-04T16:22:13.730+0000] {logging_mixin.py:188} INFO - [2024-08-04T16:22:13.730+0000] {dagbag.py:545} INFO - Filling up the DagBag from /home/airflow/.local/lib/python3.12/site-packages/airflow/example_dags/example_nested_branch_dag.py
[2024-08-04T16:22:13.741+0000] {processor.py:840} INFO - DAG(s) 'example_nested_branch_dag' retrieved from /home/airflow/.local/lib/python3.12/site-packages/airflow/example_dags/example_nested_branch_dag.py
[2024-08-04T16:22:13.768+0000] {logging_mixin.py:188} INFO - [2024-08-04T16:22:13.768+0000] {dag.py:3096} INFO - Sync 1 DAGs
[2024-08-04T16:22:13.797+0000] {logging_mixin.py:188} INFO - [2024-08-04T16:22:13.796+0000] {dag.py:3954} INFO - Setting next_dagrun for example_nested_branch_dag to 2024-08-03 00:00:00+00:00, run_after=2024-08-04 00:00:00+00:00
[2024-08-04T16:22:13.823+0000] {processor.py:183} INFO - Processing /home/airflow/.local/lib/python3.12/site-packages/airflow/example_dags/example_nested_branch_dag.py took 0.106 seconds
[2024-08-04T16:22:44.457+0000] {processor.py:161} INFO - Started process (PID=219) to work on /home/airflow/.local/lib/python3.12/site-packages/airflow/example_dags/example_nested_branch_dag.py
[2024-08-04T16:22:44.458+0000] {processor.py:830} INFO - Processing file /home/airflow/.local/lib/python3.12/site-packages/airflow/example_dags/example_nested_branch_dag.py for tasks to queue
[2024-08-04T16:22:44.460+0000] {logging_mixin.py:188} INFO - [2024-08-04T16:22:44.459+0000] {dagbag.py:545} INFO - Filling up the DagBag from /home/airflow/.local/lib/python3.12/site-packages/airflow/example_dags/example_nested_branch_dag.py
[2024-08-04T16:22:44.471+0000] {processor.py:840} INFO - DAG(s) 'example_nested_branch_dag' retrieved from /home/airflow/.local/lib/python3.12/site-packages/airflow/example_dags/example_nested_branch_dag.py
[2024-08-04T16:22:44.496+0000] {logging_mixin.py:188} INFO - [2024-08-04T16:22:44.496+0000] {dag.py:3096} INFO - Sync 1 DAGs
[2024-08-04T16:22:44.523+0000] {logging_mixin.py:188} INFO - [2024-08-04T16:22:44.523+0000] {dag.py:3954} INFO - Setting next_dagrun for example_nested_branch_dag to 2024-08-03 00:00:00+00:00, run_after=2024-08-04 00:00:00+00:00
[2024-08-04T16:22:44.547+0000] {processor.py:183} INFO - Processing /home/airflow/.local/lib/python3.12/site-packages/airflow/example_dags/example_nested_branch_dag.py took 0.097 seconds
[2024-08-04T16:23:15.039+0000] {processor.py:161} INFO - Started process (PID=277) to work on /home/airflow/.local/lib/python3.12/site-packages/airflow/example_dags/example_nested_branch_dag.py
[2024-08-04T16:23:15.040+0000] {processor.py:830} INFO - Processing file /home/airflow/.local/lib/python3.12/site-packages/airflow/example_dags/example_nested_branch_dag.py for tasks to queue
[2024-08-04T16:23:15.042+0000] {logging_mixin.py:188} INFO - [2024-08-04T16:23:15.042+0000] {dagbag.py:545} INFO - Filling up the DagBag from /home/airflow/.local/lib/python3.12/site-packages/airflow/example_dags/example_nested_branch_dag.py
[2024-08-04T16:23:15.053+0000] {processor.py:840} INFO - DAG(s) 'example_nested_branch_dag' retrieved from /home/airflow/.local/lib/python3.12/site-packages/airflow/example_dags/example_nested_branch_dag.py
[2024-08-04T16:23:15.080+0000] {logging_mixin.py:188} INFO - [2024-08-04T16:23:15.080+0000] {dag.py:3096} INFO - Sync 1 DAGs
[2024-08-04T16:23:15.125+0000] {logging_mixin.py:188} INFO - [2024-08-04T16:23:15.124+0000] {dag.py:3954} INFO - Setting next_dagrun for example_nested_branch_dag to 2024-08-03 00:00:00+00:00, run_after=2024-08-04 00:00:00+00:00
[2024-08-04T16:23:15.198+0000] {processor.py:183} INFO - Processing /home/airflow/.local/lib/python3.12/site-packages/airflow/example_dags/example_nested_branch_dag.py took 0.169 seconds
[2024-08-04T16:23:45.838+0000] {processor.py:161} INFO - Started process (PID=335) to work on /home/airflow/.local/lib/python3.12/site-packages/airflow/example_dags/example_nested_branch_dag.py
[2024-08-04T16:23:45.839+0000] {processor.py:830} INFO - Processing file /home/airflow/.local/lib/python3.12/site-packages/airflow/example_dags/example_nested_branch_dag.py for tasks to queue
[2024-08-04T16:23:45.841+0000] {logging_mixin.py:188} INFO - [2024-08-04T16:23:45.841+0000] {dagbag.py:545} INFO - Filling up the DagBag from /home/airflow/.local/lib/python3.12/site-packages/airflow/example_dags/example_nested_branch_dag.py
[2024-08-04T16:23:45.878+0000] {processor.py:840} INFO - DAG(s) 'example_nested_branch_dag' retrieved from /home/airflow/.local/lib/python3.12/site-packages/airflow/example_dags/example_nested_branch_dag.py
[2024-08-04T16:23:45.954+0000] {logging_mixin.py:188} INFO - [2024-08-04T16:23:45.954+0000] {dag.py:3096} INFO - Sync 1 DAGs
[2024-08-04T16:23:46.067+0000] {logging_mixin.py:188} INFO - [2024-08-04T16:23:46.066+0000] {dag.py:3954} INFO - Setting next_dagrun for example_nested_branch_dag to 2024-08-03 00:00:00+00:00, run_after=2024-08-04 00:00:00+00:00
[2024-08-04T16:23:46.158+0000] {processor.py:183} INFO - Processing /home/airflow/.local/lib/python3.12/site-packages/airflow/example_dags/example_nested_branch_dag.py took 0.345 seconds
[2024-08-04T16:24:16.498+0000] {processor.py:161} INFO - Started process (PID=393) to work on /home/airflow/.local/lib/python3.12/site-packages/airflow/example_dags/example_nested_branch_dag.py
[2024-08-04T16:24:16.499+0000] {processor.py:830} INFO - Processing file /home/airflow/.local/lib/python3.12/site-packages/airflow/example_dags/example_nested_branch_dag.py for tasks to queue
[2024-08-04T16:24:16.501+0000] {logging_mixin.py:188} INFO - [2024-08-04T16:24:16.500+0000] {dagbag.py:545} INFO - Filling up the DagBag from /home/airflow/.local/lib/python3.12/site-packages/airflow/example_dags/example_nested_branch_dag.py
[2024-08-04T16:24:16.512+0000] {processor.py:840} INFO - DAG(s) 'example_nested_branch_dag' retrieved from /home/airflow/.local/lib/python3.12/site-packages/airflow/example_dags/example_nested_branch_dag.py
[2024-08-04T16:24:16.540+0000] {logging_mixin.py:188} INFO - [2024-08-04T16:24:16.539+0000] {dag.py:3096} INFO - Sync 1 DAGs
[2024-08-04T16:24:16.566+0000] {logging_mixin.py:188} INFO - [2024-08-04T16:24:16.566+0000] {dag.py:3954} INFO - Setting next_dagrun for example_nested_branch_dag to 2024-08-03 00:00:00+00:00, run_after=2024-08-04 00:00:00+00:00
[2024-08-04T16:24:16.597+0000] {processor.py:183} INFO - Processing /home/airflow/.local/lib/python3.12/site-packages/airflow/example_dags/example_nested_branch_dag.py took 0.105 seconds
[2024-08-04T16:24:47.311+0000] {processor.py:161} INFO - Started process (PID=458) to work on /home/airflow/.local/lib/python3.12/site-packages/airflow/example_dags/example_nested_branch_dag.py
[2024-08-04T16:24:47.312+0000] {processor.py:830} INFO - Processing file /home/airflow/.local/lib/python3.12/site-packages/airflow/example_dags/example_nested_branch_dag.py for tasks to queue
[2024-08-04T16:24:47.315+0000] {logging_mixin.py:188} INFO - [2024-08-04T16:24:47.314+0000] {dagbag.py:545} INFO - Filling up the DagBag from /home/airflow/.local/lib/python3.12/site-packages/airflow/example_dags/example_nested_branch_dag.py
[2024-08-04T16:24:47.326+0000] {processor.py:840} INFO - DAG(s) 'example_nested_branch_dag' retrieved from /home/airflow/.local/lib/python3.12/site-packages/airflow/example_dags/example_nested_branch_dag.py
[2024-08-04T16:24:47.384+0000] {logging_mixin.py:188} INFO - [2024-08-04T16:24:47.383+0000] {dag.py:3096} INFO - Sync 1 DAGs
[2024-08-04T16:24:47.423+0000] {logging_mixin.py:188} INFO - [2024-08-04T16:24:47.423+0000] {dag.py:3954} INFO - Setting next_dagrun for example_nested_branch_dag to 2024-08-03 00:00:00+00:00, run_after=2024-08-04 00:00:00+00:00
[2024-08-04T16:24:47.460+0000] {processor.py:183} INFO - Processing /home/airflow/.local/lib/python3.12/site-packages/airflow/example_dags/example_nested_branch_dag.py took 0.156 seconds
[2024-08-04T16:25:18.446+0000] {processor.py:161} INFO - Started process (PID=516) to work on /home/airflow/.local/lib/python3.12/site-packages/airflow/example_dags/example_nested_branch_dag.py
[2024-08-04T16:25:18.447+0000] {processor.py:830} INFO - Processing file /home/airflow/.local/lib/python3.12/site-packages/airflow/example_dags/example_nested_branch_dag.py for tasks to queue
[2024-08-04T16:25:18.448+0000] {logging_mixin.py:188} INFO - [2024-08-04T16:25:18.448+0000] {dagbag.py:545} INFO - Filling up the DagBag from /home/airflow/.local/lib/python3.12/site-packages/airflow/example_dags/example_nested_branch_dag.py
[2024-08-04T16:25:18.459+0000] {processor.py:840} INFO - DAG(s) 'example_nested_branch_dag' retrieved from /home/airflow/.local/lib/python3.12/site-packages/airflow/example_dags/example_nested_branch_dag.py
[2024-08-04T16:25:18.486+0000] {logging_mixin.py:188} INFO - [2024-08-04T16:25:18.486+0000] {dag.py:3096} INFO - Sync 1 DAGs
[2024-08-04T16:25:18.513+0000] {logging_mixin.py:188} INFO - [2024-08-04T16:25:18.513+0000] {dag.py:3954} INFO - Setting next_dagrun for example_nested_branch_dag to 2024-08-03 00:00:00+00:00, run_after=2024-08-04 00:00:00+00:00
[2024-08-04T16:25:18.538+0000] {processor.py:183} INFO - Processing /home/airflow/.local/lib/python3.12/site-packages/airflow/example_dags/example_nested_branch_dag.py took 0.099 seconds
[2024-08-04T16:25:48.986+0000] {processor.py:161} INFO - Started process (PID=575) to work on /home/airflow/.local/lib/python3.12/site-packages/airflow/example_dags/example_nested_branch_dag.py
[2024-08-04T16:25:48.987+0000] {processor.py:830} INFO - Processing file /home/airflow/.local/lib/python3.12/site-packages/airflow/example_dags/example_nested_branch_dag.py for tasks to queue
[2024-08-04T16:25:48.988+0000] {logging_mixin.py:188} INFO - [2024-08-04T16:25:48.988+0000] {dagbag.py:545} INFO - Filling up the DagBag from /home/airflow/.local/lib/python3.12/site-packages/airflow/example_dags/example_nested_branch_dag.py
[2024-08-04T16:25:49.001+0000] {processor.py:840} INFO - DAG(s) 'example_nested_branch_dag' retrieved from /home/airflow/.local/lib/python3.12/site-packages/airflow/example_dags/example_nested_branch_dag.py
[2024-08-04T16:25:49.028+0000] {logging_mixin.py:188} INFO - [2024-08-04T16:25:49.028+0000] {dag.py:3096} INFO - Sync 1 DAGs
[2024-08-04T16:25:49.054+0000] {logging_mixin.py:188} INFO - [2024-08-04T16:25:49.054+0000] {dag.py:3954} INFO - Setting next_dagrun for example_nested_branch_dag to 2024-08-03 00:00:00+00:00, run_after=2024-08-04 00:00:00+00:00
[2024-08-04T16:25:49.079+0000] {processor.py:183} INFO - Processing /home/airflow/.local/lib/python3.12/site-packages/airflow/example_dags/example_nested_branch_dag.py took 0.100 seconds
[2024-08-04T16:26:19.236+0000] {processor.py:161} INFO - Started process (PID=632) to work on /home/airflow/.local/lib/python3.12/site-packages/airflow/example_dags/example_nested_branch_dag.py
[2024-08-04T16:26:19.237+0000] {processor.py:830} INFO - Processing file /home/airflow/.local/lib/python3.12/site-packages/airflow/example_dags/example_nested_branch_dag.py for tasks to queue
[2024-08-04T16:26:19.239+0000] {logging_mixin.py:188} INFO - [2024-08-04T16:26:19.238+0000] {dagbag.py:545} INFO - Filling up the DagBag from /home/airflow/.local/lib/python3.12/site-packages/airflow/example_dags/example_nested_branch_dag.py
[2024-08-04T16:26:19.250+0000] {processor.py:840} INFO - DAG(s) 'example_nested_branch_dag' retrieved from /home/airflow/.local/lib/python3.12/site-packages/airflow/example_dags/example_nested_branch_dag.py
[2024-08-04T16:26:19.277+0000] {logging_mixin.py:188} INFO - [2024-08-04T16:26:19.277+0000] {dag.py:3096} INFO - Sync 1 DAGs
[2024-08-04T16:26:19.310+0000] {logging_mixin.py:188} INFO - [2024-08-04T16:26:19.310+0000] {dag.py:3954} INFO - Setting next_dagrun for example_nested_branch_dag to 2024-08-03 00:00:00+00:00, run_after=2024-08-04 00:00:00+00:00
[2024-08-04T16:26:19.338+0000] {processor.py:183} INFO - Processing /home/airflow/.local/lib/python3.12/site-packages/airflow/example_dags/example_nested_branch_dag.py took 0.109 seconds
[2024-08-04T16:26:49.724+0000] {processor.py:161} INFO - Started process (PID=690) to work on /home/airflow/.local/lib/python3.12/site-packages/airflow/example_dags/example_nested_branch_dag.py
[2024-08-04T16:26:49.725+0000] {processor.py:830} INFO - Processing file /home/airflow/.local/lib/python3.12/site-packages/airflow/example_dags/example_nested_branch_dag.py for tasks to queue
[2024-08-04T16:26:49.727+0000] {logging_mixin.py:188} INFO - [2024-08-04T16:26:49.726+0000] {dagbag.py:545} INFO - Filling up the DagBag from /home/airflow/.local/lib/python3.12/site-packages/airflow/example_dags/example_nested_branch_dag.py
[2024-08-04T16:26:49.738+0000] {processor.py:840} INFO - DAG(s) 'example_nested_branch_dag' retrieved from /home/airflow/.local/lib/python3.12/site-packages/airflow/example_dags/example_nested_branch_dag.py
[2024-08-04T16:26:49.765+0000] {logging_mixin.py:188} INFO - [2024-08-04T16:26:49.765+0000] {dag.py:3096} INFO - Sync 1 DAGs
[2024-08-04T16:26:49.792+0000] {logging_mixin.py:188} INFO - [2024-08-04T16:26:49.792+0000] {dag.py:3954} INFO - Setting next_dagrun for example_nested_branch_dag to 2024-08-03 00:00:00+00:00, run_after=2024-08-04 00:00:00+00:00
[2024-08-04T16:26:49.818+0000] {processor.py:183} INFO - Processing /home/airflow/.local/lib/python3.12/site-packages/airflow/example_dags/example_nested_branch_dag.py took 0.100 seconds
[2024-08-04T16:27:20.340+0000] {processor.py:161} INFO - Started process (PID=748) to work on /home/airflow/.local/lib/python3.12/site-packages/airflow/example_dags/example_nested_branch_dag.py
[2024-08-04T16:27:20.340+0000] {processor.py:830} INFO - Processing file /home/airflow/.local/lib/python3.12/site-packages/airflow/example_dags/example_nested_branch_dag.py for tasks to queue
[2024-08-04T16:27:20.342+0000] {logging_mixin.py:188} INFO - [2024-08-04T16:27:20.342+0000] {dagbag.py:545} INFO - Filling up the DagBag from /home/airflow/.local/lib/python3.12/site-packages/airflow/example_dags/example_nested_branch_dag.py
[2024-08-04T16:27:20.353+0000] {processor.py:840} INFO - DAG(s) 'example_nested_branch_dag' retrieved from /home/airflow/.local/lib/python3.12/site-packages/airflow/example_dags/example_nested_branch_dag.py
[2024-08-04T16:27:20.381+0000] {logging_mixin.py:188} INFO - [2024-08-04T16:27:20.380+0000] {dag.py:3096} INFO - Sync 1 DAGs
[2024-08-04T16:27:20.407+0000] {logging_mixin.py:188} INFO - [2024-08-04T16:27:20.407+0000] {dag.py:3954} INFO - Setting next_dagrun for example_nested_branch_dag to 2024-08-03 00:00:00+00:00, run_after=2024-08-04 00:00:00+00:00
[2024-08-04T16:27:20.433+0000] {processor.py:183} INFO - Processing /home/airflow/.local/lib/python3.12/site-packages/airflow/example_dags/example_nested_branch_dag.py took 0.099 seconds
[2024-08-04T16:27:50.788+0000] {processor.py:161} INFO - Started process (PID=806) to work on /home/airflow/.local/lib/python3.12/site-packages/airflow/example_dags/example_nested_branch_dag.py
[2024-08-04T16:27:50.789+0000] {processor.py:830} INFO - Processing file /home/airflow/.local/lib/python3.12/site-packages/airflow/example_dags/example_nested_branch_dag.py for tasks to queue
[2024-08-04T16:27:50.791+0000] {logging_mixin.py:188} INFO - [2024-08-04T16:27:50.790+0000] {dagbag.py:545} INFO - Filling up the DagBag from /home/airflow/.local/lib/python3.12/site-packages/airflow/example_dags/example_nested_branch_dag.py
[2024-08-04T16:27:50.802+0000] {processor.py:840} INFO - DAG(s) 'example_nested_branch_dag' retrieved from /home/airflow/.local/lib/python3.12/site-packages/airflow/example_dags/example_nested_branch_dag.py
[2024-08-04T16:27:50.829+0000] {logging_mixin.py:188} INFO - [2024-08-04T16:27:50.828+0000] {dag.py:3096} INFO - Sync 1 DAGs
[2024-08-04T16:27:50.856+0000] {logging_mixin.py:188} INFO - [2024-08-04T16:27:50.855+0000] {dag.py:3954} INFO - Setting next_dagrun for example_nested_branch_dag to 2024-08-03 00:00:00+00:00, run_after=2024-08-04 00:00:00+00:00
[2024-08-04T16:27:50.884+0000] {processor.py:183} INFO - Processing /home/airflow/.local/lib/python3.12/site-packages/airflow/example_dags/example_nested_branch_dag.py took 0.102 seconds
[2024-08-04T16:28:21.498+0000] {processor.py:161} INFO - Started process (PID=864) to work on /home/airflow/.local/lib/python3.12/site-packages/airflow/example_dags/example_nested_branch_dag.py
[2024-08-04T16:28:21.498+0000] {processor.py:830} INFO - Processing file /home/airflow/.local/lib/python3.12/site-packages/airflow/example_dags/example_nested_branch_dag.py for tasks to queue
[2024-08-04T16:28:21.500+0000] {logging_mixin.py:188} INFO - [2024-08-04T16:28:21.500+0000] {dagbag.py:545} INFO - Filling up the DagBag from /home/airflow/.local/lib/python3.12/site-packages/airflow/example_dags/example_nested_branch_dag.py
[2024-08-04T16:28:21.542+0000] {processor.py:840} INFO - DAG(s) 'example_nested_branch_dag' retrieved from /home/airflow/.local/lib/python3.12/site-packages/airflow/example_dags/example_nested_branch_dag.py
[2024-08-04T16:28:21.618+0000] {logging_mixin.py:188} INFO - [2024-08-04T16:28:21.618+0000] {dag.py:3096} INFO - Sync 1 DAGs
[2024-08-04T16:28:21.675+0000] {logging_mixin.py:188} INFO - [2024-08-04T16:28:21.675+0000] {dag.py:3954} INFO - Setting next_dagrun for example_nested_branch_dag to 2024-08-03 00:00:00+00:00, run_after=2024-08-04 00:00:00+00:00
[2024-08-04T16:28:21.705+0000] {processor.py:183} INFO - Processing /home/airflow/.local/lib/python3.12/site-packages/airflow/example_dags/example_nested_branch_dag.py took 0.230 seconds
[2024-08-04T16:28:52.190+0000] {processor.py:161} INFO - Started process (PID=923) to work on /home/airflow/.local/lib/python3.12/site-packages/airflow/example_dags/example_nested_branch_dag.py
[2024-08-04T16:28:52.194+0000] {processor.py:830} INFO - Processing file /home/airflow/.local/lib/python3.12/site-packages/airflow/example_dags/example_nested_branch_dag.py for tasks to queue
[2024-08-04T16:28:52.195+0000] {logging_mixin.py:188} INFO - [2024-08-04T16:28:52.195+0000] {dagbag.py:545} INFO - Filling up the DagBag from /home/airflow/.local/lib/python3.12/site-packages/airflow/example_dags/example_nested_branch_dag.py
[2024-08-04T16:28:52.215+0000] {processor.py:840} INFO - DAG(s) 'example_nested_branch_dag' retrieved from /home/airflow/.local/lib/python3.12/site-packages/airflow/example_dags/example_nested_branch_dag.py
[2024-08-04T16:28:52.240+0000] {logging_mixin.py:188} INFO - [2024-08-04T16:28:52.239+0000] {dag.py:3096} INFO - Sync 1 DAGs
[2024-08-04T16:28:52.329+0000] {logging_mixin.py:188} INFO - [2024-08-04T16:28:52.329+0000] {dag.py:3954} INFO - Setting next_dagrun for example_nested_branch_dag to 2024-08-03 00:00:00+00:00, run_after=2024-08-04 00:00:00+00:00
[2024-08-04T16:28:52.390+0000] {processor.py:183} INFO - Processing /home/airflow/.local/lib/python3.12/site-packages/airflow/example_dags/example_nested_branch_dag.py took 0.223 seconds
[2024-08-04T16:29:23.196+0000] {processor.py:161} INFO - Started process (PID=981) to work on /home/airflow/.local/lib/python3.12/site-packages/airflow/example_dags/example_nested_branch_dag.py
[2024-08-04T16:29:23.197+0000] {processor.py:830} INFO - Processing file /home/airflow/.local/lib/python3.12/site-packages/airflow/example_dags/example_nested_branch_dag.py for tasks to queue
[2024-08-04T16:29:23.199+0000] {logging_mixin.py:188} INFO - [2024-08-04T16:29:23.198+0000] {dagbag.py:545} INFO - Filling up the DagBag from /home/airflow/.local/lib/python3.12/site-packages/airflow/example_dags/example_nested_branch_dag.py
[2024-08-04T16:29:23.210+0000] {processor.py:840} INFO - DAG(s) 'example_nested_branch_dag' retrieved from /home/airflow/.local/lib/python3.12/site-packages/airflow/example_dags/example_nested_branch_dag.py
[2024-08-04T16:29:23.236+0000] {logging_mixin.py:188} INFO - [2024-08-04T16:29:23.236+0000] {dag.py:3096} INFO - Sync 1 DAGs
[2024-08-04T16:29:23.258+0000] {logging_mixin.py:188} INFO - [2024-08-04T16:29:23.258+0000] {dag.py:3954} INFO - Setting next_dagrun for example_nested_branch_dag to 2024-08-03 00:00:00+00:00, run_after=2024-08-04 00:00:00+00:00
[2024-08-04T16:29:23.278+0000] {processor.py:183} INFO - Processing /home/airflow/.local/lib/python3.12/site-packages/airflow/example_dags/example_nested_branch_dag.py took 0.089 seconds
[2024-08-04T16:29:53.660+0000] {processor.py:161} INFO - Started process (PID=1039) to work on /home/airflow/.local/lib/python3.12/site-packages/airflow/example_dags/example_nested_branch_dag.py
[2024-08-04T16:29:53.661+0000] {processor.py:830} INFO - Processing file /home/airflow/.local/lib/python3.12/site-packages/airflow/example_dags/example_nested_branch_dag.py for tasks to queue
[2024-08-04T16:29:53.663+0000] {logging_mixin.py:188} INFO - [2024-08-04T16:29:53.663+0000] {dagbag.py:545} INFO - Filling up the DagBag from /home/airflow/.local/lib/python3.12/site-packages/airflow/example_dags/example_nested_branch_dag.py
[2024-08-04T16:29:53.671+0000] {processor.py:840} INFO - DAG(s) 'example_nested_branch_dag' retrieved from /home/airflow/.local/lib/python3.12/site-packages/airflow/example_dags/example_nested_branch_dag.py
[2024-08-04T16:29:53.695+0000] {logging_mixin.py:188} INFO - [2024-08-04T16:29:53.695+0000] {dag.py:3096} INFO - Sync 1 DAGs
[2024-08-04T16:29:53.715+0000] {logging_mixin.py:188} INFO - [2024-08-04T16:29:53.715+0000] {dag.py:3954} INFO - Setting next_dagrun for example_nested_branch_dag to 2024-08-03 00:00:00+00:00, run_after=2024-08-04 00:00:00+00:00
[2024-08-04T16:29:53.735+0000] {processor.py:183} INFO - Processing /home/airflow/.local/lib/python3.12/site-packages/airflow/example_dags/example_nested_branch_dag.py took 0.081 seconds
[2024-08-04T16:30:24.156+0000] {processor.py:161} INFO - Started process (PID=1098) to work on /home/airflow/.local/lib/python3.12/site-packages/airflow/example_dags/example_nested_branch_dag.py
[2024-08-04T16:30:24.157+0000] {processor.py:830} INFO - Processing file /home/airflow/.local/lib/python3.12/site-packages/airflow/example_dags/example_nested_branch_dag.py for tasks to queue
[2024-08-04T16:30:24.159+0000] {logging_mixin.py:188} INFO - [2024-08-04T16:30:24.158+0000] {dagbag.py:545} INFO - Filling up the DagBag from /home/airflow/.local/lib/python3.12/site-packages/airflow/example_dags/example_nested_branch_dag.py
[2024-08-04T16:30:24.168+0000] {processor.py:840} INFO - DAG(s) 'example_nested_branch_dag' retrieved from /home/airflow/.local/lib/python3.12/site-packages/airflow/example_dags/example_nested_branch_dag.py
[2024-08-04T16:30:24.191+0000] {logging_mixin.py:188} INFO - [2024-08-04T16:30:24.191+0000] {dag.py:3096} INFO - Sync 1 DAGs
[2024-08-04T16:30:24.212+0000] {logging_mixin.py:188} INFO - [2024-08-04T16:30:24.212+0000] {dag.py:3954} INFO - Setting next_dagrun for example_nested_branch_dag to 2024-08-03 00:00:00+00:00, run_after=2024-08-04 00:00:00+00:00
[2024-08-04T16:30:24.233+0000] {processor.py:183} INFO - Processing /home/airflow/.local/lib/python3.12/site-packages/airflow/example_dags/example_nested_branch_dag.py took 0.084 seconds
[2024-08-04T16:30:54.539+0000] {processor.py:161} INFO - Started process (PID=1157) to work on /home/airflow/.local/lib/python3.12/site-packages/airflow/example_dags/example_nested_branch_dag.py
[2024-08-04T16:30:54.540+0000] {processor.py:830} INFO - Processing file /home/airflow/.local/lib/python3.12/site-packages/airflow/example_dags/example_nested_branch_dag.py for tasks to queue
[2024-08-04T16:30:54.542+0000] {logging_mixin.py:188} INFO - [2024-08-04T16:30:54.541+0000] {dagbag.py:545} INFO - Filling up the DagBag from /home/airflow/.local/lib/python3.12/site-packages/airflow/example_dags/example_nested_branch_dag.py
[2024-08-04T16:30:54.551+0000] {processor.py:840} INFO - DAG(s) 'example_nested_branch_dag' retrieved from /home/airflow/.local/lib/python3.12/site-packages/airflow/example_dags/example_nested_branch_dag.py
[2024-08-04T16:30:54.576+0000] {logging_mixin.py:188} INFO - [2024-08-04T16:30:54.576+0000] {dag.py:3096} INFO - Sync 1 DAGs
[2024-08-04T16:30:54.594+0000] {logging_mixin.py:188} INFO - [2024-08-04T16:30:54.594+0000] {dag.py:3954} INFO - Setting next_dagrun for example_nested_branch_dag to 2024-08-03 00:00:00+00:00, run_after=2024-08-04 00:00:00+00:00
[2024-08-04T16:30:54.613+0000] {processor.py:183} INFO - Processing /home/airflow/.local/lib/python3.12/site-packages/airflow/example_dags/example_nested_branch_dag.py took 0.081 seconds
[2024-08-04T16:31:24.814+0000] {processor.py:161} INFO - Started process (PID=1216) to work on /home/airflow/.local/lib/python3.12/site-packages/airflow/example_dags/example_nested_branch_dag.py
[2024-08-04T16:31:24.815+0000] {processor.py:830} INFO - Processing file /home/airflow/.local/lib/python3.12/site-packages/airflow/example_dags/example_nested_branch_dag.py for tasks to queue
[2024-08-04T16:31:24.816+0000] {logging_mixin.py:188} INFO - [2024-08-04T16:31:24.815+0000] {dagbag.py:545} INFO - Filling up the DagBag from /home/airflow/.local/lib/python3.12/site-packages/airflow/example_dags/example_nested_branch_dag.py
[2024-08-04T16:31:24.827+0000] {processor.py:840} INFO - DAG(s) 'example_nested_branch_dag' retrieved from /home/airflow/.local/lib/python3.12/site-packages/airflow/example_dags/example_nested_branch_dag.py
[2024-08-04T16:31:24.851+0000] {logging_mixin.py:188} INFO - [2024-08-04T16:31:24.851+0000] {dag.py:3096} INFO - Sync 1 DAGs
[2024-08-04T16:31:24.871+0000] {logging_mixin.py:188} INFO - [2024-08-04T16:31:24.870+0000] {dag.py:3954} INFO - Setting next_dagrun for example_nested_branch_dag to 2024-08-03 00:00:00+00:00, run_after=2024-08-04 00:00:00+00:00
[2024-08-04T16:31:24.890+0000] {processor.py:183} INFO - Processing /home/airflow/.local/lib/python3.12/site-packages/airflow/example_dags/example_nested_branch_dag.py took 0.083 seconds
[2024-08-04T16:31:54.936+0000] {processor.py:161} INFO - Started process (PID=1275) to work on /home/airflow/.local/lib/python3.12/site-packages/airflow/example_dags/example_nested_branch_dag.py
[2024-08-04T16:31:54.942+0000] {processor.py:830} INFO - Processing file /home/airflow/.local/lib/python3.12/site-packages/airflow/example_dags/example_nested_branch_dag.py for tasks to queue
[2024-08-04T16:31:54.943+0000] {logging_mixin.py:188} INFO - [2024-08-04T16:31:54.943+0000] {dagbag.py:545} INFO - Filling up the DagBag from /home/airflow/.local/lib/python3.12/site-packages/airflow/example_dags/example_nested_branch_dag.py
[2024-08-04T16:31:54.966+0000] {processor.py:840} INFO - DAG(s) 'example_nested_branch_dag' retrieved from /home/airflow/.local/lib/python3.12/site-packages/airflow/example_dags/example_nested_branch_dag.py
[2024-08-04T16:31:55.056+0000] {logging_mixin.py:188} INFO - [2024-08-04T16:31:55.056+0000] {dag.py:3096} INFO - Sync 1 DAGs
[2024-08-04T16:31:55.092+0000] {logging_mixin.py:188} INFO - [2024-08-04T16:31:55.092+0000] {dag.py:3954} INFO - Setting next_dagrun for example_nested_branch_dag to 2024-08-03 00:00:00+00:00, run_after=2024-08-04 00:00:00+00:00
[2024-08-04T16:31:55.112+0000] {processor.py:183} INFO - Processing /home/airflow/.local/lib/python3.12/site-packages/airflow/example_dags/example_nested_branch_dag.py took 0.190 seconds
[2024-08-04T16:32:25.489+0000] {processor.py:161} INFO - Started process (PID=1334) to work on /home/airflow/.local/lib/python3.12/site-packages/airflow/example_dags/example_nested_branch_dag.py
[2024-08-04T16:32:25.489+0000] {processor.py:830} INFO - Processing file /home/airflow/.local/lib/python3.12/site-packages/airflow/example_dags/example_nested_branch_dag.py for tasks to queue
[2024-08-04T16:32:25.490+0000] {logging_mixin.py:188} INFO - [2024-08-04T16:32:25.490+0000] {dagbag.py:545} INFO - Filling up the DagBag from /home/airflow/.local/lib/python3.12/site-packages/airflow/example_dags/example_nested_branch_dag.py
[2024-08-04T16:32:25.501+0000] {processor.py:840} INFO - DAG(s) 'example_nested_branch_dag' retrieved from /home/airflow/.local/lib/python3.12/site-packages/airflow/example_dags/example_nested_branch_dag.py
[2024-08-04T16:32:25.524+0000] {logging_mixin.py:188} INFO - [2024-08-04T16:32:25.523+0000] {dag.py:3096} INFO - Sync 1 DAGs
[2024-08-04T16:32:25.543+0000] {logging_mixin.py:188} INFO - [2024-08-04T16:32:25.543+0000] {dag.py:3954} INFO - Setting next_dagrun for example_nested_branch_dag to 2024-08-03 00:00:00+00:00, run_after=2024-08-04 00:00:00+00:00
[2024-08-04T16:32:25.571+0000] {processor.py:183} INFO - Processing /home/airflow/.local/lib/python3.12/site-packages/airflow/example_dags/example_nested_branch_dag.py took 0.088 seconds
[2024-08-04T16:32:56.283+0000] {processor.py:161} INFO - Started process (PID=1393) to work on /home/airflow/.local/lib/python3.12/site-packages/airflow/example_dags/example_nested_branch_dag.py
[2024-08-04T16:32:56.284+0000] {processor.py:830} INFO - Processing file /home/airflow/.local/lib/python3.12/site-packages/airflow/example_dags/example_nested_branch_dag.py for tasks to queue
[2024-08-04T16:32:56.285+0000] {logging_mixin.py:188} INFO - [2024-08-04T16:32:56.285+0000] {dagbag.py:545} INFO - Filling up the DagBag from /home/airflow/.local/lib/python3.12/site-packages/airflow/example_dags/example_nested_branch_dag.py
[2024-08-04T16:32:56.296+0000] {processor.py:840} INFO - DAG(s) 'example_nested_branch_dag' retrieved from /home/airflow/.local/lib/python3.12/site-packages/airflow/example_dags/example_nested_branch_dag.py
[2024-08-04T16:32:56.320+0000] {logging_mixin.py:188} INFO - [2024-08-04T16:32:56.320+0000] {dag.py:3096} INFO - Sync 1 DAGs
[2024-08-04T16:32:56.339+0000] {logging_mixin.py:188} INFO - [2024-08-04T16:32:56.339+0000] {dag.py:3954} INFO - Setting next_dagrun for example_nested_branch_dag to 2024-08-03 00:00:00+00:00, run_after=2024-08-04 00:00:00+00:00
[2024-08-04T16:32:56.358+0000] {processor.py:183} INFO - Processing /home/airflow/.local/lib/python3.12/site-packages/airflow/example_dags/example_nested_branch_dag.py took 0.082 seconds
[2024-08-04T16:33:27.388+0000] {processor.py:161} INFO - Started process (PID=1452) to work on /home/airflow/.local/lib/python3.12/site-packages/airflow/example_dags/example_nested_branch_dag.py
[2024-08-04T16:33:27.389+0000] {processor.py:830} INFO - Processing file /home/airflow/.local/lib/python3.12/site-packages/airflow/example_dags/example_nested_branch_dag.py for tasks to queue
[2024-08-04T16:33:27.390+0000] {logging_mixin.py:188} INFO - [2024-08-04T16:33:27.389+0000] {dagbag.py:545} INFO - Filling up the DagBag from /home/airflow/.local/lib/python3.12/site-packages/airflow/example_dags/example_nested_branch_dag.py
[2024-08-04T16:33:27.409+0000] {processor.py:840} INFO - DAG(s) 'example_nested_branch_dag' retrieved from /home/airflow/.local/lib/python3.12/site-packages/airflow/example_dags/example_nested_branch_dag.py
[2024-08-04T16:33:27.436+0000] {logging_mixin.py:188} INFO - [2024-08-04T16:33:27.436+0000] {dag.py:3096} INFO - Sync 1 DAGs
[2024-08-04T16:33:27.461+0000] {logging_mixin.py:188} INFO - [2024-08-04T16:33:27.461+0000] {dag.py:3954} INFO - Setting next_dagrun for example_nested_branch_dag to 2024-08-03 00:00:00+00:00, run_after=2024-08-04 00:00:00+00:00
[2024-08-04T16:33:27.484+0000] {processor.py:183} INFO - Processing /home/airflow/.local/lib/python3.12/site-packages/airflow/example_dags/example_nested_branch_dag.py took 0.111 seconds
[2024-08-04T16:33:57.741+0000] {processor.py:161} INFO - Started process (PID=1511) to work on /home/airflow/.local/lib/python3.12/site-packages/airflow/example_dags/example_nested_branch_dag.py
[2024-08-04T16:33:57.742+0000] {processor.py:830} INFO - Processing file /home/airflow/.local/lib/python3.12/site-packages/airflow/example_dags/example_nested_branch_dag.py for tasks to queue
[2024-08-04T16:33:57.743+0000] {logging_mixin.py:188} INFO - [2024-08-04T16:33:57.742+0000] {dagbag.py:545} INFO - Filling up the DagBag from /home/airflow/.local/lib/python3.12/site-packages/airflow/example_dags/example_nested_branch_dag.py
[2024-08-04T16:33:57.756+0000] {processor.py:840} INFO - DAG(s) 'example_nested_branch_dag' retrieved from /home/airflow/.local/lib/python3.12/site-packages/airflow/example_dags/example_nested_branch_dag.py
[2024-08-04T16:33:57.784+0000] {logging_mixin.py:188} INFO - [2024-08-04T16:33:57.784+0000] {dag.py:3096} INFO - Sync 1 DAGs
[2024-08-04T16:33:57.813+0000] {logging_mixin.py:188} INFO - [2024-08-04T16:33:57.813+0000] {dag.py:3954} INFO - Setting next_dagrun for example_nested_branch_dag to 2024-08-03 00:00:00+00:00, run_after=2024-08-04 00:00:00+00:00
[2024-08-04T16:33:57.846+0000] {processor.py:183} INFO - Processing /home/airflow/.local/lib/python3.12/site-packages/airflow/example_dags/example_nested_branch_dag.py took 0.113 seconds
[2024-08-04T16:34:28.192+0000] {processor.py:161} INFO - Started process (PID=1570) to work on /home/airflow/.local/lib/python3.12/site-packages/airflow/example_dags/example_nested_branch_dag.py
[2024-08-04T16:34:28.193+0000] {processor.py:830} INFO - Processing file /home/airflow/.local/lib/python3.12/site-packages/airflow/example_dags/example_nested_branch_dag.py for tasks to queue
[2024-08-04T16:34:28.202+0000] {logging_mixin.py:188} INFO - [2024-08-04T16:34:28.193+0000] {dagbag.py:545} INFO - Filling up the DagBag from /home/airflow/.local/lib/python3.12/site-packages/airflow/example_dags/example_nested_branch_dag.py
[2024-08-04T16:34:28.230+0000] {processor.py:840} INFO - DAG(s) 'example_nested_branch_dag' retrieved from /home/airflow/.local/lib/python3.12/site-packages/airflow/example_dags/example_nested_branch_dag.py
[2024-08-04T16:34:28.277+0000] {logging_mixin.py:188} INFO - [2024-08-04T16:34:28.276+0000] {dag.py:3096} INFO - Sync 1 DAGs
[2024-08-04T16:34:28.306+0000] {logging_mixin.py:188} INFO - [2024-08-04T16:34:28.306+0000] {dag.py:3954} INFO - Setting next_dagrun for example_nested_branch_dag to 2024-08-03 00:00:00+00:00, run_after=2024-08-04 00:00:00+00:00
[2024-08-04T16:34:28.341+0000] {processor.py:183} INFO - Processing /home/airflow/.local/lib/python3.12/site-packages/airflow/example_dags/example_nested_branch_dag.py took 0.166 seconds
[2024-08-04T16:34:59.137+0000] {processor.py:161} INFO - Started process (PID=1629) to work on /home/airflow/.local/lib/python3.12/site-packages/airflow/example_dags/example_nested_branch_dag.py
[2024-08-04T16:34:59.138+0000] {processor.py:830} INFO - Processing file /home/airflow/.local/lib/python3.12/site-packages/airflow/example_dags/example_nested_branch_dag.py for tasks to queue
[2024-08-04T16:34:59.138+0000] {logging_mixin.py:188} INFO - [2024-08-04T16:34:59.138+0000] {dagbag.py:545} INFO - Filling up the DagBag from /home/airflow/.local/lib/python3.12/site-packages/airflow/example_dags/example_nested_branch_dag.py
[2024-08-04T16:34:59.146+0000] {processor.py:840} INFO - DAG(s) 'example_nested_branch_dag' retrieved from /home/airflow/.local/lib/python3.12/site-packages/airflow/example_dags/example_nested_branch_dag.py
[2024-08-04T16:34:59.164+0000] {logging_mixin.py:188} INFO - [2024-08-04T16:34:59.164+0000] {dag.py:3096} INFO - Sync 1 DAGs
[2024-08-04T16:34:59.183+0000] {logging_mixin.py:188} INFO - [2024-08-04T16:34:59.183+0000] {dag.py:3954} INFO - Setting next_dagrun for example_nested_branch_dag to 2024-08-03 00:00:00+00:00, run_after=2024-08-04 00:00:00+00:00
[2024-08-04T16:34:59.203+0000] {processor.py:183} INFO - Processing /home/airflow/.local/lib/python3.12/site-packages/airflow/example_dags/example_nested_branch_dag.py took 0.071 seconds
[2024-08-04T16:35:29.463+0000] {processor.py:161} INFO - Started process (PID=1687) to work on /home/airflow/.local/lib/python3.12/site-packages/airflow/example_dags/example_nested_branch_dag.py
[2024-08-04T16:35:29.463+0000] {processor.py:830} INFO - Processing file /home/airflow/.local/lib/python3.12/site-packages/airflow/example_dags/example_nested_branch_dag.py for tasks to queue
[2024-08-04T16:35:29.464+0000] {logging_mixin.py:188} INFO - [2024-08-04T16:35:29.464+0000] {dagbag.py:545} INFO - Filling up the DagBag from /home/airflow/.local/lib/python3.12/site-packages/airflow/example_dags/example_nested_branch_dag.py
[2024-08-04T16:35:29.472+0000] {processor.py:840} INFO - DAG(s) 'example_nested_branch_dag' retrieved from /home/airflow/.local/lib/python3.12/site-packages/airflow/example_dags/example_nested_branch_dag.py
[2024-08-04T16:35:29.491+0000] {logging_mixin.py:188} INFO - [2024-08-04T16:35:29.491+0000] {dag.py:3096} INFO - Sync 1 DAGs
[2024-08-04T16:35:29.509+0000] {logging_mixin.py:188} INFO - [2024-08-04T16:35:29.509+0000] {dag.py:3954} INFO - Setting next_dagrun for example_nested_branch_dag to 2024-08-03 00:00:00+00:00, run_after=2024-08-04 00:00:00+00:00
[2024-08-04T16:35:29.529+0000] {processor.py:183} INFO - Processing /home/airflow/.local/lib/python3.12/site-packages/airflow/example_dags/example_nested_branch_dag.py took 0.071 seconds
[2024-08-04T16:35:59.722+0000] {processor.py:161} INFO - Started process (PID=1747) to work on /home/airflow/.local/lib/python3.12/site-packages/airflow/example_dags/example_nested_branch_dag.py
[2024-08-04T16:35:59.723+0000] {processor.py:830} INFO - Processing file /home/airflow/.local/lib/python3.12/site-packages/airflow/example_dags/example_nested_branch_dag.py for tasks to queue
[2024-08-04T16:35:59.723+0000] {logging_mixin.py:188} INFO - [2024-08-04T16:35:59.723+0000] {dagbag.py:545} INFO - Filling up the DagBag from /home/airflow/.local/lib/python3.12/site-packages/airflow/example_dags/example_nested_branch_dag.py
[2024-08-04T16:35:59.732+0000] {processor.py:840} INFO - DAG(s) 'example_nested_branch_dag' retrieved from /home/airflow/.local/lib/python3.12/site-packages/airflow/example_dags/example_nested_branch_dag.py
[2024-08-04T16:35:59.750+0000] {logging_mixin.py:188} INFO - [2024-08-04T16:35:59.750+0000] {dag.py:3096} INFO - Sync 1 DAGs
[2024-08-04T16:35:59.769+0000] {logging_mixin.py:188} INFO - [2024-08-04T16:35:59.769+0000] {dag.py:3954} INFO - Setting next_dagrun for example_nested_branch_dag to 2024-08-03 00:00:00+00:00, run_after=2024-08-04 00:00:00+00:00
[2024-08-04T16:35:59.788+0000] {processor.py:183} INFO - Processing /home/airflow/.local/lib/python3.12/site-packages/airflow/example_dags/example_nested_branch_dag.py took 0.071 seconds
