[2024-08-04T16:21:08.542+0000] {processor.py:161} INFO - Started process (PID=36) to work on /home/airflow/.local/lib/python3.12/site-packages/airflow/example_dags/example_complex.py
[2024-08-04T16:21:08.543+0000] {processor.py:830} INFO - Processing file /home/airflow/.local/lib/python3.12/site-packages/airflow/example_dags/example_complex.py for tasks to queue
[2024-08-04T16:21:08.544+0000] {logging_mixin.py:188} INFO - [2024-08-04T16:21:08.544+0000] {dagbag.py:545} INFO - Filling up the DagBag from /home/airflow/.local/lib/python3.12/site-packages/airflow/example_dags/example_complex.py
[2024-08-04T16:21:08.603+0000] {processor.py:840} INFO - DAG(s) 'example_complex' retrieved from /home/airflow/.local/lib/python3.12/site-packages/airflow/example_dags/example_complex.py
[2024-08-04T16:21:09.169+0000] {logging_mixin.py:188} INFO - [2024-08-04T16:21:09.169+0000] {dag.py:3096} INFO - Sync 1 DAGs
[2024-08-04T16:21:09.197+0000] {logging_mixin.py:188} INFO - [2024-08-04T16:21:09.197+0000] {dag.py:3954} INFO - Setting next_dagrun for example_complex to None, run_after=None
[2024-08-04T16:21:09.262+0000] {processor.py:183} INFO - Processing /home/airflow/.local/lib/python3.12/site-packages/airflow/example_dags/example_complex.py took 0.753 seconds
[2024-08-04T16:21:39.806+0000] {processor.py:161} INFO - Started process (PID=94) to work on /home/airflow/.local/lib/python3.12/site-packages/airflow/example_dags/example_complex.py
[2024-08-04T16:21:39.810+0000] {processor.py:830} INFO - Processing file /home/airflow/.local/lib/python3.12/site-packages/airflow/example_dags/example_complex.py for tasks to queue
[2024-08-04T16:21:39.811+0000] {logging_mixin.py:188} INFO - [2024-08-04T16:21:39.811+0000] {dagbag.py:545} INFO - Filling up the DagBag from /home/airflow/.local/lib/python3.12/site-packages/airflow/example_dags/example_complex.py
[2024-08-04T16:21:39.859+0000] {processor.py:840} INFO - DAG(s) 'example_complex' retrieved from /home/airflow/.local/lib/python3.12/site-packages/airflow/example_dags/example_complex.py
[2024-08-04T16:21:39.918+0000] {logging_mixin.py:188} INFO - [2024-08-04T16:21:39.917+0000] {dag.py:3096} INFO - Sync 1 DAGs
[2024-08-04T16:21:39.934+0000] {logging_mixin.py:188} INFO - [2024-08-04T16:21:39.934+0000] {dag.py:3954} INFO - Setting next_dagrun for example_complex to None, run_after=None
[2024-08-04T16:21:40.014+0000] {processor.py:183} INFO - Processing /home/airflow/.local/lib/python3.12/site-packages/airflow/example_dags/example_complex.py took 0.225 seconds
[2024-08-04T16:22:10.117+0000] {processor.py:161} INFO - Started process (PID=152) to work on /home/airflow/.local/lib/python3.12/site-packages/airflow/example_dags/example_complex.py
[2024-08-04T16:22:10.118+0000] {processor.py:830} INFO - Processing file /home/airflow/.local/lib/python3.12/site-packages/airflow/example_dags/example_complex.py for tasks to queue
[2024-08-04T16:22:10.119+0000] {logging_mixin.py:188} INFO - [2024-08-04T16:22:10.119+0000] {dagbag.py:545} INFO - Filling up the DagBag from /home/airflow/.local/lib/python3.12/site-packages/airflow/example_dags/example_complex.py
[2024-08-04T16:22:10.133+0000] {processor.py:840} INFO - DAG(s) 'example_complex' retrieved from /home/airflow/.local/lib/python3.12/site-packages/airflow/example_dags/example_complex.py
[2024-08-04T16:22:10.176+0000] {logging_mixin.py:188} INFO - [2024-08-04T16:22:10.175+0000] {dag.py:3096} INFO - Sync 1 DAGs
[2024-08-04T16:22:10.193+0000] {logging_mixin.py:188} INFO - [2024-08-04T16:22:10.192+0000] {dag.py:3954} INFO - Setting next_dagrun for example_complex to None, run_after=None
[2024-08-04T16:22:10.219+0000] {processor.py:183} INFO - Processing /home/airflow/.local/lib/python3.12/site-packages/airflow/example_dags/example_complex.py took 0.108 seconds
[2024-08-04T16:22:40.928+0000] {processor.py:161} INFO - Started process (PID=210) to work on /home/airflow/.local/lib/python3.12/site-packages/airflow/example_dags/example_complex.py
[2024-08-04T16:22:40.929+0000] {processor.py:830} INFO - Processing file /home/airflow/.local/lib/python3.12/site-packages/airflow/example_dags/example_complex.py for tasks to queue
[2024-08-04T16:22:40.931+0000] {logging_mixin.py:188} INFO - [2024-08-04T16:22:40.931+0000] {dagbag.py:545} INFO - Filling up the DagBag from /home/airflow/.local/lib/python3.12/site-packages/airflow/example_dags/example_complex.py
[2024-08-04T16:22:40.946+0000] {processor.py:840} INFO - DAG(s) 'example_complex' retrieved from /home/airflow/.local/lib/python3.12/site-packages/airflow/example_dags/example_complex.py
[2024-08-04T16:22:40.988+0000] {logging_mixin.py:188} INFO - [2024-08-04T16:22:40.988+0000] {dag.py:3096} INFO - Sync 1 DAGs
[2024-08-04T16:22:41.003+0000] {logging_mixin.py:188} INFO - [2024-08-04T16:22:41.003+0000] {dag.py:3954} INFO - Setting next_dagrun for example_complex to None, run_after=None
[2024-08-04T16:22:41.034+0000] {processor.py:183} INFO - Processing /home/airflow/.local/lib/python3.12/site-packages/airflow/example_dags/example_complex.py took 0.113 seconds
[2024-08-04T16:23:11.492+0000] {processor.py:161} INFO - Started process (PID=268) to work on /home/airflow/.local/lib/python3.12/site-packages/airflow/example_dags/example_complex.py
[2024-08-04T16:23:11.493+0000] {processor.py:830} INFO - Processing file /home/airflow/.local/lib/python3.12/site-packages/airflow/example_dags/example_complex.py for tasks to queue
[2024-08-04T16:23:11.495+0000] {logging_mixin.py:188} INFO - [2024-08-04T16:23:11.494+0000] {dagbag.py:545} INFO - Filling up the DagBag from /home/airflow/.local/lib/python3.12/site-packages/airflow/example_dags/example_complex.py
[2024-08-04T16:23:11.529+0000] {processor.py:840} INFO - DAG(s) 'example_complex' retrieved from /home/airflow/.local/lib/python3.12/site-packages/airflow/example_dags/example_complex.py
[2024-08-04T16:23:11.686+0000] {logging_mixin.py:188} INFO - [2024-08-04T16:23:11.686+0000] {dag.py:3096} INFO - Sync 1 DAGs
[2024-08-04T16:23:11.731+0000] {logging_mixin.py:188} INFO - [2024-08-04T16:23:11.731+0000] {dag.py:3954} INFO - Setting next_dagrun for example_complex to None, run_after=None
[2024-08-04T16:23:11.808+0000] {processor.py:183} INFO - Processing /home/airflow/.local/lib/python3.12/site-packages/airflow/example_dags/example_complex.py took 0.332 seconds
[2024-08-04T16:23:42.783+0000] {processor.py:161} INFO - Started process (PID=326) to work on /home/airflow/.local/lib/python3.12/site-packages/airflow/example_dags/example_complex.py
[2024-08-04T16:23:42.784+0000] {processor.py:830} INFO - Processing file /home/airflow/.local/lib/python3.12/site-packages/airflow/example_dags/example_complex.py for tasks to queue
[2024-08-04T16:23:42.786+0000] {logging_mixin.py:188} INFO - [2024-08-04T16:23:42.786+0000] {dagbag.py:545} INFO - Filling up the DagBag from /home/airflow/.local/lib/python3.12/site-packages/airflow/example_dags/example_complex.py
[2024-08-04T16:23:42.801+0000] {processor.py:840} INFO - DAG(s) 'example_complex' retrieved from /home/airflow/.local/lib/python3.12/site-packages/airflow/example_dags/example_complex.py
[2024-08-04T16:23:42.842+0000] {logging_mixin.py:188} INFO - [2024-08-04T16:23:42.842+0000] {dag.py:3096} INFO - Sync 1 DAGs
[2024-08-04T16:23:42.856+0000] {logging_mixin.py:188} INFO - [2024-08-04T16:23:42.856+0000] {dag.py:3954} INFO - Setting next_dagrun for example_complex to None, run_after=None
[2024-08-04T16:23:42.878+0000] {processor.py:183} INFO - Processing /home/airflow/.local/lib/python3.12/site-packages/airflow/example_dags/example_complex.py took 0.101 seconds
[2024-08-04T16:24:12.976+0000] {processor.py:161} INFO - Started process (PID=384) to work on /home/airflow/.local/lib/python3.12/site-packages/airflow/example_dags/example_complex.py
[2024-08-04T16:24:12.977+0000] {processor.py:830} INFO - Processing file /home/airflow/.local/lib/python3.12/site-packages/airflow/example_dags/example_complex.py for tasks to queue
[2024-08-04T16:24:12.978+0000] {logging_mixin.py:188} INFO - [2024-08-04T16:24:12.978+0000] {dagbag.py:545} INFO - Filling up the DagBag from /home/airflow/.local/lib/python3.12/site-packages/airflow/example_dags/example_complex.py
[2024-08-04T16:24:13.009+0000] {processor.py:840} INFO - DAG(s) 'example_complex' retrieved from /home/airflow/.local/lib/python3.12/site-packages/airflow/example_dags/example_complex.py
[2024-08-04T16:24:13.051+0000] {logging_mixin.py:188} INFO - [2024-08-04T16:24:13.051+0000] {dag.py:3096} INFO - Sync 1 DAGs
[2024-08-04T16:24:13.067+0000] {logging_mixin.py:188} INFO - [2024-08-04T16:24:13.067+0000] {dag.py:3954} INFO - Setting next_dagrun for example_complex to None, run_after=None
[2024-08-04T16:24:13.091+0000] {processor.py:183} INFO - Processing /home/airflow/.local/lib/python3.12/site-packages/airflow/example_dags/example_complex.py took 0.130 seconds
[2024-08-04T16:24:43.473+0000] {processor.py:161} INFO - Started process (PID=443) to work on /home/airflow/.local/lib/python3.12/site-packages/airflow/example_dags/example_complex.py
[2024-08-04T16:24:43.474+0000] {processor.py:830} INFO - Processing file /home/airflow/.local/lib/python3.12/site-packages/airflow/example_dags/example_complex.py for tasks to queue
[2024-08-04T16:24:43.477+0000] {logging_mixin.py:188} INFO - [2024-08-04T16:24:43.477+0000] {dagbag.py:545} INFO - Filling up the DagBag from /home/airflow/.local/lib/python3.12/site-packages/airflow/example_dags/example_complex.py
[2024-08-04T16:24:43.568+0000] {processor.py:840} INFO - DAG(s) 'example_complex' retrieved from /home/airflow/.local/lib/python3.12/site-packages/airflow/example_dags/example_complex.py
[2024-08-04T16:24:43.755+0000] {logging_mixin.py:188} INFO - [2024-08-04T16:24:43.754+0000] {dag.py:3096} INFO - Sync 1 DAGs
[2024-08-04T16:24:43.777+0000] {logging_mixin.py:188} INFO - [2024-08-04T16:24:43.777+0000] {dag.py:3954} INFO - Setting next_dagrun for example_complex to None, run_after=None
[2024-08-04T16:24:43.809+0000] {processor.py:183} INFO - Processing /home/airflow/.local/lib/python3.12/site-packages/airflow/example_dags/example_complex.py took 0.354 seconds
[2024-08-04T16:25:14.844+0000] {processor.py:161} INFO - Started process (PID=501) to work on /home/airflow/.local/lib/python3.12/site-packages/airflow/example_dags/example_complex.py
[2024-08-04T16:25:14.845+0000] {processor.py:830} INFO - Processing file /home/airflow/.local/lib/python3.12/site-packages/airflow/example_dags/example_complex.py for tasks to queue
[2024-08-04T16:25:14.846+0000] {logging_mixin.py:188} INFO - [2024-08-04T16:25:14.846+0000] {dagbag.py:545} INFO - Filling up the DagBag from /home/airflow/.local/lib/python3.12/site-packages/airflow/example_dags/example_complex.py
[2024-08-04T16:25:14.860+0000] {processor.py:840} INFO - DAG(s) 'example_complex' retrieved from /home/airflow/.local/lib/python3.12/site-packages/airflow/example_dags/example_complex.py
[2024-08-04T16:25:14.903+0000] {logging_mixin.py:188} INFO - [2024-08-04T16:25:14.903+0000] {dag.py:3096} INFO - Sync 1 DAGs
[2024-08-04T16:25:14.919+0000] {logging_mixin.py:188} INFO - [2024-08-04T16:25:14.919+0000] {dag.py:3954} INFO - Setting next_dagrun for example_complex to None, run_after=None
[2024-08-04T16:25:14.942+0000] {processor.py:183} INFO - Processing /home/airflow/.local/lib/python3.12/site-packages/airflow/example_dags/example_complex.py took 0.105 seconds
[2024-08-04T16:25:45.351+0000] {processor.py:161} INFO - Started process (PID=559) to work on /home/airflow/.local/lib/python3.12/site-packages/airflow/example_dags/example_complex.py
[2024-08-04T16:25:45.352+0000] {processor.py:830} INFO - Processing file /home/airflow/.local/lib/python3.12/site-packages/airflow/example_dags/example_complex.py for tasks to queue
[2024-08-04T16:25:45.354+0000] {logging_mixin.py:188} INFO - [2024-08-04T16:25:45.353+0000] {dagbag.py:545} INFO - Filling up the DagBag from /home/airflow/.local/lib/python3.12/site-packages/airflow/example_dags/example_complex.py
[2024-08-04T16:25:45.367+0000] {processor.py:840} INFO - DAG(s) 'example_complex' retrieved from /home/airflow/.local/lib/python3.12/site-packages/airflow/example_dags/example_complex.py
[2024-08-04T16:25:45.443+0000] {logging_mixin.py:188} INFO - [2024-08-04T16:25:45.443+0000] {dag.py:3096} INFO - Sync 1 DAGs
[2024-08-04T16:25:45.462+0000] {logging_mixin.py:188} INFO - [2024-08-04T16:25:45.461+0000] {dag.py:3954} INFO - Setting next_dagrun for example_complex to None, run_after=None
[2024-08-04T16:25:45.494+0000] {processor.py:183} INFO - Processing /home/airflow/.local/lib/python3.12/site-packages/airflow/example_dags/example_complex.py took 0.149 seconds
[2024-08-04T16:26:15.557+0000] {processor.py:161} INFO - Started process (PID=618) to work on /home/airflow/.local/lib/python3.12/site-packages/airflow/example_dags/example_complex.py
[2024-08-04T16:26:15.566+0000] {processor.py:830} INFO - Processing file /home/airflow/.local/lib/python3.12/site-packages/airflow/example_dags/example_complex.py for tasks to queue
[2024-08-04T16:26:15.570+0000] {logging_mixin.py:188} INFO - [2024-08-04T16:26:15.570+0000] {dagbag.py:545} INFO - Filling up the DagBag from /home/airflow/.local/lib/python3.12/site-packages/airflow/example_dags/example_complex.py
[2024-08-04T16:26:15.593+0000] {processor.py:840} INFO - DAG(s) 'example_complex' retrieved from /home/airflow/.local/lib/python3.12/site-packages/airflow/example_dags/example_complex.py
[2024-08-04T16:26:15.687+0000] {logging_mixin.py:188} INFO - [2024-08-04T16:26:15.687+0000] {dag.py:3096} INFO - Sync 1 DAGs
[2024-08-04T16:26:15.702+0000] {logging_mixin.py:188} INFO - [2024-08-04T16:26:15.702+0000] {dag.py:3954} INFO - Setting next_dagrun for example_complex to None, run_after=None
[2024-08-04T16:26:15.751+0000] {processor.py:183} INFO - Processing /home/airflow/.local/lib/python3.12/site-packages/airflow/example_dags/example_complex.py took 0.218 seconds
[2024-08-04T16:26:45.951+0000] {processor.py:161} INFO - Started process (PID=675) to work on /home/airflow/.local/lib/python3.12/site-packages/airflow/example_dags/example_complex.py
[2024-08-04T16:26:45.953+0000] {processor.py:830} INFO - Processing file /home/airflow/.local/lib/python3.12/site-packages/airflow/example_dags/example_complex.py for tasks to queue
[2024-08-04T16:26:45.964+0000] {logging_mixin.py:188} INFO - [2024-08-04T16:26:45.963+0000] {dagbag.py:545} INFO - Filling up the DagBag from /home/airflow/.local/lib/python3.12/site-packages/airflow/example_dags/example_complex.py
[2024-08-04T16:26:45.983+0000] {processor.py:840} INFO - DAG(s) 'example_complex' retrieved from /home/airflow/.local/lib/python3.12/site-packages/airflow/example_dags/example_complex.py
[2024-08-04T16:26:46.043+0000] {logging_mixin.py:188} INFO - [2024-08-04T16:26:46.043+0000] {dag.py:3096} INFO - Sync 1 DAGs
[2024-08-04T16:26:46.060+0000] {logging_mixin.py:188} INFO - [2024-08-04T16:26:46.059+0000] {dag.py:3954} INFO - Setting next_dagrun for example_complex to None, run_after=None
[2024-08-04T16:26:46.092+0000] {processor.py:183} INFO - Processing /home/airflow/.local/lib/python3.12/site-packages/airflow/example_dags/example_complex.py took 0.163 seconds
[2024-08-04T16:27:16.696+0000] {processor.py:161} INFO - Started process (PID=733) to work on /home/airflow/.local/lib/python3.12/site-packages/airflow/example_dags/example_complex.py
[2024-08-04T16:27:16.697+0000] {processor.py:830} INFO - Processing file /home/airflow/.local/lib/python3.12/site-packages/airflow/example_dags/example_complex.py for tasks to queue
[2024-08-04T16:27:16.699+0000] {logging_mixin.py:188} INFO - [2024-08-04T16:27:16.698+0000] {dagbag.py:545} INFO - Filling up the DagBag from /home/airflow/.local/lib/python3.12/site-packages/airflow/example_dags/example_complex.py
[2024-08-04T16:27:16.716+0000] {processor.py:840} INFO - DAG(s) 'example_complex' retrieved from /home/airflow/.local/lib/python3.12/site-packages/airflow/example_dags/example_complex.py
[2024-08-04T16:27:16.757+0000] {logging_mixin.py:188} INFO - [2024-08-04T16:27:16.757+0000] {dag.py:3096} INFO - Sync 1 DAGs
[2024-08-04T16:27:16.772+0000] {logging_mixin.py:188} INFO - [2024-08-04T16:27:16.772+0000] {dag.py:3954} INFO - Setting next_dagrun for example_complex to None, run_after=None
[2024-08-04T16:27:16.796+0000] {processor.py:183} INFO - Processing /home/airflow/.local/lib/python3.12/site-packages/airflow/example_dags/example_complex.py took 0.106 seconds
[2024-08-04T16:27:47.052+0000] {processor.py:161} INFO - Started process (PID=791) to work on /home/airflow/.local/lib/python3.12/site-packages/airflow/example_dags/example_complex.py
[2024-08-04T16:27:47.056+0000] {processor.py:830} INFO - Processing file /home/airflow/.local/lib/python3.12/site-packages/airflow/example_dags/example_complex.py for tasks to queue
[2024-08-04T16:27:47.066+0000] {logging_mixin.py:188} INFO - [2024-08-04T16:27:47.066+0000] {dagbag.py:545} INFO - Filling up the DagBag from /home/airflow/.local/lib/python3.12/site-packages/airflow/example_dags/example_complex.py
[2024-08-04T16:27:47.100+0000] {processor.py:840} INFO - DAG(s) 'example_complex' retrieved from /home/airflow/.local/lib/python3.12/site-packages/airflow/example_dags/example_complex.py
[2024-08-04T16:27:47.242+0000] {logging_mixin.py:188} INFO - [2024-08-04T16:27:47.242+0000] {dag.py:3096} INFO - Sync 1 DAGs
[2024-08-04T16:27:47.295+0000] {logging_mixin.py:188} INFO - [2024-08-04T16:27:47.295+0000] {dag.py:3954} INFO - Setting next_dagrun for example_complex to None, run_after=None
[2024-08-04T16:27:47.353+0000] {processor.py:183} INFO - Processing /home/airflow/.local/lib/python3.12/site-packages/airflow/example_dags/example_complex.py took 0.315 seconds
[2024-08-04T16:28:17.737+0000] {processor.py:161} INFO - Started process (PID=855) to work on /home/airflow/.local/lib/python3.12/site-packages/airflow/example_dags/example_complex.py
[2024-08-04T16:28:17.738+0000] {processor.py:830} INFO - Processing file /home/airflow/.local/lib/python3.12/site-packages/airflow/example_dags/example_complex.py for tasks to queue
[2024-08-04T16:28:17.739+0000] {logging_mixin.py:188} INFO - [2024-08-04T16:28:17.739+0000] {dagbag.py:545} INFO - Filling up the DagBag from /home/airflow/.local/lib/python3.12/site-packages/airflow/example_dags/example_complex.py
[2024-08-04T16:28:17.786+0000] {processor.py:840} INFO - DAG(s) 'example_complex' retrieved from /home/airflow/.local/lib/python3.12/site-packages/airflow/example_dags/example_complex.py
[2024-08-04T16:28:17.853+0000] {logging_mixin.py:188} INFO - [2024-08-04T16:28:17.852+0000] {dag.py:3096} INFO - Sync 1 DAGs
[2024-08-04T16:28:17.868+0000] {logging_mixin.py:188} INFO - [2024-08-04T16:28:17.868+0000] {dag.py:3954} INFO - Setting next_dagrun for example_complex to None, run_after=None
[2024-08-04T16:28:17.918+0000] {processor.py:183} INFO - Processing /home/airflow/.local/lib/python3.12/site-packages/airflow/example_dags/example_complex.py took 0.206 seconds
[2024-08-04T16:28:48.310+0000] {processor.py:161} INFO - Started process (PID=914) to work on /home/airflow/.local/lib/python3.12/site-packages/airflow/example_dags/example_complex.py
[2024-08-04T16:28:48.311+0000] {processor.py:830} INFO - Processing file /home/airflow/.local/lib/python3.12/site-packages/airflow/example_dags/example_complex.py for tasks to queue
[2024-08-04T16:28:48.313+0000] {logging_mixin.py:188} INFO - [2024-08-04T16:28:48.313+0000] {dagbag.py:545} INFO - Filling up the DagBag from /home/airflow/.local/lib/python3.12/site-packages/airflow/example_dags/example_complex.py
[2024-08-04T16:28:48.327+0000] {processor.py:840} INFO - DAG(s) 'example_complex' retrieved from /home/airflow/.local/lib/python3.12/site-packages/airflow/example_dags/example_complex.py
[2024-08-04T16:28:48.369+0000] {logging_mixin.py:188} INFO - [2024-08-04T16:28:48.369+0000] {dag.py:3096} INFO - Sync 1 DAGs
[2024-08-04T16:28:48.384+0000] {logging_mixin.py:188} INFO - [2024-08-04T16:28:48.384+0000] {dag.py:3954} INFO - Setting next_dagrun for example_complex to None, run_after=None
[2024-08-04T16:28:48.406+0000] {processor.py:183} INFO - Processing /home/airflow/.local/lib/python3.12/site-packages/airflow/example_dags/example_complex.py took 0.101 seconds
[2024-08-04T16:29:19.423+0000] {processor.py:161} INFO - Started process (PID=972) to work on /home/airflow/.local/lib/python3.12/site-packages/airflow/example_dags/example_complex.py
[2024-08-04T16:29:19.435+0000] {processor.py:830} INFO - Processing file /home/airflow/.local/lib/python3.12/site-packages/airflow/example_dags/example_complex.py for tasks to queue
[2024-08-04T16:29:19.437+0000] {logging_mixin.py:188} INFO - [2024-08-04T16:29:19.436+0000] {dagbag.py:545} INFO - Filling up the DagBag from /home/airflow/.local/lib/python3.12/site-packages/airflow/example_dags/example_complex.py
[2024-08-04T16:29:19.459+0000] {processor.py:840} INFO - DAG(s) 'example_complex' retrieved from /home/airflow/.local/lib/python3.12/site-packages/airflow/example_dags/example_complex.py
[2024-08-04T16:29:19.503+0000] {logging_mixin.py:188} INFO - [2024-08-04T16:29:19.503+0000] {dag.py:3096} INFO - Sync 1 DAGs
[2024-08-04T16:29:19.519+0000] {logging_mixin.py:188} INFO - [2024-08-04T16:29:19.519+0000] {dag.py:3954} INFO - Setting next_dagrun for example_complex to None, run_after=None
[2024-08-04T16:29:19.553+0000] {processor.py:183} INFO - Processing /home/airflow/.local/lib/python3.12/site-packages/airflow/example_dags/example_complex.py took 0.151 seconds
[2024-08-04T16:29:49.985+0000] {processor.py:161} INFO - Started process (PID=1030) to work on /home/airflow/.local/lib/python3.12/site-packages/airflow/example_dags/example_complex.py
[2024-08-04T16:29:49.985+0000] {processor.py:830} INFO - Processing file /home/airflow/.local/lib/python3.12/site-packages/airflow/example_dags/example_complex.py for tasks to queue
[2024-08-04T16:29:49.987+0000] {logging_mixin.py:188} INFO - [2024-08-04T16:29:49.987+0000] {dagbag.py:545} INFO - Filling up the DagBag from /home/airflow/.local/lib/python3.12/site-packages/airflow/example_dags/example_complex.py
[2024-08-04T16:29:50.002+0000] {processor.py:840} INFO - DAG(s) 'example_complex' retrieved from /home/airflow/.local/lib/python3.12/site-packages/airflow/example_dags/example_complex.py
[2024-08-04T16:29:50.042+0000] {logging_mixin.py:188} INFO - [2024-08-04T16:29:50.042+0000] {dag.py:3096} INFO - Sync 1 DAGs
[2024-08-04T16:29:50.057+0000] {logging_mixin.py:188} INFO - [2024-08-04T16:29:50.056+0000] {dag.py:3954} INFO - Setting next_dagrun for example_complex to None, run_after=None
[2024-08-04T16:29:50.082+0000] {processor.py:183} INFO - Processing /home/airflow/.local/lib/python3.12/site-packages/airflow/example_dags/example_complex.py took 0.104 seconds
[2024-08-04T16:30:20.514+0000] {processor.py:161} INFO - Started process (PID=1089) to work on /home/airflow/.local/lib/python3.12/site-packages/airflow/example_dags/example_complex.py
[2024-08-04T16:30:20.515+0000] {processor.py:830} INFO - Processing file /home/airflow/.local/lib/python3.12/site-packages/airflow/example_dags/example_complex.py for tasks to queue
[2024-08-04T16:30:20.517+0000] {logging_mixin.py:188} INFO - [2024-08-04T16:30:20.517+0000] {dagbag.py:545} INFO - Filling up the DagBag from /home/airflow/.local/lib/python3.12/site-packages/airflow/example_dags/example_complex.py
[2024-08-04T16:30:20.531+0000] {processor.py:840} INFO - DAG(s) 'example_complex' retrieved from /home/airflow/.local/lib/python3.12/site-packages/airflow/example_dags/example_complex.py
[2024-08-04T16:30:20.584+0000] {logging_mixin.py:188} INFO - [2024-08-04T16:30:20.584+0000] {dag.py:3096} INFO - Sync 1 DAGs
[2024-08-04T16:30:20.606+0000] {logging_mixin.py:188} INFO - [2024-08-04T16:30:20.605+0000] {dag.py:3954} INFO - Setting next_dagrun for example_complex to None, run_after=None
[2024-08-04T16:30:20.675+0000] {processor.py:183} INFO - Processing /home/airflow/.local/lib/python3.12/site-packages/airflow/example_dags/example_complex.py took 0.167 seconds
[2024-08-04T16:30:50.858+0000] {processor.py:161} INFO - Started process (PID=1148) to work on /home/airflow/.local/lib/python3.12/site-packages/airflow/example_dags/example_complex.py
[2024-08-04T16:30:50.859+0000] {processor.py:830} INFO - Processing file /home/airflow/.local/lib/python3.12/site-packages/airflow/example_dags/example_complex.py for tasks to queue
[2024-08-04T16:30:50.866+0000] {logging_mixin.py:188} INFO - [2024-08-04T16:30:50.866+0000] {dagbag.py:545} INFO - Filling up the DagBag from /home/airflow/.local/lib/python3.12/site-packages/airflow/example_dags/example_complex.py
[2024-08-04T16:30:50.886+0000] {processor.py:840} INFO - DAG(s) 'example_complex' retrieved from /home/airflow/.local/lib/python3.12/site-packages/airflow/example_dags/example_complex.py
[2024-08-04T16:30:50.930+0000] {logging_mixin.py:188} INFO - [2024-08-04T16:30:50.930+0000] {dag.py:3096} INFO - Sync 1 DAGs
[2024-08-04T16:30:50.948+0000] {logging_mixin.py:188} INFO - [2024-08-04T16:30:50.948+0000] {dag.py:3954} INFO - Setting next_dagrun for example_complex to None, run_after=None
[2024-08-04T16:30:50.983+0000] {processor.py:183} INFO - Processing /home/airflow/.local/lib/python3.12/site-packages/airflow/example_dags/example_complex.py took 0.137 seconds
[2024-08-04T16:31:21.047+0000] {processor.py:161} INFO - Started process (PID=1207) to work on /home/airflow/.local/lib/python3.12/site-packages/airflow/example_dags/example_complex.py
[2024-08-04T16:31:21.048+0000] {processor.py:830} INFO - Processing file /home/airflow/.local/lib/python3.12/site-packages/airflow/example_dags/example_complex.py for tasks to queue
[2024-08-04T16:31:21.049+0000] {logging_mixin.py:188} INFO - [2024-08-04T16:31:21.049+0000] {dagbag.py:545} INFO - Filling up the DagBag from /home/airflow/.local/lib/python3.12/site-packages/airflow/example_dags/example_complex.py
[2024-08-04T16:31:21.064+0000] {processor.py:840} INFO - DAG(s) 'example_complex' retrieved from /home/airflow/.local/lib/python3.12/site-packages/airflow/example_dags/example_complex.py
[2024-08-04T16:31:21.117+0000] {logging_mixin.py:188} INFO - [2024-08-04T16:31:21.116+0000] {dag.py:3096} INFO - Sync 1 DAGs
[2024-08-04T16:31:21.129+0000] {logging_mixin.py:188} INFO - [2024-08-04T16:31:21.128+0000] {dag.py:3954} INFO - Setting next_dagrun for example_complex to None, run_after=None
[2024-08-04T16:31:21.156+0000] {processor.py:183} INFO - Processing /home/airflow/.local/lib/python3.12/site-packages/airflow/example_dags/example_complex.py took 0.114 seconds
[2024-08-04T16:31:51.330+0000] {processor.py:161} INFO - Started process (PID=1266) to work on /home/airflow/.local/lib/python3.12/site-packages/airflow/example_dags/example_complex.py
[2024-08-04T16:31:51.331+0000] {processor.py:830} INFO - Processing file /home/airflow/.local/lib/python3.12/site-packages/airflow/example_dags/example_complex.py for tasks to queue
[2024-08-04T16:31:51.332+0000] {logging_mixin.py:188} INFO - [2024-08-04T16:31:51.332+0000] {dagbag.py:545} INFO - Filling up the DagBag from /home/airflow/.local/lib/python3.12/site-packages/airflow/example_dags/example_complex.py
[2024-08-04T16:31:51.347+0000] {processor.py:840} INFO - DAG(s) 'example_complex' retrieved from /home/airflow/.local/lib/python3.12/site-packages/airflow/example_dags/example_complex.py
[2024-08-04T16:31:51.388+0000] {logging_mixin.py:188} INFO - [2024-08-04T16:31:51.388+0000] {dag.py:3096} INFO - Sync 1 DAGs
[2024-08-04T16:31:51.403+0000] {logging_mixin.py:188} INFO - [2024-08-04T16:31:51.403+0000] {dag.py:3954} INFO - Setting next_dagrun for example_complex to None, run_after=None
[2024-08-04T16:31:51.426+0000] {processor.py:183} INFO - Processing /home/airflow/.local/lib/python3.12/site-packages/airflow/example_dags/example_complex.py took 0.102 seconds
[2024-08-04T16:32:21.799+0000] {processor.py:161} INFO - Started process (PID=1325) to work on /home/airflow/.local/lib/python3.12/site-packages/airflow/example_dags/example_complex.py
[2024-08-04T16:32:21.800+0000] {processor.py:830} INFO - Processing file /home/airflow/.local/lib/python3.12/site-packages/airflow/example_dags/example_complex.py for tasks to queue
[2024-08-04T16:32:21.801+0000] {logging_mixin.py:188} INFO - [2024-08-04T16:32:21.801+0000] {dagbag.py:545} INFO - Filling up the DagBag from /home/airflow/.local/lib/python3.12/site-packages/airflow/example_dags/example_complex.py
[2024-08-04T16:32:21.830+0000] {processor.py:840} INFO - DAG(s) 'example_complex' retrieved from /home/airflow/.local/lib/python3.12/site-packages/airflow/example_dags/example_complex.py
[2024-08-04T16:32:21.925+0000] {logging_mixin.py:188} INFO - [2024-08-04T16:32:21.925+0000] {dag.py:3096} INFO - Sync 1 DAGs
[2024-08-04T16:32:21.950+0000] {logging_mixin.py:188} INFO - [2024-08-04T16:32:21.949+0000] {dag.py:3954} INFO - Setting next_dagrun for example_complex to None, run_after=None
[2024-08-04T16:32:21.976+0000] {processor.py:183} INFO - Processing /home/airflow/.local/lib/python3.12/site-packages/airflow/example_dags/example_complex.py took 0.184 seconds
[2024-08-04T16:32:52.465+0000] {processor.py:161} INFO - Started process (PID=1384) to work on /home/airflow/.local/lib/python3.12/site-packages/airflow/example_dags/example_complex.py
[2024-08-04T16:32:52.474+0000] {processor.py:830} INFO - Processing file /home/airflow/.local/lib/python3.12/site-packages/airflow/example_dags/example_complex.py for tasks to queue
[2024-08-04T16:32:52.475+0000] {logging_mixin.py:188} INFO - [2024-08-04T16:32:52.475+0000] {dagbag.py:545} INFO - Filling up the DagBag from /home/airflow/.local/lib/python3.12/site-packages/airflow/example_dags/example_complex.py
[2024-08-04T16:32:52.511+0000] {processor.py:840} INFO - DAG(s) 'example_complex' retrieved from /home/airflow/.local/lib/python3.12/site-packages/airflow/example_dags/example_complex.py
[2024-08-04T16:32:52.608+0000] {logging_mixin.py:188} INFO - [2024-08-04T16:32:52.605+0000] {dag.py:3096} INFO - Sync 1 DAGs
[2024-08-04T16:32:52.690+0000] {logging_mixin.py:188} INFO - [2024-08-04T16:32:52.690+0000] {dag.py:3954} INFO - Setting next_dagrun for example_complex to None, run_after=None
[2024-08-04T16:32:52.763+0000] {processor.py:183} INFO - Processing /home/airflow/.local/lib/python3.12/site-packages/airflow/example_dags/example_complex.py took 0.304 seconds
[2024-08-04T16:33:23.359+0000] {processor.py:161} INFO - Started process (PID=1443) to work on /home/airflow/.local/lib/python3.12/site-packages/airflow/example_dags/example_complex.py
[2024-08-04T16:33:23.360+0000] {processor.py:830} INFO - Processing file /home/airflow/.local/lib/python3.12/site-packages/airflow/example_dags/example_complex.py for tasks to queue
[2024-08-04T16:33:23.360+0000] {logging_mixin.py:188} INFO - [2024-08-04T16:33:23.360+0000] {dagbag.py:545} INFO - Filling up the DagBag from /home/airflow/.local/lib/python3.12/site-packages/airflow/example_dags/example_complex.py
[2024-08-04T16:33:23.383+0000] {processor.py:840} INFO - DAG(s) 'example_complex' retrieved from /home/airflow/.local/lib/python3.12/site-packages/airflow/example_dags/example_complex.py
[2024-08-04T16:33:23.492+0000] {logging_mixin.py:188} INFO - [2024-08-04T16:33:23.492+0000] {dag.py:3096} INFO - Sync 1 DAGs
[2024-08-04T16:33:23.530+0000] {logging_mixin.py:188} INFO - [2024-08-04T16:33:23.530+0000] {dag.py:3954} INFO - Setting next_dagrun for example_complex to None, run_after=None
[2024-08-04T16:33:23.579+0000] {processor.py:183} INFO - Processing /home/airflow/.local/lib/python3.12/site-packages/airflow/example_dags/example_complex.py took 0.243 seconds
[2024-08-04T16:33:53.938+0000] {processor.py:161} INFO - Started process (PID=1502) to work on /home/airflow/.local/lib/python3.12/site-packages/airflow/example_dags/example_complex.py
[2024-08-04T16:33:53.938+0000] {processor.py:830} INFO - Processing file /home/airflow/.local/lib/python3.12/site-packages/airflow/example_dags/example_complex.py for tasks to queue
[2024-08-04T16:33:53.939+0000] {logging_mixin.py:188} INFO - [2024-08-04T16:33:53.939+0000] {dagbag.py:545} INFO - Filling up the DagBag from /home/airflow/.local/lib/python3.12/site-packages/airflow/example_dags/example_complex.py
[2024-08-04T16:33:53.954+0000] {processor.py:840} INFO - DAG(s) 'example_complex' retrieved from /home/airflow/.local/lib/python3.12/site-packages/airflow/example_dags/example_complex.py
[2024-08-04T16:33:54.006+0000] {logging_mixin.py:188} INFO - [2024-08-04T16:33:54.006+0000] {dag.py:3096} INFO - Sync 1 DAGs
[2024-08-04T16:33:54.028+0000] {logging_mixin.py:188} INFO - [2024-08-04T16:33:54.028+0000] {dag.py:3954} INFO - Setting next_dagrun for example_complex to None, run_after=None
[2024-08-04T16:33:54.070+0000] {processor.py:183} INFO - Processing /home/airflow/.local/lib/python3.12/site-packages/airflow/example_dags/example_complex.py took 0.138 seconds
[2024-08-04T16:34:24.158+0000] {processor.py:161} INFO - Started process (PID=1561) to work on /home/airflow/.local/lib/python3.12/site-packages/airflow/example_dags/example_complex.py
[2024-08-04T16:34:24.159+0000] {processor.py:830} INFO - Processing file /home/airflow/.local/lib/python3.12/site-packages/airflow/example_dags/example_complex.py for tasks to queue
[2024-08-04T16:34:24.160+0000] {logging_mixin.py:188} INFO - [2024-08-04T16:34:24.159+0000] {dagbag.py:545} INFO - Filling up the DagBag from /home/airflow/.local/lib/python3.12/site-packages/airflow/example_dags/example_complex.py
[2024-08-04T16:34:24.185+0000] {processor.py:840} INFO - DAG(s) 'example_complex' retrieved from /home/airflow/.local/lib/python3.12/site-packages/airflow/example_dags/example_complex.py
[2024-08-04T16:34:24.235+0000] {logging_mixin.py:188} INFO - [2024-08-04T16:34:24.235+0000] {dag.py:3096} INFO - Sync 1 DAGs
[2024-08-04T16:34:24.248+0000] {logging_mixin.py:188} INFO - [2024-08-04T16:34:24.248+0000] {dag.py:3954} INFO - Setting next_dagrun for example_complex to None, run_after=None
[2024-08-04T16:34:24.272+0000] {processor.py:183} INFO - Processing /home/airflow/.local/lib/python3.12/site-packages/airflow/example_dags/example_complex.py took 0.119 seconds
[2024-08-04T16:34:54.383+0000] {processor.py:161} INFO - Started process (PID=1620) to work on /home/airflow/.local/lib/python3.12/site-packages/airflow/example_dags/example_complex.py
[2024-08-04T16:34:54.384+0000] {processor.py:830} INFO - Processing file /home/airflow/.local/lib/python3.12/site-packages/airflow/example_dags/example_complex.py for tasks to queue
[2024-08-04T16:34:54.385+0000] {logging_mixin.py:188} INFO - [2024-08-04T16:34:54.385+0000] {dagbag.py:545} INFO - Filling up the DagBag from /home/airflow/.local/lib/python3.12/site-packages/airflow/example_dags/example_complex.py
[2024-08-04T16:34:54.399+0000] {processor.py:840} INFO - DAG(s) 'example_complex' retrieved from /home/airflow/.local/lib/python3.12/site-packages/airflow/example_dags/example_complex.py
[2024-08-04T16:34:54.458+0000] {logging_mixin.py:188} INFO - [2024-08-04T16:34:54.458+0000] {dag.py:3096} INFO - Sync 1 DAGs
[2024-08-04T16:34:54.473+0000] {logging_mixin.py:188} INFO - [2024-08-04T16:34:54.473+0000] {dag.py:3954} INFO - Setting next_dagrun for example_complex to None, run_after=None
[2024-08-04T16:34:54.502+0000] {processor.py:183} INFO - Processing /home/airflow/.local/lib/python3.12/site-packages/airflow/example_dags/example_complex.py took 0.124 seconds
[2024-08-04T16:35:24.687+0000] {processor.py:161} INFO - Started process (PID=1678) to work on /home/airflow/.local/lib/python3.12/site-packages/airflow/example_dags/example_complex.py
[2024-08-04T16:35:24.687+0000] {processor.py:830} INFO - Processing file /home/airflow/.local/lib/python3.12/site-packages/airflow/example_dags/example_complex.py for tasks to queue
[2024-08-04T16:35:24.688+0000] {logging_mixin.py:188} INFO - [2024-08-04T16:35:24.688+0000] {dagbag.py:545} INFO - Filling up the DagBag from /home/airflow/.local/lib/python3.12/site-packages/airflow/example_dags/example_complex.py
[2024-08-04T16:35:24.702+0000] {processor.py:840} INFO - DAG(s) 'example_complex' retrieved from /home/airflow/.local/lib/python3.12/site-packages/airflow/example_dags/example_complex.py
[2024-08-04T16:35:24.746+0000] {logging_mixin.py:188} INFO - [2024-08-04T16:35:24.745+0000] {dag.py:3096} INFO - Sync 1 DAGs
[2024-08-04T16:35:24.761+0000] {logging_mixin.py:188} INFO - [2024-08-04T16:35:24.761+0000] {dag.py:3954} INFO - Setting next_dagrun for example_complex to None, run_after=None
[2024-08-04T16:35:24.804+0000] {processor.py:183} INFO - Processing /home/airflow/.local/lib/python3.12/site-packages/airflow/example_dags/example_complex.py took 0.124 seconds
[2024-08-04T16:35:54.952+0000] {processor.py:161} INFO - Started process (PID=1738) to work on /home/airflow/.local/lib/python3.12/site-packages/airflow/example_dags/example_complex.py
[2024-08-04T16:35:54.962+0000] {processor.py:830} INFO - Processing file /home/airflow/.local/lib/python3.12/site-packages/airflow/example_dags/example_complex.py for tasks to queue
[2024-08-04T16:35:54.963+0000] {logging_mixin.py:188} INFO - [2024-08-04T16:35:54.962+0000] {dagbag.py:545} INFO - Filling up the DagBag from /home/airflow/.local/lib/python3.12/site-packages/airflow/example_dags/example_complex.py
[2024-08-04T16:35:54.977+0000] {processor.py:840} INFO - DAG(s) 'example_complex' retrieved from /home/airflow/.local/lib/python3.12/site-packages/airflow/example_dags/example_complex.py
[2024-08-04T16:35:55.018+0000] {logging_mixin.py:188} INFO - [2024-08-04T16:35:55.018+0000] {dag.py:3096} INFO - Sync 1 DAGs
[2024-08-04T16:35:55.038+0000] {logging_mixin.py:188} INFO - [2024-08-04T16:35:55.038+0000] {dag.py:3954} INFO - Setting next_dagrun for example_complex to None, run_after=None
[2024-08-04T16:35:55.078+0000] {processor.py:183} INFO - Processing /home/airflow/.local/lib/python3.12/site-packages/airflow/example_dags/example_complex.py took 0.132 seconds
