[2024-08-04T16:21:18.065+0000] {processor.py:161} INFO - Started process (PID=67) to work on /home/airflow/.local/lib/python3.12/site-packages/airflow/example_dags/example_task_group.py
[2024-08-04T16:21:18.066+0000] {processor.py:830} INFO - Processing file /home/airflow/.local/lib/python3.12/site-packages/airflow/example_dags/example_task_group.py for tasks to queue
[2024-08-04T16:21:18.068+0000] {logging_mixin.py:188} INFO - [2024-08-04T16:21:18.067+0000] {dagbag.py:545} INFO - Filling up the DagBag from /home/airflow/.local/lib/python3.12/site-packages/airflow/example_dags/example_task_group.py
[2024-08-04T16:21:18.091+0000] {processor.py:840} INFO - DAG(s) 'example_task_group' retrieved from /home/airflow/.local/lib/python3.12/site-packages/airflow/example_dags/example_task_group.py
[2024-08-04T16:21:18.396+0000] {logging_mixin.py:188} INFO - [2024-08-04T16:21:18.396+0000] {dag.py:3096} INFO - Sync 1 DAGs
[2024-08-04T16:21:18.422+0000] {logging_mixin.py:188} INFO - [2024-08-04T16:21:18.422+0000] {dag.py:3954} INFO - Setting next_dagrun for example_task_group to 2024-08-03 00:00:00+00:00, run_after=2024-08-04 00:00:00+00:00
[2024-08-04T16:21:18.454+0000] {processor.py:183} INFO - Processing /home/airflow/.local/lib/python3.12/site-packages/airflow/example_dags/example_task_group.py took 0.401 seconds
[2024-08-04T16:21:49.428+0000] {processor.py:161} INFO - Started process (PID=124) to work on /home/airflow/.local/lib/python3.12/site-packages/airflow/example_dags/example_task_group.py
[2024-08-04T16:21:49.432+0000] {processor.py:830} INFO - Processing file /home/airflow/.local/lib/python3.12/site-packages/airflow/example_dags/example_task_group.py for tasks to queue
[2024-08-04T16:21:49.433+0000] {logging_mixin.py:188} INFO - [2024-08-04T16:21:49.433+0000] {dagbag.py:545} INFO - Filling up the DagBag from /home/airflow/.local/lib/python3.12/site-packages/airflow/example_dags/example_task_group.py
[2024-08-04T16:21:49.445+0000] {processor.py:840} INFO - DAG(s) 'example_task_group' retrieved from /home/airflow/.local/lib/python3.12/site-packages/airflow/example_dags/example_task_group.py
[2024-08-04T16:21:49.478+0000] {logging_mixin.py:188} INFO - [2024-08-04T16:21:49.478+0000] {dag.py:3096} INFO - Sync 1 DAGs
[2024-08-04T16:21:49.504+0000] {logging_mixin.py:188} INFO - [2024-08-04T16:21:49.504+0000] {dag.py:3954} INFO - Setting next_dagrun for example_task_group to 2024-08-03 00:00:00+00:00, run_after=2024-08-04 00:00:00+00:00
[2024-08-04T16:21:49.527+0000] {processor.py:183} INFO - Processing /home/airflow/.local/lib/python3.12/site-packages/airflow/example_dags/example_task_group.py took 0.105 seconds
[2024-08-04T16:22:19.781+0000] {processor.py:161} INFO - Started process (PID=182) to work on /home/airflow/.local/lib/python3.12/site-packages/airflow/example_dags/example_task_group.py
[2024-08-04T16:22:19.782+0000] {processor.py:830} INFO - Processing file /home/airflow/.local/lib/python3.12/site-packages/airflow/example_dags/example_task_group.py for tasks to queue
[2024-08-04T16:22:19.784+0000] {logging_mixin.py:188} INFO - [2024-08-04T16:22:19.783+0000] {dagbag.py:545} INFO - Filling up the DagBag from /home/airflow/.local/lib/python3.12/site-packages/airflow/example_dags/example_task_group.py
[2024-08-04T16:22:19.792+0000] {processor.py:840} INFO - DAG(s) 'example_task_group' retrieved from /home/airflow/.local/lib/python3.12/site-packages/airflow/example_dags/example_task_group.py
[2024-08-04T16:22:19.818+0000] {logging_mixin.py:188} INFO - [2024-08-04T16:22:19.818+0000] {dag.py:3096} INFO - Sync 1 DAGs
[2024-08-04T16:22:19.845+0000] {logging_mixin.py:188} INFO - [2024-08-04T16:22:19.844+0000] {dag.py:3954} INFO - Setting next_dagrun for example_task_group to 2024-08-03 00:00:00+00:00, run_after=2024-08-04 00:00:00+00:00
[2024-08-04T16:22:19.871+0000] {processor.py:183} INFO - Processing /home/airflow/.local/lib/python3.12/site-packages/airflow/example_dags/example_task_group.py took 0.095 seconds
[2024-08-04T16:22:50.465+0000] {processor.py:161} INFO - Started process (PID=240) to work on /home/airflow/.local/lib/python3.12/site-packages/airflow/example_dags/example_task_group.py
[2024-08-04T16:22:50.470+0000] {processor.py:830} INFO - Processing file /home/airflow/.local/lib/python3.12/site-packages/airflow/example_dags/example_task_group.py for tasks to queue
[2024-08-04T16:22:50.471+0000] {logging_mixin.py:188} INFO - [2024-08-04T16:22:50.471+0000] {dagbag.py:545} INFO - Filling up the DagBag from /home/airflow/.local/lib/python3.12/site-packages/airflow/example_dags/example_task_group.py
[2024-08-04T16:22:50.481+0000] {processor.py:840} INFO - DAG(s) 'example_task_group' retrieved from /home/airflow/.local/lib/python3.12/site-packages/airflow/example_dags/example_task_group.py
[2024-08-04T16:22:50.508+0000] {logging_mixin.py:188} INFO - [2024-08-04T16:22:50.508+0000] {dag.py:3096} INFO - Sync 1 DAGs
[2024-08-04T16:22:50.534+0000] {logging_mixin.py:188} INFO - [2024-08-04T16:22:50.534+0000] {dag.py:3954} INFO - Setting next_dagrun for example_task_group to 2024-08-03 00:00:00+00:00, run_after=2024-08-04 00:00:00+00:00
[2024-08-04T16:22:50.563+0000] {processor.py:183} INFO - Processing /home/airflow/.local/lib/python3.12/site-packages/airflow/example_dags/example_task_group.py took 0.103 seconds
[2024-08-04T16:23:21.143+0000] {processor.py:161} INFO - Started process (PID=298) to work on /home/airflow/.local/lib/python3.12/site-packages/airflow/example_dags/example_task_group.py
[2024-08-04T16:23:21.144+0000] {processor.py:830} INFO - Processing file /home/airflow/.local/lib/python3.12/site-packages/airflow/example_dags/example_task_group.py for tasks to queue
[2024-08-04T16:23:21.146+0000] {logging_mixin.py:188} INFO - [2024-08-04T16:23:21.145+0000] {dagbag.py:545} INFO - Filling up the DagBag from /home/airflow/.local/lib/python3.12/site-packages/airflow/example_dags/example_task_group.py
[2024-08-04T16:23:21.154+0000] {processor.py:840} INFO - DAG(s) 'example_task_group' retrieved from /home/airflow/.local/lib/python3.12/site-packages/airflow/example_dags/example_task_group.py
[2024-08-04T16:23:21.180+0000] {logging_mixin.py:188} INFO - [2024-08-04T16:23:21.180+0000] {dag.py:3096} INFO - Sync 1 DAGs
[2024-08-04T16:23:21.206+0000] {logging_mixin.py:188} INFO - [2024-08-04T16:23:21.206+0000] {dag.py:3954} INFO - Setting next_dagrun for example_task_group to 2024-08-03 00:00:00+00:00, run_after=2024-08-04 00:00:00+00:00
[2024-08-04T16:23:21.230+0000] {processor.py:183} INFO - Processing /home/airflow/.local/lib/python3.12/site-packages/airflow/example_dags/example_task_group.py took 0.093 seconds
[2024-08-04T16:23:52.167+0000] {processor.py:161} INFO - Started process (PID=356) to work on /home/airflow/.local/lib/python3.12/site-packages/airflow/example_dags/example_task_group.py
[2024-08-04T16:23:52.168+0000] {processor.py:830} INFO - Processing file /home/airflow/.local/lib/python3.12/site-packages/airflow/example_dags/example_task_group.py for tasks to queue
[2024-08-04T16:23:52.170+0000] {logging_mixin.py:188} INFO - [2024-08-04T16:23:52.169+0000] {dagbag.py:545} INFO - Filling up the DagBag from /home/airflow/.local/lib/python3.12/site-packages/airflow/example_dags/example_task_group.py
[2024-08-04T16:23:52.178+0000] {processor.py:840} INFO - DAG(s) 'example_task_group' retrieved from /home/airflow/.local/lib/python3.12/site-packages/airflow/example_dags/example_task_group.py
[2024-08-04T16:23:52.203+0000] {logging_mixin.py:188} INFO - [2024-08-04T16:23:52.203+0000] {dag.py:3096} INFO - Sync 1 DAGs
[2024-08-04T16:23:52.230+0000] {logging_mixin.py:188} INFO - [2024-08-04T16:23:52.230+0000] {dag.py:3954} INFO - Setting next_dagrun for example_task_group to 2024-08-03 00:00:00+00:00, run_after=2024-08-04 00:00:00+00:00
[2024-08-04T16:23:52.253+0000] {processor.py:183} INFO - Processing /home/airflow/.local/lib/python3.12/site-packages/airflow/example_dags/example_task_group.py took 0.092 seconds
[2024-08-04T16:24:22.505+0000] {processor.py:161} INFO - Started process (PID=415) to work on /home/airflow/.local/lib/python3.12/site-packages/airflow/example_dags/example_task_group.py
[2024-08-04T16:24:22.530+0000] {processor.py:830} INFO - Processing file /home/airflow/.local/lib/python3.12/site-packages/airflow/example_dags/example_task_group.py for tasks to queue
[2024-08-04T16:24:22.532+0000] {logging_mixin.py:188} INFO - [2024-08-04T16:24:22.531+0000] {dagbag.py:545} INFO - Filling up the DagBag from /home/airflow/.local/lib/python3.12/site-packages/airflow/example_dags/example_task_group.py
[2024-08-04T16:24:22.567+0000] {processor.py:840} INFO - DAG(s) 'example_task_group' retrieved from /home/airflow/.local/lib/python3.12/site-packages/airflow/example_dags/example_task_group.py
[2024-08-04T16:24:22.694+0000] {logging_mixin.py:188} INFO - [2024-08-04T16:24:22.694+0000] {dag.py:3096} INFO - Sync 1 DAGs
[2024-08-04T16:24:22.806+0000] {logging_mixin.py:188} INFO - [2024-08-04T16:24:22.806+0000] {dag.py:3954} INFO - Setting next_dagrun for example_task_group to 2024-08-03 00:00:00+00:00, run_after=2024-08-04 00:00:00+00:00
[2024-08-04T16:24:22.902+0000] {processor.py:183} INFO - Processing /home/airflow/.local/lib/python3.12/site-packages/airflow/example_dags/example_task_group.py took 0.412 seconds
[2024-08-04T16:24:53.736+0000] {processor.py:161} INFO - Started process (PID=473) to work on /home/airflow/.local/lib/python3.12/site-packages/airflow/example_dags/example_task_group.py
[2024-08-04T16:24:53.736+0000] {processor.py:830} INFO - Processing file /home/airflow/.local/lib/python3.12/site-packages/airflow/example_dags/example_task_group.py for tasks to queue
[2024-08-04T16:24:53.738+0000] {logging_mixin.py:188} INFO - [2024-08-04T16:24:53.738+0000] {dagbag.py:545} INFO - Filling up the DagBag from /home/airflow/.local/lib/python3.12/site-packages/airflow/example_dags/example_task_group.py
[2024-08-04T16:24:53.746+0000] {processor.py:840} INFO - DAG(s) 'example_task_group' retrieved from /home/airflow/.local/lib/python3.12/site-packages/airflow/example_dags/example_task_group.py
[2024-08-04T16:24:53.772+0000] {logging_mixin.py:188} INFO - [2024-08-04T16:24:53.772+0000] {dag.py:3096} INFO - Sync 1 DAGs
[2024-08-04T16:24:53.799+0000] {logging_mixin.py:188} INFO - [2024-08-04T16:24:53.799+0000] {dag.py:3954} INFO - Setting next_dagrun for example_task_group to 2024-08-03 00:00:00+00:00, run_after=2024-08-04 00:00:00+00:00
[2024-08-04T16:24:53.834+0000] {processor.py:183} INFO - Processing /home/airflow/.local/lib/python3.12/site-packages/airflow/example_dags/example_task_group.py took 0.114 seconds
[2024-08-04T16:25:24.544+0000] {processor.py:161} INFO - Started process (PID=531) to work on /home/airflow/.local/lib/python3.12/site-packages/airflow/example_dags/example_task_group.py
[2024-08-04T16:25:24.545+0000] {processor.py:830} INFO - Processing file /home/airflow/.local/lib/python3.12/site-packages/airflow/example_dags/example_task_group.py for tasks to queue
[2024-08-04T16:25:24.546+0000] {logging_mixin.py:188} INFO - [2024-08-04T16:25:24.546+0000] {dagbag.py:545} INFO - Filling up the DagBag from /home/airflow/.local/lib/python3.12/site-packages/airflow/example_dags/example_task_group.py
[2024-08-04T16:25:24.555+0000] {processor.py:840} INFO - DAG(s) 'example_task_group' retrieved from /home/airflow/.local/lib/python3.12/site-packages/airflow/example_dags/example_task_group.py
[2024-08-04T16:25:24.581+0000] {logging_mixin.py:188} INFO - [2024-08-04T16:25:24.581+0000] {dag.py:3096} INFO - Sync 1 DAGs
[2024-08-04T16:25:24.607+0000] {logging_mixin.py:188} INFO - [2024-08-04T16:25:24.607+0000] {dag.py:3954} INFO - Setting next_dagrun for example_task_group to 2024-08-03 00:00:00+00:00, run_after=2024-08-04 00:00:00+00:00
[2024-08-04T16:25:24.631+0000] {processor.py:183} INFO - Processing /home/airflow/.local/lib/python3.12/site-packages/airflow/example_dags/example_task_group.py took 0.093 seconds
[2024-08-04T16:25:54.928+0000] {processor.py:161} INFO - Started process (PID=590) to work on /home/airflow/.local/lib/python3.12/site-packages/airflow/example_dags/example_task_group.py
[2024-08-04T16:25:54.931+0000] {processor.py:830} INFO - Processing file /home/airflow/.local/lib/python3.12/site-packages/airflow/example_dags/example_task_group.py for tasks to queue
[2024-08-04T16:25:54.932+0000] {logging_mixin.py:188} INFO - [2024-08-04T16:25:54.932+0000] {dagbag.py:545} INFO - Filling up the DagBag from /home/airflow/.local/lib/python3.12/site-packages/airflow/example_dags/example_task_group.py
[2024-08-04T16:25:54.942+0000] {processor.py:840} INFO - DAG(s) 'example_task_group' retrieved from /home/airflow/.local/lib/python3.12/site-packages/airflow/example_dags/example_task_group.py
[2024-08-04T16:25:54.968+0000] {logging_mixin.py:188} INFO - [2024-08-04T16:25:54.968+0000] {dag.py:3096} INFO - Sync 1 DAGs
[2024-08-04T16:25:54.993+0000] {logging_mixin.py:188} INFO - [2024-08-04T16:25:54.993+0000] {dag.py:3954} INFO - Setting next_dagrun for example_task_group to 2024-08-03 00:00:00+00:00, run_after=2024-08-04 00:00:00+00:00
[2024-08-04T16:25:55.016+0000] {processor.py:183} INFO - Processing /home/airflow/.local/lib/python3.12/site-packages/airflow/example_dags/example_task_group.py took 0.094 seconds
[2024-08-04T16:26:25.212+0000] {processor.py:161} INFO - Started process (PID=647) to work on /home/airflow/.local/lib/python3.12/site-packages/airflow/example_dags/example_task_group.py
[2024-08-04T16:26:25.213+0000] {processor.py:830} INFO - Processing file /home/airflow/.local/lib/python3.12/site-packages/airflow/example_dags/example_task_group.py for tasks to queue
[2024-08-04T16:26:25.215+0000] {logging_mixin.py:188} INFO - [2024-08-04T16:26:25.214+0000] {dagbag.py:545} INFO - Filling up the DagBag from /home/airflow/.local/lib/python3.12/site-packages/airflow/example_dags/example_task_group.py
[2024-08-04T16:26:25.222+0000] {processor.py:840} INFO - DAG(s) 'example_task_group' retrieved from /home/airflow/.local/lib/python3.12/site-packages/airflow/example_dags/example_task_group.py
[2024-08-04T16:26:25.247+0000] {logging_mixin.py:188} INFO - [2024-08-04T16:26:25.247+0000] {dag.py:3096} INFO - Sync 1 DAGs
[2024-08-04T16:26:25.273+0000] {logging_mixin.py:188} INFO - [2024-08-04T16:26:25.273+0000] {dag.py:3954} INFO - Setting next_dagrun for example_task_group to 2024-08-03 00:00:00+00:00, run_after=2024-08-04 00:00:00+00:00
[2024-08-04T16:26:25.298+0000] {processor.py:183} INFO - Processing /home/airflow/.local/lib/python3.12/site-packages/airflow/example_dags/example_task_group.py took 0.091 seconds
[2024-08-04T16:26:55.658+0000] {processor.py:161} INFO - Started process (PID=705) to work on /home/airflow/.local/lib/python3.12/site-packages/airflow/example_dags/example_task_group.py
[2024-08-04T16:26:55.663+0000] {processor.py:830} INFO - Processing file /home/airflow/.local/lib/python3.12/site-packages/airflow/example_dags/example_task_group.py for tasks to queue
[2024-08-04T16:26:55.665+0000] {logging_mixin.py:188} INFO - [2024-08-04T16:26:55.665+0000] {dagbag.py:545} INFO - Filling up the DagBag from /home/airflow/.local/lib/python3.12/site-packages/airflow/example_dags/example_task_group.py
[2024-08-04T16:26:55.673+0000] {processor.py:840} INFO - DAG(s) 'example_task_group' retrieved from /home/airflow/.local/lib/python3.12/site-packages/airflow/example_dags/example_task_group.py
[2024-08-04T16:26:55.699+0000] {logging_mixin.py:188} INFO - [2024-08-04T16:26:55.699+0000] {dag.py:3096} INFO - Sync 1 DAGs
[2024-08-04T16:26:55.726+0000] {logging_mixin.py:188} INFO - [2024-08-04T16:26:55.726+0000] {dag.py:3954} INFO - Setting next_dagrun for example_task_group to 2024-08-03 00:00:00+00:00, run_after=2024-08-04 00:00:00+00:00
[2024-08-04T16:26:55.751+0000] {processor.py:183} INFO - Processing /home/airflow/.local/lib/python3.12/site-packages/airflow/example_dags/example_task_group.py took 0.099 seconds
[2024-08-04T16:27:26.421+0000] {processor.py:161} INFO - Started process (PID=763) to work on /home/airflow/.local/lib/python3.12/site-packages/airflow/example_dags/example_task_group.py
[2024-08-04T16:27:26.422+0000] {processor.py:830} INFO - Processing file /home/airflow/.local/lib/python3.12/site-packages/airflow/example_dags/example_task_group.py for tasks to queue
[2024-08-04T16:27:26.423+0000] {logging_mixin.py:188} INFO - [2024-08-04T16:27:26.423+0000] {dagbag.py:545} INFO - Filling up the DagBag from /home/airflow/.local/lib/python3.12/site-packages/airflow/example_dags/example_task_group.py
[2024-08-04T16:27:26.431+0000] {processor.py:840} INFO - DAG(s) 'example_task_group' retrieved from /home/airflow/.local/lib/python3.12/site-packages/airflow/example_dags/example_task_group.py
[2024-08-04T16:27:26.457+0000] {logging_mixin.py:188} INFO - [2024-08-04T16:27:26.457+0000] {dag.py:3096} INFO - Sync 1 DAGs
[2024-08-04T16:27:26.484+0000] {logging_mixin.py:188} INFO - [2024-08-04T16:27:26.484+0000] {dag.py:3954} INFO - Setting next_dagrun for example_task_group to 2024-08-03 00:00:00+00:00, run_after=2024-08-04 00:00:00+00:00
[2024-08-04T16:27:26.508+0000] {processor.py:183} INFO - Processing /home/airflow/.local/lib/python3.12/site-packages/airflow/example_dags/example_task_group.py took 0.093 seconds
[2024-08-04T16:27:56.685+0000] {processor.py:161} INFO - Started process (PID=821) to work on /home/airflow/.local/lib/python3.12/site-packages/airflow/example_dags/example_task_group.py
[2024-08-04T16:27:56.685+0000] {processor.py:830} INFO - Processing file /home/airflow/.local/lib/python3.12/site-packages/airflow/example_dags/example_task_group.py for tasks to queue
[2024-08-04T16:27:56.687+0000] {logging_mixin.py:188} INFO - [2024-08-04T16:27:56.687+0000] {dagbag.py:545} INFO - Filling up the DagBag from /home/airflow/.local/lib/python3.12/site-packages/airflow/example_dags/example_task_group.py
[2024-08-04T16:27:56.696+0000] {processor.py:840} INFO - DAG(s) 'example_task_group' retrieved from /home/airflow/.local/lib/python3.12/site-packages/airflow/example_dags/example_task_group.py
[2024-08-04T16:27:56.721+0000] {logging_mixin.py:188} INFO - [2024-08-04T16:27:56.721+0000] {dag.py:3096} INFO - Sync 1 DAGs
[2024-08-04T16:27:56.747+0000] {logging_mixin.py:188} INFO - [2024-08-04T16:27:56.747+0000] {dag.py:3954} INFO - Setting next_dagrun for example_task_group to 2024-08-03 00:00:00+00:00, run_after=2024-08-04 00:00:00+00:00
[2024-08-04T16:27:56.771+0000] {processor.py:183} INFO - Processing /home/airflow/.local/lib/python3.12/site-packages/airflow/example_dags/example_task_group.py took 0.092 seconds
[2024-08-04T16:28:27.699+0000] {processor.py:161} INFO - Started process (PID=879) to work on /home/airflow/.local/lib/python3.12/site-packages/airflow/example_dags/example_task_group.py
[2024-08-04T16:28:27.700+0000] {processor.py:830} INFO - Processing file /home/airflow/.local/lib/python3.12/site-packages/airflow/example_dags/example_task_group.py for tasks to queue
[2024-08-04T16:28:27.702+0000] {logging_mixin.py:188} INFO - [2024-08-04T16:28:27.701+0000] {dagbag.py:545} INFO - Filling up the DagBag from /home/airflow/.local/lib/python3.12/site-packages/airflow/example_dags/example_task_group.py
[2024-08-04T16:28:27.710+0000] {processor.py:840} INFO - DAG(s) 'example_task_group' retrieved from /home/airflow/.local/lib/python3.12/site-packages/airflow/example_dags/example_task_group.py
[2024-08-04T16:28:27.735+0000] {logging_mixin.py:188} INFO - [2024-08-04T16:28:27.735+0000] {dag.py:3096} INFO - Sync 1 DAGs
[2024-08-04T16:28:27.762+0000] {logging_mixin.py:188} INFO - [2024-08-04T16:28:27.761+0000] {dag.py:3954} INFO - Setting next_dagrun for example_task_group to 2024-08-03 00:00:00+00:00, run_after=2024-08-04 00:00:00+00:00
[2024-08-04T16:28:27.808+0000] {processor.py:183} INFO - Processing /home/airflow/.local/lib/python3.12/site-packages/airflow/example_dags/example_task_group.py took 0.114 seconds
[2024-08-04T16:28:58.194+0000] {processor.py:161} INFO - Started process (PID=938) to work on /home/airflow/.local/lib/python3.12/site-packages/airflow/example_dags/example_task_group.py
[2024-08-04T16:28:58.195+0000] {processor.py:830} INFO - Processing file /home/airflow/.local/lib/python3.12/site-packages/airflow/example_dags/example_task_group.py for tasks to queue
[2024-08-04T16:28:58.196+0000] {logging_mixin.py:188} INFO - [2024-08-04T16:28:58.196+0000] {dagbag.py:545} INFO - Filling up the DagBag from /home/airflow/.local/lib/python3.12/site-packages/airflow/example_dags/example_task_group.py
[2024-08-04T16:28:58.205+0000] {processor.py:840} INFO - DAG(s) 'example_task_group' retrieved from /home/airflow/.local/lib/python3.12/site-packages/airflow/example_dags/example_task_group.py
[2024-08-04T16:28:58.231+0000] {logging_mixin.py:188} INFO - [2024-08-04T16:28:58.231+0000] {dag.py:3096} INFO - Sync 1 DAGs
[2024-08-04T16:28:58.257+0000] {logging_mixin.py:188} INFO - [2024-08-04T16:28:58.257+0000] {dag.py:3954} INFO - Setting next_dagrun for example_task_group to 2024-08-03 00:00:00+00:00, run_after=2024-08-04 00:00:00+00:00
[2024-08-04T16:28:58.281+0000] {processor.py:183} INFO - Processing /home/airflow/.local/lib/python3.12/site-packages/airflow/example_dags/example_task_group.py took 0.093 seconds
[2024-08-04T16:29:28.482+0000] {processor.py:161} INFO - Started process (PID=996) to work on /home/airflow/.local/lib/python3.12/site-packages/airflow/example_dags/example_task_group.py
[2024-08-04T16:29:28.490+0000] {processor.py:830} INFO - Processing file /home/airflow/.local/lib/python3.12/site-packages/airflow/example_dags/example_task_group.py for tasks to queue
[2024-08-04T16:29:28.491+0000] {logging_mixin.py:188} INFO - [2024-08-04T16:29:28.491+0000] {dagbag.py:545} INFO - Filling up the DagBag from /home/airflow/.local/lib/python3.12/site-packages/airflow/example_dags/example_task_group.py
[2024-08-04T16:29:28.512+0000] {processor.py:840} INFO - DAG(s) 'example_task_group' retrieved from /home/airflow/.local/lib/python3.12/site-packages/airflow/example_dags/example_task_group.py
[2024-08-04T16:29:28.630+0000] {logging_mixin.py:188} INFO - [2024-08-04T16:29:28.630+0000] {dag.py:3096} INFO - Sync 1 DAGs
[2024-08-04T16:29:28.739+0000] {logging_mixin.py:188} INFO - [2024-08-04T16:29:28.739+0000] {dag.py:3954} INFO - Setting next_dagrun for example_task_group to 2024-08-03 00:00:00+00:00, run_after=2024-08-04 00:00:00+00:00
[2024-08-04T16:29:28.821+0000] {processor.py:183} INFO - Processing /home/airflow/.local/lib/python3.12/site-packages/airflow/example_dags/example_task_group.py took 0.354 seconds
[2024-08-04T16:29:59.653+0000] {processor.py:161} INFO - Started process (PID=1054) to work on /home/airflow/.local/lib/python3.12/site-packages/airflow/example_dags/example_task_group.py
[2024-08-04T16:29:59.673+0000] {processor.py:830} INFO - Processing file /home/airflow/.local/lib/python3.12/site-packages/airflow/example_dags/example_task_group.py for tasks to queue
[2024-08-04T16:29:59.675+0000] {logging_mixin.py:188} INFO - [2024-08-04T16:29:59.675+0000] {dagbag.py:545} INFO - Filling up the DagBag from /home/airflow/.local/lib/python3.12/site-packages/airflow/example_dags/example_task_group.py
[2024-08-04T16:29:59.706+0000] {processor.py:840} INFO - DAG(s) 'example_task_group' retrieved from /home/airflow/.local/lib/python3.12/site-packages/airflow/example_dags/example_task_group.py
[2024-08-04T16:29:59.762+0000] {logging_mixin.py:188} INFO - [2024-08-04T16:29:59.759+0000] {dag.py:3096} INFO - Sync 1 DAGs
[2024-08-04T16:29:59.823+0000] {logging_mixin.py:188} INFO - [2024-08-04T16:29:59.822+0000] {dag.py:3954} INFO - Setting next_dagrun for example_task_group to 2024-08-03 00:00:00+00:00, run_after=2024-08-04 00:00:00+00:00
[2024-08-04T16:29:59.864+0000] {processor.py:183} INFO - Processing /home/airflow/.local/lib/python3.12/site-packages/airflow/example_dags/example_task_group.py took 0.218 seconds
[2024-08-04T16:30:30.241+0000] {processor.py:161} INFO - Started process (PID=1113) to work on /home/airflow/.local/lib/python3.12/site-packages/airflow/example_dags/example_task_group.py
[2024-08-04T16:30:30.242+0000] {processor.py:830} INFO - Processing file /home/airflow/.local/lib/python3.12/site-packages/airflow/example_dags/example_task_group.py for tasks to queue
[2024-08-04T16:30:30.243+0000] {logging_mixin.py:188} INFO - [2024-08-04T16:30:30.243+0000] {dagbag.py:545} INFO - Filling up the DagBag from /home/airflow/.local/lib/python3.12/site-packages/airflow/example_dags/example_task_group.py
[2024-08-04T16:30:30.251+0000] {processor.py:840} INFO - DAG(s) 'example_task_group' retrieved from /home/airflow/.local/lib/python3.12/site-packages/airflow/example_dags/example_task_group.py
[2024-08-04T16:30:30.278+0000] {logging_mixin.py:188} INFO - [2024-08-04T16:30:30.278+0000] {dag.py:3096} INFO - Sync 1 DAGs
[2024-08-04T16:30:30.322+0000] {logging_mixin.py:188} INFO - [2024-08-04T16:30:30.322+0000] {dag.py:3954} INFO - Setting next_dagrun for example_task_group to 2024-08-03 00:00:00+00:00, run_after=2024-08-04 00:00:00+00:00
[2024-08-04T16:30:30.351+0000] {processor.py:183} INFO - Processing /home/airflow/.local/lib/python3.12/site-packages/airflow/example_dags/example_task_group.py took 0.115 seconds
[2024-08-04T16:31:00.489+0000] {processor.py:161} INFO - Started process (PID=1172) to work on /home/airflow/.local/lib/python3.12/site-packages/airflow/example_dags/example_task_group.py
[2024-08-04T16:31:00.490+0000] {processor.py:830} INFO - Processing file /home/airflow/.local/lib/python3.12/site-packages/airflow/example_dags/example_task_group.py for tasks to queue
[2024-08-04T16:31:00.492+0000] {logging_mixin.py:188} INFO - [2024-08-04T16:31:00.491+0000] {dagbag.py:545} INFO - Filling up the DagBag from /home/airflow/.local/lib/python3.12/site-packages/airflow/example_dags/example_task_group.py
[2024-08-04T16:31:00.500+0000] {processor.py:840} INFO - DAG(s) 'example_task_group' retrieved from /home/airflow/.local/lib/python3.12/site-packages/airflow/example_dags/example_task_group.py
[2024-08-04T16:31:00.528+0000] {logging_mixin.py:188} INFO - [2024-08-04T16:31:00.528+0000] {dag.py:3096} INFO - Sync 1 DAGs
[2024-08-04T16:31:00.554+0000] {logging_mixin.py:188} INFO - [2024-08-04T16:31:00.554+0000] {dag.py:3954} INFO - Setting next_dagrun for example_task_group to 2024-08-03 00:00:00+00:00, run_after=2024-08-04 00:00:00+00:00
[2024-08-04T16:31:00.577+0000] {processor.py:183} INFO - Processing /home/airflow/.local/lib/python3.12/site-packages/airflow/example_dags/example_task_group.py took 0.094 seconds
[2024-08-04T16:31:30.644+0000] {processor.py:161} INFO - Started process (PID=1231) to work on /home/airflow/.local/lib/python3.12/site-packages/airflow/example_dags/example_task_group.py
[2024-08-04T16:31:30.644+0000] {processor.py:830} INFO - Processing file /home/airflow/.local/lib/python3.12/site-packages/airflow/example_dags/example_task_group.py for tasks to queue
[2024-08-04T16:31:30.645+0000] {logging_mixin.py:188} INFO - [2024-08-04T16:31:30.645+0000] {dagbag.py:545} INFO - Filling up the DagBag from /home/airflow/.local/lib/python3.12/site-packages/airflow/example_dags/example_task_group.py
[2024-08-04T16:31:30.668+0000] {processor.py:840} INFO - DAG(s) 'example_task_group' retrieved from /home/airflow/.local/lib/python3.12/site-packages/airflow/example_dags/example_task_group.py
[2024-08-04T16:31:30.696+0000] {logging_mixin.py:188} INFO - [2024-08-04T16:31:30.696+0000] {dag.py:3096} INFO - Sync 1 DAGs
[2024-08-04T16:31:30.738+0000] {logging_mixin.py:188} INFO - [2024-08-04T16:31:30.738+0000] {dag.py:3954} INFO - Setting next_dagrun for example_task_group to 2024-08-03 00:00:00+00:00, run_after=2024-08-04 00:00:00+00:00
[2024-08-04T16:31:30.764+0000] {processor.py:183} INFO - Processing /home/airflow/.local/lib/python3.12/site-packages/airflow/example_dags/example_task_group.py took 0.126 seconds
[2024-08-04T16:32:00.967+0000] {processor.py:161} INFO - Started process (PID=1290) to work on /home/airflow/.local/lib/python3.12/site-packages/airflow/example_dags/example_task_group.py
[2024-08-04T16:32:00.968+0000] {processor.py:830} INFO - Processing file /home/airflow/.local/lib/python3.12/site-packages/airflow/example_dags/example_task_group.py for tasks to queue
[2024-08-04T16:32:00.968+0000] {logging_mixin.py:188} INFO - [2024-08-04T16:32:00.968+0000] {dagbag.py:545} INFO - Filling up the DagBag from /home/airflow/.local/lib/python3.12/site-packages/airflow/example_dags/example_task_group.py
[2024-08-04T16:32:00.977+0000] {processor.py:840} INFO - DAG(s) 'example_task_group' retrieved from /home/airflow/.local/lib/python3.12/site-packages/airflow/example_dags/example_task_group.py
[2024-08-04T16:32:01.003+0000] {logging_mixin.py:188} INFO - [2024-08-04T16:32:01.003+0000] {dag.py:3096} INFO - Sync 1 DAGs
[2024-08-04T16:32:01.029+0000] {logging_mixin.py:188} INFO - [2024-08-04T16:32:01.028+0000] {dag.py:3954} INFO - Setting next_dagrun for example_task_group to 2024-08-03 00:00:00+00:00, run_after=2024-08-04 00:00:00+00:00
[2024-08-04T16:32:01.052+0000] {processor.py:183} INFO - Processing /home/airflow/.local/lib/python3.12/site-packages/airflow/example_dags/example_task_group.py took 0.092 seconds
[2024-08-04T16:32:31.369+0000] {processor.py:161} INFO - Started process (PID=1349) to work on /home/airflow/.local/lib/python3.12/site-packages/airflow/example_dags/example_task_group.py
[2024-08-04T16:32:31.370+0000] {processor.py:830} INFO - Processing file /home/airflow/.local/lib/python3.12/site-packages/airflow/example_dags/example_task_group.py for tasks to queue
[2024-08-04T16:32:31.370+0000] {logging_mixin.py:188} INFO - [2024-08-04T16:32:31.370+0000] {dagbag.py:545} INFO - Filling up the DagBag from /home/airflow/.local/lib/python3.12/site-packages/airflow/example_dags/example_task_group.py
[2024-08-04T16:32:31.379+0000] {processor.py:840} INFO - DAG(s) 'example_task_group' retrieved from /home/airflow/.local/lib/python3.12/site-packages/airflow/example_dags/example_task_group.py
[2024-08-04T16:32:31.405+0000] {logging_mixin.py:188} INFO - [2024-08-04T16:32:31.405+0000] {dag.py:3096} INFO - Sync 1 DAGs
[2024-08-04T16:32:31.431+0000] {logging_mixin.py:188} INFO - [2024-08-04T16:32:31.431+0000] {dag.py:3954} INFO - Setting next_dagrun for example_task_group to 2024-08-03 00:00:00+00:00, run_after=2024-08-04 00:00:00+00:00
[2024-08-04T16:32:31.465+0000] {processor.py:183} INFO - Processing /home/airflow/.local/lib/python3.12/site-packages/airflow/example_dags/example_task_group.py took 0.102 seconds
[2024-08-04T16:33:02.279+0000] {processor.py:161} INFO - Started process (PID=1408) to work on /home/airflow/.local/lib/python3.12/site-packages/airflow/example_dags/example_task_group.py
[2024-08-04T16:33:02.290+0000] {processor.py:830} INFO - Processing file /home/airflow/.local/lib/python3.12/site-packages/airflow/example_dags/example_task_group.py for tasks to queue
[2024-08-04T16:33:02.291+0000] {logging_mixin.py:188} INFO - [2024-08-04T16:33:02.291+0000] {dagbag.py:545} INFO - Filling up the DagBag from /home/airflow/.local/lib/python3.12/site-packages/airflow/example_dags/example_task_group.py
[2024-08-04T16:33:02.300+0000] {processor.py:840} INFO - DAG(s) 'example_task_group' retrieved from /home/airflow/.local/lib/python3.12/site-packages/airflow/example_dags/example_task_group.py
[2024-08-04T16:33:02.333+0000] {logging_mixin.py:188} INFO - [2024-08-04T16:33:02.333+0000] {dag.py:3096} INFO - Sync 1 DAGs
[2024-08-04T16:33:02.359+0000] {logging_mixin.py:188} INFO - [2024-08-04T16:33:02.359+0000] {dag.py:3954} INFO - Setting next_dagrun for example_task_group to 2024-08-03 00:00:00+00:00, run_after=2024-08-04 00:00:00+00:00
[2024-08-04T16:33:02.383+0000] {processor.py:183} INFO - Processing /home/airflow/.local/lib/python3.12/site-packages/airflow/example_dags/example_task_group.py took 0.117 seconds
[2024-08-04T16:33:32.435+0000] {processor.py:161} INFO - Started process (PID=1467) to work on /home/airflow/.local/lib/python3.12/site-packages/airflow/example_dags/example_task_group.py
[2024-08-04T16:33:32.435+0000] {processor.py:830} INFO - Processing file /home/airflow/.local/lib/python3.12/site-packages/airflow/example_dags/example_task_group.py for tasks to queue
[2024-08-04T16:33:32.436+0000] {logging_mixin.py:188} INFO - [2024-08-04T16:33:32.436+0000] {dagbag.py:545} INFO - Filling up the DagBag from /home/airflow/.local/lib/python3.12/site-packages/airflow/example_dags/example_task_group.py
[2024-08-04T16:33:32.445+0000] {processor.py:840} INFO - DAG(s) 'example_task_group' retrieved from /home/airflow/.local/lib/python3.12/site-packages/airflow/example_dags/example_task_group.py
[2024-08-04T16:33:32.470+0000] {logging_mixin.py:188} INFO - [2024-08-04T16:33:32.470+0000] {dag.py:3096} INFO - Sync 1 DAGs
[2024-08-04T16:33:32.511+0000] {logging_mixin.py:188} INFO - [2024-08-04T16:33:32.511+0000] {dag.py:3954} INFO - Setting next_dagrun for example_task_group to 2024-08-03 00:00:00+00:00, run_after=2024-08-04 00:00:00+00:00
[2024-08-04T16:33:32.547+0000] {processor.py:183} INFO - Processing /home/airflow/.local/lib/python3.12/site-packages/airflow/example_dags/example_task_group.py took 0.118 seconds
[2024-08-04T16:34:03.131+0000] {processor.py:161} INFO - Started process (PID=1526) to work on /home/airflow/.local/lib/python3.12/site-packages/airflow/example_dags/example_task_group.py
[2024-08-04T16:34:03.131+0000] {processor.py:830} INFO - Processing file /home/airflow/.local/lib/python3.12/site-packages/airflow/example_dags/example_task_group.py for tasks to queue
[2024-08-04T16:34:03.133+0000] {logging_mixin.py:188} INFO - [2024-08-04T16:34:03.132+0000] {dagbag.py:545} INFO - Filling up the DagBag from /home/airflow/.local/lib/python3.12/site-packages/airflow/example_dags/example_task_group.py
[2024-08-04T16:34:03.155+0000] {processor.py:840} INFO - DAG(s) 'example_task_group' retrieved from /home/airflow/.local/lib/python3.12/site-packages/airflow/example_dags/example_task_group.py
[2024-08-04T16:34:03.183+0000] {logging_mixin.py:188} INFO - [2024-08-04T16:34:03.182+0000] {dag.py:3096} INFO - Sync 1 DAGs
[2024-08-04T16:34:03.208+0000] {logging_mixin.py:188} INFO - [2024-08-04T16:34:03.208+0000] {dag.py:3954} INFO - Setting next_dagrun for example_task_group to 2024-08-03 00:00:00+00:00, run_after=2024-08-04 00:00:00+00:00
[2024-08-04T16:34:03.244+0000] {processor.py:183} INFO - Processing /home/airflow/.local/lib/python3.12/site-packages/airflow/example_dags/example_task_group.py took 0.119 seconds
[2024-08-04T16:34:34.004+0000] {processor.py:161} INFO - Started process (PID=1585) to work on /home/airflow/.local/lib/python3.12/site-packages/airflow/example_dags/example_task_group.py
[2024-08-04T16:34:34.004+0000] {processor.py:830} INFO - Processing file /home/airflow/.local/lib/python3.12/site-packages/airflow/example_dags/example_task_group.py for tasks to queue
[2024-08-04T16:34:34.005+0000] {logging_mixin.py:188} INFO - [2024-08-04T16:34:34.005+0000] {dagbag.py:545} INFO - Filling up the DagBag from /home/airflow/.local/lib/python3.12/site-packages/airflow/example_dags/example_task_group.py
[2024-08-04T16:34:34.014+0000] {processor.py:840} INFO - DAG(s) 'example_task_group' retrieved from /home/airflow/.local/lib/python3.12/site-packages/airflow/example_dags/example_task_group.py
[2024-08-04T16:34:34.041+0000] {logging_mixin.py:188} INFO - [2024-08-04T16:34:34.041+0000] {dag.py:3096} INFO - Sync 1 DAGs
[2024-08-04T16:34:34.067+0000] {logging_mixin.py:188} INFO - [2024-08-04T16:34:34.066+0000] {dag.py:3954} INFO - Setting next_dagrun for example_task_group to 2024-08-03 00:00:00+00:00, run_after=2024-08-04 00:00:00+00:00
[2024-08-04T16:34:34.090+0000] {processor.py:183} INFO - Processing /home/airflow/.local/lib/python3.12/site-packages/airflow/example_dags/example_task_group.py took 0.093 seconds
[2024-08-04T16:35:05.024+0000] {processor.py:161} INFO - Started process (PID=1644) to work on /home/airflow/.local/lib/python3.12/site-packages/airflow/example_dags/example_task_group.py
[2024-08-04T16:35:05.030+0000] {processor.py:830} INFO - Processing file /home/airflow/.local/lib/python3.12/site-packages/airflow/example_dags/example_task_group.py for tasks to queue
[2024-08-04T16:35:05.031+0000] {logging_mixin.py:188} INFO - [2024-08-04T16:35:05.030+0000] {dagbag.py:545} INFO - Filling up the DagBag from /home/airflow/.local/lib/python3.12/site-packages/airflow/example_dags/example_task_group.py
[2024-08-04T16:35:05.060+0000] {processor.py:840} INFO - DAG(s) 'example_task_group' retrieved from /home/airflow/.local/lib/python3.12/site-packages/airflow/example_dags/example_task_group.py
[2024-08-04T16:35:05.171+0000] {logging_mixin.py:188} INFO - [2024-08-04T16:35:05.171+0000] {dag.py:3096} INFO - Sync 1 DAGs
[2024-08-04T16:35:05.264+0000] {logging_mixin.py:188} INFO - [2024-08-04T16:35:05.264+0000] {dag.py:3954} INFO - Setting next_dagrun for example_task_group to 2024-08-03 00:00:00+00:00, run_after=2024-08-04 00:00:00+00:00
[2024-08-04T16:35:05.318+0000] {processor.py:183} INFO - Processing /home/airflow/.local/lib/python3.12/site-packages/airflow/example_dags/example_task_group.py took 0.325 seconds
[2024-08-04T16:35:35.372+0000] {processor.py:161} INFO - Started process (PID=1702) to work on /home/airflow/.local/lib/python3.12/site-packages/airflow/example_dags/example_task_group.py
[2024-08-04T16:35:35.373+0000] {processor.py:830} INFO - Processing file /home/airflow/.local/lib/python3.12/site-packages/airflow/example_dags/example_task_group.py for tasks to queue
[2024-08-04T16:35:35.374+0000] {logging_mixin.py:188} INFO - [2024-08-04T16:35:35.373+0000] {dagbag.py:545} INFO - Filling up the DagBag from /home/airflow/.local/lib/python3.12/site-packages/airflow/example_dags/example_task_group.py
[2024-08-04T16:35:35.383+0000] {processor.py:840} INFO - DAG(s) 'example_task_group' retrieved from /home/airflow/.local/lib/python3.12/site-packages/airflow/example_dags/example_task_group.py
[2024-08-04T16:35:35.412+0000] {logging_mixin.py:188} INFO - [2024-08-04T16:35:35.412+0000] {dag.py:3096} INFO - Sync 1 DAGs
[2024-08-04T16:35:35.445+0000] {logging_mixin.py:188} INFO - [2024-08-04T16:35:35.444+0000] {dag.py:3954} INFO - Setting next_dagrun for example_task_group to 2024-08-03 00:00:00+00:00, run_after=2024-08-04 00:00:00+00:00
[2024-08-04T16:35:35.667+0000] {processor.py:183} INFO - Processing /home/airflow/.local/lib/python3.12/site-packages/airflow/example_dags/example_task_group.py took 0.303 seconds
[2024-08-04T16:36:06.637+0000] {processor.py:161} INFO - Started process (PID=1762) to work on /home/airflow/.local/lib/python3.12/site-packages/airflow/example_dags/example_task_group.py
[2024-08-04T16:36:06.638+0000] {processor.py:830} INFO - Processing file /home/airflow/.local/lib/python3.12/site-packages/airflow/example_dags/example_task_group.py for tasks to queue
[2024-08-04T16:36:06.639+0000] {logging_mixin.py:188} INFO - [2024-08-04T16:36:06.639+0000] {dagbag.py:545} INFO - Filling up the DagBag from /home/airflow/.local/lib/python3.12/site-packages/airflow/example_dags/example_task_group.py
[2024-08-04T16:36:06.648+0000] {processor.py:840} INFO - DAG(s) 'example_task_group' retrieved from /home/airflow/.local/lib/python3.12/site-packages/airflow/example_dags/example_task_group.py
[2024-08-04T16:36:06.673+0000] {logging_mixin.py:188} INFO - [2024-08-04T16:36:06.673+0000] {dag.py:3096} INFO - Sync 1 DAGs
[2024-08-04T16:36:06.699+0000] {logging_mixin.py:188} INFO - [2024-08-04T16:36:06.699+0000] {dag.py:3954} INFO - Setting next_dagrun for example_task_group to 2024-08-03 00:00:00+00:00, run_after=2024-08-04 00:00:00+00:00
[2024-08-04T16:36:06.722+0000] {processor.py:183} INFO - Processing /home/airflow/.local/lib/python3.12/site-packages/airflow/example_dags/example_task_group.py took 0.090 seconds
