[2024-08-04T16:21:16.688+0000] {processor.py:161} INFO - Started process (PID=63) to work on /home/airflow/.local/lib/python3.12/site-packages/airflow/example_dags/example_display_name.py
[2024-08-04T16:21:16.690+0000] {processor.py:830} INFO - Processing file /home/airflow/.local/lib/python3.12/site-packages/airflow/example_dags/example_display_name.py for tasks to queue
[2024-08-04T16:21:16.698+0000] {logging_mixin.py:188} INFO - [2024-08-04T16:21:16.698+0000] {dagbag.py:545} INFO - Filling up the DagBag from /home/airflow/.local/lib/python3.12/site-packages/airflow/example_dags/example_display_name.py
[2024-08-04T16:21:16.724+0000] {processor.py:840} INFO - DAG(s) 'example_display_name' retrieved from /home/airflow/.local/lib/python3.12/site-packages/airflow/example_dags/example_display_name.py
[2024-08-04T16:21:17.063+0000] {logging_mixin.py:188} INFO - [2024-08-04T16:21:17.062+0000] {dag.py:3096} INFO - Sync 1 DAGs
[2024-08-04T16:21:17.086+0000] {logging_mixin.py:188} INFO - [2024-08-04T16:21:17.085+0000] {dag.py:3954} INFO - Setting next_dagrun for example_display_name to None, run_after=None
[2024-08-04T16:21:17.149+0000] {processor.py:183} INFO - Processing /home/airflow/.local/lib/python3.12/site-packages/airflow/example_dags/example_display_name.py took 0.480 seconds
[2024-08-04T16:21:47.218+0000] {processor.py:161} INFO - Started process (PID=120) to work on /home/airflow/.local/lib/python3.12/site-packages/airflow/example_dags/example_display_name.py
[2024-08-04T16:21:47.219+0000] {processor.py:830} INFO - Processing file /home/airflow/.local/lib/python3.12/site-packages/airflow/example_dags/example_display_name.py for tasks to queue
[2024-08-04T16:21:47.220+0000] {logging_mixin.py:188} INFO - [2024-08-04T16:21:47.220+0000] {dagbag.py:545} INFO - Filling up the DagBag from /home/airflow/.local/lib/python3.12/site-packages/airflow/example_dags/example_display_name.py
[2024-08-04T16:21:47.227+0000] {processor.py:840} INFO - DAG(s) 'example_display_name' retrieved from /home/airflow/.local/lib/python3.12/site-packages/airflow/example_dags/example_display_name.py
[2024-08-04T16:21:47.247+0000] {logging_mixin.py:188} INFO - [2024-08-04T16:21:47.247+0000] {dag.py:3096} INFO - Sync 1 DAGs
[2024-08-04T16:21:47.260+0000] {logging_mixin.py:188} INFO - [2024-08-04T16:21:47.260+0000] {dag.py:3954} INFO - Setting next_dagrun for example_display_name to None, run_after=None
[2024-08-04T16:21:47.283+0000] {processor.py:183} INFO - Processing /home/airflow/.local/lib/python3.12/site-packages/airflow/example_dags/example_display_name.py took 0.071 seconds
[2024-08-04T16:22:17.554+0000] {processor.py:161} INFO - Started process (PID=178) to work on /home/airflow/.local/lib/python3.12/site-packages/airflow/example_dags/example_display_name.py
[2024-08-04T16:22:17.555+0000] {processor.py:830} INFO - Processing file /home/airflow/.local/lib/python3.12/site-packages/airflow/example_dags/example_display_name.py for tasks to queue
[2024-08-04T16:22:17.557+0000] {logging_mixin.py:188} INFO - [2024-08-04T16:22:17.556+0000] {dagbag.py:545} INFO - Filling up the DagBag from /home/airflow/.local/lib/python3.12/site-packages/airflow/example_dags/example_display_name.py
[2024-08-04T16:22:17.563+0000] {processor.py:840} INFO - DAG(s) 'example_display_name' retrieved from /home/airflow/.local/lib/python3.12/site-packages/airflow/example_dags/example_display_name.py
[2024-08-04T16:22:17.584+0000] {logging_mixin.py:188} INFO - [2024-08-04T16:22:17.584+0000] {dag.py:3096} INFO - Sync 1 DAGs
[2024-08-04T16:22:17.599+0000] {logging_mixin.py:188} INFO - [2024-08-04T16:22:17.599+0000] {dag.py:3954} INFO - Setting next_dagrun for example_display_name to None, run_after=None
[2024-08-04T16:22:17.623+0000] {processor.py:183} INFO - Processing /home/airflow/.local/lib/python3.12/site-packages/airflow/example_dags/example_display_name.py took 0.076 seconds
[2024-08-04T16:22:48.296+0000] {processor.py:161} INFO - Started process (PID=237) to work on /home/airflow/.local/lib/python3.12/site-packages/airflow/example_dags/example_display_name.py
[2024-08-04T16:22:48.296+0000] {processor.py:830} INFO - Processing file /home/airflow/.local/lib/python3.12/site-packages/airflow/example_dags/example_display_name.py for tasks to queue
[2024-08-04T16:22:48.298+0000] {logging_mixin.py:188} INFO - [2024-08-04T16:22:48.297+0000] {dagbag.py:545} INFO - Filling up the DagBag from /home/airflow/.local/lib/python3.12/site-packages/airflow/example_dags/example_display_name.py
[2024-08-04T16:22:48.303+0000] {processor.py:840} INFO - DAG(s) 'example_display_name' retrieved from /home/airflow/.local/lib/python3.12/site-packages/airflow/example_dags/example_display_name.py
[2024-08-04T16:22:48.328+0000] {logging_mixin.py:188} INFO - [2024-08-04T16:22:48.328+0000] {dag.py:3096} INFO - Sync 1 DAGs
[2024-08-04T16:22:48.340+0000] {logging_mixin.py:188} INFO - [2024-08-04T16:22:48.340+0000] {dag.py:3954} INFO - Setting next_dagrun for example_display_name to None, run_after=None
[2024-08-04T16:22:48.360+0000] {processor.py:183} INFO - Processing /home/airflow/.local/lib/python3.12/site-packages/airflow/example_dags/example_display_name.py took 0.071 seconds
[2024-08-04T16:23:18.984+0000] {processor.py:161} INFO - Started process (PID=295) to work on /home/airflow/.local/lib/python3.12/site-packages/airflow/example_dags/example_display_name.py
[2024-08-04T16:23:18.985+0000] {processor.py:830} INFO - Processing file /home/airflow/.local/lib/python3.12/site-packages/airflow/example_dags/example_display_name.py for tasks to queue
[2024-08-04T16:23:18.987+0000] {logging_mixin.py:188} INFO - [2024-08-04T16:23:18.987+0000] {dagbag.py:545} INFO - Filling up the DagBag from /home/airflow/.local/lib/python3.12/site-packages/airflow/example_dags/example_display_name.py
[2024-08-04T16:23:18.993+0000] {processor.py:840} INFO - DAG(s) 'example_display_name' retrieved from /home/airflow/.local/lib/python3.12/site-packages/airflow/example_dags/example_display_name.py
[2024-08-04T16:23:19.013+0000] {logging_mixin.py:188} INFO - [2024-08-04T16:23:19.012+0000] {dag.py:3096} INFO - Sync 1 DAGs
[2024-08-04T16:23:19.023+0000] {logging_mixin.py:188} INFO - [2024-08-04T16:23:19.023+0000] {dag.py:3954} INFO - Setting next_dagrun for example_display_name to None, run_after=None
[2024-08-04T16:23:19.044+0000] {processor.py:183} INFO - Processing /home/airflow/.local/lib/python3.12/site-packages/airflow/example_dags/example_display_name.py took 0.065 seconds
[2024-08-04T16:23:49.991+0000] {processor.py:161} INFO - Started process (PID=353) to work on /home/airflow/.local/lib/python3.12/site-packages/airflow/example_dags/example_display_name.py
[2024-08-04T16:23:49.992+0000] {processor.py:830} INFO - Processing file /home/airflow/.local/lib/python3.12/site-packages/airflow/example_dags/example_display_name.py for tasks to queue
[2024-08-04T16:23:49.993+0000] {logging_mixin.py:188} INFO - [2024-08-04T16:23:49.993+0000] {dagbag.py:545} INFO - Filling up the DagBag from /home/airflow/.local/lib/python3.12/site-packages/airflow/example_dags/example_display_name.py
[2024-08-04T16:23:49.998+0000] {processor.py:840} INFO - DAG(s) 'example_display_name' retrieved from /home/airflow/.local/lib/python3.12/site-packages/airflow/example_dags/example_display_name.py
[2024-08-04T16:23:50.019+0000] {logging_mixin.py:188} INFO - [2024-08-04T16:23:50.019+0000] {dag.py:3096} INFO - Sync 1 DAGs
[2024-08-04T16:23:50.030+0000] {logging_mixin.py:188} INFO - [2024-08-04T16:23:50.030+0000] {dag.py:3954} INFO - Setting next_dagrun for example_display_name to None, run_after=None
[2024-08-04T16:23:50.049+0000] {processor.py:183} INFO - Processing /home/airflow/.local/lib/python3.12/site-packages/airflow/example_dags/example_display_name.py took 0.064 seconds
[2024-08-04T16:24:20.955+0000] {processor.py:161} INFO - Started process (PID=412) to work on /home/airflow/.local/lib/python3.12/site-packages/airflow/example_dags/example_display_name.py
[2024-08-04T16:24:20.967+0000] {processor.py:830} INFO - Processing file /home/airflow/.local/lib/python3.12/site-packages/airflow/example_dags/example_display_name.py for tasks to queue
[2024-08-04T16:24:20.969+0000] {logging_mixin.py:188} INFO - [2024-08-04T16:24:20.969+0000] {dagbag.py:545} INFO - Filling up the DagBag from /home/airflow/.local/lib/python3.12/site-packages/airflow/example_dags/example_display_name.py
[2024-08-04T16:24:20.979+0000] {processor.py:840} INFO - DAG(s) 'example_display_name' retrieved from /home/airflow/.local/lib/python3.12/site-packages/airflow/example_dags/example_display_name.py
[2024-08-04T16:24:21.023+0000] {logging_mixin.py:188} INFO - [2024-08-04T16:24:21.023+0000] {dag.py:3096} INFO - Sync 1 DAGs
[2024-08-04T16:24:21.039+0000] {logging_mixin.py:188} INFO - [2024-08-04T16:24:21.039+0000] {dag.py:3954} INFO - Setting next_dagrun for example_display_name to None, run_after=None
[2024-08-04T16:24:21.083+0000] {processor.py:183} INFO - Processing /home/airflow/.local/lib/python3.12/site-packages/airflow/example_dags/example_display_name.py took 0.155 seconds
[2024-08-04T16:24:51.468+0000] {processor.py:161} INFO - Started process (PID=470) to work on /home/airflow/.local/lib/python3.12/site-packages/airflow/example_dags/example_display_name.py
[2024-08-04T16:24:51.469+0000] {processor.py:830} INFO - Processing file /home/airflow/.local/lib/python3.12/site-packages/airflow/example_dags/example_display_name.py for tasks to queue
[2024-08-04T16:24:51.471+0000] {logging_mixin.py:188} INFO - [2024-08-04T16:24:51.470+0000] {dagbag.py:545} INFO - Filling up the DagBag from /home/airflow/.local/lib/python3.12/site-packages/airflow/example_dags/example_display_name.py
[2024-08-04T16:24:51.476+0000] {processor.py:840} INFO - DAG(s) 'example_display_name' retrieved from /home/airflow/.local/lib/python3.12/site-packages/airflow/example_dags/example_display_name.py
[2024-08-04T16:24:51.514+0000] {logging_mixin.py:188} INFO - [2024-08-04T16:24:51.513+0000] {dag.py:3096} INFO - Sync 1 DAGs
[2024-08-04T16:24:51.538+0000] {logging_mixin.py:188} INFO - [2024-08-04T16:24:51.537+0000] {dag.py:3954} INFO - Setting next_dagrun for example_display_name to None, run_after=None
[2024-08-04T16:24:51.564+0000] {processor.py:183} INFO - Processing /home/airflow/.local/lib/python3.12/site-packages/airflow/example_dags/example_display_name.py took 0.102 seconds
[2024-08-04T16:25:22.314+0000] {processor.py:161} INFO - Started process (PID=528) to work on /home/airflow/.local/lib/python3.12/site-packages/airflow/example_dags/example_display_name.py
[2024-08-04T16:25:22.318+0000] {processor.py:830} INFO - Processing file /home/airflow/.local/lib/python3.12/site-packages/airflow/example_dags/example_display_name.py for tasks to queue
[2024-08-04T16:25:22.319+0000] {logging_mixin.py:188} INFO - [2024-08-04T16:25:22.319+0000] {dagbag.py:545} INFO - Filling up the DagBag from /home/airflow/.local/lib/python3.12/site-packages/airflow/example_dags/example_display_name.py
[2024-08-04T16:25:22.327+0000] {processor.py:840} INFO - DAG(s) 'example_display_name' retrieved from /home/airflow/.local/lib/python3.12/site-packages/airflow/example_dags/example_display_name.py
[2024-08-04T16:25:22.350+0000] {logging_mixin.py:188} INFO - [2024-08-04T16:25:22.350+0000] {dag.py:3096} INFO - Sync 1 DAGs
[2024-08-04T16:25:22.366+0000] {logging_mixin.py:188} INFO - [2024-08-04T16:25:22.366+0000] {dag.py:3954} INFO - Setting next_dagrun for example_display_name to None, run_after=None
[2024-08-04T16:25:22.391+0000] {processor.py:183} INFO - Processing /home/airflow/.local/lib/python3.12/site-packages/airflow/example_dags/example_display_name.py took 0.084 seconds
[2024-08-04T16:25:52.762+0000] {processor.py:161} INFO - Started process (PID=587) to work on /home/airflow/.local/lib/python3.12/site-packages/airflow/example_dags/example_display_name.py
[2024-08-04T16:25:52.763+0000] {processor.py:830} INFO - Processing file /home/airflow/.local/lib/python3.12/site-packages/airflow/example_dags/example_display_name.py for tasks to queue
[2024-08-04T16:25:52.764+0000] {logging_mixin.py:188} INFO - [2024-08-04T16:25:52.764+0000] {dagbag.py:545} INFO - Filling up the DagBag from /home/airflow/.local/lib/python3.12/site-packages/airflow/example_dags/example_display_name.py
[2024-08-04T16:25:52.768+0000] {processor.py:840} INFO - DAG(s) 'example_display_name' retrieved from /home/airflow/.local/lib/python3.12/site-packages/airflow/example_dags/example_display_name.py
[2024-08-04T16:25:52.789+0000] {logging_mixin.py:188} INFO - [2024-08-04T16:25:52.789+0000] {dag.py:3096} INFO - Sync 1 DAGs
[2024-08-04T16:25:52.801+0000] {logging_mixin.py:188} INFO - [2024-08-04T16:25:52.801+0000] {dag.py:3954} INFO - Setting next_dagrun for example_display_name to None, run_after=None
[2024-08-04T16:25:52.820+0000] {processor.py:183} INFO - Processing /home/airflow/.local/lib/python3.12/site-packages/airflow/example_dags/example_display_name.py took 0.065 seconds
[2024-08-04T16:26:22.993+0000] {processor.py:161} INFO - Started process (PID=644) to work on /home/airflow/.local/lib/python3.12/site-packages/airflow/example_dags/example_display_name.py
[2024-08-04T16:26:22.994+0000] {processor.py:830} INFO - Processing file /home/airflow/.local/lib/python3.12/site-packages/airflow/example_dags/example_display_name.py for tasks to queue
[2024-08-04T16:26:22.995+0000] {logging_mixin.py:188} INFO - [2024-08-04T16:26:22.995+0000] {dagbag.py:545} INFO - Filling up the DagBag from /home/airflow/.local/lib/python3.12/site-packages/airflow/example_dags/example_display_name.py
[2024-08-04T16:26:23.001+0000] {processor.py:840} INFO - DAG(s) 'example_display_name' retrieved from /home/airflow/.local/lib/python3.12/site-packages/airflow/example_dags/example_display_name.py
[2024-08-04T16:26:23.024+0000] {logging_mixin.py:188} INFO - [2024-08-04T16:26:23.023+0000] {dag.py:3096} INFO - Sync 1 DAGs
[2024-08-04T16:26:23.039+0000] {logging_mixin.py:188} INFO - [2024-08-04T16:26:23.039+0000] {dag.py:3954} INFO - Setting next_dagrun for example_display_name to None, run_after=None
[2024-08-04T16:26:23.065+0000] {processor.py:183} INFO - Processing /home/airflow/.local/lib/python3.12/site-packages/airflow/example_dags/example_display_name.py took 0.079 seconds
[2024-08-04T16:26:53.508+0000] {processor.py:161} INFO - Started process (PID=702) to work on /home/airflow/.local/lib/python3.12/site-packages/airflow/example_dags/example_display_name.py
[2024-08-04T16:26:53.508+0000] {processor.py:830} INFO - Processing file /home/airflow/.local/lib/python3.12/site-packages/airflow/example_dags/example_display_name.py for tasks to queue
[2024-08-04T16:26:53.510+0000] {logging_mixin.py:188} INFO - [2024-08-04T16:26:53.510+0000] {dagbag.py:545} INFO - Filling up the DagBag from /home/airflow/.local/lib/python3.12/site-packages/airflow/example_dags/example_display_name.py
[2024-08-04T16:26:53.516+0000] {processor.py:840} INFO - DAG(s) 'example_display_name' retrieved from /home/airflow/.local/lib/python3.12/site-packages/airflow/example_dags/example_display_name.py
[2024-08-04T16:26:53.534+0000] {logging_mixin.py:188} INFO - [2024-08-04T16:26:53.534+0000] {dag.py:3096} INFO - Sync 1 DAGs
[2024-08-04T16:26:53.544+0000] {logging_mixin.py:188} INFO - [2024-08-04T16:26:53.544+0000] {dag.py:3954} INFO - Setting next_dagrun for example_display_name to None, run_after=None
[2024-08-04T16:26:53.563+0000] {processor.py:183} INFO - Processing /home/airflow/.local/lib/python3.12/site-packages/airflow/example_dags/example_display_name.py took 0.062 seconds
[2024-08-04T16:27:24.176+0000] {processor.py:161} INFO - Started process (PID=760) to work on /home/airflow/.local/lib/python3.12/site-packages/airflow/example_dags/example_display_name.py
[2024-08-04T16:27:24.176+0000] {processor.py:830} INFO - Processing file /home/airflow/.local/lib/python3.12/site-packages/airflow/example_dags/example_display_name.py for tasks to queue
[2024-08-04T16:27:24.178+0000] {logging_mixin.py:188} INFO - [2024-08-04T16:27:24.178+0000] {dagbag.py:545} INFO - Filling up the DagBag from /home/airflow/.local/lib/python3.12/site-packages/airflow/example_dags/example_display_name.py
[2024-08-04T16:27:24.185+0000] {processor.py:840} INFO - DAG(s) 'example_display_name' retrieved from /home/airflow/.local/lib/python3.12/site-packages/airflow/example_dags/example_display_name.py
[2024-08-04T16:27:24.208+0000] {logging_mixin.py:188} INFO - [2024-08-04T16:27:24.207+0000] {dag.py:3096} INFO - Sync 1 DAGs
[2024-08-04T16:27:24.233+0000] {logging_mixin.py:188} INFO - [2024-08-04T16:27:24.232+0000] {dag.py:3954} INFO - Setting next_dagrun for example_display_name to None, run_after=None
[2024-08-04T16:27:24.273+0000] {processor.py:183} INFO - Processing /home/airflow/.local/lib/python3.12/site-packages/airflow/example_dags/example_display_name.py took 0.104 seconds
[2024-08-04T16:27:54.470+0000] {processor.py:161} INFO - Started process (PID=817) to work on /home/airflow/.local/lib/python3.12/site-packages/airflow/example_dags/example_display_name.py
[2024-08-04T16:27:54.471+0000] {processor.py:830} INFO - Processing file /home/airflow/.local/lib/python3.12/site-packages/airflow/example_dags/example_display_name.py for tasks to queue
[2024-08-04T16:27:54.472+0000] {logging_mixin.py:188} INFO - [2024-08-04T16:27:54.472+0000] {dagbag.py:545} INFO - Filling up the DagBag from /home/airflow/.local/lib/python3.12/site-packages/airflow/example_dags/example_display_name.py
[2024-08-04T16:27:54.478+0000] {processor.py:840} INFO - DAG(s) 'example_display_name' retrieved from /home/airflow/.local/lib/python3.12/site-packages/airflow/example_dags/example_display_name.py
[2024-08-04T16:27:54.499+0000] {logging_mixin.py:188} INFO - [2024-08-04T16:27:54.499+0000] {dag.py:3096} INFO - Sync 1 DAGs
[2024-08-04T16:27:54.514+0000] {logging_mixin.py:188} INFO - [2024-08-04T16:27:54.514+0000] {dag.py:3954} INFO - Setting next_dagrun for example_display_name to None, run_after=None
[2024-08-04T16:27:54.543+0000] {processor.py:183} INFO - Processing /home/airflow/.local/lib/python3.12/site-packages/airflow/example_dags/example_display_name.py took 0.080 seconds
[2024-08-04T16:28:25.525+0000] {processor.py:161} INFO - Started process (PID=876) to work on /home/airflow/.local/lib/python3.12/site-packages/airflow/example_dags/example_display_name.py
[2024-08-04T16:28:25.526+0000] {processor.py:830} INFO - Processing file /home/airflow/.local/lib/python3.12/site-packages/airflow/example_dags/example_display_name.py for tasks to queue
[2024-08-04T16:28:25.527+0000] {logging_mixin.py:188} INFO - [2024-08-04T16:28:25.527+0000] {dagbag.py:545} INFO - Filling up the DagBag from /home/airflow/.local/lib/python3.12/site-packages/airflow/example_dags/example_display_name.py
[2024-08-04T16:28:25.533+0000] {processor.py:840} INFO - DAG(s) 'example_display_name' retrieved from /home/airflow/.local/lib/python3.12/site-packages/airflow/example_dags/example_display_name.py
[2024-08-04T16:28:25.555+0000] {logging_mixin.py:188} INFO - [2024-08-04T16:28:25.554+0000] {dag.py:3096} INFO - Sync 1 DAGs
[2024-08-04T16:28:25.565+0000] {logging_mixin.py:188} INFO - [2024-08-04T16:28:25.565+0000] {dag.py:3954} INFO - Setting next_dagrun for example_display_name to None, run_after=None
[2024-08-04T16:28:25.585+0000] {processor.py:183} INFO - Processing /home/airflow/.local/lib/python3.12/site-packages/airflow/example_dags/example_display_name.py took 0.066 seconds
[2024-08-04T16:28:56.763+0000] {processor.py:161} INFO - Started process (PID=935) to work on /home/airflow/.local/lib/python3.12/site-packages/airflow/example_dags/example_display_name.py
[2024-08-04T16:28:56.769+0000] {processor.py:830} INFO - Processing file /home/airflow/.local/lib/python3.12/site-packages/airflow/example_dags/example_display_name.py for tasks to queue
[2024-08-04T16:28:56.771+0000] {logging_mixin.py:188} INFO - [2024-08-04T16:28:56.771+0000] {dagbag.py:545} INFO - Filling up the DagBag from /home/airflow/.local/lib/python3.12/site-packages/airflow/example_dags/example_display_name.py
[2024-08-04T16:28:56.777+0000] {processor.py:840} INFO - DAG(s) 'example_display_name' retrieved from /home/airflow/.local/lib/python3.12/site-packages/airflow/example_dags/example_display_name.py
[2024-08-04T16:28:56.816+0000] {logging_mixin.py:188} INFO - [2024-08-04T16:28:56.816+0000] {dag.py:3096} INFO - Sync 1 DAGs
[2024-08-04T16:28:56.832+0000] {logging_mixin.py:188} INFO - [2024-08-04T16:28:56.832+0000] {dag.py:3954} INFO - Setting next_dagrun for example_display_name to None, run_after=None
[2024-08-04T16:28:56.874+0000] {processor.py:183} INFO - Processing /home/airflow/.local/lib/python3.12/site-packages/airflow/example_dags/example_display_name.py took 0.146 seconds
[2024-08-04T16:29:27.114+0000] {processor.py:161} INFO - Started process (PID=993) to work on /home/airflow/.local/lib/python3.12/site-packages/airflow/example_dags/example_display_name.py
[2024-08-04T16:29:27.117+0000] {processor.py:830} INFO - Processing file /home/airflow/.local/lib/python3.12/site-packages/airflow/example_dags/example_display_name.py for tasks to queue
[2024-08-04T16:29:27.122+0000] {logging_mixin.py:188} INFO - [2024-08-04T16:29:27.122+0000] {dagbag.py:545} INFO - Filling up the DagBag from /home/airflow/.local/lib/python3.12/site-packages/airflow/example_dags/example_display_name.py
[2024-08-04T16:29:27.128+0000] {processor.py:840} INFO - DAG(s) 'example_display_name' retrieved from /home/airflow/.local/lib/python3.12/site-packages/airflow/example_dags/example_display_name.py
[2024-08-04T16:29:27.152+0000] {logging_mixin.py:188} INFO - [2024-08-04T16:29:27.152+0000] {dag.py:3096} INFO - Sync 1 DAGs
[2024-08-04T16:29:27.180+0000] {logging_mixin.py:188} INFO - [2024-08-04T16:29:27.179+0000] {dag.py:3954} INFO - Setting next_dagrun for example_display_name to None, run_after=None
[2024-08-04T16:29:27.238+0000] {processor.py:183} INFO - Processing /home/airflow/.local/lib/python3.12/site-packages/airflow/example_dags/example_display_name.py took 0.137 seconds
[2024-08-04T16:29:57.374+0000] {processor.py:161} INFO - Started process (PID=1051) to work on /home/airflow/.local/lib/python3.12/site-packages/airflow/example_dags/example_display_name.py
[2024-08-04T16:29:57.375+0000] {processor.py:830} INFO - Processing file /home/airflow/.local/lib/python3.12/site-packages/airflow/example_dags/example_display_name.py for tasks to queue
[2024-08-04T16:29:57.377+0000] {logging_mixin.py:188} INFO - [2024-08-04T16:29:57.377+0000] {dagbag.py:545} INFO - Filling up the DagBag from /home/airflow/.local/lib/python3.12/site-packages/airflow/example_dags/example_display_name.py
[2024-08-04T16:29:57.383+0000] {processor.py:840} INFO - DAG(s) 'example_display_name' retrieved from /home/airflow/.local/lib/python3.12/site-packages/airflow/example_dags/example_display_name.py
[2024-08-04T16:29:57.404+0000] {logging_mixin.py:188} INFO - [2024-08-04T16:29:57.404+0000] {dag.py:3096} INFO - Sync 1 DAGs
[2024-08-04T16:29:57.441+0000] {logging_mixin.py:188} INFO - [2024-08-04T16:29:57.441+0000] {dag.py:3954} INFO - Setting next_dagrun for example_display_name to None, run_after=None
[2024-08-04T16:29:57.510+0000] {processor.py:183} INFO - Processing /home/airflow/.local/lib/python3.12/site-packages/airflow/example_dags/example_display_name.py took 0.143 seconds
[2024-08-04T16:30:28.051+0000] {processor.py:161} INFO - Started process (PID=1110) to work on /home/airflow/.local/lib/python3.12/site-packages/airflow/example_dags/example_display_name.py
[2024-08-04T16:30:28.052+0000] {processor.py:830} INFO - Processing file /home/airflow/.local/lib/python3.12/site-packages/airflow/example_dags/example_display_name.py for tasks to queue
[2024-08-04T16:30:28.054+0000] {logging_mixin.py:188} INFO - [2024-08-04T16:30:28.053+0000] {dagbag.py:545} INFO - Filling up the DagBag from /home/airflow/.local/lib/python3.12/site-packages/airflow/example_dags/example_display_name.py
[2024-08-04T16:30:28.059+0000] {processor.py:840} INFO - DAG(s) 'example_display_name' retrieved from /home/airflow/.local/lib/python3.12/site-packages/airflow/example_dags/example_display_name.py
[2024-08-04T16:30:28.079+0000] {logging_mixin.py:188} INFO - [2024-08-04T16:30:28.079+0000] {dag.py:3096} INFO - Sync 1 DAGs
[2024-08-04T16:30:28.096+0000] {logging_mixin.py:188} INFO - [2024-08-04T16:30:28.096+0000] {dag.py:3954} INFO - Setting next_dagrun for example_display_name to None, run_after=None
[2024-08-04T16:30:28.120+0000] {processor.py:183} INFO - Processing /home/airflow/.local/lib/python3.12/site-packages/airflow/example_dags/example_display_name.py took 0.077 seconds
[2024-08-04T16:30:58.307+0000] {processor.py:161} INFO - Started process (PID=1169) to work on /home/airflow/.local/lib/python3.12/site-packages/airflow/example_dags/example_display_name.py
[2024-08-04T16:30:58.307+0000] {processor.py:830} INFO - Processing file /home/airflow/.local/lib/python3.12/site-packages/airflow/example_dags/example_display_name.py for tasks to queue
[2024-08-04T16:30:58.309+0000] {logging_mixin.py:188} INFO - [2024-08-04T16:30:58.309+0000] {dagbag.py:545} INFO - Filling up the DagBag from /home/airflow/.local/lib/python3.12/site-packages/airflow/example_dags/example_display_name.py
[2024-08-04T16:30:58.315+0000] {processor.py:840} INFO - DAG(s) 'example_display_name' retrieved from /home/airflow/.local/lib/python3.12/site-packages/airflow/example_dags/example_display_name.py
[2024-08-04T16:30:58.349+0000] {logging_mixin.py:188} INFO - [2024-08-04T16:30:58.349+0000] {dag.py:3096} INFO - Sync 1 DAGs
[2024-08-04T16:30:58.364+0000] {logging_mixin.py:188} INFO - [2024-08-04T16:30:58.364+0000] {dag.py:3954} INFO - Setting next_dagrun for example_display_name to None, run_after=None
[2024-08-04T16:30:58.391+0000] {processor.py:183} INFO - Processing /home/airflow/.local/lib/python3.12/site-packages/airflow/example_dags/example_display_name.py took 0.091 seconds
[2024-08-04T16:31:28.533+0000] {processor.py:161} INFO - Started process (PID=1228) to work on /home/airflow/.local/lib/python3.12/site-packages/airflow/example_dags/example_display_name.py
[2024-08-04T16:31:28.534+0000] {processor.py:830} INFO - Processing file /home/airflow/.local/lib/python3.12/site-packages/airflow/example_dags/example_display_name.py for tasks to queue
[2024-08-04T16:31:28.534+0000] {logging_mixin.py:188} INFO - [2024-08-04T16:31:28.534+0000] {dagbag.py:545} INFO - Filling up the DagBag from /home/airflow/.local/lib/python3.12/site-packages/airflow/example_dags/example_display_name.py
[2024-08-04T16:31:28.540+0000] {processor.py:840} INFO - DAG(s) 'example_display_name' retrieved from /home/airflow/.local/lib/python3.12/site-packages/airflow/example_dags/example_display_name.py
[2024-08-04T16:31:28.563+0000] {logging_mixin.py:188} INFO - [2024-08-04T16:31:28.562+0000] {dag.py:3096} INFO - Sync 1 DAGs
[2024-08-04T16:31:28.578+0000] {logging_mixin.py:188} INFO - [2024-08-04T16:31:28.577+0000] {dag.py:3954} INFO - Setting next_dagrun for example_display_name to None, run_after=None
[2024-08-04T16:31:28.600+0000] {processor.py:183} INFO - Processing /home/airflow/.local/lib/python3.12/site-packages/airflow/example_dags/example_display_name.py took 0.077 seconds
[2024-08-04T16:31:58.801+0000] {processor.py:161} INFO - Started process (PID=1287) to work on /home/airflow/.local/lib/python3.12/site-packages/airflow/example_dags/example_display_name.py
[2024-08-04T16:31:58.801+0000] {processor.py:830} INFO - Processing file /home/airflow/.local/lib/python3.12/site-packages/airflow/example_dags/example_display_name.py for tasks to queue
[2024-08-04T16:31:58.802+0000] {logging_mixin.py:188} INFO - [2024-08-04T16:31:58.802+0000] {dagbag.py:545} INFO - Filling up the DagBag from /home/airflow/.local/lib/python3.12/site-packages/airflow/example_dags/example_display_name.py
[2024-08-04T16:31:58.811+0000] {processor.py:840} INFO - DAG(s) 'example_display_name' retrieved from /home/airflow/.local/lib/python3.12/site-packages/airflow/example_dags/example_display_name.py
[2024-08-04T16:31:58.839+0000] {logging_mixin.py:188} INFO - [2024-08-04T16:31:58.839+0000] {dag.py:3096} INFO - Sync 1 DAGs
[2024-08-04T16:31:58.854+0000] {logging_mixin.py:188} INFO - [2024-08-04T16:31:58.854+0000] {dag.py:3954} INFO - Setting next_dagrun for example_display_name to None, run_after=None
[2024-08-04T16:31:58.878+0000] {processor.py:183} INFO - Processing /home/airflow/.local/lib/python3.12/site-packages/airflow/example_dags/example_display_name.py took 0.084 seconds
[2024-08-04T16:32:29.175+0000] {processor.py:161} INFO - Started process (PID=1346) to work on /home/airflow/.local/lib/python3.12/site-packages/airflow/example_dags/example_display_name.py
[2024-08-04T16:32:29.175+0000] {processor.py:830} INFO - Processing file /home/airflow/.local/lib/python3.12/site-packages/airflow/example_dags/example_display_name.py for tasks to queue
[2024-08-04T16:32:29.176+0000] {logging_mixin.py:188} INFO - [2024-08-04T16:32:29.176+0000] {dagbag.py:545} INFO - Filling up the DagBag from /home/airflow/.local/lib/python3.12/site-packages/airflow/example_dags/example_display_name.py
[2024-08-04T16:32:29.182+0000] {processor.py:840} INFO - DAG(s) 'example_display_name' retrieved from /home/airflow/.local/lib/python3.12/site-packages/airflow/example_dags/example_display_name.py
[2024-08-04T16:32:29.202+0000] {logging_mixin.py:188} INFO - [2024-08-04T16:32:29.202+0000] {dag.py:3096} INFO - Sync 1 DAGs
[2024-08-04T16:32:29.216+0000] {logging_mixin.py:188} INFO - [2024-08-04T16:32:29.216+0000] {dag.py:3954} INFO - Setting next_dagrun for example_display_name to None, run_after=None
[2024-08-04T16:32:29.241+0000] {processor.py:183} INFO - Processing /home/airflow/.local/lib/python3.12/site-packages/airflow/example_dags/example_display_name.py took 0.073 seconds
[2024-08-04T16:33:00.093+0000] {processor.py:161} INFO - Started process (PID=1405) to work on /home/airflow/.local/lib/python3.12/site-packages/airflow/example_dags/example_display_name.py
[2024-08-04T16:33:00.094+0000] {processor.py:830} INFO - Processing file /home/airflow/.local/lib/python3.12/site-packages/airflow/example_dags/example_display_name.py for tasks to queue
[2024-08-04T16:33:00.095+0000] {logging_mixin.py:188} INFO - [2024-08-04T16:33:00.094+0000] {dagbag.py:545} INFO - Filling up the DagBag from /home/airflow/.local/lib/python3.12/site-packages/airflow/example_dags/example_display_name.py
[2024-08-04T16:33:00.099+0000] {processor.py:840} INFO - DAG(s) 'example_display_name' retrieved from /home/airflow/.local/lib/python3.12/site-packages/airflow/example_dags/example_display_name.py
[2024-08-04T16:33:00.120+0000] {logging_mixin.py:188} INFO - [2024-08-04T16:33:00.120+0000] {dag.py:3096} INFO - Sync 1 DAGs
[2024-08-04T16:33:00.135+0000] {logging_mixin.py:188} INFO - [2024-08-04T16:33:00.135+0000] {dag.py:3954} INFO - Setting next_dagrun for example_display_name to None, run_after=None
[2024-08-04T16:33:00.161+0000] {processor.py:183} INFO - Processing /home/airflow/.local/lib/python3.12/site-packages/airflow/example_dags/example_display_name.py took 0.074 seconds
[2024-08-04T16:33:31.194+0000] {processor.py:161} INFO - Started process (PID=1464) to work on /home/airflow/.local/lib/python3.12/site-packages/airflow/example_dags/example_display_name.py
[2024-08-04T16:33:31.195+0000] {processor.py:830} INFO - Processing file /home/airflow/.local/lib/python3.12/site-packages/airflow/example_dags/example_display_name.py for tasks to queue
[2024-08-04T16:33:31.195+0000] {logging_mixin.py:188} INFO - [2024-08-04T16:33:31.195+0000] {dagbag.py:545} INFO - Filling up the DagBag from /home/airflow/.local/lib/python3.12/site-packages/airflow/example_dags/example_display_name.py
[2024-08-04T16:33:31.201+0000] {processor.py:840} INFO - DAG(s) 'example_display_name' retrieved from /home/airflow/.local/lib/python3.12/site-packages/airflow/example_dags/example_display_name.py
[2024-08-04T16:33:31.224+0000] {logging_mixin.py:188} INFO - [2024-08-04T16:33:31.224+0000] {dag.py:3096} INFO - Sync 1 DAGs
[2024-08-04T16:33:31.239+0000] {logging_mixin.py:188} INFO - [2024-08-04T16:33:31.239+0000] {dag.py:3954} INFO - Setting next_dagrun for example_display_name to None, run_after=None
[2024-08-04T16:33:31.261+0000] {processor.py:183} INFO - Processing /home/airflow/.local/lib/python3.12/site-packages/airflow/example_dags/example_display_name.py took 0.073 seconds
[2024-08-04T16:34:01.890+0000] {processor.py:161} INFO - Started process (PID=1523) to work on /home/airflow/.local/lib/python3.12/site-packages/airflow/example_dags/example_display_name.py
[2024-08-04T16:34:01.892+0000] {processor.py:830} INFO - Processing file /home/airflow/.local/lib/python3.12/site-packages/airflow/example_dags/example_display_name.py for tasks to queue
[2024-08-04T16:34:01.893+0000] {logging_mixin.py:188} INFO - [2024-08-04T16:34:01.892+0000] {dagbag.py:545} INFO - Filling up the DagBag from /home/airflow/.local/lib/python3.12/site-packages/airflow/example_dags/example_display_name.py
[2024-08-04T16:34:01.899+0000] {processor.py:840} INFO - DAG(s) 'example_display_name' retrieved from /home/airflow/.local/lib/python3.12/site-packages/airflow/example_dags/example_display_name.py
[2024-08-04T16:34:01.923+0000] {logging_mixin.py:188} INFO - [2024-08-04T16:34:01.922+0000] {dag.py:3096} INFO - Sync 1 DAGs
[2024-08-04T16:34:01.938+0000] {logging_mixin.py:188} INFO - [2024-08-04T16:34:01.938+0000] {dag.py:3954} INFO - Setting next_dagrun for example_display_name to None, run_after=None
[2024-08-04T16:34:01.969+0000] {processor.py:183} INFO - Processing /home/airflow/.local/lib/python3.12/site-packages/airflow/example_dags/example_display_name.py took 0.090 seconds
[2024-08-04T16:34:32.727+0000] {processor.py:161} INFO - Started process (PID=1582) to work on /home/airflow/.local/lib/python3.12/site-packages/airflow/example_dags/example_display_name.py
[2024-08-04T16:34:32.728+0000] {processor.py:830} INFO - Processing file /home/airflow/.local/lib/python3.12/site-packages/airflow/example_dags/example_display_name.py for tasks to queue
[2024-08-04T16:34:32.729+0000] {logging_mixin.py:188} INFO - [2024-08-04T16:34:32.728+0000] {dagbag.py:545} INFO - Filling up the DagBag from /home/airflow/.local/lib/python3.12/site-packages/airflow/example_dags/example_display_name.py
[2024-08-04T16:34:32.735+0000] {processor.py:840} INFO - DAG(s) 'example_display_name' retrieved from /home/airflow/.local/lib/python3.12/site-packages/airflow/example_dags/example_display_name.py
[2024-08-04T16:34:32.759+0000] {logging_mixin.py:188} INFO - [2024-08-04T16:34:32.758+0000] {dag.py:3096} INFO - Sync 1 DAGs
[2024-08-04T16:34:32.775+0000] {logging_mixin.py:188} INFO - [2024-08-04T16:34:32.775+0000] {dag.py:3954} INFO - Setting next_dagrun for example_display_name to None, run_after=None
[2024-08-04T16:34:32.813+0000] {processor.py:183} INFO - Processing /home/airflow/.local/lib/python3.12/site-packages/airflow/example_dags/example_display_name.py took 0.093 seconds
[2024-08-04T16:35:04.225+0000] {processor.py:161} INFO - Started process (PID=1641) to work on /home/airflow/.local/lib/python3.12/site-packages/airflow/example_dags/example_display_name.py
[2024-08-04T16:35:04.226+0000] {processor.py:830} INFO - Processing file /home/airflow/.local/lib/python3.12/site-packages/airflow/example_dags/example_display_name.py for tasks to queue
[2024-08-04T16:35:04.229+0000] {logging_mixin.py:188} INFO - [2024-08-04T16:35:04.229+0000] {dagbag.py:545} INFO - Filling up the DagBag from /home/airflow/.local/lib/python3.12/site-packages/airflow/example_dags/example_display_name.py
[2024-08-04T16:35:04.243+0000] {processor.py:840} INFO - DAG(s) 'example_display_name' retrieved from /home/airflow/.local/lib/python3.12/site-packages/airflow/example_dags/example_display_name.py
[2024-08-04T16:35:04.310+0000] {logging_mixin.py:188} INFO - [2024-08-04T16:35:04.310+0000] {dag.py:3096} INFO - Sync 1 DAGs
[2024-08-04T16:35:04.356+0000] {logging_mixin.py:188} INFO - [2024-08-04T16:35:04.355+0000] {dag.py:3954} INFO - Setting next_dagrun for example_display_name to None, run_after=None
[2024-08-04T16:35:04.403+0000] {processor.py:183} INFO - Processing /home/airflow/.local/lib/python3.12/site-packages/airflow/example_dags/example_display_name.py took 0.199 seconds
[2024-08-04T16:35:35.120+0000] {processor.py:161} INFO - Started process (PID=1699) to work on /home/airflow/.local/lib/python3.12/site-packages/airflow/example_dags/example_display_name.py
[2024-08-04T16:35:35.121+0000] {processor.py:830} INFO - Processing file /home/airflow/.local/lib/python3.12/site-packages/airflow/example_dags/example_display_name.py for tasks to queue
[2024-08-04T16:35:35.122+0000] {logging_mixin.py:188} INFO - [2024-08-04T16:35:35.121+0000] {dagbag.py:545} INFO - Filling up the DagBag from /home/airflow/.local/lib/python3.12/site-packages/airflow/example_dags/example_display_name.py
[2024-08-04T16:35:35.127+0000] {processor.py:840} INFO - DAG(s) 'example_display_name' retrieved from /home/airflow/.local/lib/python3.12/site-packages/airflow/example_dags/example_display_name.py
[2024-08-04T16:35:35.149+0000] {logging_mixin.py:188} INFO - [2024-08-04T16:35:35.148+0000] {dag.py:3096} INFO - Sync 1 DAGs
[2024-08-04T16:35:35.163+0000] {logging_mixin.py:188} INFO - [2024-08-04T16:35:35.163+0000] {dag.py:3954} INFO - Setting next_dagrun for example_display_name to None, run_after=None
[2024-08-04T16:35:35.188+0000] {processor.py:183} INFO - Processing /home/airflow/.local/lib/python3.12/site-packages/airflow/example_dags/example_display_name.py took 0.075 seconds
[2024-08-04T16:36:05.335+0000] {processor.py:161} INFO - Started process (PID=1758) to work on /home/airflow/.local/lib/python3.12/site-packages/airflow/example_dags/example_display_name.py
[2024-08-04T16:36:05.335+0000] {processor.py:830} INFO - Processing file /home/airflow/.local/lib/python3.12/site-packages/airflow/example_dags/example_display_name.py for tasks to queue
[2024-08-04T16:36:05.336+0000] {logging_mixin.py:188} INFO - [2024-08-04T16:36:05.336+0000] {dagbag.py:545} INFO - Filling up the DagBag from /home/airflow/.local/lib/python3.12/site-packages/airflow/example_dags/example_display_name.py
[2024-08-04T16:36:05.343+0000] {processor.py:840} INFO - DAG(s) 'example_display_name' retrieved from /home/airflow/.local/lib/python3.12/site-packages/airflow/example_dags/example_display_name.py
[2024-08-04T16:36:05.365+0000] {logging_mixin.py:188} INFO - [2024-08-04T16:36:05.365+0000] {dag.py:3096} INFO - Sync 1 DAGs
[2024-08-04T16:36:05.387+0000] {logging_mixin.py:188} INFO - [2024-08-04T16:36:05.387+0000] {dag.py:3954} INFO - Setting next_dagrun for example_display_name to None, run_after=None
[2024-08-04T16:36:05.424+0000] {processor.py:183} INFO - Processing /home/airflow/.local/lib/python3.12/site-packages/airflow/example_dags/example_display_name.py took 0.096 seconds
