[2024-08-04T16:21:18.519+0000] {processor.py:161} INFO - Started process (PID=68) to work on /home/airflow/.local/lib/python3.12/site-packages/airflow/example_dags/example_python_decorator.py
[2024-08-04T16:21:18.524+0000] {processor.py:830} INFO - Processing file /home/airflow/.local/lib/python3.12/site-packages/airflow/example_dags/example_python_decorator.py for tasks to queue
[2024-08-04T16:21:18.528+0000] {logging_mixin.py:188} INFO - [2024-08-04T16:21:18.528+0000] {dagbag.py:545} INFO - Filling up the DagBag from /home/airflow/.local/lib/python3.12/site-packages/airflow/example_dags/example_python_decorator.py
[2024-08-04T16:21:18.579+0000] {processor.py:840} INFO - DAG(s) 'example_python_decorator' retrieved from /home/airflow/.local/lib/python3.12/site-packages/airflow/example_dags/example_python_decorator.py
[2024-08-04T16:21:18.795+0000] {logging_mixin.py:188} INFO - [2024-08-04T16:21:18.795+0000] {dag.py:3096} INFO - Sync 1 DAGs
[2024-08-04T16:21:18.811+0000] {logging_mixin.py:188} INFO - [2024-08-04T16:21:18.810+0000] {dag.py:3954} INFO - Setting next_dagrun for example_python_decorator to None, run_after=None
[2024-08-04T16:21:18.862+0000] {processor.py:183} INFO - Processing /home/airflow/.local/lib/python3.12/site-packages/airflow/example_dags/example_python_decorator.py took 0.365 seconds
[2024-08-04T16:21:49.438+0000] {processor.py:161} INFO - Started process (PID=125) to work on /home/airflow/.local/lib/python3.12/site-packages/airflow/example_dags/example_python_decorator.py
[2024-08-04T16:21:49.438+0000] {processor.py:830} INFO - Processing file /home/airflow/.local/lib/python3.12/site-packages/airflow/example_dags/example_python_decorator.py for tasks to queue
[2024-08-04T16:21:49.440+0000] {logging_mixin.py:188} INFO - [2024-08-04T16:21:49.440+0000] {dagbag.py:545} INFO - Filling up the DagBag from /home/airflow/.local/lib/python3.12/site-packages/airflow/example_dags/example_python_decorator.py
[2024-08-04T16:21:49.465+0000] {processor.py:840} INFO - DAG(s) 'example_python_decorator' retrieved from /home/airflow/.local/lib/python3.12/site-packages/airflow/example_dags/example_python_decorator.py
[2024-08-04T16:21:49.491+0000] {logging_mixin.py:188} INFO - [2024-08-04T16:21:49.491+0000] {dag.py:3096} INFO - Sync 1 DAGs
[2024-08-04T16:21:49.506+0000] {logging_mixin.py:188} INFO - [2024-08-04T16:21:49.506+0000] {dag.py:3954} INFO - Setting next_dagrun for example_python_decorator to None, run_after=None
[2024-08-04T16:21:49.534+0000] {processor.py:183} INFO - Processing /home/airflow/.local/lib/python3.12/site-packages/airflow/example_dags/example_python_decorator.py took 0.102 seconds
[2024-08-04T16:22:19.797+0000] {processor.py:161} INFO - Started process (PID=183) to work on /home/airflow/.local/lib/python3.12/site-packages/airflow/example_dags/example_python_decorator.py
[2024-08-04T16:22:19.797+0000] {processor.py:830} INFO - Processing file /home/airflow/.local/lib/python3.12/site-packages/airflow/example_dags/example_python_decorator.py for tasks to queue
[2024-08-04T16:22:19.799+0000] {logging_mixin.py:188} INFO - [2024-08-04T16:22:19.799+0000] {dagbag.py:545} INFO - Filling up the DagBag from /home/airflow/.local/lib/python3.12/site-packages/airflow/example_dags/example_python_decorator.py
[2024-08-04T16:22:19.814+0000] {processor.py:840} INFO - DAG(s) 'example_python_decorator' retrieved from /home/airflow/.local/lib/python3.12/site-packages/airflow/example_dags/example_python_decorator.py
[2024-08-04T16:22:19.842+0000] {logging_mixin.py:188} INFO - [2024-08-04T16:22:19.841+0000] {dag.py:3096} INFO - Sync 1 DAGs
[2024-08-04T16:22:19.857+0000] {logging_mixin.py:188} INFO - [2024-08-04T16:22:19.856+0000] {dag.py:3954} INFO - Setting next_dagrun for example_python_decorator to None, run_after=None
[2024-08-04T16:22:19.883+0000] {processor.py:183} INFO - Processing /home/airflow/.local/lib/python3.12/site-packages/airflow/example_dags/example_python_decorator.py took 0.093 seconds
[2024-08-04T16:22:50.475+0000] {processor.py:161} INFO - Started process (PID=241) to work on /home/airflow/.local/lib/python3.12/site-packages/airflow/example_dags/example_python_decorator.py
[2024-08-04T16:22:50.476+0000] {processor.py:830} INFO - Processing file /home/airflow/.local/lib/python3.12/site-packages/airflow/example_dags/example_python_decorator.py for tasks to queue
[2024-08-04T16:22:50.477+0000] {logging_mixin.py:188} INFO - [2024-08-04T16:22:50.477+0000] {dagbag.py:545} INFO - Filling up the DagBag from /home/airflow/.local/lib/python3.12/site-packages/airflow/example_dags/example_python_decorator.py
[2024-08-04T16:22:50.493+0000] {processor.py:840} INFO - DAG(s) 'example_python_decorator' retrieved from /home/airflow/.local/lib/python3.12/site-packages/airflow/example_dags/example_python_decorator.py
[2024-08-04T16:22:50.518+0000] {logging_mixin.py:188} INFO - [2024-08-04T16:22:50.518+0000] {dag.py:3096} INFO - Sync 1 DAGs
[2024-08-04T16:22:50.533+0000] {logging_mixin.py:188} INFO - [2024-08-04T16:22:50.533+0000] {dag.py:3954} INFO - Setting next_dagrun for example_python_decorator to None, run_after=None
[2024-08-04T16:22:50.556+0000] {processor.py:183} INFO - Processing /home/airflow/.local/lib/python3.12/site-packages/airflow/example_dags/example_python_decorator.py took 0.087 seconds
[2024-08-04T16:23:21.157+0000] {processor.py:161} INFO - Started process (PID=299) to work on /home/airflow/.local/lib/python3.12/site-packages/airflow/example_dags/example_python_decorator.py
[2024-08-04T16:23:21.158+0000] {processor.py:830} INFO - Processing file /home/airflow/.local/lib/python3.12/site-packages/airflow/example_dags/example_python_decorator.py for tasks to queue
[2024-08-04T16:23:21.160+0000] {logging_mixin.py:188} INFO - [2024-08-04T16:23:21.159+0000] {dagbag.py:545} INFO - Filling up the DagBag from /home/airflow/.local/lib/python3.12/site-packages/airflow/example_dags/example_python_decorator.py
[2024-08-04T16:23:21.175+0000] {processor.py:840} INFO - DAG(s) 'example_python_decorator' retrieved from /home/airflow/.local/lib/python3.12/site-packages/airflow/example_dags/example_python_decorator.py
[2024-08-04T16:23:21.201+0000] {logging_mixin.py:188} INFO - [2024-08-04T16:23:21.201+0000] {dag.py:3096} INFO - Sync 1 DAGs
[2024-08-04T16:23:21.216+0000] {logging_mixin.py:188} INFO - [2024-08-04T16:23:21.216+0000] {dag.py:3954} INFO - Setting next_dagrun for example_python_decorator to None, run_after=None
[2024-08-04T16:23:21.237+0000] {processor.py:183} INFO - Processing /home/airflow/.local/lib/python3.12/site-packages/airflow/example_dags/example_python_decorator.py took 0.087 seconds
[2024-08-04T16:23:52.184+0000] {processor.py:161} INFO - Started process (PID=357) to work on /home/airflow/.local/lib/python3.12/site-packages/airflow/example_dags/example_python_decorator.py
[2024-08-04T16:23:52.185+0000] {processor.py:830} INFO - Processing file /home/airflow/.local/lib/python3.12/site-packages/airflow/example_dags/example_python_decorator.py for tasks to queue
[2024-08-04T16:23:52.187+0000] {logging_mixin.py:188} INFO - [2024-08-04T16:23:52.186+0000] {dagbag.py:545} INFO - Filling up the DagBag from /home/airflow/.local/lib/python3.12/site-packages/airflow/example_dags/example_python_decorator.py
[2024-08-04T16:23:52.202+0000] {processor.py:840} INFO - DAG(s) 'example_python_decorator' retrieved from /home/airflow/.local/lib/python3.12/site-packages/airflow/example_dags/example_python_decorator.py
[2024-08-04T16:23:52.228+0000] {logging_mixin.py:188} INFO - [2024-08-04T16:23:52.227+0000] {dag.py:3096} INFO - Sync 1 DAGs
[2024-08-04T16:23:52.242+0000] {logging_mixin.py:188} INFO - [2024-08-04T16:23:52.242+0000] {dag.py:3954} INFO - Setting next_dagrun for example_python_decorator to None, run_after=None
[2024-08-04T16:23:52.264+0000] {processor.py:183} INFO - Processing /home/airflow/.local/lib/python3.12/site-packages/airflow/example_dags/example_python_decorator.py took 0.088 seconds
[2024-08-04T16:24:22.666+0000] {processor.py:161} INFO - Started process (PID=416) to work on /home/airflow/.local/lib/python3.12/site-packages/airflow/example_dags/example_python_decorator.py
[2024-08-04T16:24:22.667+0000] {processor.py:830} INFO - Processing file /home/airflow/.local/lib/python3.12/site-packages/airflow/example_dags/example_python_decorator.py for tasks to queue
[2024-08-04T16:24:22.669+0000] {logging_mixin.py:188} INFO - [2024-08-04T16:24:22.668+0000] {dagbag.py:545} INFO - Filling up the DagBag from /home/airflow/.local/lib/python3.12/site-packages/airflow/example_dags/example_python_decorator.py
[2024-08-04T16:24:22.777+0000] {processor.py:840} INFO - DAG(s) 'example_python_decorator' retrieved from /home/airflow/.local/lib/python3.12/site-packages/airflow/example_dags/example_python_decorator.py
[2024-08-04T16:24:22.876+0000] {logging_mixin.py:188} INFO - [2024-08-04T16:24:22.876+0000] {dag.py:3096} INFO - Sync 1 DAGs
[2024-08-04T16:24:22.934+0000] {logging_mixin.py:188} INFO - [2024-08-04T16:24:22.933+0000] {dag.py:3954} INFO - Setting next_dagrun for example_python_decorator to None, run_after=None
[2024-08-04T16:24:22.998+0000] {processor.py:183} INFO - Processing /home/airflow/.local/lib/python3.12/site-packages/airflow/example_dags/example_python_decorator.py took 0.367 seconds
[2024-08-04T16:24:53.760+0000] {processor.py:161} INFO - Started process (PID=474) to work on /home/airflow/.local/lib/python3.12/site-packages/airflow/example_dags/example_python_decorator.py
[2024-08-04T16:24:53.770+0000] {processor.py:830} INFO - Processing file /home/airflow/.local/lib/python3.12/site-packages/airflow/example_dags/example_python_decorator.py for tasks to queue
[2024-08-04T16:24:53.771+0000] {logging_mixin.py:188} INFO - [2024-08-04T16:24:53.771+0000] {dagbag.py:545} INFO - Filling up the DagBag from /home/airflow/.local/lib/python3.12/site-packages/airflow/example_dags/example_python_decorator.py
[2024-08-04T16:24:53.810+0000] {processor.py:840} INFO - DAG(s) 'example_python_decorator' retrieved from /home/airflow/.local/lib/python3.12/site-packages/airflow/example_dags/example_python_decorator.py
[2024-08-04T16:24:53.855+0000] {logging_mixin.py:188} INFO - [2024-08-04T16:24:53.855+0000] {dag.py:3096} INFO - Sync 1 DAGs
[2024-08-04T16:24:53.870+0000] {logging_mixin.py:188} INFO - [2024-08-04T16:24:53.870+0000] {dag.py:3954} INFO - Setting next_dagrun for example_python_decorator to None, run_after=None
[2024-08-04T16:24:53.922+0000] {processor.py:183} INFO - Processing /home/airflow/.local/lib/python3.12/site-packages/airflow/example_dags/example_python_decorator.py took 0.190 seconds
[2024-08-04T16:25:24.559+0000] {processor.py:161} INFO - Started process (PID=532) to work on /home/airflow/.local/lib/python3.12/site-packages/airflow/example_dags/example_python_decorator.py
[2024-08-04T16:25:24.560+0000] {processor.py:830} INFO - Processing file /home/airflow/.local/lib/python3.12/site-packages/airflow/example_dags/example_python_decorator.py for tasks to queue
[2024-08-04T16:25:24.562+0000] {logging_mixin.py:188} INFO - [2024-08-04T16:25:24.562+0000] {dagbag.py:545} INFO - Filling up the DagBag from /home/airflow/.local/lib/python3.12/site-packages/airflow/example_dags/example_python_decorator.py
[2024-08-04T16:25:24.577+0000] {processor.py:840} INFO - DAG(s) 'example_python_decorator' retrieved from /home/airflow/.local/lib/python3.12/site-packages/airflow/example_dags/example_python_decorator.py
[2024-08-04T16:25:24.602+0000] {logging_mixin.py:188} INFO - [2024-08-04T16:25:24.602+0000] {dag.py:3096} INFO - Sync 1 DAGs
[2024-08-04T16:25:24.618+0000] {logging_mixin.py:188} INFO - [2024-08-04T16:25:24.617+0000] {dag.py:3954} INFO - Setting next_dagrun for example_python_decorator to None, run_after=None
[2024-08-04T16:25:24.641+0000] {processor.py:183} INFO - Processing /home/airflow/.local/lib/python3.12/site-packages/airflow/example_dags/example_python_decorator.py took 0.088 seconds
[2024-08-04T16:25:54.938+0000] {processor.py:161} INFO - Started process (PID=591) to work on /home/airflow/.local/lib/python3.12/site-packages/airflow/example_dags/example_python_decorator.py
[2024-08-04T16:25:54.938+0000] {processor.py:830} INFO - Processing file /home/airflow/.local/lib/python3.12/site-packages/airflow/example_dags/example_python_decorator.py for tasks to queue
[2024-08-04T16:25:54.940+0000] {logging_mixin.py:188} INFO - [2024-08-04T16:25:54.940+0000] {dagbag.py:545} INFO - Filling up the DagBag from /home/airflow/.local/lib/python3.12/site-packages/airflow/example_dags/example_python_decorator.py
[2024-08-04T16:25:54.956+0000] {processor.py:840} INFO - DAG(s) 'example_python_decorator' retrieved from /home/airflow/.local/lib/python3.12/site-packages/airflow/example_dags/example_python_decorator.py
[2024-08-04T16:25:54.981+0000] {logging_mixin.py:188} INFO - [2024-08-04T16:25:54.980+0000] {dag.py:3096} INFO - Sync 1 DAGs
[2024-08-04T16:25:54.995+0000] {logging_mixin.py:188} INFO - [2024-08-04T16:25:54.995+0000] {dag.py:3954} INFO - Setting next_dagrun for example_python_decorator to None, run_after=None
[2024-08-04T16:25:55.027+0000] {processor.py:183} INFO - Processing /home/airflow/.local/lib/python3.12/site-packages/airflow/example_dags/example_python_decorator.py took 0.095 seconds
[2024-08-04T16:26:25.227+0000] {processor.py:161} INFO - Started process (PID=648) to work on /home/airflow/.local/lib/python3.12/site-packages/airflow/example_dags/example_python_decorator.py
[2024-08-04T16:26:25.228+0000] {processor.py:830} INFO - Processing file /home/airflow/.local/lib/python3.12/site-packages/airflow/example_dags/example_python_decorator.py for tasks to queue
[2024-08-04T16:26:25.230+0000] {logging_mixin.py:188} INFO - [2024-08-04T16:26:25.230+0000] {dagbag.py:545} INFO - Filling up the DagBag from /home/airflow/.local/lib/python3.12/site-packages/airflow/example_dags/example_python_decorator.py
[2024-08-04T16:26:25.245+0000] {processor.py:840} INFO - DAG(s) 'example_python_decorator' retrieved from /home/airflow/.local/lib/python3.12/site-packages/airflow/example_dags/example_python_decorator.py
[2024-08-04T16:26:25.271+0000] {logging_mixin.py:188} INFO - [2024-08-04T16:26:25.271+0000] {dag.py:3096} INFO - Sync 1 DAGs
[2024-08-04T16:26:25.286+0000] {logging_mixin.py:188} INFO - [2024-08-04T16:26:25.286+0000] {dag.py:3954} INFO - Setting next_dagrun for example_python_decorator to None, run_after=None
[2024-08-04T16:26:25.308+0000] {processor.py:183} INFO - Processing /home/airflow/.local/lib/python3.12/site-packages/airflow/example_dags/example_python_decorator.py took 0.088 seconds
[2024-08-04T16:26:55.682+0000] {processor.py:161} INFO - Started process (PID=706) to work on /home/airflow/.local/lib/python3.12/site-packages/airflow/example_dags/example_python_decorator.py
[2024-08-04T16:26:55.683+0000] {processor.py:830} INFO - Processing file /home/airflow/.local/lib/python3.12/site-packages/airflow/example_dags/example_python_decorator.py for tasks to queue
[2024-08-04T16:26:55.685+0000] {logging_mixin.py:188} INFO - [2024-08-04T16:26:55.685+0000] {dagbag.py:545} INFO - Filling up the DagBag from /home/airflow/.local/lib/python3.12/site-packages/airflow/example_dags/example_python_decorator.py
[2024-08-04T16:26:55.700+0000] {processor.py:840} INFO - DAG(s) 'example_python_decorator' retrieved from /home/airflow/.local/lib/python3.12/site-packages/airflow/example_dags/example_python_decorator.py
[2024-08-04T16:26:55.727+0000] {logging_mixin.py:188} INFO - [2024-08-04T16:26:55.726+0000] {dag.py:3096} INFO - Sync 1 DAGs
[2024-08-04T16:26:55.740+0000] {logging_mixin.py:188} INFO - [2024-08-04T16:26:55.740+0000] {dag.py:3954} INFO - Setting next_dagrun for example_python_decorator to None, run_after=None
[2024-08-04T16:26:55.764+0000] {processor.py:183} INFO - Processing /home/airflow/.local/lib/python3.12/site-packages/airflow/example_dags/example_python_decorator.py took 0.088 seconds
[2024-08-04T16:27:26.436+0000] {processor.py:161} INFO - Started process (PID=764) to work on /home/airflow/.local/lib/python3.12/site-packages/airflow/example_dags/example_python_decorator.py
[2024-08-04T16:27:26.437+0000] {processor.py:830} INFO - Processing file /home/airflow/.local/lib/python3.12/site-packages/airflow/example_dags/example_python_decorator.py for tasks to queue
[2024-08-04T16:27:26.439+0000] {logging_mixin.py:188} INFO - [2024-08-04T16:27:26.438+0000] {dagbag.py:545} INFO - Filling up the DagBag from /home/airflow/.local/lib/python3.12/site-packages/airflow/example_dags/example_python_decorator.py
[2024-08-04T16:27:26.454+0000] {processor.py:840} INFO - DAG(s) 'example_python_decorator' retrieved from /home/airflow/.local/lib/python3.12/site-packages/airflow/example_dags/example_python_decorator.py
[2024-08-04T16:27:26.479+0000] {logging_mixin.py:188} INFO - [2024-08-04T16:27:26.479+0000] {dag.py:3096} INFO - Sync 1 DAGs
[2024-08-04T16:27:26.495+0000] {logging_mixin.py:188} INFO - [2024-08-04T16:27:26.495+0000] {dag.py:3954} INFO - Setting next_dagrun for example_python_decorator to None, run_after=None
[2024-08-04T16:27:26.518+0000] {processor.py:183} INFO - Processing /home/airflow/.local/lib/python3.12/site-packages/airflow/example_dags/example_python_decorator.py took 0.089 seconds
[2024-08-04T16:27:56.699+0000] {processor.py:161} INFO - Started process (PID=822) to work on /home/airflow/.local/lib/python3.12/site-packages/airflow/example_dags/example_python_decorator.py
[2024-08-04T16:27:56.700+0000] {processor.py:830} INFO - Processing file /home/airflow/.local/lib/python3.12/site-packages/airflow/example_dags/example_python_decorator.py for tasks to queue
[2024-08-04T16:27:56.702+0000] {logging_mixin.py:188} INFO - [2024-08-04T16:27:56.702+0000] {dagbag.py:545} INFO - Filling up the DagBag from /home/airflow/.local/lib/python3.12/site-packages/airflow/example_dags/example_python_decorator.py
[2024-08-04T16:27:56.717+0000] {processor.py:840} INFO - DAG(s) 'example_python_decorator' retrieved from /home/airflow/.local/lib/python3.12/site-packages/airflow/example_dags/example_python_decorator.py
[2024-08-04T16:27:56.743+0000] {logging_mixin.py:188} INFO - [2024-08-04T16:27:56.743+0000] {dag.py:3096} INFO - Sync 1 DAGs
[2024-08-04T16:27:56.758+0000] {logging_mixin.py:188} INFO - [2024-08-04T16:27:56.758+0000] {dag.py:3954} INFO - Setting next_dagrun for example_python_decorator to None, run_after=None
[2024-08-04T16:27:56.783+0000] {processor.py:183} INFO - Processing /home/airflow/.local/lib/python3.12/site-packages/airflow/example_dags/example_python_decorator.py took 0.092 seconds
[2024-08-04T16:28:27.714+0000] {processor.py:161} INFO - Started process (PID=880) to work on /home/airflow/.local/lib/python3.12/site-packages/airflow/example_dags/example_python_decorator.py
[2024-08-04T16:28:27.715+0000] {processor.py:830} INFO - Processing file /home/airflow/.local/lib/python3.12/site-packages/airflow/example_dags/example_python_decorator.py for tasks to queue
[2024-08-04T16:28:27.717+0000] {logging_mixin.py:188} INFO - [2024-08-04T16:28:27.716+0000] {dagbag.py:545} INFO - Filling up the DagBag from /home/airflow/.local/lib/python3.12/site-packages/airflow/example_dags/example_python_decorator.py
[2024-08-04T16:28:27.732+0000] {processor.py:840} INFO - DAG(s) 'example_python_decorator' retrieved from /home/airflow/.local/lib/python3.12/site-packages/airflow/example_dags/example_python_decorator.py
[2024-08-04T16:28:27.759+0000] {logging_mixin.py:188} INFO - [2024-08-04T16:28:27.759+0000] {dag.py:3096} INFO - Sync 1 DAGs
[2024-08-04T16:28:27.775+0000] {logging_mixin.py:188} INFO - [2024-08-04T16:28:27.775+0000] {dag.py:3954} INFO - Setting next_dagrun for example_python_decorator to None, run_after=None
[2024-08-04T16:28:27.801+0000] {processor.py:183} INFO - Processing /home/airflow/.local/lib/python3.12/site-packages/airflow/example_dags/example_python_decorator.py took 0.098 seconds
[2024-08-04T16:28:58.205+0000] {processor.py:161} INFO - Started process (PID=939) to work on /home/airflow/.local/lib/python3.12/site-packages/airflow/example_dags/example_python_decorator.py
[2024-08-04T16:28:58.206+0000] {processor.py:830} INFO - Processing file /home/airflow/.local/lib/python3.12/site-packages/airflow/example_dags/example_python_decorator.py for tasks to queue
[2024-08-04T16:28:58.207+0000] {logging_mixin.py:188} INFO - [2024-08-04T16:28:58.207+0000] {dagbag.py:545} INFO - Filling up the DagBag from /home/airflow/.local/lib/python3.12/site-packages/airflow/example_dags/example_python_decorator.py
[2024-08-04T16:28:58.227+0000] {processor.py:840} INFO - DAG(s) 'example_python_decorator' retrieved from /home/airflow/.local/lib/python3.12/site-packages/airflow/example_dags/example_python_decorator.py
[2024-08-04T16:28:58.253+0000] {logging_mixin.py:188} INFO - [2024-08-04T16:28:58.253+0000] {dag.py:3096} INFO - Sync 1 DAGs
[2024-08-04T16:28:58.268+0000] {logging_mixin.py:188} INFO - [2024-08-04T16:28:58.268+0000] {dag.py:3954} INFO - Setting next_dagrun for example_python_decorator to None, run_after=None
[2024-08-04T16:28:58.291+0000] {processor.py:183} INFO - Processing /home/airflow/.local/lib/python3.12/site-packages/airflow/example_dags/example_python_decorator.py took 0.093 seconds
[2024-08-04T16:29:28.536+0000] {processor.py:161} INFO - Started process (PID=997) to work on /home/airflow/.local/lib/python3.12/site-packages/airflow/example_dags/example_python_decorator.py
[2024-08-04T16:29:28.537+0000] {processor.py:830} INFO - Processing file /home/airflow/.local/lib/python3.12/site-packages/airflow/example_dags/example_python_decorator.py for tasks to queue
[2024-08-04T16:29:28.559+0000] {logging_mixin.py:188} INFO - [2024-08-04T16:29:28.559+0000] {dagbag.py:545} INFO - Filling up the DagBag from /home/airflow/.local/lib/python3.12/site-packages/airflow/example_dags/example_python_decorator.py
[2024-08-04T16:29:28.633+0000] {processor.py:840} INFO - DAG(s) 'example_python_decorator' retrieved from /home/airflow/.local/lib/python3.12/site-packages/airflow/example_dags/example_python_decorator.py
[2024-08-04T16:29:28.727+0000] {logging_mixin.py:188} INFO - [2024-08-04T16:29:28.727+0000] {dag.py:3096} INFO - Sync 1 DAGs
[2024-08-04T16:29:28.784+0000] {logging_mixin.py:188} INFO - [2024-08-04T16:29:28.784+0000] {dag.py:3954} INFO - Setting next_dagrun for example_python_decorator to None, run_after=None
[2024-08-04T16:29:28.854+0000] {processor.py:183} INFO - Processing /home/airflow/.local/lib/python3.12/site-packages/airflow/example_dags/example_python_decorator.py took 0.327 seconds
[2024-08-04T16:29:59.679+0000] {processor.py:161} INFO - Started process (PID=1055) to work on /home/airflow/.local/lib/python3.12/site-packages/airflow/example_dags/example_python_decorator.py
[2024-08-04T16:29:59.682+0000] {processor.py:830} INFO - Processing file /home/airflow/.local/lib/python3.12/site-packages/airflow/example_dags/example_python_decorator.py for tasks to queue
[2024-08-04T16:29:59.686+0000] {logging_mixin.py:188} INFO - [2024-08-04T16:29:59.686+0000] {dagbag.py:545} INFO - Filling up the DagBag from /home/airflow/.local/lib/python3.12/site-packages/airflow/example_dags/example_python_decorator.py
[2024-08-04T16:29:59.737+0000] {processor.py:840} INFO - DAG(s) 'example_python_decorator' retrieved from /home/airflow/.local/lib/python3.12/site-packages/airflow/example_dags/example_python_decorator.py
[2024-08-04T16:29:59.792+0000] {logging_mixin.py:188} INFO - [2024-08-04T16:29:59.792+0000] {dag.py:3096} INFO - Sync 1 DAGs
[2024-08-04T16:29:59.829+0000] {logging_mixin.py:188} INFO - [2024-08-04T16:29:59.829+0000] {dag.py:3954} INFO - Setting next_dagrun for example_python_decorator to None, run_after=None
[2024-08-04T16:29:59.876+0000] {processor.py:183} INFO - Processing /home/airflow/.local/lib/python3.12/site-packages/airflow/example_dags/example_python_decorator.py took 0.220 seconds
[2024-08-04T16:30:30.252+0000] {processor.py:161} INFO - Started process (PID=1114) to work on /home/airflow/.local/lib/python3.12/site-packages/airflow/example_dags/example_python_decorator.py
[2024-08-04T16:30:30.252+0000] {processor.py:830} INFO - Processing file /home/airflow/.local/lib/python3.12/site-packages/airflow/example_dags/example_python_decorator.py for tasks to queue
[2024-08-04T16:30:30.254+0000] {logging_mixin.py:188} INFO - [2024-08-04T16:30:30.254+0000] {dagbag.py:545} INFO - Filling up the DagBag from /home/airflow/.local/lib/python3.12/site-packages/airflow/example_dags/example_python_decorator.py
[2024-08-04T16:30:30.273+0000] {processor.py:840} INFO - DAG(s) 'example_python_decorator' retrieved from /home/airflow/.local/lib/python3.12/site-packages/airflow/example_dags/example_python_decorator.py
[2024-08-04T16:30:30.301+0000] {logging_mixin.py:188} INFO - [2024-08-04T16:30:30.300+0000] {dag.py:3096} INFO - Sync 1 DAGs
[2024-08-04T16:30:30.317+0000] {logging_mixin.py:188} INFO - [2024-08-04T16:30:30.317+0000] {dag.py:3954} INFO - Setting next_dagrun for example_python_decorator to None, run_after=None
[2024-08-04T16:30:30.342+0000] {processor.py:183} INFO - Processing /home/airflow/.local/lib/python3.12/site-packages/airflow/example_dags/example_python_decorator.py took 0.096 seconds
[2024-08-04T16:31:00.500+0000] {processor.py:161} INFO - Started process (PID=1173) to work on /home/airflow/.local/lib/python3.12/site-packages/airflow/example_dags/example_python_decorator.py
[2024-08-04T16:31:00.502+0000] {processor.py:830} INFO - Processing file /home/airflow/.local/lib/python3.12/site-packages/airflow/example_dags/example_python_decorator.py for tasks to queue
[2024-08-04T16:31:00.503+0000] {logging_mixin.py:188} INFO - [2024-08-04T16:31:00.503+0000] {dagbag.py:545} INFO - Filling up the DagBag from /home/airflow/.local/lib/python3.12/site-packages/airflow/example_dags/example_python_decorator.py
[2024-08-04T16:31:00.522+0000] {processor.py:840} INFO - DAG(s) 'example_python_decorator' retrieved from /home/airflow/.local/lib/python3.12/site-packages/airflow/example_dags/example_python_decorator.py
[2024-08-04T16:31:00.547+0000] {logging_mixin.py:188} INFO - [2024-08-04T16:31:00.546+0000] {dag.py:3096} INFO - Sync 1 DAGs
[2024-08-04T16:31:00.562+0000] {logging_mixin.py:188} INFO - [2024-08-04T16:31:00.561+0000] {dag.py:3954} INFO - Setting next_dagrun for example_python_decorator to None, run_after=None
[2024-08-04T16:31:00.584+0000] {processor.py:183} INFO - Processing /home/airflow/.local/lib/python3.12/site-packages/airflow/example_dags/example_python_decorator.py took 0.090 seconds
[2024-08-04T16:31:30.658+0000] {processor.py:161} INFO - Started process (PID=1232) to work on /home/airflow/.local/lib/python3.12/site-packages/airflow/example_dags/example_python_decorator.py
[2024-08-04T16:31:30.667+0000] {processor.py:830} INFO - Processing file /home/airflow/.local/lib/python3.12/site-packages/airflow/example_dags/example_python_decorator.py for tasks to queue
[2024-08-04T16:31:30.669+0000] {logging_mixin.py:188} INFO - [2024-08-04T16:31:30.668+0000] {dagbag.py:545} INFO - Filling up the DagBag from /home/airflow/.local/lib/python3.12/site-packages/airflow/example_dags/example_python_decorator.py
[2024-08-04T16:31:30.719+0000] {processor.py:840} INFO - DAG(s) 'example_python_decorator' retrieved from /home/airflow/.local/lib/python3.12/site-packages/airflow/example_dags/example_python_decorator.py
[2024-08-04T16:31:30.747+0000] {logging_mixin.py:188} INFO - [2024-08-04T16:31:30.746+0000] {dag.py:3096} INFO - Sync 1 DAGs
[2024-08-04T16:31:30.759+0000] {logging_mixin.py:188} INFO - [2024-08-04T16:31:30.759+0000] {dag.py:3954} INFO - Setting next_dagrun for example_python_decorator to None, run_after=None
[2024-08-04T16:31:30.783+0000] {processor.py:183} INFO - Processing /home/airflow/.local/lib/python3.12/site-packages/airflow/example_dags/example_python_decorator.py took 0.135 seconds
[2024-08-04T16:32:00.978+0000] {processor.py:161} INFO - Started process (PID=1291) to work on /home/airflow/.local/lib/python3.12/site-packages/airflow/example_dags/example_python_decorator.py
[2024-08-04T16:32:00.980+0000] {processor.py:830} INFO - Processing file /home/airflow/.local/lib/python3.12/site-packages/airflow/example_dags/example_python_decorator.py for tasks to queue
[2024-08-04T16:32:00.981+0000] {logging_mixin.py:188} INFO - [2024-08-04T16:32:00.981+0000] {dagbag.py:545} INFO - Filling up the DagBag from /home/airflow/.local/lib/python3.12/site-packages/airflow/example_dags/example_python_decorator.py
[2024-08-04T16:32:01.000+0000] {processor.py:840} INFO - DAG(s) 'example_python_decorator' retrieved from /home/airflow/.local/lib/python3.12/site-packages/airflow/example_dags/example_python_decorator.py
[2024-08-04T16:32:01.027+0000] {logging_mixin.py:188} INFO - [2024-08-04T16:32:01.027+0000] {dag.py:3096} INFO - Sync 1 DAGs
[2024-08-04T16:32:01.041+0000] {logging_mixin.py:188} INFO - [2024-08-04T16:32:01.041+0000] {dag.py:3954} INFO - Setting next_dagrun for example_python_decorator to None, run_after=None
[2024-08-04T16:32:01.063+0000] {processor.py:183} INFO - Processing /home/airflow/.local/lib/python3.12/site-packages/airflow/example_dags/example_python_decorator.py took 0.092 seconds
[2024-08-04T16:32:31.384+0000] {processor.py:161} INFO - Started process (PID=1350) to work on /home/airflow/.local/lib/python3.12/site-packages/airflow/example_dags/example_python_decorator.py
[2024-08-04T16:32:31.385+0000] {processor.py:830} INFO - Processing file /home/airflow/.local/lib/python3.12/site-packages/airflow/example_dags/example_python_decorator.py for tasks to queue
[2024-08-04T16:32:31.386+0000] {logging_mixin.py:188} INFO - [2024-08-04T16:32:31.385+0000] {dagbag.py:545} INFO - Filling up the DagBag from /home/airflow/.local/lib/python3.12/site-packages/airflow/example_dags/example_python_decorator.py
[2024-08-04T16:32:31.401+0000] {processor.py:840} INFO - DAG(s) 'example_python_decorator' retrieved from /home/airflow/.local/lib/python3.12/site-packages/airflow/example_dags/example_python_decorator.py
[2024-08-04T16:32:31.428+0000] {logging_mixin.py:188} INFO - [2024-08-04T16:32:31.427+0000] {dag.py:3096} INFO - Sync 1 DAGs
[2024-08-04T16:32:31.443+0000] {logging_mixin.py:188} INFO - [2024-08-04T16:32:31.443+0000] {dag.py:3954} INFO - Setting next_dagrun for example_python_decorator to None, run_after=None
[2024-08-04T16:32:31.475+0000] {processor.py:183} INFO - Processing /home/airflow/.local/lib/python3.12/site-packages/airflow/example_dags/example_python_decorator.py took 0.102 seconds
[2024-08-04T16:33:02.305+0000] {processor.py:161} INFO - Started process (PID=1409) to work on /home/airflow/.local/lib/python3.12/site-packages/airflow/example_dags/example_python_decorator.py
[2024-08-04T16:33:02.306+0000] {processor.py:830} INFO - Processing file /home/airflow/.local/lib/python3.12/site-packages/airflow/example_dags/example_python_decorator.py for tasks to queue
[2024-08-04T16:33:02.307+0000] {logging_mixin.py:188} INFO - [2024-08-04T16:33:02.306+0000] {dagbag.py:545} INFO - Filling up the DagBag from /home/airflow/.local/lib/python3.12/site-packages/airflow/example_dags/example_python_decorator.py
[2024-08-04T16:33:02.322+0000] {processor.py:840} INFO - DAG(s) 'example_python_decorator' retrieved from /home/airflow/.local/lib/python3.12/site-packages/airflow/example_dags/example_python_decorator.py
[2024-08-04T16:33:02.348+0000] {logging_mixin.py:188} INFO - [2024-08-04T16:33:02.348+0000] {dag.py:3096} INFO - Sync 1 DAGs
[2024-08-04T16:33:02.364+0000] {logging_mixin.py:188} INFO - [2024-08-04T16:33:02.363+0000] {dag.py:3954} INFO - Setting next_dagrun for example_python_decorator to None, run_after=None
[2024-08-04T16:33:02.390+0000] {processor.py:183} INFO - Processing /home/airflow/.local/lib/python3.12/site-packages/airflow/example_dags/example_python_decorator.py took 0.104 seconds
[2024-08-04T16:33:32.444+0000] {processor.py:161} INFO - Started process (PID=1468) to work on /home/airflow/.local/lib/python3.12/site-packages/airflow/example_dags/example_python_decorator.py
[2024-08-04T16:33:32.445+0000] {processor.py:830} INFO - Processing file /home/airflow/.local/lib/python3.12/site-packages/airflow/example_dags/example_python_decorator.py for tasks to queue
[2024-08-04T16:33:32.446+0000] {logging_mixin.py:188} INFO - [2024-08-04T16:33:32.446+0000] {dagbag.py:545} INFO - Filling up the DagBag from /home/airflow/.local/lib/python3.12/site-packages/airflow/example_dags/example_python_decorator.py
[2024-08-04T16:33:32.461+0000] {processor.py:840} INFO - DAG(s) 'example_python_decorator' retrieved from /home/airflow/.local/lib/python3.12/site-packages/airflow/example_dags/example_python_decorator.py
[2024-08-04T16:33:32.498+0000] {logging_mixin.py:188} INFO - [2024-08-04T16:33:32.498+0000] {dag.py:3096} INFO - Sync 1 DAGs
[2024-08-04T16:33:32.518+0000] {logging_mixin.py:188} INFO - [2024-08-04T16:33:32.518+0000] {dag.py:3954} INFO - Setting next_dagrun for example_python_decorator to None, run_after=None
[2024-08-04T16:33:32.558+0000] {processor.py:183} INFO - Processing /home/airflow/.local/lib/python3.12/site-packages/airflow/example_dags/example_python_decorator.py took 0.120 seconds
[2024-08-04T16:34:03.142+0000] {processor.py:161} INFO - Started process (PID=1527) to work on /home/airflow/.local/lib/python3.12/site-packages/airflow/example_dags/example_python_decorator.py
[2024-08-04T16:34:03.142+0000] {processor.py:830} INFO - Processing file /home/airflow/.local/lib/python3.12/site-packages/airflow/example_dags/example_python_decorator.py for tasks to queue
[2024-08-04T16:34:03.143+0000] {logging_mixin.py:188} INFO - [2024-08-04T16:34:03.143+0000] {dagbag.py:545} INFO - Filling up the DagBag from /home/airflow/.local/lib/python3.12/site-packages/airflow/example_dags/example_python_decorator.py
[2024-08-04T16:34:03.163+0000] {processor.py:840} INFO - DAG(s) 'example_python_decorator' retrieved from /home/airflow/.local/lib/python3.12/site-packages/airflow/example_dags/example_python_decorator.py
[2024-08-04T16:34:03.188+0000] {logging_mixin.py:188} INFO - [2024-08-04T16:34:03.188+0000] {dag.py:3096} INFO - Sync 1 DAGs
[2024-08-04T16:34:03.203+0000] {logging_mixin.py:188} INFO - [2024-08-04T16:34:03.203+0000] {dag.py:3954} INFO - Setting next_dagrun for example_python_decorator to None, run_after=None
[2024-08-04T16:34:03.229+0000] {processor.py:183} INFO - Processing /home/airflow/.local/lib/python3.12/site-packages/airflow/example_dags/example_python_decorator.py took 0.094 seconds
[2024-08-04T16:34:34.015+0000] {processor.py:161} INFO - Started process (PID=1586) to work on /home/airflow/.local/lib/python3.12/site-packages/airflow/example_dags/example_python_decorator.py
[2024-08-04T16:34:34.015+0000] {processor.py:830} INFO - Processing file /home/airflow/.local/lib/python3.12/site-packages/airflow/example_dags/example_python_decorator.py for tasks to queue
[2024-08-04T16:34:34.016+0000] {logging_mixin.py:188} INFO - [2024-08-04T16:34:34.016+0000] {dagbag.py:545} INFO - Filling up the DagBag from /home/airflow/.local/lib/python3.12/site-packages/airflow/example_dags/example_python_decorator.py
[2024-08-04T16:34:34.032+0000] {processor.py:840} INFO - DAG(s) 'example_python_decorator' retrieved from /home/airflow/.local/lib/python3.12/site-packages/airflow/example_dags/example_python_decorator.py
[2024-08-04T16:34:34.059+0000] {logging_mixin.py:188} INFO - [2024-08-04T16:34:34.059+0000] {dag.py:3096} INFO - Sync 1 DAGs
[2024-08-04T16:34:34.075+0000] {logging_mixin.py:188} INFO - [2024-08-04T16:34:34.075+0000] {dag.py:3954} INFO - Setting next_dagrun for example_python_decorator to None, run_after=None
[2024-08-04T16:34:34.100+0000] {processor.py:183} INFO - Processing /home/airflow/.local/lib/python3.12/site-packages/airflow/example_dags/example_python_decorator.py took 0.092 seconds
[2024-08-04T16:35:05.369+0000] {processor.py:161} INFO - Started process (PID=1645) to work on /home/airflow/.local/lib/python3.12/site-packages/airflow/example_dags/example_python_decorator.py
[2024-08-04T16:35:05.378+0000] {processor.py:830} INFO - Processing file /home/airflow/.local/lib/python3.12/site-packages/airflow/example_dags/example_python_decorator.py for tasks to queue
[2024-08-04T16:35:05.379+0000] {logging_mixin.py:188} INFO - [2024-08-04T16:35:05.379+0000] {dagbag.py:545} INFO - Filling up the DagBag from /home/airflow/.local/lib/python3.12/site-packages/airflow/example_dags/example_python_decorator.py
[2024-08-04T16:35:05.407+0000] {processor.py:840} INFO - DAG(s) 'example_python_decorator' retrieved from /home/airflow/.local/lib/python3.12/site-packages/airflow/example_dags/example_python_decorator.py
[2024-08-04T16:35:05.437+0000] {logging_mixin.py:188} INFO - [2024-08-04T16:35:05.436+0000] {dag.py:3096} INFO - Sync 1 DAGs
[2024-08-04T16:35:05.453+0000] {logging_mixin.py:188} INFO - [2024-08-04T16:35:05.453+0000] {dag.py:3954} INFO - Setting next_dagrun for example_python_decorator to None, run_after=None
[2024-08-04T16:35:05.479+0000] {processor.py:183} INFO - Processing /home/airflow/.local/lib/python3.12/site-packages/airflow/example_dags/example_python_decorator.py took 0.129 seconds
[2024-08-04T16:35:35.744+0000] {processor.py:161} INFO - Started process (PID=1703) to work on /home/airflow/.local/lib/python3.12/site-packages/airflow/example_dags/example_python_decorator.py
[2024-08-04T16:35:35.745+0000] {processor.py:830} INFO - Processing file /home/airflow/.local/lib/python3.12/site-packages/airflow/example_dags/example_python_decorator.py for tasks to queue
[2024-08-04T16:35:35.746+0000] {logging_mixin.py:188} INFO - [2024-08-04T16:35:35.746+0000] {dagbag.py:545} INFO - Filling up the DagBag from /home/airflow/.local/lib/python3.12/site-packages/airflow/example_dags/example_python_decorator.py
[2024-08-04T16:35:35.770+0000] {processor.py:840} INFO - DAG(s) 'example_python_decorator' retrieved from /home/airflow/.local/lib/python3.12/site-packages/airflow/example_dags/example_python_decorator.py
[2024-08-04T16:35:35.815+0000] {logging_mixin.py:188} INFO - [2024-08-04T16:35:35.814+0000] {dag.py:3096} INFO - Sync 1 DAGs
[2024-08-04T16:35:35.840+0000] {logging_mixin.py:188} INFO - [2024-08-04T16:35:35.840+0000] {dag.py:3954} INFO - Setting next_dagrun for example_python_decorator to None, run_after=None
[2024-08-04T16:35:35.907+0000] {processor.py:183} INFO - Processing /home/airflow/.local/lib/python3.12/site-packages/airflow/example_dags/example_python_decorator.py took 0.182 seconds
[2024-08-04T16:36:06.739+0000] {processor.py:161} INFO - Started process (PID=1763) to work on /home/airflow/.local/lib/python3.12/site-packages/airflow/example_dags/example_python_decorator.py
[2024-08-04T16:36:06.742+0000] {processor.py:830} INFO - Processing file /home/airflow/.local/lib/python3.12/site-packages/airflow/example_dags/example_python_decorator.py for tasks to queue
[2024-08-04T16:36:06.743+0000] {logging_mixin.py:188} INFO - [2024-08-04T16:36:06.743+0000] {dagbag.py:545} INFO - Filling up the DagBag from /home/airflow/.local/lib/python3.12/site-packages/airflow/example_dags/example_python_decorator.py
[2024-08-04T16:36:06.768+0000] {processor.py:840} INFO - DAG(s) 'example_python_decorator' retrieved from /home/airflow/.local/lib/python3.12/site-packages/airflow/example_dags/example_python_decorator.py
[2024-08-04T16:36:06.796+0000] {logging_mixin.py:188} INFO - [2024-08-04T16:36:06.796+0000] {dag.py:3096} INFO - Sync 1 DAGs
[2024-08-04T16:36:06.811+0000] {logging_mixin.py:188} INFO - [2024-08-04T16:36:06.811+0000] {dag.py:3954} INFO - Setting next_dagrun for example_python_decorator to None, run_after=None
[2024-08-04T16:36:06.854+0000] {processor.py:183} INFO - Processing /home/airflow/.local/lib/python3.12/site-packages/airflow/example_dags/example_python_decorator.py took 0.122 seconds
