[2024-08-04T16:21:06.038+0000] {processor.py:161} INFO - Started process (PID=32) to work on /home/airflow/.local/lib/python3.12/site-packages/airflow/example_dags/example_branch_labels.py
[2024-08-04T16:21:06.042+0000] {processor.py:830} INFO - Processing file /home/airflow/.local/lib/python3.12/site-packages/airflow/example_dags/example_branch_labels.py for tasks to queue
[2024-08-04T16:21:06.054+0000] {logging_mixin.py:188} INFO - [2024-08-04T16:21:06.054+0000] {dagbag.py:545} INFO - Filling up the DagBag from /home/airflow/.local/lib/python3.12/site-packages/airflow/example_dags/example_branch_labels.py
[2024-08-04T16:21:06.135+0000] {processor.py:840} INFO - DAG(s) 'example_branch_labels' retrieved from /home/airflow/.local/lib/python3.12/site-packages/airflow/example_dags/example_branch_labels.py
[2024-08-04T16:21:07.286+0000] {logging_mixin.py:188} INFO - [2024-08-04T16:21:07.286+0000] {dag.py:3096} INFO - Sync 1 DAGs
[2024-08-04T16:21:07.315+0000] {logging_mixin.py:188} INFO - [2024-08-04T16:21:07.315+0000] {dag.py:3954} INFO - Setting next_dagrun for example_branch_labels to 2024-08-03 00:00:00+00:00, run_after=2024-08-04 00:00:00+00:00
[2024-08-04T16:21:07.372+0000] {processor.py:183} INFO - Processing /home/airflow/.local/lib/python3.12/site-packages/airflow/example_dags/example_branch_labels.py took 1.363 seconds
[2024-08-04T16:21:37.547+0000] {processor.py:161} INFO - Started process (PID=89) to work on /home/airflow/.local/lib/python3.12/site-packages/airflow/example_dags/example_branch_labels.py
[2024-08-04T16:21:37.548+0000] {processor.py:830} INFO - Processing file /home/airflow/.local/lib/python3.12/site-packages/airflow/example_dags/example_branch_labels.py for tasks to queue
[2024-08-04T16:21:37.549+0000] {logging_mixin.py:188} INFO - [2024-08-04T16:21:37.549+0000] {dagbag.py:545} INFO - Filling up the DagBag from /home/airflow/.local/lib/python3.12/site-packages/airflow/example_dags/example_branch_labels.py
[2024-08-04T16:21:37.558+0000] {processor.py:840} INFO - DAG(s) 'example_branch_labels' retrieved from /home/airflow/.local/lib/python3.12/site-packages/airflow/example_dags/example_branch_labels.py
[2024-08-04T16:21:37.579+0000] {logging_mixin.py:188} INFO - [2024-08-04T16:21:37.579+0000] {dag.py:3096} INFO - Sync 1 DAGs
[2024-08-04T16:21:37.597+0000] {logging_mixin.py:188} INFO - [2024-08-04T16:21:37.597+0000] {dag.py:3954} INFO - Setting next_dagrun for example_branch_labels to 2024-08-03 00:00:00+00:00, run_after=2024-08-04 00:00:00+00:00
[2024-08-04T16:21:37.617+0000] {processor.py:183} INFO - Processing /home/airflow/.local/lib/python3.12/site-packages/airflow/example_dags/example_branch_labels.py took 0.075 seconds
[2024-08-04T16:22:07.967+0000] {processor.py:161} INFO - Started process (PID=148) to work on /home/airflow/.local/lib/python3.12/site-packages/airflow/example_dags/example_branch_labels.py
[2024-08-04T16:22:07.967+0000] {processor.py:830} INFO - Processing file /home/airflow/.local/lib/python3.12/site-packages/airflow/example_dags/example_branch_labels.py for tasks to queue
[2024-08-04T16:22:07.969+0000] {logging_mixin.py:188} INFO - [2024-08-04T16:22:07.969+0000] {dagbag.py:545} INFO - Filling up the DagBag from /home/airflow/.local/lib/python3.12/site-packages/airflow/example_dags/example_branch_labels.py
[2024-08-04T16:22:07.978+0000] {processor.py:840} INFO - DAG(s) 'example_branch_labels' retrieved from /home/airflow/.local/lib/python3.12/site-packages/airflow/example_dags/example_branch_labels.py
[2024-08-04T16:22:08.003+0000] {logging_mixin.py:188} INFO - [2024-08-04T16:22:08.003+0000] {dag.py:3096} INFO - Sync 1 DAGs
[2024-08-04T16:22:08.030+0000] {logging_mixin.py:188} INFO - [2024-08-04T16:22:08.030+0000] {dag.py:3954} INFO - Setting next_dagrun for example_branch_labels to 2024-08-03 00:00:00+00:00, run_after=2024-08-04 00:00:00+00:00
[2024-08-04T16:22:08.056+0000] {processor.py:183} INFO - Processing /home/airflow/.local/lib/python3.12/site-packages/airflow/example_dags/example_branch_labels.py took 0.095 seconds
[2024-08-04T16:22:38.321+0000] {processor.py:161} INFO - Started process (PID=206) to work on /home/airflow/.local/lib/python3.12/site-packages/airflow/example_dags/example_branch_labels.py
[2024-08-04T16:22:38.328+0000] {processor.py:830} INFO - Processing file /home/airflow/.local/lib/python3.12/site-packages/airflow/example_dags/example_branch_labels.py for tasks to queue
[2024-08-04T16:22:38.330+0000] {logging_mixin.py:188} INFO - [2024-08-04T16:22:38.329+0000] {dagbag.py:545} INFO - Filling up the DagBag from /home/airflow/.local/lib/python3.12/site-packages/airflow/example_dags/example_branch_labels.py
[2024-08-04T16:22:38.350+0000] {processor.py:840} INFO - DAG(s) 'example_branch_labels' retrieved from /home/airflow/.local/lib/python3.12/site-packages/airflow/example_dags/example_branch_labels.py
[2024-08-04T16:22:38.476+0000] {logging_mixin.py:188} INFO - [2024-08-04T16:22:38.476+0000] {dag.py:3096} INFO - Sync 1 DAGs
[2024-08-04T16:22:38.580+0000] {logging_mixin.py:188} INFO - [2024-08-04T16:22:38.580+0000] {dag.py:3954} INFO - Setting next_dagrun for example_branch_labels to 2024-08-03 00:00:00+00:00, run_after=2024-08-04 00:00:00+00:00
[2024-08-04T16:22:38.676+0000] {processor.py:183} INFO - Processing /home/airflow/.local/lib/python3.12/site-packages/airflow/example_dags/example_branch_labels.py took 0.380 seconds
[2024-08-04T16:23:08.838+0000] {processor.py:161} INFO - Started process (PID=264) to work on /home/airflow/.local/lib/python3.12/site-packages/airflow/example_dags/example_branch_labels.py
[2024-08-04T16:23:08.839+0000] {processor.py:830} INFO - Processing file /home/airflow/.local/lib/python3.12/site-packages/airflow/example_dags/example_branch_labels.py for tasks to queue
[2024-08-04T16:23:08.840+0000] {logging_mixin.py:188} INFO - [2024-08-04T16:23:08.840+0000] {dagbag.py:545} INFO - Filling up the DagBag from /home/airflow/.local/lib/python3.12/site-packages/airflow/example_dags/example_branch_labels.py
[2024-08-04T16:23:08.850+0000] {processor.py:840} INFO - DAG(s) 'example_branch_labels' retrieved from /home/airflow/.local/lib/python3.12/site-packages/airflow/example_dags/example_branch_labels.py
[2024-08-04T16:23:08.873+0000] {logging_mixin.py:188} INFO - [2024-08-04T16:23:08.873+0000] {dag.py:3096} INFO - Sync 1 DAGs
[2024-08-04T16:23:08.901+0000] {logging_mixin.py:188} INFO - [2024-08-04T16:23:08.901+0000] {dag.py:3954} INFO - Setting next_dagrun for example_branch_labels to 2024-08-03 00:00:00+00:00, run_after=2024-08-04 00:00:00+00:00
[2024-08-04T16:23:08.930+0000] {processor.py:183} INFO - Processing /home/airflow/.local/lib/python3.12/site-packages/airflow/example_dags/example_branch_labels.py took 0.099 seconds
[2024-08-04T16:23:39.522+0000] {processor.py:161} INFO - Started process (PID=322) to work on /home/airflow/.local/lib/python3.12/site-packages/airflow/example_dags/example_branch_labels.py
[2024-08-04T16:23:39.523+0000] {processor.py:830} INFO - Processing file /home/airflow/.local/lib/python3.12/site-packages/airflow/example_dags/example_branch_labels.py for tasks to queue
[2024-08-04T16:23:39.524+0000] {logging_mixin.py:188} INFO - [2024-08-04T16:23:39.524+0000] {dagbag.py:545} INFO - Filling up the DagBag from /home/airflow/.local/lib/python3.12/site-packages/airflow/example_dags/example_branch_labels.py
[2024-08-04T16:23:39.533+0000] {processor.py:840} INFO - DAG(s) 'example_branch_labels' retrieved from /home/airflow/.local/lib/python3.12/site-packages/airflow/example_dags/example_branch_labels.py
[2024-08-04T16:23:39.558+0000] {logging_mixin.py:188} INFO - [2024-08-04T16:23:39.557+0000] {dag.py:3096} INFO - Sync 1 DAGs
[2024-08-04T16:23:39.586+0000] {logging_mixin.py:188} INFO - [2024-08-04T16:23:39.586+0000] {dag.py:3954} INFO - Setting next_dagrun for example_branch_labels to 2024-08-03 00:00:00+00:00, run_after=2024-08-04 00:00:00+00:00
[2024-08-04T16:23:39.612+0000] {processor.py:183} INFO - Processing /home/airflow/.local/lib/python3.12/site-packages/airflow/example_dags/example_branch_labels.py took 0.096 seconds
[2024-08-04T16:24:09.793+0000] {processor.py:161} INFO - Started process (PID=380) to work on /home/airflow/.local/lib/python3.12/site-packages/airflow/example_dags/example_branch_labels.py
[2024-08-04T16:24:09.793+0000] {processor.py:830} INFO - Processing file /home/airflow/.local/lib/python3.12/site-packages/airflow/example_dags/example_branch_labels.py for tasks to queue
[2024-08-04T16:24:09.795+0000] {logging_mixin.py:188} INFO - [2024-08-04T16:24:09.795+0000] {dagbag.py:545} INFO - Filling up the DagBag from /home/airflow/.local/lib/python3.12/site-packages/airflow/example_dags/example_branch_labels.py
[2024-08-04T16:24:09.805+0000] {processor.py:840} INFO - DAG(s) 'example_branch_labels' retrieved from /home/airflow/.local/lib/python3.12/site-packages/airflow/example_dags/example_branch_labels.py
[2024-08-04T16:24:09.828+0000] {logging_mixin.py:188} INFO - [2024-08-04T16:24:09.828+0000] {dag.py:3096} INFO - Sync 1 DAGs
[2024-08-04T16:24:09.856+0000] {logging_mixin.py:188} INFO - [2024-08-04T16:24:09.856+0000] {dag.py:3954} INFO - Setting next_dagrun for example_branch_labels to 2024-08-03 00:00:00+00:00, run_after=2024-08-04 00:00:00+00:00
[2024-08-04T16:24:09.882+0000] {processor.py:183} INFO - Processing /home/airflow/.local/lib/python3.12/site-packages/airflow/example_dags/example_branch_labels.py took 0.096 seconds
[2024-08-04T16:24:39.995+0000] {processor.py:161} INFO - Started process (PID=439) to work on /home/airflow/.local/lib/python3.12/site-packages/airflow/example_dags/example_branch_labels.py
[2024-08-04T16:24:39.996+0000] {processor.py:830} INFO - Processing file /home/airflow/.local/lib/python3.12/site-packages/airflow/example_dags/example_branch_labels.py for tasks to queue
[2024-08-04T16:24:39.998+0000] {logging_mixin.py:188} INFO - [2024-08-04T16:24:39.997+0000] {dagbag.py:545} INFO - Filling up the DagBag from /home/airflow/.local/lib/python3.12/site-packages/airflow/example_dags/example_branch_labels.py
[2024-08-04T16:24:40.039+0000] {processor.py:840} INFO - DAG(s) 'example_branch_labels' retrieved from /home/airflow/.local/lib/python3.12/site-packages/airflow/example_dags/example_branch_labels.py
[2024-08-04T16:24:40.133+0000] {logging_mixin.py:188} INFO - [2024-08-04T16:24:40.133+0000] {dag.py:3096} INFO - Sync 1 DAGs
[2024-08-04T16:24:40.160+0000] {logging_mixin.py:188} INFO - [2024-08-04T16:24:40.160+0000] {dag.py:3954} INFO - Setting next_dagrun for example_branch_labels to 2024-08-03 00:00:00+00:00, run_after=2024-08-04 00:00:00+00:00
[2024-08-04T16:24:40.180+0000] {processor.py:183} INFO - Processing /home/airflow/.local/lib/python3.12/site-packages/airflow/example_dags/example_branch_labels.py took 0.193 seconds
[2024-08-04T16:25:10.593+0000] {processor.py:161} INFO - Started process (PID=497) to work on /home/airflow/.local/lib/python3.12/site-packages/airflow/example_dags/example_branch_labels.py
[2024-08-04T16:25:10.594+0000] {processor.py:830} INFO - Processing file /home/airflow/.local/lib/python3.12/site-packages/airflow/example_dags/example_branch_labels.py for tasks to queue
[2024-08-04T16:25:10.596+0000] {logging_mixin.py:188} INFO - [2024-08-04T16:25:10.595+0000] {dagbag.py:545} INFO - Filling up the DagBag from /home/airflow/.local/lib/python3.12/site-packages/airflow/example_dags/example_branch_labels.py
[2024-08-04T16:25:10.604+0000] {processor.py:840} INFO - DAG(s) 'example_branch_labels' retrieved from /home/airflow/.local/lib/python3.12/site-packages/airflow/example_dags/example_branch_labels.py
[2024-08-04T16:25:10.640+0000] {logging_mixin.py:188} INFO - [2024-08-04T16:25:10.640+0000] {dag.py:3096} INFO - Sync 1 DAGs
[2024-08-04T16:25:10.665+0000] {logging_mixin.py:188} INFO - [2024-08-04T16:25:10.665+0000] {dag.py:3954} INFO - Setting next_dagrun for example_branch_labels to 2024-08-03 00:00:00+00:00, run_after=2024-08-04 00:00:00+00:00
[2024-08-04T16:25:10.688+0000] {processor.py:183} INFO - Processing /home/airflow/.local/lib/python3.12/site-packages/airflow/example_dags/example_branch_labels.py took 0.101 seconds
[2024-08-04T16:25:41.087+0000] {processor.py:161} INFO - Started process (PID=555) to work on /home/airflow/.local/lib/python3.12/site-packages/airflow/example_dags/example_branch_labels.py
[2024-08-04T16:25:41.088+0000] {processor.py:830} INFO - Processing file /home/airflow/.local/lib/python3.12/site-packages/airflow/example_dags/example_branch_labels.py for tasks to queue
[2024-08-04T16:25:41.090+0000] {logging_mixin.py:188} INFO - [2024-08-04T16:25:41.089+0000] {dagbag.py:545} INFO - Filling up the DagBag from /home/airflow/.local/lib/python3.12/site-packages/airflow/example_dags/example_branch_labels.py
[2024-08-04T16:25:41.099+0000] {processor.py:840} INFO - DAG(s) 'example_branch_labels' retrieved from /home/airflow/.local/lib/python3.12/site-packages/airflow/example_dags/example_branch_labels.py
[2024-08-04T16:25:41.122+0000] {logging_mixin.py:188} INFO - [2024-08-04T16:25:41.122+0000] {dag.py:3096} INFO - Sync 1 DAGs
[2024-08-04T16:25:41.149+0000] {logging_mixin.py:188} INFO - [2024-08-04T16:25:41.149+0000] {dag.py:3954} INFO - Setting next_dagrun for example_branch_labels to 2024-08-03 00:00:00+00:00, run_after=2024-08-04 00:00:00+00:00
[2024-08-04T16:25:41.177+0000] {processor.py:183} INFO - Processing /home/airflow/.local/lib/python3.12/site-packages/airflow/example_dags/example_branch_labels.py took 0.096 seconds
[2024-08-04T16:26:12.188+0000] {processor.py:161} INFO - Started process (PID=614) to work on /home/airflow/.local/lib/python3.12/site-packages/airflow/example_dags/example_branch_labels.py
[2024-08-04T16:26:12.189+0000] {processor.py:830} INFO - Processing file /home/airflow/.local/lib/python3.12/site-packages/airflow/example_dags/example_branch_labels.py for tasks to queue
[2024-08-04T16:26:12.190+0000] {logging_mixin.py:188} INFO - [2024-08-04T16:26:12.190+0000] {dagbag.py:545} INFO - Filling up the DagBag from /home/airflow/.local/lib/python3.12/site-packages/airflow/example_dags/example_branch_labels.py
[2024-08-04T16:26:12.200+0000] {processor.py:840} INFO - DAG(s) 'example_branch_labels' retrieved from /home/airflow/.local/lib/python3.12/site-packages/airflow/example_dags/example_branch_labels.py
[2024-08-04T16:26:12.221+0000] {logging_mixin.py:188} INFO - [2024-08-04T16:26:12.221+0000] {dag.py:3096} INFO - Sync 1 DAGs
[2024-08-04T16:26:12.250+0000] {logging_mixin.py:188} INFO - [2024-08-04T16:26:12.249+0000] {dag.py:3954} INFO - Setting next_dagrun for example_branch_labels to 2024-08-03 00:00:00+00:00, run_after=2024-08-04 00:00:00+00:00
[2024-08-04T16:26:12.273+0000] {processor.py:183} INFO - Processing /home/airflow/.local/lib/python3.12/site-packages/airflow/example_dags/example_branch_labels.py took 0.090 seconds
[2024-08-04T16:26:42.599+0000] {processor.py:161} INFO - Started process (PID=671) to work on /home/airflow/.local/lib/python3.12/site-packages/airflow/example_dags/example_branch_labels.py
[2024-08-04T16:26:42.599+0000] {processor.py:830} INFO - Processing file /home/airflow/.local/lib/python3.12/site-packages/airflow/example_dags/example_branch_labels.py for tasks to queue
[2024-08-04T16:26:42.601+0000] {logging_mixin.py:188} INFO - [2024-08-04T16:26:42.601+0000] {dagbag.py:545} INFO - Filling up the DagBag from /home/airflow/.local/lib/python3.12/site-packages/airflow/example_dags/example_branch_labels.py
[2024-08-04T16:26:42.610+0000] {processor.py:840} INFO - DAG(s) 'example_branch_labels' retrieved from /home/airflow/.local/lib/python3.12/site-packages/airflow/example_dags/example_branch_labels.py
[2024-08-04T16:26:42.633+0000] {logging_mixin.py:188} INFO - [2024-08-04T16:26:42.633+0000] {dag.py:3096} INFO - Sync 1 DAGs
[2024-08-04T16:26:42.660+0000] {logging_mixin.py:188} INFO - [2024-08-04T16:26:42.660+0000] {dag.py:3954} INFO - Setting next_dagrun for example_branch_labels to 2024-08-03 00:00:00+00:00, run_after=2024-08-04 00:00:00+00:00
[2024-08-04T16:26:42.691+0000] {processor.py:183} INFO - Processing /home/airflow/.local/lib/python3.12/site-packages/airflow/example_dags/example_branch_labels.py took 0.099 seconds
[2024-08-04T16:27:13.038+0000] {processor.py:161} INFO - Started process (PID=729) to work on /home/airflow/.local/lib/python3.12/site-packages/airflow/example_dags/example_branch_labels.py
[2024-08-04T16:27:13.039+0000] {processor.py:830} INFO - Processing file /home/airflow/.local/lib/python3.12/site-packages/airflow/example_dags/example_branch_labels.py for tasks to queue
[2024-08-04T16:27:13.050+0000] {logging_mixin.py:188} INFO - [2024-08-04T16:27:13.050+0000] {dagbag.py:545} INFO - Filling up the DagBag from /home/airflow/.local/lib/python3.12/site-packages/airflow/example_dags/example_branch_labels.py
[2024-08-04T16:27:13.070+0000] {processor.py:840} INFO - DAG(s) 'example_branch_labels' retrieved from /home/airflow/.local/lib/python3.12/site-packages/airflow/example_dags/example_branch_labels.py
[2024-08-04T16:27:13.206+0000] {logging_mixin.py:188} INFO - [2024-08-04T16:27:13.206+0000] {dag.py:3096} INFO - Sync 1 DAGs
[2024-08-04T16:27:13.293+0000] {logging_mixin.py:188} INFO - [2024-08-04T16:27:13.292+0000] {dag.py:3954} INFO - Setting next_dagrun for example_branch_labels to 2024-08-03 00:00:00+00:00, run_after=2024-08-04 00:00:00+00:00
[2024-08-04T16:27:13.334+0000] {processor.py:183} INFO - Processing /home/airflow/.local/lib/python3.12/site-packages/airflow/example_dags/example_branch_labels.py took 0.318 seconds
[2024-08-04T16:27:43.747+0000] {processor.py:161} INFO - Started process (PID=787) to work on /home/airflow/.local/lib/python3.12/site-packages/airflow/example_dags/example_branch_labels.py
[2024-08-04T16:27:43.762+0000] {processor.py:830} INFO - Processing file /home/airflow/.local/lib/python3.12/site-packages/airflow/example_dags/example_branch_labels.py for tasks to queue
[2024-08-04T16:27:43.763+0000] {logging_mixin.py:188} INFO - [2024-08-04T16:27:43.763+0000] {dagbag.py:545} INFO - Filling up the DagBag from /home/airflow/.local/lib/python3.12/site-packages/airflow/example_dags/example_branch_labels.py
[2024-08-04T16:27:43.780+0000] {processor.py:840} INFO - DAG(s) 'example_branch_labels' retrieved from /home/airflow/.local/lib/python3.12/site-packages/airflow/example_dags/example_branch_labels.py
[2024-08-04T16:27:43.844+0000] {logging_mixin.py:188} INFO - [2024-08-04T16:27:43.844+0000] {dag.py:3096} INFO - Sync 1 DAGs
[2024-08-04T16:27:43.897+0000] {logging_mixin.py:188} INFO - [2024-08-04T16:27:43.896+0000] {dag.py:3954} INFO - Setting next_dagrun for example_branch_labels to 2024-08-03 00:00:00+00:00, run_after=2024-08-04 00:00:00+00:00
[2024-08-04T16:27:43.942+0000] {processor.py:183} INFO - Processing /home/airflow/.local/lib/python3.12/site-packages/airflow/example_dags/example_branch_labels.py took 0.201 seconds
[2024-08-04T16:28:14.377+0000] {processor.py:161} INFO - Started process (PID=845) to work on /home/airflow/.local/lib/python3.12/site-packages/airflow/example_dags/example_branch_labels.py
[2024-08-04T16:28:14.378+0000] {processor.py:830} INFO - Processing file /home/airflow/.local/lib/python3.12/site-packages/airflow/example_dags/example_branch_labels.py for tasks to queue
[2024-08-04T16:28:14.379+0000] {logging_mixin.py:188} INFO - [2024-08-04T16:28:14.379+0000] {dagbag.py:545} INFO - Filling up the DagBag from /home/airflow/.local/lib/python3.12/site-packages/airflow/example_dags/example_branch_labels.py
[2024-08-04T16:28:14.389+0000] {processor.py:840} INFO - DAG(s) 'example_branch_labels' retrieved from /home/airflow/.local/lib/python3.12/site-packages/airflow/example_dags/example_branch_labels.py
[2024-08-04T16:28:14.425+0000] {logging_mixin.py:188} INFO - [2024-08-04T16:28:14.425+0000] {dag.py:3096} INFO - Sync 1 DAGs
[2024-08-04T16:28:14.478+0000] {logging_mixin.py:188} INFO - [2024-08-04T16:28:14.478+0000] {dag.py:3954} INFO - Setting next_dagrun for example_branch_labels to 2024-08-03 00:00:00+00:00, run_after=2024-08-04 00:00:00+00:00
[2024-08-04T16:28:14.521+0000] {processor.py:183} INFO - Processing /home/airflow/.local/lib/python3.12/site-packages/airflow/example_dags/example_branch_labels.py took 0.152 seconds
[2024-08-04T16:28:44.941+0000] {processor.py:161} INFO - Started process (PID=903) to work on /home/airflow/.local/lib/python3.12/site-packages/airflow/example_dags/example_branch_labels.py
[2024-08-04T16:28:44.942+0000] {processor.py:830} INFO - Processing file /home/airflow/.local/lib/python3.12/site-packages/airflow/example_dags/example_branch_labels.py for tasks to queue
[2024-08-04T16:28:44.943+0000] {logging_mixin.py:188} INFO - [2024-08-04T16:28:44.943+0000] {dagbag.py:545} INFO - Filling up the DagBag from /home/airflow/.local/lib/python3.12/site-packages/airflow/example_dags/example_branch_labels.py
[2024-08-04T16:28:44.961+0000] {processor.py:840} INFO - DAG(s) 'example_branch_labels' retrieved from /home/airflow/.local/lib/python3.12/site-packages/airflow/example_dags/example_branch_labels.py
[2024-08-04T16:28:44.984+0000] {logging_mixin.py:188} INFO - [2024-08-04T16:28:44.984+0000] {dag.py:3096} INFO - Sync 1 DAGs
[2024-08-04T16:28:45.010+0000] {logging_mixin.py:188} INFO - [2024-08-04T16:28:45.010+0000] {dag.py:3954} INFO - Setting next_dagrun for example_branch_labels to 2024-08-03 00:00:00+00:00, run_after=2024-08-04 00:00:00+00:00
[2024-08-04T16:28:45.050+0000] {processor.py:183} INFO - Processing /home/airflow/.local/lib/python3.12/site-packages/airflow/example_dags/example_branch_labels.py took 0.115 seconds
[2024-08-04T16:29:15.119+0000] {processor.py:161} INFO - Started process (PID=962) to work on /home/airflow/.local/lib/python3.12/site-packages/airflow/example_dags/example_branch_labels.py
[2024-08-04T16:29:15.119+0000] {processor.py:830} INFO - Processing file /home/airflow/.local/lib/python3.12/site-packages/airflow/example_dags/example_branch_labels.py for tasks to queue
[2024-08-04T16:29:15.121+0000] {logging_mixin.py:188} INFO - [2024-08-04T16:29:15.121+0000] {dagbag.py:545} INFO - Filling up the DagBag from /home/airflow/.local/lib/python3.12/site-packages/airflow/example_dags/example_branch_labels.py
[2024-08-04T16:29:15.130+0000] {processor.py:840} INFO - DAG(s) 'example_branch_labels' retrieved from /home/airflow/.local/lib/python3.12/site-packages/airflow/example_dags/example_branch_labels.py
[2024-08-04T16:29:15.156+0000] {logging_mixin.py:188} INFO - [2024-08-04T16:29:15.156+0000] {dag.py:3096} INFO - Sync 1 DAGs
[2024-08-04T16:29:15.183+0000] {logging_mixin.py:188} INFO - [2024-08-04T16:29:15.182+0000] {dag.py:3954} INFO - Setting next_dagrun for example_branch_labels to 2024-08-03 00:00:00+00:00, run_after=2024-08-04 00:00:00+00:00
[2024-08-04T16:29:15.206+0000] {processor.py:183} INFO - Processing /home/airflow/.local/lib/python3.12/site-packages/airflow/example_dags/example_branch_labels.py took 0.094 seconds
[2024-08-04T16:29:45.684+0000] {processor.py:161} INFO - Started process (PID=1020) to work on /home/airflow/.local/lib/python3.12/site-packages/airflow/example_dags/example_branch_labels.py
[2024-08-04T16:29:45.685+0000] {processor.py:830} INFO - Processing file /home/airflow/.local/lib/python3.12/site-packages/airflow/example_dags/example_branch_labels.py for tasks to queue
[2024-08-04T16:29:45.686+0000] {logging_mixin.py:188} INFO - [2024-08-04T16:29:45.686+0000] {dagbag.py:545} INFO - Filling up the DagBag from /home/airflow/.local/lib/python3.12/site-packages/airflow/example_dags/example_branch_labels.py
[2024-08-04T16:29:45.695+0000] {processor.py:840} INFO - DAG(s) 'example_branch_labels' retrieved from /home/airflow/.local/lib/python3.12/site-packages/airflow/example_dags/example_branch_labels.py
[2024-08-04T16:29:45.718+0000] {logging_mixin.py:188} INFO - [2024-08-04T16:29:45.718+0000] {dag.py:3096} INFO - Sync 1 DAGs
[2024-08-04T16:29:45.744+0000] {logging_mixin.py:188} INFO - [2024-08-04T16:29:45.744+0000] {dag.py:3954} INFO - Setting next_dagrun for example_branch_labels to 2024-08-03 00:00:00+00:00, run_after=2024-08-04 00:00:00+00:00
[2024-08-04T16:29:45.774+0000] {processor.py:183} INFO - Processing /home/airflow/.local/lib/python3.12/site-packages/airflow/example_dags/example_branch_labels.py took 0.096 seconds
[2024-08-04T16:30:16.256+0000] {processor.py:161} INFO - Started process (PID=1078) to work on /home/airflow/.local/lib/python3.12/site-packages/airflow/example_dags/example_branch_labels.py
[2024-08-04T16:30:16.256+0000] {processor.py:830} INFO - Processing file /home/airflow/.local/lib/python3.12/site-packages/airflow/example_dags/example_branch_labels.py for tasks to queue
[2024-08-04T16:30:16.258+0000] {logging_mixin.py:188} INFO - [2024-08-04T16:30:16.258+0000] {dagbag.py:545} INFO - Filling up the DagBag from /home/airflow/.local/lib/python3.12/site-packages/airflow/example_dags/example_branch_labels.py
[2024-08-04T16:30:16.268+0000] {processor.py:840} INFO - DAG(s) 'example_branch_labels' retrieved from /home/airflow/.local/lib/python3.12/site-packages/airflow/example_dags/example_branch_labels.py
[2024-08-04T16:30:16.291+0000] {logging_mixin.py:188} INFO - [2024-08-04T16:30:16.291+0000] {dag.py:3096} INFO - Sync 1 DAGs
[2024-08-04T16:30:16.318+0000] {logging_mixin.py:188} INFO - [2024-08-04T16:30:16.317+0000] {dag.py:3954} INFO - Setting next_dagrun for example_branch_labels to 2024-08-03 00:00:00+00:00, run_after=2024-08-04 00:00:00+00:00
[2024-08-04T16:30:16.346+0000] {processor.py:183} INFO - Processing /home/airflow/.local/lib/python3.12/site-packages/airflow/example_dags/example_branch_labels.py took 0.097 seconds
[2024-08-04T16:30:46.593+0000] {processor.py:161} INFO - Started process (PID=1137) to work on /home/airflow/.local/lib/python3.12/site-packages/airflow/example_dags/example_branch_labels.py
[2024-08-04T16:30:46.594+0000] {processor.py:830} INFO - Processing file /home/airflow/.local/lib/python3.12/site-packages/airflow/example_dags/example_branch_labels.py for tasks to queue
[2024-08-04T16:30:46.596+0000] {logging_mixin.py:188} INFO - [2024-08-04T16:30:46.596+0000] {dagbag.py:545} INFO - Filling up the DagBag from /home/airflow/.local/lib/python3.12/site-packages/airflow/example_dags/example_branch_labels.py
[2024-08-04T16:30:46.605+0000] {processor.py:840} INFO - DAG(s) 'example_branch_labels' retrieved from /home/airflow/.local/lib/python3.12/site-packages/airflow/example_dags/example_branch_labels.py
[2024-08-04T16:30:46.628+0000] {logging_mixin.py:188} INFO - [2024-08-04T16:30:46.628+0000] {dag.py:3096} INFO - Sync 1 DAGs
[2024-08-04T16:30:46.655+0000] {logging_mixin.py:188} INFO - [2024-08-04T16:30:46.655+0000] {dag.py:3954} INFO - Setting next_dagrun for example_branch_labels to 2024-08-03 00:00:00+00:00, run_after=2024-08-04 00:00:00+00:00
[2024-08-04T16:30:46.685+0000] {processor.py:183} INFO - Processing /home/airflow/.local/lib/python3.12/site-packages/airflow/example_dags/example_branch_labels.py took 0.098 seconds
[2024-08-04T16:31:16.735+0000] {processor.py:161} INFO - Started process (PID=1197) to work on /home/airflow/.local/lib/python3.12/site-packages/airflow/example_dags/example_branch_labels.py
[2024-08-04T16:31:16.736+0000] {processor.py:830} INFO - Processing file /home/airflow/.local/lib/python3.12/site-packages/airflow/example_dags/example_branch_labels.py for tasks to queue
[2024-08-04T16:31:16.742+0000] {logging_mixin.py:188} INFO - [2024-08-04T16:31:16.736+0000] {dagbag.py:545} INFO - Filling up the DagBag from /home/airflow/.local/lib/python3.12/site-packages/airflow/example_dags/example_branch_labels.py
[2024-08-04T16:31:16.761+0000] {processor.py:840} INFO - DAG(s) 'example_branch_labels' retrieved from /home/airflow/.local/lib/python3.12/site-packages/airflow/example_dags/example_branch_labels.py
[2024-08-04T16:31:16.814+0000] {logging_mixin.py:188} INFO - [2024-08-04T16:31:16.814+0000] {dag.py:3096} INFO - Sync 1 DAGs
[2024-08-04T16:31:16.854+0000] {logging_mixin.py:188} INFO - [2024-08-04T16:31:16.854+0000] {dag.py:3954} INFO - Setting next_dagrun for example_branch_labels to 2024-08-03 00:00:00+00:00, run_after=2024-08-04 00:00:00+00:00
[2024-08-04T16:31:16.877+0000] {processor.py:183} INFO - Processing /home/airflow/.local/lib/python3.12/site-packages/airflow/example_dags/example_branch_labels.py took 0.149 seconds
[2024-08-04T16:31:47.164+0000] {processor.py:161} INFO - Started process (PID=1256) to work on /home/airflow/.local/lib/python3.12/site-packages/airflow/example_dags/example_branch_labels.py
[2024-08-04T16:31:47.164+0000] {processor.py:830} INFO - Processing file /home/airflow/.local/lib/python3.12/site-packages/airflow/example_dags/example_branch_labels.py for tasks to queue
[2024-08-04T16:31:47.165+0000] {logging_mixin.py:188} INFO - [2024-08-04T16:31:47.165+0000] {dagbag.py:545} INFO - Filling up the DagBag from /home/airflow/.local/lib/python3.12/site-packages/airflow/example_dags/example_branch_labels.py
[2024-08-04T16:31:47.175+0000] {processor.py:840} INFO - DAG(s) 'example_branch_labels' retrieved from /home/airflow/.local/lib/python3.12/site-packages/airflow/example_dags/example_branch_labels.py
[2024-08-04T16:31:47.223+0000] {logging_mixin.py:188} INFO - [2024-08-04T16:31:47.222+0000] {dag.py:3096} INFO - Sync 1 DAGs
[2024-08-04T16:31:47.274+0000] {logging_mixin.py:188} INFO - [2024-08-04T16:31:47.274+0000] {dag.py:3954} INFO - Setting next_dagrun for example_branch_labels to 2024-08-03 00:00:00+00:00, run_after=2024-08-04 00:00:00+00:00
[2024-08-04T16:31:47.307+0000] {processor.py:183} INFO - Processing /home/airflow/.local/lib/python3.12/site-packages/airflow/example_dags/example_branch_labels.py took 0.150 seconds
[2024-08-04T16:32:17.493+0000] {processor.py:161} INFO - Started process (PID=1315) to work on /home/airflow/.local/lib/python3.12/site-packages/airflow/example_dags/example_branch_labels.py
[2024-08-04T16:32:17.506+0000] {processor.py:830} INFO - Processing file /home/airflow/.local/lib/python3.12/site-packages/airflow/example_dags/example_branch_labels.py for tasks to queue
[2024-08-04T16:32:17.507+0000] {logging_mixin.py:188} INFO - [2024-08-04T16:32:17.506+0000] {dagbag.py:545} INFO - Filling up the DagBag from /home/airflow/.local/lib/python3.12/site-packages/airflow/example_dags/example_branch_labels.py
[2024-08-04T16:32:17.537+0000] {processor.py:840} INFO - DAG(s) 'example_branch_labels' retrieved from /home/airflow/.local/lib/python3.12/site-packages/airflow/example_dags/example_branch_labels.py
[2024-08-04T16:32:17.602+0000] {logging_mixin.py:188} INFO - [2024-08-04T16:32:17.601+0000] {dag.py:3096} INFO - Sync 1 DAGs
[2024-08-04T16:32:17.706+0000] {logging_mixin.py:188} INFO - [2024-08-04T16:32:17.706+0000] {dag.py:3954} INFO - Setting next_dagrun for example_branch_labels to 2024-08-03 00:00:00+00:00, run_after=2024-08-04 00:00:00+00:00
[2024-08-04T16:32:17.970+0000] {processor.py:183} INFO - Processing /home/airflow/.local/lib/python3.12/site-packages/airflow/example_dags/example_branch_labels.py took 0.492 seconds
[2024-08-04T16:32:48.904+0000] {processor.py:161} INFO - Started process (PID=1380) to work on /home/airflow/.local/lib/python3.12/site-packages/airflow/example_dags/example_branch_labels.py
[2024-08-04T16:32:48.918+0000] {processor.py:830} INFO - Processing file /home/airflow/.local/lib/python3.12/site-packages/airflow/example_dags/example_branch_labels.py for tasks to queue
[2024-08-04T16:32:48.919+0000] {logging_mixin.py:188} INFO - [2024-08-04T16:32:48.918+0000] {dagbag.py:545} INFO - Filling up the DagBag from /home/airflow/.local/lib/python3.12/site-packages/airflow/example_dags/example_branch_labels.py
[2024-08-04T16:32:48.931+0000] {processor.py:840} INFO - DAG(s) 'example_branch_labels' retrieved from /home/airflow/.local/lib/python3.12/site-packages/airflow/example_dags/example_branch_labels.py
[2024-08-04T16:32:48.986+0000] {logging_mixin.py:188} INFO - [2024-08-04T16:32:48.986+0000] {dag.py:3096} INFO - Sync 1 DAGs
[2024-08-04T16:32:49.037+0000] {logging_mixin.py:188} INFO - [2024-08-04T16:32:49.036+0000] {dag.py:3954} INFO - Setting next_dagrun for example_branch_labels to 2024-08-03 00:00:00+00:00, run_after=2024-08-04 00:00:00+00:00
[2024-08-04T16:32:49.074+0000] {processor.py:183} INFO - Processing /home/airflow/.local/lib/python3.12/site-packages/airflow/example_dags/example_branch_labels.py took 0.177 seconds
[2024-08-04T16:33:19.178+0000] {processor.py:161} INFO - Started process (PID=1439) to work on /home/airflow/.local/lib/python3.12/site-packages/airflow/example_dags/example_branch_labels.py
[2024-08-04T16:33:19.178+0000] {processor.py:830} INFO - Processing file /home/airflow/.local/lib/python3.12/site-packages/airflow/example_dags/example_branch_labels.py for tasks to queue
[2024-08-04T16:33:19.179+0000] {logging_mixin.py:188} INFO - [2024-08-04T16:33:19.179+0000] {dagbag.py:545} INFO - Filling up the DagBag from /home/airflow/.local/lib/python3.12/site-packages/airflow/example_dags/example_branch_labels.py
[2024-08-04T16:33:19.185+0000] {processor.py:840} INFO - DAG(s) 'example_branch_labels' retrieved from /home/airflow/.local/lib/python3.12/site-packages/airflow/example_dags/example_branch_labels.py
[2024-08-04T16:33:19.202+0000] {logging_mixin.py:188} INFO - [2024-08-04T16:33:19.202+0000] {dag.py:3096} INFO - Sync 1 DAGs
[2024-08-04T16:33:19.220+0000] {logging_mixin.py:188} INFO - [2024-08-04T16:33:19.220+0000] {dag.py:3954} INFO - Setting next_dagrun for example_branch_labels to 2024-08-03 00:00:00+00:00, run_after=2024-08-04 00:00:00+00:00
[2024-08-04T16:33:19.240+0000] {processor.py:183} INFO - Processing /home/airflow/.local/lib/python3.12/site-packages/airflow/example_dags/example_branch_labels.py took 0.067 seconds
[2024-08-04T16:33:49.674+0000] {processor.py:161} INFO - Started process (PID=1496) to work on /home/airflow/.local/lib/python3.12/site-packages/airflow/example_dags/example_branch_labels.py
[2024-08-04T16:33:49.675+0000] {processor.py:830} INFO - Processing file /home/airflow/.local/lib/python3.12/site-packages/airflow/example_dags/example_branch_labels.py for tasks to queue
[2024-08-04T16:33:49.675+0000] {logging_mixin.py:188} INFO - [2024-08-04T16:33:49.675+0000] {dagbag.py:545} INFO - Filling up the DagBag from /home/airflow/.local/lib/python3.12/site-packages/airflow/example_dags/example_branch_labels.py
[2024-08-04T16:33:49.685+0000] {processor.py:840} INFO - DAG(s) 'example_branch_labels' retrieved from /home/airflow/.local/lib/python3.12/site-packages/airflow/example_dags/example_branch_labels.py
[2024-08-04T16:33:49.709+0000] {logging_mixin.py:188} INFO - [2024-08-04T16:33:49.709+0000] {dag.py:3096} INFO - Sync 1 DAGs
[2024-08-04T16:33:49.737+0000] {logging_mixin.py:188} INFO - [2024-08-04T16:33:49.736+0000] {dag.py:3954} INFO - Setting next_dagrun for example_branch_labels to 2024-08-03 00:00:00+00:00, run_after=2024-08-04 00:00:00+00:00
[2024-08-04T16:33:49.760+0000] {processor.py:183} INFO - Processing /home/airflow/.local/lib/python3.12/site-packages/airflow/example_dags/example_branch_labels.py took 0.096 seconds
[2024-08-04T16:34:19.828+0000] {processor.py:161} INFO - Started process (PID=1555) to work on /home/airflow/.local/lib/python3.12/site-packages/airflow/example_dags/example_branch_labels.py
[2024-08-04T16:34:19.829+0000] {processor.py:830} INFO - Processing file /home/airflow/.local/lib/python3.12/site-packages/airflow/example_dags/example_branch_labels.py for tasks to queue
[2024-08-04T16:34:19.829+0000] {logging_mixin.py:188} INFO - [2024-08-04T16:34:19.829+0000] {dagbag.py:545} INFO - Filling up the DagBag from /home/airflow/.local/lib/python3.12/site-packages/airflow/example_dags/example_branch_labels.py
[2024-08-04T16:34:19.867+0000] {processor.py:840} INFO - DAG(s) 'example_branch_labels' retrieved from /home/airflow/.local/lib/python3.12/site-packages/airflow/example_dags/example_branch_labels.py
[2024-08-04T16:34:19.907+0000] {logging_mixin.py:188} INFO - [2024-08-04T16:34:19.906+0000] {dag.py:3096} INFO - Sync 1 DAGs
[2024-08-04T16:34:19.936+0000] {logging_mixin.py:188} INFO - [2024-08-04T16:34:19.936+0000] {dag.py:3954} INFO - Setting next_dagrun for example_branch_labels to 2024-08-03 00:00:00+00:00, run_after=2024-08-04 00:00:00+00:00
[2024-08-04T16:34:19.965+0000] {processor.py:183} INFO - Processing /home/airflow/.local/lib/python3.12/site-packages/airflow/example_dags/example_branch_labels.py took 0.143 seconds
[2024-08-04T16:34:50.138+0000] {processor.py:161} INFO - Started process (PID=1614) to work on /home/airflow/.local/lib/python3.12/site-packages/airflow/example_dags/example_branch_labels.py
[2024-08-04T16:34:50.139+0000] {processor.py:830} INFO - Processing file /home/airflow/.local/lib/python3.12/site-packages/airflow/example_dags/example_branch_labels.py for tasks to queue
[2024-08-04T16:34:50.140+0000] {logging_mixin.py:188} INFO - [2024-08-04T16:34:50.140+0000] {dagbag.py:545} INFO - Filling up the DagBag from /home/airflow/.local/lib/python3.12/site-packages/airflow/example_dags/example_branch_labels.py
[2024-08-04T16:34:50.150+0000] {processor.py:840} INFO - DAG(s) 'example_branch_labels' retrieved from /home/airflow/.local/lib/python3.12/site-packages/airflow/example_dags/example_branch_labels.py
[2024-08-04T16:34:50.173+0000] {logging_mixin.py:188} INFO - [2024-08-04T16:34:50.173+0000] {dag.py:3096} INFO - Sync 1 DAGs
[2024-08-04T16:34:50.200+0000] {logging_mixin.py:188} INFO - [2024-08-04T16:34:50.200+0000] {dag.py:3954} INFO - Setting next_dagrun for example_branch_labels to 2024-08-03 00:00:00+00:00, run_after=2024-08-04 00:00:00+00:00
[2024-08-04T16:34:50.229+0000] {processor.py:183} INFO - Processing /home/airflow/.local/lib/python3.12/site-packages/airflow/example_dags/example_branch_labels.py took 0.097 seconds
[2024-08-04T16:35:20.530+0000] {processor.py:161} INFO - Started process (PID=1672) to work on /home/airflow/.local/lib/python3.12/site-packages/airflow/example_dags/example_branch_labels.py
[2024-08-04T16:35:20.531+0000] {processor.py:830} INFO - Processing file /home/airflow/.local/lib/python3.12/site-packages/airflow/example_dags/example_branch_labels.py for tasks to queue
[2024-08-04T16:35:20.532+0000] {logging_mixin.py:188} INFO - [2024-08-04T16:35:20.532+0000] {dagbag.py:545} INFO - Filling up the DagBag from /home/airflow/.local/lib/python3.12/site-packages/airflow/example_dags/example_branch_labels.py
[2024-08-04T16:35:20.541+0000] {processor.py:840} INFO - DAG(s) 'example_branch_labels' retrieved from /home/airflow/.local/lib/python3.12/site-packages/airflow/example_dags/example_branch_labels.py
[2024-08-04T16:35:20.566+0000] {logging_mixin.py:188} INFO - [2024-08-04T16:35:20.566+0000] {dag.py:3096} INFO - Sync 1 DAGs
[2024-08-04T16:35:20.593+0000] {logging_mixin.py:188} INFO - [2024-08-04T16:35:20.593+0000] {dag.py:3954} INFO - Setting next_dagrun for example_branch_labels to 2024-08-03 00:00:00+00:00, run_after=2024-08-04 00:00:00+00:00
[2024-08-04T16:35:20.619+0000] {processor.py:183} INFO - Processing /home/airflow/.local/lib/python3.12/site-packages/airflow/example_dags/example_branch_labels.py took 0.095 seconds
[2024-08-04T16:35:50.667+0000] {processor.py:161} INFO - Started process (PID=1732) to work on /home/airflow/.local/lib/python3.12/site-packages/airflow/example_dags/example_branch_labels.py
[2024-08-04T16:35:50.668+0000] {processor.py:830} INFO - Processing file /home/airflow/.local/lib/python3.12/site-packages/airflow/example_dags/example_branch_labels.py for tasks to queue
[2024-08-04T16:35:50.669+0000] {logging_mixin.py:188} INFO - [2024-08-04T16:35:50.669+0000] {dagbag.py:545} INFO - Filling up the DagBag from /home/airflow/.local/lib/python3.12/site-packages/airflow/example_dags/example_branch_labels.py
[2024-08-04T16:35:50.678+0000] {processor.py:840} INFO - DAG(s) 'example_branch_labels' retrieved from /home/airflow/.local/lib/python3.12/site-packages/airflow/example_dags/example_branch_labels.py
[2024-08-04T16:35:50.702+0000] {logging_mixin.py:188} INFO - [2024-08-04T16:35:50.702+0000] {dag.py:3096} INFO - Sync 1 DAGs
[2024-08-04T16:35:50.728+0000] {logging_mixin.py:188} INFO - [2024-08-04T16:35:50.727+0000] {dag.py:3954} INFO - Setting next_dagrun for example_branch_labels to 2024-08-03 00:00:00+00:00, run_after=2024-08-04 00:00:00+00:00
[2024-08-04T16:35:50.760+0000] {processor.py:183} INFO - Processing /home/airflow/.local/lib/python3.12/site-packages/airflow/example_dags/example_branch_labels.py took 0.099 seconds
